2024-04-28 17:27:25 - INFO - train.py
2024-04-28 17:27:26 - INFO - DAVIS Dataset loaded successfully!
2024-04-28 17:27:26 - INFO - Train Length: 18041
2024-04-28 17:27:26 - INFO - Test Length: 5154
2024-04-28 17:27:26 - INFO - GraphDTA + GAT model loaded successfully!
2024-04-28 17:27:26 - INFO - Training for 500 epochs (695 steps) begins...
2024-04-28 17:27:36 - INFO - model-gat, dataset-davis, epoch-1, loss-6.1864, cindex-0.5132, test_loss-1.4269
2024-04-28 17:27:36 - INFO - Saving model...
2024-04-28 17:27:45 - INFO - model-gat, dataset-davis, epoch-2, loss-0.7818, cindex-0.5961, test_loss-0.5816
2024-04-28 17:27:45 - INFO - Saving model...
2024-04-28 17:27:55 - INFO - model-gat, dataset-davis, epoch-3, loss-0.7073, cindex-0.6428, test_loss-0.4872
2024-04-28 17:27:55 - INFO - Saving model...
2024-04-28 17:28:04 - INFO - model-gat, dataset-davis, epoch-4, loss-0.6430, cindex-0.6817, test_loss-0.4620
2024-04-28 17:28:04 - INFO - Saving model...
2024-04-28 17:28:14 - INFO - model-gat, dataset-davis, epoch-5, loss-0.6087, cindex-0.7129, test_loss-0.4535
2024-04-28 17:28:14 - INFO - Saving model...
2024-04-28 17:28:24 - INFO - model-gat, dataset-davis, epoch-6, loss-0.5884, cindex-0.7226, test_loss-0.4535
2024-04-28 17:28:33 - INFO - model-gat, dataset-davis, epoch-7, loss-0.5855, cindex-0.7340, test_loss-0.4323
2024-04-28 17:28:33 - INFO - Saving model...
2024-04-28 17:28:43 - INFO - model-gat, dataset-davis, epoch-8, loss-0.5571, cindex-0.7384, test_loss-0.4411
2024-04-28 17:28:52 - INFO - model-gat, dataset-davis, epoch-9, loss-0.5521, cindex-0.7458, test_loss-0.4274
2024-04-28 17:28:52 - INFO - Saving model...
2024-04-28 17:29:02 - INFO - model-gat, dataset-davis, epoch-10, loss-0.5751, cindex-0.7423, test_loss-0.4263
2024-04-28 17:29:02 - INFO - Saving model...
2024-04-28 17:29:12 - INFO - model-gat, dataset-davis, epoch-11, loss-0.5486, cindex-0.7453, test_loss-0.4323
2024-04-28 17:29:21 - INFO - model-gat, dataset-davis, epoch-12, loss-0.5452, cindex-0.7535, test_loss-0.4396
2024-04-28 17:29:31 - INFO - model-gat, dataset-davis, epoch-13, loss-0.5447, cindex-0.7492, test_loss-0.4148
2024-04-28 17:29:31 - INFO - Saving model...
2024-04-28 17:29:41 - INFO - model-gat, dataset-davis, epoch-14, loss-0.5418, cindex-0.7538, test_loss-0.4543
2024-04-28 17:29:50 - INFO - model-gat, dataset-davis, epoch-15, loss-0.5475, cindex-0.7513, test_loss-0.4144
2024-04-28 17:29:50 - INFO - Saving model...
2024-04-28 17:30:00 - INFO - model-gat, dataset-davis, epoch-16, loss-0.5341, cindex-0.7579, test_loss-0.4145
2024-04-28 17:30:09 - INFO - model-gat, dataset-davis, epoch-17, loss-0.5256, cindex-0.7537, test_loss-0.4063
2024-04-28 17:30:09 - INFO - Saving model...
2024-04-28 17:30:18 - INFO - model-gat, dataset-davis, epoch-18, loss-0.5375, cindex-0.7518, test_loss-0.4092
2024-04-28 17:30:27 - INFO - model-gat, dataset-davis, epoch-19, loss-0.5282, cindex-0.7581, test_loss-0.4557
2024-04-28 17:30:36 - INFO - model-gat, dataset-davis, epoch-20, loss-0.5278, cindex-0.7601, test_loss-0.4080
2024-04-28 17:30:45 - INFO - model-gat, dataset-davis, epoch-21, loss-0.5003, cindex-0.7623, test_loss-0.3965
2024-04-28 17:30:45 - INFO - Saving model...
2024-04-28 17:30:55 - INFO - model-gat, dataset-davis, epoch-22, loss-0.5003, cindex-0.7591, test_loss-0.3960
2024-04-28 17:30:55 - INFO - Saving model...
2024-04-28 17:31:04 - INFO - model-gat, dataset-davis, epoch-23, loss-0.4970, cindex-0.7565, test_loss-0.4064
2024-04-28 17:31:13 - INFO - model-gat, dataset-davis, epoch-24, loss-0.4887, cindex-0.7612, test_loss-0.3888
2024-04-28 17:31:13 - INFO - Saving model...
2024-04-28 17:31:22 - INFO - model-gat, dataset-davis, epoch-25, loss-0.4882, cindex-0.7635, test_loss-0.3756
2024-04-28 17:31:22 - INFO - Saving model...
2024-04-28 17:31:31 - INFO - model-gat, dataset-davis, epoch-26, loss-0.4843, cindex-0.7612, test_loss-0.3761
2024-04-28 17:31:40 - INFO - model-gat, dataset-davis, epoch-27, loss-0.4790, cindex-0.7677, test_loss-0.3794
2024-04-28 17:31:49 - INFO - model-gat, dataset-davis, epoch-28, loss-0.4788, cindex-0.7641, test_loss-0.3706
2024-04-28 17:31:49 - INFO - Saving model...
2024-04-28 17:31:59 - INFO - model-gat, dataset-davis, epoch-29, loss-0.4775, cindex-0.7683, test_loss-0.3712
2024-04-28 17:32:08 - INFO - model-gat, dataset-davis, epoch-30, loss-0.4773, cindex-0.7665, test_loss-0.3808
2024-04-28 17:32:17 - INFO - model-gat, dataset-davis, epoch-31, loss-0.4807, cindex-0.7647, test_loss-0.3910
2024-04-28 17:32:26 - INFO - model-gat, dataset-davis, epoch-32, loss-0.4788, cindex-0.7692, test_loss-0.3720
2024-04-28 17:32:36 - INFO - model-gat, dataset-davis, epoch-33, loss-0.4663, cindex-0.7703, test_loss-0.3757
2024-04-28 17:32:45 - INFO - model-gat, dataset-davis, epoch-34, loss-0.4657, cindex-0.7691, test_loss-0.3741
2024-04-28 17:32:54 - INFO - model-gat, dataset-davis, epoch-35, loss-0.4700, cindex-0.7743, test_loss-0.4008
2024-04-28 17:33:03 - INFO - model-gat, dataset-davis, epoch-36, loss-0.4644, cindex-0.7707, test_loss-0.4146
2024-04-28 17:33:13 - INFO - model-gat, dataset-davis, epoch-37, loss-0.4941, cindex-0.7662, test_loss-0.3692
2024-04-28 17:33:13 - INFO - Saving model...
2024-04-28 17:33:22 - INFO - model-gat, dataset-davis, epoch-38, loss-0.4624, cindex-0.7726, test_loss-0.3681
2024-04-28 17:33:22 - INFO - Saving model...
2024-04-28 17:33:31 - INFO - model-gat, dataset-davis, epoch-39, loss-0.4588, cindex-0.7757, test_loss-0.3777
2024-04-28 17:33:40 - INFO - model-gat, dataset-davis, epoch-40, loss-0.4683, cindex-0.7696, test_loss-0.3651
2024-04-28 17:33:40 - INFO - Saving model...
2024-04-28 17:33:50 - INFO - model-gat, dataset-davis, epoch-41, loss-0.4675, cindex-0.7765, test_loss-0.3696
2024-04-28 17:33:59 - INFO - model-gat, dataset-davis, epoch-42, loss-0.4539, cindex-0.7777, test_loss-0.3653
2024-04-28 17:34:08 - INFO - model-gat, dataset-davis, epoch-43, loss-0.4591, cindex-0.7781, test_loss-0.3655
2024-04-28 17:34:17 - INFO - model-gat, dataset-davis, epoch-44, loss-0.4535, cindex-0.7783, test_loss-0.3653
2024-04-28 17:34:27 - INFO - model-gat, dataset-davis, epoch-45, loss-0.4571, cindex-0.7763, test_loss-0.3721
2024-04-28 17:34:36 - INFO - model-gat, dataset-davis, epoch-46, loss-0.4713, cindex-0.7739, test_loss-0.3710
2024-04-28 17:34:45 - INFO - model-gat, dataset-davis, epoch-47, loss-0.4406, cindex-0.7826, test_loss-0.3650
2024-04-28 17:34:45 - INFO - Saving model...
2024-04-28 17:34:55 - INFO - model-gat, dataset-davis, epoch-48, loss-0.4570, cindex-0.7810, test_loss-0.3554
2024-04-28 17:34:55 - INFO - Saving model...
2024-04-28 17:35:04 - INFO - model-gat, dataset-davis, epoch-49, loss-0.4454, cindex-0.7828, test_loss-0.3508
2024-04-28 17:35:04 - INFO - Saving model...
2024-04-28 17:35:13 - INFO - model-gat, dataset-davis, epoch-50, loss-0.4413, cindex-0.7837, test_loss-0.3544
2024-04-28 17:35:23 - INFO - model-gat, dataset-davis, epoch-51, loss-0.4507, cindex-0.7865, test_loss-0.3435
2024-04-28 17:35:23 - INFO - Saving model...
2024-04-28 17:35:32 - INFO - model-gat, dataset-davis, epoch-52, loss-0.4387, cindex-0.7875, test_loss-0.3479
2024-04-28 17:35:41 - INFO - model-gat, dataset-davis, epoch-53, loss-0.4309, cindex-0.7934, test_loss-0.3372
2024-04-28 17:35:41 - INFO - Saving model...
2024-04-28 17:35:50 - INFO - model-gat, dataset-davis, epoch-54, loss-0.4340, cindex-0.7888, test_loss-0.3546
2024-04-28 17:35:59 - INFO - model-gat, dataset-davis, epoch-55, loss-0.4300, cindex-0.7925, test_loss-0.3588
2024-04-28 17:36:09 - INFO - model-gat, dataset-davis, epoch-56, loss-0.4301, cindex-0.7970, test_loss-0.3418
2024-04-28 17:36:18 - INFO - model-gat, dataset-davis, epoch-57, loss-0.4285, cindex-0.7936, test_loss-0.3267
2024-04-28 17:36:18 - INFO - Saving model...
2024-04-28 17:36:27 - INFO - model-gat, dataset-davis, epoch-58, loss-0.4051, cindex-0.8044, test_loss-0.3182
2024-04-28 17:36:27 - INFO - Saving model...
2024-04-28 17:36:36 - INFO - model-gat, dataset-davis, epoch-59, loss-0.4204, cindex-0.8003, test_loss-0.3221
2024-04-28 17:36:46 - INFO - model-gat, dataset-davis, epoch-60, loss-0.4083, cindex-0.8017, test_loss-0.3222
2024-04-28 17:36:55 - INFO - model-gat, dataset-davis, epoch-61, loss-0.4129, cindex-0.8075, test_loss-0.3196
2024-04-28 17:37:04 - INFO - model-gat, dataset-davis, epoch-62, loss-0.4001, cindex-0.8042, test_loss-0.3301
2024-04-28 17:37:13 - INFO - model-gat, dataset-davis, epoch-63, loss-0.3962, cindex-0.8099, test_loss-0.3114
2024-04-28 17:37:13 - INFO - Saving model...
2024-04-28 17:37:22 - INFO - model-gat, dataset-davis, epoch-64, loss-0.3916, cindex-0.8075, test_loss-0.3220
2024-04-28 17:37:32 - INFO - model-gat, dataset-davis, epoch-65, loss-0.4086, cindex-0.8075, test_loss-0.3121
2024-04-28 17:37:41 - INFO - model-gat, dataset-davis, epoch-66, loss-0.3900, cindex-0.8086, test_loss-0.3083
2024-04-28 17:37:41 - INFO - Saving model...
2024-04-28 17:37:50 - INFO - model-gat, dataset-davis, epoch-67, loss-0.3901, cindex-0.8070, test_loss-0.3127
2024-04-28 17:37:59 - INFO - model-gat, dataset-davis, epoch-68, loss-0.3900, cindex-0.8084, test_loss-0.3073
2024-04-28 17:37:59 - INFO - Saving model...
2024-04-28 17:38:08 - INFO - model-gat, dataset-davis, epoch-69, loss-0.3785, cindex-0.8132, test_loss-0.3010
2024-04-28 17:38:08 - INFO - Saving model...
2024-04-28 17:38:18 - INFO - model-gat, dataset-davis, epoch-70, loss-0.3903, cindex-0.8115, test_loss-0.3036
2024-04-28 17:38:27 - INFO - model-gat, dataset-davis, epoch-71, loss-0.3771, cindex-0.8125, test_loss-0.3100
2024-04-28 17:38:36 - INFO - model-gat, dataset-davis, epoch-72, loss-0.3834, cindex-0.8160, test_loss-0.2978
2024-04-28 17:38:36 - INFO - Saving model...
2024-04-28 17:38:45 - INFO - model-gat, dataset-davis, epoch-73, loss-0.3732, cindex-0.8165, test_loss-0.2985
2024-04-28 17:38:54 - INFO - model-gat, dataset-davis, epoch-74, loss-0.3637, cindex-0.8171, test_loss-0.3033
2024-04-28 17:39:04 - INFO - model-gat, dataset-davis, epoch-75, loss-0.3796, cindex-0.8154, test_loss-0.2950
2024-04-28 17:39:04 - INFO - Saving model...
2024-04-28 17:39:13 - INFO - model-gat, dataset-davis, epoch-76, loss-0.3645, cindex-0.8211, test_loss-0.3151
2024-04-28 17:39:22 - INFO - model-gat, dataset-davis, epoch-77, loss-0.3645, cindex-0.8184, test_loss-0.2888
2024-04-28 17:39:22 - INFO - Saving model...
2024-04-28 17:39:31 - INFO - model-gat, dataset-davis, epoch-78, loss-0.3532, cindex-0.8207, test_loss-0.2924
2024-04-28 17:39:41 - INFO - model-gat, dataset-davis, epoch-79, loss-0.3544, cindex-0.8218, test_loss-0.3140
2024-04-28 17:39:50 - INFO - model-gat, dataset-davis, epoch-80, loss-0.3646, cindex-0.8173, test_loss-0.2899
2024-04-28 17:39:59 - INFO - model-gat, dataset-davis, epoch-81, loss-0.3638, cindex-0.8234, test_loss-0.2939
2024-04-28 17:40:08 - INFO - model-gat, dataset-davis, epoch-82, loss-0.3507, cindex-0.8187, test_loss-0.2918
2024-04-28 17:40:18 - INFO - model-gat, dataset-davis, epoch-83, loss-0.3482, cindex-0.8260, test_loss-0.2883
2024-04-28 17:40:18 - INFO - Saving model...
2024-04-28 17:40:27 - INFO - model-gat, dataset-davis, epoch-84, loss-0.3417, cindex-0.8259, test_loss-0.3243
2024-04-28 17:40:36 - INFO - model-gat, dataset-davis, epoch-85, loss-0.3490, cindex-0.8260, test_loss-0.2894
2024-04-28 17:40:45 - INFO - model-gat, dataset-davis, epoch-86, loss-0.3430, cindex-0.8267, test_loss-0.2946
2024-04-28 17:40:54 - INFO - model-gat, dataset-davis, epoch-87, loss-0.3405, cindex-0.8265, test_loss-0.2866
2024-04-28 17:40:54 - INFO - Saving model...
2024-04-28 17:41:04 - INFO - model-gat, dataset-davis, epoch-88, loss-0.3463, cindex-0.8250, test_loss-0.3175
2024-04-28 17:41:13 - INFO - model-gat, dataset-davis, epoch-89, loss-0.3418, cindex-0.8276, test_loss-0.2813
2024-04-28 17:41:13 - INFO - Saving model...
2024-04-28 17:41:22 - INFO - model-gat, dataset-davis, epoch-90, loss-0.3311, cindex-0.8265, test_loss-0.2843
2024-04-28 17:41:31 - INFO - model-gat, dataset-davis, epoch-91, loss-0.3279, cindex-0.8331, test_loss-0.2839
2024-04-28 17:41:40 - INFO - model-gat, dataset-davis, epoch-92, loss-0.3212, cindex-0.8284, test_loss-0.2758
2024-04-28 17:41:40 - INFO - Saving model...
2024-04-28 17:41:50 - INFO - model-gat, dataset-davis, epoch-93, loss-0.3214, cindex-0.8362, test_loss-0.2831
2024-04-28 17:41:59 - INFO - model-gat, dataset-davis, epoch-94, loss-0.3271, cindex-0.8301, test_loss-0.2797
2024-04-28 17:42:08 - INFO - model-gat, dataset-davis, epoch-95, loss-0.3257, cindex-0.8311, test_loss-0.2809
2024-04-28 17:42:17 - INFO - model-gat, dataset-davis, epoch-96, loss-0.3167, cindex-0.8355, test_loss-0.2840
2024-04-28 17:42:26 - INFO - model-gat, dataset-davis, epoch-97, loss-0.3134, cindex-0.8344, test_loss-0.2827
2024-04-28 17:42:35 - INFO - model-gat, dataset-davis, epoch-98, loss-0.3284, cindex-0.8340, test_loss-0.2936
2024-04-28 17:42:44 - INFO - model-gat, dataset-davis, epoch-99, loss-0.3104, cindex-0.8377, test_loss-0.2728
2024-04-28 17:42:44 - INFO - Saving model...
2024-04-28 17:42:54 - INFO - model-gat, dataset-davis, epoch-100, loss-0.3098, cindex-0.8362, test_loss-0.2820
2024-04-28 17:43:03 - INFO - model-gat, dataset-davis, epoch-101, loss-0.3195, cindex-0.8355, test_loss-0.2703
2024-04-28 17:43:03 - INFO - Saving model...
2024-04-28 17:43:12 - INFO - model-gat, dataset-davis, epoch-102, loss-0.3009, cindex-0.8406, test_loss-0.2787
2024-04-28 17:43:21 - INFO - model-gat, dataset-davis, epoch-103, loss-0.3032, cindex-0.8392, test_loss-0.2699
2024-04-28 17:43:21 - INFO - Saving model...
2024-04-28 17:43:30 - INFO - model-gat, dataset-davis, epoch-104, loss-0.3001, cindex-0.8453, test_loss-0.2746
2024-04-28 17:43:39 - INFO - model-gat, dataset-davis, epoch-105, loss-0.3021, cindex-0.8409, test_loss-0.2677
2024-04-28 17:43:39 - INFO - Saving model...
2024-04-28 17:43:48 - INFO - model-gat, dataset-davis, epoch-106, loss-0.2920, cindex-0.8407, test_loss-0.2675
2024-04-28 17:43:48 - INFO - Saving model...
2024-04-28 17:43:58 - INFO - model-gat, dataset-davis, epoch-107, loss-0.2922, cindex-0.8439, test_loss-0.2707
2024-04-28 17:44:06 - INFO - model-gat, dataset-davis, epoch-108, loss-0.2900, cindex-0.8447, test_loss-0.2757
2024-04-28 17:44:16 - INFO - model-gat, dataset-davis, epoch-109, loss-0.2877, cindex-0.8435, test_loss-0.2686
2024-04-28 17:44:25 - INFO - model-gat, dataset-davis, epoch-110, loss-0.2830, cindex-0.8456, test_loss-0.2727
2024-04-28 17:44:34 - INFO - model-gat, dataset-davis, epoch-111, loss-0.2806, cindex-0.8478, test_loss-0.2700
2024-04-28 17:44:43 - INFO - model-gat, dataset-davis, epoch-112, loss-0.2837, cindex-0.8482, test_loss-0.2755
2024-04-28 17:44:52 - INFO - model-gat, dataset-davis, epoch-113, loss-0.2819, cindex-0.8481, test_loss-0.2728
2024-04-28 17:45:02 - INFO - model-gat, dataset-davis, epoch-114, loss-0.2883, cindex-0.8475, test_loss-0.2777
2024-04-28 17:45:11 - INFO - model-gat, dataset-davis, epoch-115, loss-0.2776, cindex-0.8495, test_loss-0.2638
2024-04-28 17:45:11 - INFO - Saving model...
2024-04-28 17:45:20 - INFO - model-gat, dataset-davis, epoch-116, loss-0.2781, cindex-0.8495, test_loss-0.2663
2024-04-28 17:45:29 - INFO - model-gat, dataset-davis, epoch-117, loss-0.2718, cindex-0.8504, test_loss-0.2661
2024-04-28 17:45:39 - INFO - model-gat, dataset-davis, epoch-118, loss-0.2705, cindex-0.8499, test_loss-0.2672
2024-04-28 17:45:48 - INFO - model-gat, dataset-davis, epoch-119, loss-0.2665, cindex-0.8537, test_loss-0.2593
2024-04-28 17:45:48 - INFO - Saving model...
2024-04-28 17:45:57 - INFO - model-gat, dataset-davis, epoch-120, loss-0.2673, cindex-0.8524, test_loss-0.2645
2024-04-28 17:46:06 - INFO - model-gat, dataset-davis, epoch-121, loss-0.2693, cindex-0.8510, test_loss-0.2594
2024-04-28 17:46:16 - INFO - model-gat, dataset-davis, epoch-122, loss-0.2616, cindex-0.8515, test_loss-0.2650
2024-04-28 17:46:25 - INFO - model-gat, dataset-davis, epoch-123, loss-0.2706, cindex-0.8509, test_loss-0.2562
2024-04-28 17:46:25 - INFO - Saving model...
2024-04-28 17:46:34 - INFO - model-gat, dataset-davis, epoch-124, loss-0.2609, cindex-0.8555, test_loss-0.2591
2024-04-28 17:46:43 - INFO - model-gat, dataset-davis, epoch-125, loss-0.2624, cindex-0.8550, test_loss-0.2657
2024-04-28 17:46:52 - INFO - model-gat, dataset-davis, epoch-126, loss-0.2692, cindex-0.8500, test_loss-0.2582
2024-04-28 17:47:02 - INFO - model-gat, dataset-davis, epoch-127, loss-0.2603, cindex-0.8555, test_loss-0.2570
2024-04-28 17:47:11 - INFO - model-gat, dataset-davis, epoch-128, loss-0.2606, cindex-0.8585, test_loss-0.2584
2024-04-28 17:47:20 - INFO - model-gat, dataset-davis, epoch-129, loss-0.2527, cindex-0.8563, test_loss-0.2575
2024-04-28 17:47:29 - INFO - model-gat, dataset-davis, epoch-130, loss-0.2604, cindex-0.8610, test_loss-0.2570
2024-04-28 17:47:38 - INFO - model-gat, dataset-davis, epoch-131, loss-0.2546, cindex-0.8543, test_loss-0.2650
2024-04-28 17:47:48 - INFO - model-gat, dataset-davis, epoch-132, loss-0.2522, cindex-0.8579, test_loss-0.2515
2024-04-28 17:47:48 - INFO - Saving model...
2024-04-28 17:47:57 - INFO - model-gat, dataset-davis, epoch-133, loss-0.2500, cindex-0.8593, test_loss-0.2515
2024-04-28 17:47:57 - INFO - Saving model...
2024-04-28 17:48:06 - INFO - model-gat, dataset-davis, epoch-134, loss-0.2570, cindex-0.8587, test_loss-0.2795
2024-04-28 17:48:15 - INFO - model-gat, dataset-davis, epoch-135, loss-0.2506, cindex-0.8595, test_loss-0.2741
2024-04-28 17:48:24 - INFO - model-gat, dataset-davis, epoch-136, loss-0.2420, cindex-0.8597, test_loss-0.2542
2024-04-28 17:48:34 - INFO - model-gat, dataset-davis, epoch-137, loss-0.2501, cindex-0.8582, test_loss-0.2471
2024-04-28 17:48:34 - INFO - Saving model...
2024-04-28 17:48:43 - INFO - model-gat, dataset-davis, epoch-138, loss-0.2426, cindex-0.8616, test_loss-0.2558
2024-04-28 17:48:52 - INFO - model-gat, dataset-davis, epoch-139, loss-0.2437, cindex-0.8589, test_loss-0.2546
2024-04-28 17:49:01 - INFO - model-gat, dataset-davis, epoch-140, loss-0.2404, cindex-0.8609, test_loss-0.2585
2024-04-28 17:49:10 - INFO - model-gat, dataset-davis, epoch-141, loss-0.2468, cindex-0.8603, test_loss-0.2515
2024-04-28 17:49:19 - INFO - model-gat, dataset-davis, epoch-142, loss-0.2414, cindex-0.8629, test_loss-0.2513
2024-04-28 17:49:29 - INFO - model-gat, dataset-davis, epoch-143, loss-0.2392, cindex-0.8630, test_loss-0.2545
2024-04-28 17:49:38 - INFO - model-gat, dataset-davis, epoch-144, loss-0.2406, cindex-0.8635, test_loss-0.2603
2024-04-28 17:49:47 - INFO - model-gat, dataset-davis, epoch-145, loss-0.2344, cindex-0.8645, test_loss-0.2543
2024-04-28 17:49:56 - INFO - model-gat, dataset-davis, epoch-146, loss-0.2417, cindex-0.8590, test_loss-0.2603
2024-04-28 17:50:06 - INFO - model-gat, dataset-davis, epoch-147, loss-0.2411, cindex-0.8632, test_loss-0.2737
2024-04-28 17:50:15 - INFO - model-gat, dataset-davis, epoch-148, loss-0.2401, cindex-0.8660, test_loss-0.2527
2024-04-28 17:50:24 - INFO - model-gat, dataset-davis, epoch-149, loss-0.2309, cindex-0.8630, test_loss-0.2642
2024-04-28 17:50:33 - INFO - model-gat, dataset-davis, epoch-150, loss-0.2360, cindex-0.8619, test_loss-0.2613
2024-04-28 17:50:42 - INFO - model-gat, dataset-davis, epoch-151, loss-0.2361, cindex-0.8632, test_loss-0.2564
2024-04-28 17:50:52 - INFO - model-gat, dataset-davis, epoch-152, loss-0.2309, cindex-0.8674, test_loss-0.2591
2024-04-28 17:51:01 - INFO - model-gat, dataset-davis, epoch-153, loss-0.2274, cindex-0.8667, test_loss-0.2503
2024-04-28 17:51:10 - INFO - model-gat, dataset-davis, epoch-154, loss-0.2315, cindex-0.8675, test_loss-0.2456
2024-04-28 17:51:10 - INFO - Saving model...
2024-04-28 17:51:19 - INFO - model-gat, dataset-davis, epoch-155, loss-0.2257, cindex-0.8652, test_loss-0.2530
2024-04-28 17:51:29 - INFO - model-gat, dataset-davis, epoch-156, loss-0.2319, cindex-0.8657, test_loss-0.2657
2024-04-28 17:51:38 - INFO - model-gat, dataset-davis, epoch-157, loss-0.2288, cindex-0.8677, test_loss-0.2699
2024-04-28 17:51:47 - INFO - model-gat, dataset-davis, epoch-158, loss-0.2232, cindex-0.8678, test_loss-0.2516
2024-04-28 17:51:56 - INFO - model-gat, dataset-davis, epoch-159, loss-0.2255, cindex-0.8641, test_loss-0.2469
2024-04-28 17:52:06 - INFO - model-gat, dataset-davis, epoch-160, loss-0.2228, cindex-0.8703, test_loss-0.2472
2024-04-28 17:52:15 - INFO - model-gat, dataset-davis, epoch-161, loss-0.2223, cindex-0.8660, test_loss-0.2774
2024-04-28 17:52:24 - INFO - model-gat, dataset-davis, epoch-162, loss-0.2262, cindex-0.8709, test_loss-0.2487
2024-04-28 17:52:33 - INFO - model-gat, dataset-davis, epoch-163, loss-0.2168, cindex-0.8682, test_loss-0.2519
2024-04-28 17:52:43 - INFO - model-gat, dataset-davis, epoch-164, loss-0.2103, cindex-0.8727, test_loss-0.2447
2024-04-28 17:52:43 - INFO - Saving model...
2024-04-28 17:52:52 - INFO - model-gat, dataset-davis, epoch-165, loss-0.2198, cindex-0.8743, test_loss-0.2542
2024-04-28 17:53:01 - INFO - model-gat, dataset-davis, epoch-166, loss-0.2190, cindex-0.8685, test_loss-0.2445
2024-04-28 17:53:01 - INFO - Saving model...
2024-04-28 17:53:10 - INFO - model-gat, dataset-davis, epoch-167, loss-0.2252, cindex-0.8671, test_loss-0.2475
2024-04-28 17:53:20 - INFO - model-gat, dataset-davis, epoch-168, loss-0.2291, cindex-0.8680, test_loss-0.2549
2024-04-28 17:53:29 - INFO - model-gat, dataset-davis, epoch-169, loss-0.2190, cindex-0.8691, test_loss-0.2625
2024-04-28 17:53:38 - INFO - model-gat, dataset-davis, epoch-170, loss-0.2150, cindex-0.8727, test_loss-0.2542
2024-04-28 17:53:48 - INFO - model-gat, dataset-davis, epoch-171, loss-0.2186, cindex-0.8715, test_loss-0.2461
2024-04-28 17:53:57 - INFO - model-gat, dataset-davis, epoch-172, loss-0.2137, cindex-0.8720, test_loss-0.2452
2024-04-28 17:54:06 - INFO - model-gat, dataset-davis, epoch-173, loss-0.2134, cindex-0.8705, test_loss-0.2491
2024-04-28 17:54:16 - INFO - model-gat, dataset-davis, epoch-174, loss-0.2114, cindex-0.8761, test_loss-0.2527
2024-04-28 17:54:25 - INFO - model-gat, dataset-davis, epoch-175, loss-0.2107, cindex-0.8710, test_loss-0.2726
2024-04-28 17:54:34 - INFO - model-gat, dataset-davis, epoch-176, loss-0.2171, cindex-0.8743, test_loss-0.2522
2024-04-28 17:54:44 - INFO - model-gat, dataset-davis, epoch-177, loss-0.2168, cindex-0.8739, test_loss-0.2536
2024-04-28 17:54:53 - INFO - model-gat, dataset-davis, epoch-178, loss-0.2142, cindex-0.8749, test_loss-0.2681
2024-04-28 17:55:02 - INFO - model-gat, dataset-davis, epoch-179, loss-0.2108, cindex-0.8745, test_loss-0.2466
2024-04-28 17:55:12 - INFO - model-gat, dataset-davis, epoch-180, loss-0.2072, cindex-0.8784, test_loss-0.2454
2024-04-28 17:55:21 - INFO - model-gat, dataset-davis, epoch-181, loss-0.2082, cindex-0.8741, test_loss-0.2458
2024-04-28 17:55:31 - INFO - model-gat, dataset-davis, epoch-182, loss-0.2088, cindex-0.8785, test_loss-0.2461
2024-04-28 17:55:40 - INFO - model-gat, dataset-davis, epoch-183, loss-0.2088, cindex-0.8720, test_loss-0.2501
2024-04-28 17:55:49 - INFO - model-gat, dataset-davis, epoch-184, loss-0.1998, cindex-0.8780, test_loss-0.2418
2024-04-28 17:55:49 - INFO - Saving model...
2024-04-28 17:55:58 - INFO - model-gat, dataset-davis, epoch-185, loss-0.2031, cindex-0.8754, test_loss-0.2429
2024-04-28 17:56:08 - INFO - model-gat, dataset-davis, epoch-186, loss-0.2063, cindex-0.8767, test_loss-0.2430
2024-04-28 17:56:17 - INFO - model-gat, dataset-davis, epoch-187, loss-0.2060, cindex-0.8759, test_loss-0.2383
2024-04-28 17:56:17 - INFO - Saving model...
2024-04-28 17:56:27 - INFO - model-gat, dataset-davis, epoch-188, loss-0.2077, cindex-0.8792, test_loss-0.2554
2024-04-28 17:56:36 - INFO - model-gat, dataset-davis, epoch-189, loss-0.2011, cindex-0.8779, test_loss-0.2484
2024-04-28 17:56:45 - INFO - model-gat, dataset-davis, epoch-190, loss-0.2013, cindex-0.8776, test_loss-0.2432
2024-04-28 17:56:55 - INFO - model-gat, dataset-davis, epoch-191, loss-0.2044, cindex-0.8780, test_loss-0.2500
2024-04-28 17:57:04 - INFO - model-gat, dataset-davis, epoch-192, loss-0.2031, cindex-0.8768, test_loss-0.2489
2024-04-28 17:57:14 - INFO - model-gat, dataset-davis, epoch-193, loss-0.2075, cindex-0.8763, test_loss-0.2458
2024-04-28 17:57:23 - INFO - model-gat, dataset-davis, epoch-194, loss-0.1994, cindex-0.8788, test_loss-0.2455
2024-04-28 17:57:32 - INFO - model-gat, dataset-davis, epoch-195, loss-0.1963, cindex-0.8782, test_loss-0.2478
2024-04-28 17:57:41 - INFO - model-gat, dataset-davis, epoch-196, loss-0.1992, cindex-0.8812, test_loss-0.2548
2024-04-28 17:57:51 - INFO - model-gat, dataset-davis, epoch-197, loss-0.1941, cindex-0.8787, test_loss-0.2385
2024-04-28 17:58:00 - INFO - model-gat, dataset-davis, epoch-198, loss-0.1993, cindex-0.8799, test_loss-0.2476
2024-04-28 17:58:10 - INFO - model-gat, dataset-davis, epoch-199, loss-0.2005, cindex-0.8809, test_loss-0.2557
2024-04-28 17:58:19 - INFO - model-gat, dataset-davis, epoch-200, loss-0.1968, cindex-0.8857, test_loss-0.2411
2024-04-28 17:58:29 - INFO - model-gat, dataset-davis, epoch-201, loss-0.2013, cindex-0.8807, test_loss-0.2466
2024-04-28 17:58:38 - INFO - model-gat, dataset-davis, epoch-202, loss-0.1903, cindex-0.8796, test_loss-0.2382
2024-04-28 17:58:38 - INFO - Saving model...
2024-04-28 17:58:47 - INFO - model-gat, dataset-davis, epoch-203, loss-0.1961, cindex-0.8853, test_loss-0.2431
2024-04-28 17:58:57 - INFO - model-gat, dataset-davis, epoch-204, loss-0.1926, cindex-0.8828, test_loss-0.2484
2024-04-28 17:59:06 - INFO - model-gat, dataset-davis, epoch-205, loss-0.1950, cindex-0.8812, test_loss-0.2464
2024-04-28 17:59:16 - INFO - model-gat, dataset-davis, epoch-206, loss-0.1956, cindex-0.8822, test_loss-0.2501
2024-04-28 17:59:25 - INFO - model-gat, dataset-davis, epoch-207, loss-0.1948, cindex-0.8826, test_loss-0.2447
2024-04-28 17:59:35 - INFO - model-gat, dataset-davis, epoch-208, loss-0.1925, cindex-0.8800, test_loss-0.2424
2024-04-28 17:59:45 - INFO - model-gat, dataset-davis, epoch-209, loss-0.1917, cindex-0.8833, test_loss-0.2426
2024-04-28 17:59:54 - INFO - model-gat, dataset-davis, epoch-210, loss-0.1886, cindex-0.8844, test_loss-0.2463
2024-04-28 18:00:03 - INFO - model-gat, dataset-davis, epoch-211, loss-0.1905, cindex-0.8838, test_loss-0.2455
2024-04-28 18:00:13 - INFO - model-gat, dataset-davis, epoch-212, loss-0.1921, cindex-0.8818, test_loss-0.2411
2024-04-28 18:00:22 - INFO - model-gat, dataset-davis, epoch-213, loss-0.1857, cindex-0.8863, test_loss-0.2477
2024-04-28 18:00:32 - INFO - model-gat, dataset-davis, epoch-214, loss-0.1854, cindex-0.8812, test_loss-0.2428
2024-04-28 18:00:41 - INFO - model-gat, dataset-davis, epoch-215, loss-0.1886, cindex-0.8859, test_loss-0.2512
2024-04-28 18:00:51 - INFO - model-gat, dataset-davis, epoch-216, loss-0.1894, cindex-0.8842, test_loss-0.2533
2024-04-28 18:01:00 - INFO - model-gat, dataset-davis, epoch-217, loss-0.1884, cindex-0.8813, test_loss-0.2545
2024-04-28 18:01:10 - INFO - model-gat, dataset-davis, epoch-218, loss-0.1885, cindex-0.8864, test_loss-0.2444
2024-04-28 18:01:19 - INFO - model-gat, dataset-davis, epoch-219, loss-0.1868, cindex-0.8846, test_loss-0.2421
2024-04-28 18:01:29 - INFO - model-gat, dataset-davis, epoch-220, loss-0.1836, cindex-0.8848, test_loss-0.2575
2024-04-28 18:01:38 - INFO - model-gat, dataset-davis, epoch-221, loss-0.1847, cindex-0.8836, test_loss-0.2388
2024-04-28 18:01:48 - INFO - model-gat, dataset-davis, epoch-222, loss-0.1900, cindex-0.8819, test_loss-0.2394
2024-04-28 18:01:58 - INFO - model-gat, dataset-davis, epoch-223, loss-0.1824, cindex-0.8866, test_loss-0.2421
2024-04-28 18:02:07 - INFO - model-gat, dataset-davis, epoch-224, loss-0.1822, cindex-0.8909, test_loss-0.2469
2024-04-28 18:02:17 - INFO - model-gat, dataset-davis, epoch-225, loss-0.1802, cindex-0.8857, test_loss-0.2441
2024-04-28 18:02:26 - INFO - model-gat, dataset-davis, epoch-226, loss-0.1807, cindex-0.8897, test_loss-0.2398
2024-04-28 18:02:36 - INFO - model-gat, dataset-davis, epoch-227, loss-0.1787, cindex-0.8873, test_loss-0.2419
2024-04-28 18:02:46 - INFO - model-gat, dataset-davis, epoch-228, loss-0.1867, cindex-0.8894, test_loss-0.2464
2024-04-28 18:02:56 - INFO - model-gat, dataset-davis, epoch-229, loss-0.1857, cindex-0.8869, test_loss-0.2530
2024-04-28 18:03:05 - INFO - model-gat, dataset-davis, epoch-230, loss-0.1808, cindex-0.8887, test_loss-0.2422
2024-04-28 18:03:15 - INFO - model-gat, dataset-davis, epoch-231, loss-0.1833, cindex-0.8895, test_loss-0.2461
2024-04-28 18:03:24 - INFO - model-gat, dataset-davis, epoch-232, loss-0.1789, cindex-0.8880, test_loss-0.2399
2024-04-28 18:03:34 - INFO - model-gat, dataset-davis, epoch-233, loss-0.1785, cindex-0.8884, test_loss-0.2418
2024-04-28 18:03:43 - INFO - model-gat, dataset-davis, epoch-234, loss-0.1782, cindex-0.8881, test_loss-0.2421
2024-04-28 18:03:54 - INFO - model-gat, dataset-davis, epoch-235, loss-0.1765, cindex-0.8882, test_loss-0.2384
2024-04-28 18:04:04 - INFO - model-gat, dataset-davis, epoch-236, loss-0.1806, cindex-0.8878, test_loss-0.2462
2024-04-28 18:04:13 - INFO - model-gat, dataset-davis, epoch-237, loss-0.1770, cindex-0.8903, test_loss-0.2502
2024-04-28 18:04:22 - INFO - model-gat, dataset-davis, epoch-238, loss-0.1803, cindex-0.8871, test_loss-0.2408
2024-04-28 18:04:31 - INFO - model-gat, dataset-davis, epoch-239, loss-0.1778, cindex-0.8901, test_loss-0.2337
2024-04-28 18:04:31 - INFO - Saving model...
2024-04-28 18:04:41 - INFO - model-gat, dataset-davis, epoch-240, loss-0.1749, cindex-0.8909, test_loss-0.2367
2024-04-28 18:04:50 - INFO - model-gat, dataset-davis, epoch-241, loss-0.1762, cindex-0.8900, test_loss-0.2394
2024-04-28 18:04:59 - INFO - model-gat, dataset-davis, epoch-242, loss-0.1755, cindex-0.8920, test_loss-0.2430
2024-04-28 18:05:08 - INFO - model-gat, dataset-davis, epoch-243, loss-0.1734, cindex-0.8883, test_loss-0.2474
2024-04-28 18:05:17 - INFO - model-gat, dataset-davis, epoch-244, loss-0.1743, cindex-0.8896, test_loss-0.2555
2024-04-28 18:05:27 - INFO - model-gat, dataset-davis, epoch-245, loss-0.1723, cindex-0.8893, test_loss-0.2319
2024-04-28 18:05:27 - INFO - Saving model...
2024-04-28 18:05:36 - INFO - model-gat, dataset-davis, epoch-246, loss-0.1758, cindex-0.8892, test_loss-0.2398
2024-04-28 18:05:45 - INFO - model-gat, dataset-davis, epoch-247, loss-0.1719, cindex-0.8915, test_loss-0.2376
2024-04-28 18:05:54 - INFO - model-gat, dataset-davis, epoch-248, loss-0.1665, cindex-0.8942, test_loss-0.2472
2024-04-28 18:06:03 - INFO - model-gat, dataset-davis, epoch-249, loss-0.1844, cindex-0.8885, test_loss-0.2458
2024-04-28 18:06:12 - INFO - model-gat, dataset-davis, epoch-250, loss-0.1708, cindex-0.8911, test_loss-0.2408
2024-04-28 18:06:21 - INFO - model-gat, dataset-davis, epoch-251, loss-0.1681, cindex-0.8946, test_loss-0.2483
2024-04-28 18:06:30 - INFO - model-gat, dataset-davis, epoch-252, loss-0.1714, cindex-0.8919, test_loss-0.2384
2024-04-28 18:06:40 - INFO - model-gat, dataset-davis, epoch-253, loss-0.1713, cindex-0.8920, test_loss-0.2566
2024-04-28 18:06:49 - INFO - model-gat, dataset-davis, epoch-254, loss-0.1718, cindex-0.8912, test_loss-0.2453
2024-04-28 18:06:58 - INFO - model-gat, dataset-davis, epoch-255, loss-0.1681, cindex-0.8911, test_loss-0.2391
2024-04-28 18:07:07 - INFO - model-gat, dataset-davis, epoch-256, loss-0.1673, cindex-0.8964, test_loss-0.2424
2024-04-28 18:07:16 - INFO - model-gat, dataset-davis, epoch-257, loss-0.1666, cindex-0.8909, test_loss-0.2372
2024-04-28 18:07:25 - INFO - model-gat, dataset-davis, epoch-258, loss-0.1710, cindex-0.8946, test_loss-0.2364
2024-04-28 18:07:35 - INFO - model-gat, dataset-davis, epoch-259, loss-0.1676, cindex-0.8929, test_loss-0.2414
2024-04-28 18:07:44 - INFO - model-gat, dataset-davis, epoch-260, loss-0.1642, cindex-0.8939, test_loss-0.2405
2024-04-28 18:07:53 - INFO - model-gat, dataset-davis, epoch-261, loss-0.1661, cindex-0.8977, test_loss-0.2381
2024-04-28 18:08:02 - INFO - model-gat, dataset-davis, epoch-262, loss-0.1662, cindex-0.8928, test_loss-0.2375
2024-04-28 18:08:11 - INFO - model-gat, dataset-davis, epoch-263, loss-0.1660, cindex-0.8951, test_loss-0.2363
2024-04-28 18:08:20 - INFO - model-gat, dataset-davis, epoch-264, loss-0.1635, cindex-0.8953, test_loss-0.2397
2024-04-28 18:08:30 - INFO - model-gat, dataset-davis, epoch-265, loss-0.1662, cindex-0.8938, test_loss-0.2490
2024-04-28 18:08:39 - INFO - model-gat, dataset-davis, epoch-266, loss-0.1674, cindex-0.8914, test_loss-0.2400
2024-04-28 18:08:48 - INFO - model-gat, dataset-davis, epoch-267, loss-0.1612, cindex-0.8950, test_loss-0.2368
2024-04-28 18:08:58 - INFO - model-gat, dataset-davis, epoch-268, loss-0.1674, cindex-0.8954, test_loss-0.2595
2024-04-28 18:09:07 - INFO - model-gat, dataset-davis, epoch-269, loss-0.1603, cindex-0.8975, test_loss-0.2367
2024-04-28 18:09:16 - INFO - model-gat, dataset-davis, epoch-270, loss-0.1646, cindex-0.8968, test_loss-0.2377
2024-04-28 18:09:25 - INFO - model-gat, dataset-davis, epoch-271, loss-0.1570, cindex-0.8952, test_loss-0.2375
2024-04-28 18:09:35 - INFO - model-gat, dataset-davis, epoch-272, loss-0.1596, cindex-0.8986, test_loss-0.2393
2024-04-28 18:09:44 - INFO - model-gat, dataset-davis, epoch-273, loss-0.1592, cindex-0.8965, test_loss-0.2394
2024-04-28 18:09:53 - INFO - model-gat, dataset-davis, epoch-274, loss-0.1654, cindex-0.8974, test_loss-0.2401
2024-04-28 18:10:02 - INFO - model-gat, dataset-davis, epoch-275, loss-0.1611, cindex-0.8944, test_loss-0.2499
2024-04-28 18:10:12 - INFO - model-gat, dataset-davis, epoch-276, loss-0.1596, cindex-0.8966, test_loss-0.2408
2024-04-28 18:10:21 - INFO - model-gat, dataset-davis, epoch-277, loss-0.1558, cindex-0.8987, test_loss-0.2453
2024-04-28 18:10:30 - INFO - model-gat, dataset-davis, epoch-278, loss-0.1586, cindex-0.8974, test_loss-0.2363
2024-04-28 18:10:39 - INFO - model-gat, dataset-davis, epoch-279, loss-0.1634, cindex-0.8966, test_loss-0.2547
2024-04-28 18:10:48 - INFO - model-gat, dataset-davis, epoch-280, loss-0.1611, cindex-0.8972, test_loss-0.2376
2024-04-28 18:10:58 - INFO - model-gat, dataset-davis, epoch-281, loss-0.1575, cindex-0.8961, test_loss-0.2313
2024-04-28 18:10:58 - INFO - Saving model...
2024-04-28 18:11:07 - INFO - model-gat, dataset-davis, epoch-282, loss-0.1594, cindex-0.8957, test_loss-0.2666
2024-04-28 18:11:16 - INFO - model-gat, dataset-davis, epoch-283, loss-0.1534, cindex-0.8976, test_loss-0.2405
2024-04-28 18:11:25 - INFO - model-gat, dataset-davis, epoch-284, loss-0.1530, cindex-0.9025, test_loss-0.2400
2024-04-28 18:11:35 - INFO - model-gat, dataset-davis, epoch-285, loss-0.1566, cindex-0.8963, test_loss-0.2514
2024-04-28 18:11:44 - INFO - model-gat, dataset-davis, epoch-286, loss-0.1589, cindex-0.8987, test_loss-0.2394
2024-04-28 18:11:53 - INFO - model-gat, dataset-davis, epoch-287, loss-0.1559, cindex-0.8977, test_loss-0.2359
2024-04-28 18:12:02 - INFO - model-gat, dataset-davis, epoch-288, loss-0.1520, cindex-0.9021, test_loss-0.2478
2024-04-28 18:12:11 - INFO - model-gat, dataset-davis, epoch-289, loss-0.1538, cindex-0.9004, test_loss-0.2386
2024-04-28 18:12:20 - INFO - model-gat, dataset-davis, epoch-290, loss-0.1569, cindex-0.8984, test_loss-0.2389
2024-04-28 18:12:29 - INFO - model-gat, dataset-davis, epoch-291, loss-0.1522, cindex-0.9020, test_loss-0.2523
2024-04-28 18:12:39 - INFO - model-gat, dataset-davis, epoch-292, loss-0.1549, cindex-0.8997, test_loss-0.2424
2024-04-28 18:12:48 - INFO - model-gat, dataset-davis, epoch-293, loss-0.1531, cindex-0.9032, test_loss-0.2373
2024-04-28 18:12:57 - INFO - model-gat, dataset-davis, epoch-294, loss-0.1548, cindex-0.8982, test_loss-0.2336
2024-04-28 18:13:06 - INFO - model-gat, dataset-davis, epoch-295, loss-0.1538, cindex-0.9002, test_loss-0.2334
2024-04-28 18:13:15 - INFO - model-gat, dataset-davis, epoch-296, loss-0.1507, cindex-0.9014, test_loss-0.2410
2024-04-28 18:13:25 - INFO - model-gat, dataset-davis, epoch-297, loss-0.1535, cindex-0.8987, test_loss-0.2360
2024-04-28 18:13:34 - INFO - model-gat, dataset-davis, epoch-298, loss-0.1503, cindex-0.9006, test_loss-0.2394
2024-04-28 18:13:43 - INFO - model-gat, dataset-davis, epoch-299, loss-0.1477, cindex-0.9008, test_loss-0.2297
2024-04-28 18:13:43 - INFO - Saving model...
2024-04-28 18:13:52 - INFO - model-gat, dataset-davis, epoch-300, loss-0.1516, cindex-0.8993, test_loss-0.2347
2024-04-28 18:14:02 - INFO - model-gat, dataset-davis, epoch-301, loss-0.1503, cindex-0.9030, test_loss-0.2338
2024-04-28 18:14:11 - INFO - model-gat, dataset-davis, epoch-302, loss-0.1511, cindex-0.8975, test_loss-0.2485
2024-04-28 18:14:20 - INFO - model-gat, dataset-davis, epoch-303, loss-0.1535, cindex-0.8962, test_loss-0.2354
2024-04-28 18:14:29 - INFO - model-gat, dataset-davis, epoch-304, loss-0.1520, cindex-0.9011, test_loss-0.2371
2024-04-28 18:14:38 - INFO - model-gat, dataset-davis, epoch-305, loss-0.1494, cindex-0.8988, test_loss-0.2390
2024-04-28 18:14:47 - INFO - model-gat, dataset-davis, epoch-306, loss-0.1509, cindex-0.9025, test_loss-0.2412
2024-04-28 18:14:57 - INFO - model-gat, dataset-davis, epoch-307, loss-0.1502, cindex-0.9007, test_loss-0.2318
2024-04-28 18:15:06 - INFO - model-gat, dataset-davis, epoch-308, loss-0.1498, cindex-0.9012, test_loss-0.2352
2024-04-28 18:15:15 - INFO - model-gat, dataset-davis, epoch-309, loss-0.1489, cindex-0.9008, test_loss-0.2390
2024-04-28 18:15:24 - INFO - model-gat, dataset-davis, epoch-310, loss-0.1495, cindex-0.9013, test_loss-0.2375
2024-04-28 18:15:33 - INFO - model-gat, dataset-davis, epoch-311, loss-0.1448, cindex-0.9060, test_loss-0.2313
2024-04-28 18:15:43 - INFO - model-gat, dataset-davis, epoch-312, loss-0.1446, cindex-0.9022, test_loss-0.2417
2024-04-28 18:15:52 - INFO - model-gat, dataset-davis, epoch-313, loss-0.1458, cindex-0.9030, test_loss-0.2327
2024-04-28 18:16:01 - INFO - model-gat, dataset-davis, epoch-314, loss-0.1429, cindex-0.9052, test_loss-0.2528
2024-04-28 18:16:10 - INFO - model-gat, dataset-davis, epoch-315, loss-0.1492, cindex-0.9013, test_loss-0.2640
2024-04-28 18:16:19 - INFO - model-gat, dataset-davis, epoch-316, loss-0.1488, cindex-0.9036, test_loss-0.2361
2024-04-28 18:16:28 - INFO - model-gat, dataset-davis, epoch-317, loss-0.1431, cindex-0.9036, test_loss-0.2350
2024-04-28 18:16:38 - INFO - model-gat, dataset-davis, epoch-318, loss-0.1457, cindex-0.9026, test_loss-0.2308
2024-04-28 18:16:47 - INFO - model-gat, dataset-davis, epoch-319, loss-0.1468, cindex-0.9003, test_loss-0.2318
2024-04-28 18:16:56 - INFO - model-gat, dataset-davis, epoch-320, loss-0.1436, cindex-0.9028, test_loss-0.2448
2024-04-28 18:17:05 - INFO - model-gat, dataset-davis, epoch-321, loss-0.1421, cindex-0.9027, test_loss-0.2504
2024-04-28 18:17:14 - INFO - model-gat, dataset-davis, epoch-322, loss-0.1413, cindex-0.9030, test_loss-0.2390
2024-04-28 18:17:24 - INFO - model-gat, dataset-davis, epoch-323, loss-0.1447, cindex-0.9043, test_loss-0.2320
2024-04-28 18:17:33 - INFO - model-gat, dataset-davis, epoch-324, loss-0.1469, cindex-0.9027, test_loss-0.2484
2024-04-28 18:17:42 - INFO - model-gat, dataset-davis, epoch-325, loss-0.1448, cindex-0.9037, test_loss-0.2370
2024-04-28 18:17:51 - INFO - model-gat, dataset-davis, epoch-326, loss-0.1456, cindex-0.9040, test_loss-0.2403
2024-04-28 18:18:01 - INFO - model-gat, dataset-davis, epoch-327, loss-0.1439, cindex-0.9014, test_loss-0.2344
2024-04-28 18:18:10 - INFO - model-gat, dataset-davis, epoch-328, loss-0.1455, cindex-0.9035, test_loss-0.2365
2024-04-28 18:18:19 - INFO - model-gat, dataset-davis, epoch-329, loss-0.1427, cindex-0.9049, test_loss-0.2549
2024-04-28 18:18:29 - INFO - model-gat, dataset-davis, epoch-330, loss-0.1471, cindex-0.9042, test_loss-0.2418
2024-04-28 18:18:38 - INFO - model-gat, dataset-davis, epoch-331, loss-0.1465, cindex-0.9047, test_loss-0.2365
2024-04-28 18:18:47 - INFO - model-gat, dataset-davis, epoch-332, loss-0.1398, cindex-0.9046, test_loss-0.2312
2024-04-28 18:18:57 - INFO - model-gat, dataset-davis, epoch-333, loss-0.1403, cindex-0.9052, test_loss-0.2350
2024-04-28 18:19:06 - INFO - model-gat, dataset-davis, epoch-334, loss-0.1389, cindex-0.9050, test_loss-0.2508
2024-04-28 18:19:15 - INFO - model-gat, dataset-davis, epoch-335, loss-0.1394, cindex-0.9043, test_loss-0.2553
2024-04-28 18:19:24 - INFO - model-gat, dataset-davis, epoch-336, loss-0.1415, cindex-0.9033, test_loss-0.2505
2024-04-28 18:19:34 - INFO - model-gat, dataset-davis, epoch-337, loss-0.1397, cindex-0.9053, test_loss-0.2443
2024-04-28 18:19:43 - INFO - model-gat, dataset-davis, epoch-338, loss-0.1390, cindex-0.9051, test_loss-0.2384
2024-04-28 18:19:52 - INFO - model-gat, dataset-davis, epoch-339, loss-0.1360, cindex-0.9069, test_loss-0.2305
2024-04-28 18:20:02 - INFO - model-gat, dataset-davis, epoch-340, loss-0.1436, cindex-0.9049, test_loss-0.2369
2024-04-28 18:20:11 - INFO - model-gat, dataset-davis, epoch-341, loss-0.1395, cindex-0.9052, test_loss-0.2363
2024-04-28 18:20:20 - INFO - model-gat, dataset-davis, epoch-342, loss-0.1419, cindex-0.9053, test_loss-0.2388
2024-04-28 18:20:29 - INFO - model-gat, dataset-davis, epoch-343, loss-0.1360, cindex-0.9076, test_loss-0.2399
2024-04-28 18:20:39 - INFO - model-gat, dataset-davis, epoch-344, loss-0.1411, cindex-0.9047, test_loss-0.2355
2024-04-28 18:20:48 - INFO - model-gat, dataset-davis, epoch-345, loss-0.1407, cindex-0.9063, test_loss-0.2355
2024-04-28 18:20:57 - INFO - model-gat, dataset-davis, epoch-346, loss-0.1384, cindex-0.9044, test_loss-0.2535
2024-04-28 18:21:06 - INFO - model-gat, dataset-davis, epoch-347, loss-0.1362, cindex-0.9074, test_loss-0.2299
2024-04-28 18:21:15 - INFO - model-gat, dataset-davis, epoch-348, loss-0.1397, cindex-0.9055, test_loss-0.2532
2024-04-28 18:21:24 - INFO - model-gat, dataset-davis, epoch-349, loss-0.1387, cindex-0.9064, test_loss-0.2339
2024-04-28 18:21:34 - INFO - model-gat, dataset-davis, epoch-350, loss-0.1390, cindex-0.9036, test_loss-0.2371
2024-04-28 18:21:43 - INFO - model-gat, dataset-davis, epoch-351, loss-0.1362, cindex-0.9053, test_loss-0.2311
2024-04-28 18:21:52 - INFO - model-gat, dataset-davis, epoch-352, loss-0.1370, cindex-0.9030, test_loss-0.2384
2024-04-28 18:22:02 - INFO - model-gat, dataset-davis, epoch-353, loss-0.1397, cindex-0.9077, test_loss-0.2402
2024-04-28 18:22:11 - INFO - model-gat, dataset-davis, epoch-354, loss-0.1337, cindex-0.9071, test_loss-0.2442
2024-04-28 18:22:20 - INFO - model-gat, dataset-davis, epoch-355, loss-0.1360, cindex-0.9081, test_loss-0.2430
2024-04-28 18:22:30 - INFO - model-gat, dataset-davis, epoch-356, loss-0.1335, cindex-0.9062, test_loss-0.2356
2024-04-28 18:22:39 - INFO - model-gat, dataset-davis, epoch-357, loss-0.1346, cindex-0.9078, test_loss-0.2321
2024-04-28 18:22:48 - INFO - model-gat, dataset-davis, epoch-358, loss-0.1365, cindex-0.9072, test_loss-0.2381
2024-04-28 18:22:57 - INFO - model-gat, dataset-davis, epoch-359, loss-0.1332, cindex-0.9070, test_loss-0.2415
2024-04-28 18:23:06 - INFO - model-gat, dataset-davis, epoch-360, loss-0.1353, cindex-0.9081, test_loss-0.2467
2024-04-28 18:23:16 - INFO - model-gat, dataset-davis, epoch-361, loss-0.1345, cindex-0.9084, test_loss-0.2404
2024-04-28 18:23:25 - INFO - model-gat, dataset-davis, epoch-362, loss-0.1351, cindex-0.9043, test_loss-0.2318
2024-04-28 18:23:34 - INFO - model-gat, dataset-davis, epoch-363, loss-0.1343, cindex-0.9085, test_loss-0.2497
2024-04-28 18:23:43 - INFO - model-gat, dataset-davis, epoch-364, loss-0.1341, cindex-0.9094, test_loss-0.2294
2024-04-28 18:23:43 - INFO - Saving model...
2024-04-28 18:23:52 - INFO - model-gat, dataset-davis, epoch-365, loss-0.1338, cindex-0.9059, test_loss-0.2347
2024-04-28 18:24:02 - INFO - model-gat, dataset-davis, epoch-366, loss-0.1328, cindex-0.9069, test_loss-0.2315
2024-04-28 18:24:11 - INFO - model-gat, dataset-davis, epoch-367, loss-0.1355, cindex-0.9078, test_loss-0.2438
2024-04-28 18:24:20 - INFO - model-gat, dataset-davis, epoch-368, loss-0.1326, cindex-0.9094, test_loss-0.2446
2024-04-28 18:24:29 - INFO - model-gat, dataset-davis, epoch-369, loss-0.1343, cindex-0.9080, test_loss-0.2427
2024-04-28 18:24:38 - INFO - model-gat, dataset-davis, epoch-370, loss-0.1321, cindex-0.9049, test_loss-0.2378
2024-04-28 18:24:48 - INFO - model-gat, dataset-davis, epoch-371, loss-0.1334, cindex-0.9083, test_loss-0.2365
2024-04-28 18:24:57 - INFO - model-gat, dataset-davis, epoch-372, loss-0.1333, cindex-0.9113, test_loss-0.2338
2024-04-28 18:25:06 - INFO - model-gat, dataset-davis, epoch-373, loss-0.1354, cindex-0.9053, test_loss-0.2493
2024-04-28 18:25:15 - INFO - model-gat, dataset-davis, epoch-374, loss-0.1300, cindex-0.9090, test_loss-0.2368
2024-04-28 18:25:24 - INFO - model-gat, dataset-davis, epoch-375, loss-0.1326, cindex-0.9107, test_loss-0.2317
2024-04-28 18:25:34 - INFO - model-gat, dataset-davis, epoch-376, loss-0.1315, cindex-0.9084, test_loss-0.2539
2024-04-28 18:25:43 - INFO - model-gat, dataset-davis, epoch-377, loss-0.1326, cindex-0.9073, test_loss-0.2354
2024-04-28 18:25:52 - INFO - model-gat, dataset-davis, epoch-378, loss-0.1327, cindex-0.9094, test_loss-0.2309
2024-04-28 18:26:02 - INFO - model-gat, dataset-davis, epoch-379, loss-0.1280, cindex-0.9113, test_loss-0.2342
2024-04-28 18:26:11 - INFO - model-gat, dataset-davis, epoch-380, loss-0.1321, cindex-0.9092, test_loss-0.2346
2024-04-28 18:26:21 - INFO - model-gat, dataset-davis, epoch-381, loss-0.1336, cindex-0.9066, test_loss-0.2368
2024-04-28 18:26:30 - INFO - model-gat, dataset-davis, epoch-382, loss-0.1328, cindex-0.9059, test_loss-0.2274
2024-04-28 18:26:30 - INFO - Saving model...
2024-04-28 18:26:39 - INFO - model-gat, dataset-davis, epoch-383, loss-0.1302, cindex-0.9123, test_loss-0.2538
2024-04-28 18:26:49 - INFO - model-gat, dataset-davis, epoch-384, loss-0.1309, cindex-0.9080, test_loss-0.2297
2024-04-28 18:26:58 - INFO - model-gat, dataset-davis, epoch-385, loss-0.1296, cindex-0.9116, test_loss-0.2675
2024-04-28 18:27:07 - INFO - model-gat, dataset-davis, epoch-386, loss-0.1328, cindex-0.9072, test_loss-0.2328
2024-04-28 18:27:17 - INFO - model-gat, dataset-davis, epoch-387, loss-0.1304, cindex-0.9096, test_loss-0.2325
2024-04-28 18:27:26 - INFO - model-gat, dataset-davis, epoch-388, loss-0.1262, cindex-0.9110, test_loss-0.2320
2024-04-28 18:27:35 - INFO - model-gat, dataset-davis, epoch-389, loss-0.1284, cindex-0.9102, test_loss-0.2300
2024-04-28 18:27:45 - INFO - model-gat, dataset-davis, epoch-390, loss-0.1281, cindex-0.9098, test_loss-0.2416
2024-04-28 18:27:54 - INFO - model-gat, dataset-davis, epoch-391, loss-0.1301, cindex-0.9103, test_loss-0.2307
2024-04-28 18:28:03 - INFO - model-gat, dataset-davis, epoch-392, loss-0.1291, cindex-0.9093, test_loss-0.2480
2024-04-28 18:28:12 - INFO - model-gat, dataset-davis, epoch-393, loss-0.1313, cindex-0.9117, test_loss-0.2337
2024-04-28 18:28:22 - INFO - model-gat, dataset-davis, epoch-394, loss-0.1244, cindex-0.9128, test_loss-0.2354
2024-04-28 18:28:31 - INFO - model-gat, dataset-davis, epoch-395, loss-0.1256, cindex-0.9106, test_loss-0.2306
2024-04-28 18:28:40 - INFO - model-gat, dataset-davis, epoch-396, loss-0.1271, cindex-0.9102, test_loss-0.2408
2024-04-28 18:28:50 - INFO - model-gat, dataset-davis, epoch-397, loss-0.1305, cindex-0.9104, test_loss-0.2291
2024-04-28 18:28:59 - INFO - model-gat, dataset-davis, epoch-398, loss-0.1304, cindex-0.9085, test_loss-0.2337
2024-04-28 18:29:09 - INFO - model-gat, dataset-davis, epoch-399, loss-0.1269, cindex-0.9122, test_loss-0.2480
2024-04-28 18:29:18 - INFO - model-gat, dataset-davis, epoch-400, loss-0.1283, cindex-0.9120, test_loss-0.2278
2024-04-28 18:29:28 - INFO - model-gat, dataset-davis, epoch-401, loss-0.1261, cindex-0.9086, test_loss-0.2352
2024-04-28 18:29:37 - INFO - model-gat, dataset-davis, epoch-402, loss-0.1244, cindex-0.9093, test_loss-0.2278
2024-04-28 18:29:47 - INFO - model-gat, dataset-davis, epoch-403, loss-0.1245, cindex-0.9124, test_loss-0.2305
2024-04-28 18:29:56 - INFO - model-gat, dataset-davis, epoch-404, loss-0.1262, cindex-0.9121, test_loss-0.2579
2024-04-28 18:30:06 - INFO - model-gat, dataset-davis, epoch-405, loss-0.1278, cindex-0.9123, test_loss-0.2313
2024-04-28 18:30:15 - INFO - model-gat, dataset-davis, epoch-406, loss-0.1264, cindex-0.9103, test_loss-0.2368
2024-04-28 18:30:25 - INFO - model-gat, dataset-davis, epoch-407, loss-0.1232, cindex-0.9131, test_loss-0.2320
2024-04-28 18:30:34 - INFO - model-gat, dataset-davis, epoch-408, loss-0.1256, cindex-0.9143, test_loss-0.2265
2024-04-28 18:30:34 - INFO - Saving model...
2024-04-28 18:30:44 - INFO - model-gat, dataset-davis, epoch-409, loss-0.1268, cindex-0.9122, test_loss-0.2294
2024-04-28 18:30:53 - INFO - model-gat, dataset-davis, epoch-410, loss-0.1247, cindex-0.9117, test_loss-0.2265
2024-04-28 18:30:53 - INFO - Saving model...
2024-04-28 18:31:03 - INFO - model-gat, dataset-davis, epoch-411, loss-0.1262, cindex-0.9106, test_loss-0.2306
2024-04-28 18:31:12 - INFO - model-gat, dataset-davis, epoch-412, loss-0.1234, cindex-0.9119, test_loss-0.2401
2024-04-28 18:31:22 - INFO - model-gat, dataset-davis, epoch-413, loss-0.1228, cindex-0.9130, test_loss-0.2309
2024-04-28 18:31:31 - INFO - model-gat, dataset-davis, epoch-414, loss-0.1238, cindex-0.9105, test_loss-0.2341
2024-04-28 18:31:41 - INFO - model-gat, dataset-davis, epoch-415, loss-0.1225, cindex-0.9124, test_loss-0.2293
2024-04-28 18:31:51 - INFO - model-gat, dataset-davis, epoch-416, loss-0.1196, cindex-0.9114, test_loss-0.2345
2024-04-28 18:32:00 - INFO - model-gat, dataset-davis, epoch-417, loss-0.1226, cindex-0.9136, test_loss-0.2256
2024-04-28 18:32:00 - INFO - Saving model...
2024-04-28 18:32:09 - INFO - model-gat, dataset-davis, epoch-418, loss-0.1231, cindex-0.9127, test_loss-0.2351
2024-04-28 18:32:19 - INFO - model-gat, dataset-davis, epoch-419, loss-0.1226, cindex-0.9129, test_loss-0.2251
2024-04-28 18:32:19 - INFO - Saving model...
2024-04-28 18:32:29 - INFO - model-gat, dataset-davis, epoch-420, loss-0.1241, cindex-0.9137, test_loss-0.2281
2024-04-28 18:32:38 - INFO - model-gat, dataset-davis, epoch-421, loss-0.1261, cindex-0.9126, test_loss-0.2396
2024-04-28 18:32:48 - INFO - model-gat, dataset-davis, epoch-422, loss-0.1224, cindex-0.9114, test_loss-0.2320
2024-04-28 18:32:58 - INFO - model-gat, dataset-davis, epoch-423, loss-0.1230, cindex-0.9098, test_loss-0.2305
2024-04-28 18:33:07 - INFO - model-gat, dataset-davis, epoch-424, loss-0.1250, cindex-0.9119, test_loss-0.2301
2024-04-28 18:33:17 - INFO - model-gat, dataset-davis, epoch-425, loss-0.1219, cindex-0.9116, test_loss-0.2359
2024-04-28 18:33:26 - INFO - model-gat, dataset-davis, epoch-426, loss-0.1243, cindex-0.9137, test_loss-0.2311
2024-04-28 18:33:36 - INFO - model-gat, dataset-davis, epoch-427, loss-0.1255, cindex-0.9115, test_loss-0.2286
2024-04-28 18:33:46 - INFO - model-gat, dataset-davis, epoch-428, loss-0.1233, cindex-0.9124, test_loss-0.2470
2024-04-28 18:33:55 - INFO - model-gat, dataset-davis, epoch-429, loss-0.1247, cindex-0.9126, test_loss-0.2299
2024-04-28 18:34:05 - INFO - model-gat, dataset-davis, epoch-430, loss-0.1220, cindex-0.9150, test_loss-0.2403
2024-04-28 18:34:14 - INFO - model-gat, dataset-davis, epoch-431, loss-0.1217, cindex-0.9137, test_loss-0.2376
2024-04-28 18:34:23 - INFO - model-gat, dataset-davis, epoch-432, loss-0.1255, cindex-0.9111, test_loss-0.2277
2024-04-28 18:34:32 - INFO - model-gat, dataset-davis, epoch-433, loss-0.1224, cindex-0.9119, test_loss-0.2266
2024-04-28 18:34:41 - INFO - model-gat, dataset-davis, epoch-434, loss-0.1226, cindex-0.9122, test_loss-0.2296
2024-04-28 18:34:50 - INFO - model-gat, dataset-davis, epoch-435, loss-0.1246, cindex-0.9141, test_loss-0.2608
2024-04-28 18:34:59 - INFO - model-gat, dataset-davis, epoch-436, loss-0.1197, cindex-0.9140, test_loss-0.2310
2024-04-28 18:35:08 - INFO - model-gat, dataset-davis, epoch-437, loss-0.1216, cindex-0.9153, test_loss-0.2277
2024-04-28 18:35:18 - INFO - model-gat, dataset-davis, epoch-438, loss-0.1204, cindex-0.9149, test_loss-0.2248
2024-04-28 18:35:18 - INFO - Saving model...
2024-04-28 18:35:27 - INFO - model-gat, dataset-davis, epoch-439, loss-0.1169, cindex-0.9157, test_loss-0.2276
2024-04-28 18:35:36 - INFO - model-gat, dataset-davis, epoch-440, loss-0.1215, cindex-0.9145, test_loss-0.2341
2024-04-28 18:35:45 - INFO - model-gat, dataset-davis, epoch-441, loss-0.1199, cindex-0.9159, test_loss-0.2283
2024-04-28 18:35:54 - INFO - model-gat, dataset-davis, epoch-442, loss-0.1208, cindex-0.9142, test_loss-0.2285
2024-04-28 18:36:04 - INFO - model-gat, dataset-davis, epoch-443, loss-0.1206, cindex-0.9158, test_loss-0.2384
2024-04-28 18:36:13 - INFO - model-gat, dataset-davis, epoch-444, loss-0.1175, cindex-0.9113, test_loss-0.2289
2024-04-28 18:36:22 - INFO - model-gat, dataset-davis, epoch-445, loss-0.1256, cindex-0.9192, test_loss-0.2294
2024-04-28 18:36:31 - INFO - model-gat, dataset-davis, epoch-446, loss-0.1241, cindex-0.9161, test_loss-0.2253
2024-04-28 18:36:40 - INFO - model-gat, dataset-davis, epoch-447, loss-0.1199, cindex-0.9142, test_loss-0.2312
2024-04-28 18:36:49 - INFO - model-gat, dataset-davis, epoch-448, loss-0.1195, cindex-0.9126, test_loss-0.2312
2024-04-28 18:36:58 - INFO - model-gat, dataset-davis, epoch-449, loss-0.1185, cindex-0.9167, test_loss-0.2343
2024-04-28 18:37:07 - INFO - model-gat, dataset-davis, epoch-450, loss-0.1177, cindex-0.9136, test_loss-0.2284
2024-04-28 18:37:17 - INFO - model-gat, dataset-davis, epoch-451, loss-0.1188, cindex-0.9156, test_loss-0.2442
2024-04-28 18:37:26 - INFO - model-gat, dataset-davis, epoch-452, loss-0.1232, cindex-0.9158, test_loss-0.2349
2024-04-28 18:37:35 - INFO - model-gat, dataset-davis, epoch-453, loss-0.1226, cindex-0.9143, test_loss-0.2345
2024-04-28 18:37:44 - INFO - model-gat, dataset-davis, epoch-454, loss-0.1218, cindex-0.9140, test_loss-0.2305
2024-04-28 18:37:53 - INFO - model-gat, dataset-davis, epoch-455, loss-0.1192, cindex-0.9146, test_loss-0.2264
2024-04-28 18:38:02 - INFO - model-gat, dataset-davis, epoch-456, loss-0.1169, cindex-0.9145, test_loss-0.2303
2024-04-28 18:38:11 - INFO - model-gat, dataset-davis, epoch-457, loss-0.1254, cindex-0.9170, test_loss-0.2395
2024-04-28 18:38:21 - INFO - model-gat, dataset-davis, epoch-458, loss-0.1218, cindex-0.9144, test_loss-0.2245
2024-04-28 18:38:21 - INFO - Saving model...
2024-04-28 18:38:30 - INFO - model-gat, dataset-davis, epoch-459, loss-0.1174, cindex-0.9158, test_loss-0.2460
2024-04-28 18:38:39 - INFO - model-gat, dataset-davis, epoch-460, loss-0.1167, cindex-0.9152, test_loss-0.2260
2024-04-28 18:38:48 - INFO - model-gat, dataset-davis, epoch-461, loss-0.1172, cindex-0.9159, test_loss-0.2250
2024-04-28 18:38:57 - INFO - model-gat, dataset-davis, epoch-462, loss-0.1161, cindex-0.9147, test_loss-0.2283
2024-04-28 18:39:06 - INFO - model-gat, dataset-davis, epoch-463, loss-0.1183, cindex-0.9155, test_loss-0.2238
2024-04-28 18:39:06 - INFO - Saving model...
2024-04-28 18:39:16 - INFO - model-gat, dataset-davis, epoch-464, loss-0.1163, cindex-0.9152, test_loss-0.2284
2024-04-28 18:39:25 - INFO - model-gat, dataset-davis, epoch-465, loss-0.1150, cindex-0.9161, test_loss-0.2269
2024-04-28 18:39:34 - INFO - model-gat, dataset-davis, epoch-466, loss-0.1164, cindex-0.9112, test_loss-0.2343
2024-04-28 18:39:43 - INFO - model-gat, dataset-davis, epoch-467, loss-0.1172, cindex-0.9163, test_loss-0.2349
2024-04-28 18:39:52 - INFO - model-gat, dataset-davis, epoch-468, loss-0.1166, cindex-0.9177, test_loss-0.2368
2024-04-28 18:40:01 - INFO - model-gat, dataset-davis, epoch-469, loss-0.1162, cindex-0.9174, test_loss-0.2376
2024-04-28 18:40:11 - INFO - model-gat, dataset-davis, epoch-470, loss-0.1158, cindex-0.9145, test_loss-0.2279
2024-04-28 18:40:20 - INFO - model-gat, dataset-davis, epoch-471, loss-0.1201, cindex-0.9162, test_loss-0.2259
2024-04-28 18:40:29 - INFO - model-gat, dataset-davis, epoch-472, loss-0.1139, cindex-0.9152, test_loss-0.2283
2024-04-28 18:40:38 - INFO - model-gat, dataset-davis, epoch-473, loss-0.1160, cindex-0.9155, test_loss-0.2427
2024-04-28 18:40:47 - INFO - model-gat, dataset-davis, epoch-474, loss-0.1171, cindex-0.9157, test_loss-0.2323
2024-04-28 18:40:56 - INFO - model-gat, dataset-davis, epoch-475, loss-0.1157, cindex-0.9150, test_loss-0.2269
2024-04-28 18:41:05 - INFO - model-gat, dataset-davis, epoch-476, loss-0.1162, cindex-0.9148, test_loss-0.2225
2024-04-28 18:41:05 - INFO - Saving model...
2024-04-28 18:41:15 - INFO - model-gat, dataset-davis, epoch-477, loss-0.1197, cindex-0.9166, test_loss-0.2346
2024-04-28 18:41:24 - INFO - model-gat, dataset-davis, epoch-478, loss-0.1245, cindex-0.9148, test_loss-0.2386
2024-04-28 18:41:33 - INFO - model-gat, dataset-davis, epoch-479, loss-0.1192, cindex-0.9166, test_loss-0.2287
2024-04-28 18:41:42 - INFO - model-gat, dataset-davis, epoch-480, loss-0.1185, cindex-0.9149, test_loss-0.2312
2024-04-28 18:41:51 - INFO - model-gat, dataset-davis, epoch-481, loss-0.1185, cindex-0.9160, test_loss-0.2242
2024-04-28 18:42:00 - INFO - model-gat, dataset-davis, epoch-482, loss-0.1157, cindex-0.9170, test_loss-0.2312
2024-04-28 18:42:09 - INFO - model-gat, dataset-davis, epoch-483, loss-0.1147, cindex-0.9159, test_loss-0.2285
2024-04-28 18:42:19 - INFO - model-gat, dataset-davis, epoch-484, loss-0.1145, cindex-0.9150, test_loss-0.2282
2024-04-28 18:42:28 - INFO - model-gat, dataset-davis, epoch-485, loss-0.1152, cindex-0.9173, test_loss-0.2321
2024-04-28 18:42:37 - INFO - model-gat, dataset-davis, epoch-486, loss-0.1138, cindex-0.9153, test_loss-0.2245
2024-04-28 18:42:46 - INFO - model-gat, dataset-davis, epoch-487, loss-0.1126, cindex-0.9189, test_loss-0.2322
2024-04-28 18:42:55 - INFO - model-gat, dataset-davis, epoch-488, loss-0.1160, cindex-0.9157, test_loss-0.2257
2024-04-28 18:43:04 - INFO - model-gat, dataset-davis, epoch-489, loss-0.1145, cindex-0.9145, test_loss-0.2323
2024-04-28 18:43:13 - INFO - model-gat, dataset-davis, epoch-490, loss-0.1143, cindex-0.9168, test_loss-0.2413
2024-04-28 18:43:22 - INFO - model-gat, dataset-davis, epoch-491, loss-0.1127, cindex-0.9159, test_loss-0.2410
2024-04-28 18:43:31 - INFO - model-gat, dataset-davis, epoch-492, loss-0.1158, cindex-0.9161, test_loss-0.2249
2024-04-28 18:43:40 - INFO - model-gat, dataset-davis, epoch-493, loss-0.1148, cindex-0.9161, test_loss-0.2254
2024-04-28 18:43:50 - INFO - model-gat, dataset-davis, epoch-494, loss-0.1158, cindex-0.9165, test_loss-0.2312
2024-04-28 18:43:59 - INFO - model-gat, dataset-davis, epoch-495, loss-0.1124, cindex-0.9169, test_loss-0.2233
2024-04-28 18:44:08 - INFO - model-gat, dataset-davis, epoch-496, loss-0.1138, cindex-0.9162, test_loss-0.2276
2024-04-28 18:44:17 - INFO - model-gat, dataset-davis, epoch-497, loss-0.1115, cindex-0.9201, test_loss-0.2260
2024-04-28 18:44:26 - INFO - model-gat, dataset-davis, epoch-498, loss-0.1122, cindex-0.9197, test_loss-0.2286
2024-04-28 18:44:35 - INFO - model-gat, dataset-davis, epoch-499, loss-0.1120, cindex-0.9162, test_loss-0.2348
2024-04-28 18:44:45 - INFO - model-gat, dataset-davis, epoch-500, loss-0.1151, cindex-0.9175, test_loss-0.2429
