2024-04-29 20:00:59 - INFO - train.py
2024-04-29 20:01:04 - INFO - KIBA Dataset loaded successfully!
2024-04-29 20:01:04 - INFO - Train Length: 82360
2024-04-29 20:01:04 - INFO - Test Length: 23531
2024-04-29 20:01:05 - INFO - GraphDTA + GIN model loaded successfully!
2024-04-29 20:01:05 - INFO - Training for 500 epochs (777 steps) begins...
2024-04-29 20:01:52 - INFO - model-gin, dataset-kiba, epoch-1, loss-6.6315, cindex-0.5467, test_loss-0.6004
2024-04-29 20:01:52 - INFO - Saving model...
2024-04-29 20:02:40 - INFO - model-gin, dataset-kiba, epoch-2, loss-1.0802, cindex-0.5829, test_loss-0.6639
2024-04-29 20:03:29 - INFO - model-gin, dataset-kiba, epoch-3, loss-0.9898, cindex-0.5921, test_loss-0.7044
2024-04-29 20:04:18 - INFO - model-gin, dataset-kiba, epoch-4, loss-0.9611, cindex-0.5986, test_loss-0.7192
2024-04-29 20:05:06 - INFO - model-gin, dataset-kiba, epoch-5, loss-0.9402, cindex-0.6039, test_loss-0.5472
2024-04-29 20:05:06 - INFO - Saving model...
2024-04-29 20:05:54 - INFO - model-gin, dataset-kiba, epoch-6, loss-0.9145, cindex-0.6075, test_loss-0.5367
2024-04-29 20:05:54 - INFO - Saving model...
2024-04-29 20:06:41 - INFO - model-gin, dataset-kiba, epoch-7, loss-0.9093, cindex-0.6110, test_loss-0.5397
2024-04-29 20:07:29 - INFO - model-gin, dataset-kiba, epoch-8, loss-0.8933, cindex-0.6127, test_loss-0.5369
2024-04-29 20:08:16 - INFO - model-gin, dataset-kiba, epoch-9, loss-0.8861, cindex-0.6161, test_loss-0.5155
2024-04-29 20:08:16 - INFO - Saving model...
2024-04-29 20:09:04 - INFO - model-gin, dataset-kiba, epoch-10, loss-0.8725, cindex-0.6192, test_loss-0.5339
2024-04-29 20:09:51 - INFO - model-gin, dataset-kiba, epoch-11, loss-0.8626, cindex-0.6212, test_loss-0.5201
2024-04-29 20:10:38 - INFO - model-gin, dataset-kiba, epoch-12, loss-0.8619, cindex-0.6220, test_loss-0.4925
2024-04-29 20:10:38 - INFO - Saving model...
2024-04-29 20:11:27 - INFO - model-gin, dataset-kiba, epoch-13, loss-0.8492, cindex-0.6249, test_loss-0.5063
2024-04-29 20:12:15 - INFO - model-gin, dataset-kiba, epoch-14, loss-0.8343, cindex-0.6280, test_loss-0.5122
2024-04-29 20:13:04 - INFO - model-gin, dataset-kiba, epoch-15, loss-0.8364, cindex-0.6272, test_loss-0.6304
2024-04-29 20:13:51 - INFO - model-gin, dataset-kiba, epoch-16, loss-0.8148, cindex-0.6316, test_loss-0.5234
2024-04-29 20:14:39 - INFO - model-gin, dataset-kiba, epoch-17, loss-0.8070, cindex-0.6320, test_loss-0.5034
2024-04-29 20:15:25 - INFO - model-gin, dataset-kiba, epoch-18, loss-0.8026, cindex-0.6348, test_loss-0.5538
2024-04-29 20:16:11 - INFO - model-gin, dataset-kiba, epoch-19, loss-0.7808, cindex-0.6383, test_loss-0.5062
2024-04-29 20:16:57 - INFO - model-gin, dataset-kiba, epoch-20, loss-0.7801, cindex-0.6392, test_loss-0.4970
2024-04-29 20:17:43 - INFO - model-gin, dataset-kiba, epoch-21, loss-0.7920, cindex-0.6402, test_loss-0.4973
2024-04-29 20:18:29 - INFO - model-gin, dataset-kiba, epoch-22, loss-0.7788, cindex-0.6414, test_loss-0.4636
2024-04-29 20:18:29 - INFO - Saving model...
2024-04-29 20:19:14 - INFO - model-gin, dataset-kiba, epoch-23, loss-0.7722, cindex-0.6442, test_loss-0.5049
2024-04-29 20:19:59 - INFO - model-gin, dataset-kiba, epoch-24, loss-0.7570, cindex-0.6451, test_loss-0.4322
2024-04-29 20:19:59 - INFO - Saving model...
2024-04-29 20:20:44 - INFO - model-gin, dataset-kiba, epoch-25, loss-0.7642, cindex-0.6452, test_loss-0.5237
2024-04-29 20:21:30 - INFO - model-gin, dataset-kiba, epoch-26, loss-0.7477, cindex-0.6490, test_loss-0.4315
2024-04-29 20:21:30 - INFO - Saving model...
2024-04-29 20:22:15 - INFO - model-gin, dataset-kiba, epoch-27, loss-0.7442, cindex-0.6500, test_loss-0.4529
2024-04-29 20:23:01 - INFO - model-gin, dataset-kiba, epoch-28, loss-0.7402, cindex-0.6515, test_loss-0.4058
2024-04-29 20:23:01 - INFO - Saving model...
2024-04-29 20:23:47 - INFO - model-gin, dataset-kiba, epoch-29, loss-0.7439, cindex-0.6521, test_loss-0.4234
2024-04-29 20:24:32 - INFO - model-gin, dataset-kiba, epoch-30, loss-0.7330, cindex-0.6527, test_loss-0.5587
2024-04-29 20:25:18 - INFO - model-gin, dataset-kiba, epoch-31, loss-0.7291, cindex-0.6565, test_loss-0.4283
2024-04-29 20:26:04 - INFO - model-gin, dataset-kiba, epoch-32, loss-0.7214, cindex-0.6564, test_loss-0.4279
2024-04-29 20:26:49 - INFO - model-gin, dataset-kiba, epoch-33, loss-0.7117, cindex-0.6596, test_loss-0.3922
2024-04-29 20:26:49 - INFO - Saving model...
2024-04-29 20:27:35 - INFO - model-gin, dataset-kiba, epoch-34, loss-0.7158, cindex-0.6585, test_loss-0.4385
2024-04-29 20:28:21 - INFO - model-gin, dataset-kiba, epoch-35, loss-0.7122, cindex-0.6587, test_loss-0.4175
2024-04-29 20:29:07 - INFO - model-gin, dataset-kiba, epoch-36, loss-0.7095, cindex-0.6596, test_loss-0.3948
2024-04-29 20:29:53 - INFO - model-gin, dataset-kiba, epoch-37, loss-0.7048, cindex-0.6605, test_loss-0.5367
2024-04-29 20:30:39 - INFO - model-gin, dataset-kiba, epoch-38, loss-0.7035, cindex-0.6613, test_loss-0.4200
2024-04-29 20:31:25 - INFO - model-gin, dataset-kiba, epoch-39, loss-0.7001, cindex-0.6625, test_loss-0.3981
2024-04-29 20:32:11 - INFO - model-gin, dataset-kiba, epoch-40, loss-0.6959, cindex-0.6645, test_loss-0.3914
2024-04-29 20:32:11 - INFO - Saving model...
2024-04-29 20:32:57 - INFO - model-gin, dataset-kiba, epoch-41, loss-0.6952, cindex-0.6655, test_loss-0.4979
2024-04-29 20:33:43 - INFO - model-gin, dataset-kiba, epoch-42, loss-0.6908, cindex-0.6661, test_loss-0.3792
2024-04-29 20:33:43 - INFO - Saving model...
2024-04-29 20:34:29 - INFO - model-gin, dataset-kiba, epoch-43, loss-0.6919, cindex-0.6673, test_loss-0.3889
2024-04-29 20:35:15 - INFO - model-gin, dataset-kiba, epoch-44, loss-0.6858, cindex-0.6685, test_loss-0.3968
2024-04-29 20:36:01 - INFO - model-gin, dataset-kiba, epoch-45, loss-0.6852, cindex-0.6669, test_loss-0.3858
2024-04-29 20:36:47 - INFO - model-gin, dataset-kiba, epoch-46, loss-0.6790, cindex-0.6685, test_loss-0.4019
2024-04-29 20:37:33 - INFO - model-gin, dataset-kiba, epoch-47, loss-0.6720, cindex-0.6702, test_loss-0.3876
2024-04-29 20:38:19 - INFO - model-gin, dataset-kiba, epoch-48, loss-0.6722, cindex-0.6697, test_loss-0.5009
2024-04-29 20:39:05 - INFO - model-gin, dataset-kiba, epoch-49, loss-0.6750, cindex-0.6707, test_loss-0.4069
2024-04-29 20:39:51 - INFO - model-gin, dataset-kiba, epoch-50, loss-0.6677, cindex-0.6715, test_loss-0.4220
2024-04-29 20:40:37 - INFO - model-gin, dataset-kiba, epoch-51, loss-0.6685, cindex-0.6734, test_loss-0.3588
2024-04-29 20:40:37 - INFO - Saving model...
2024-04-29 20:41:22 - INFO - model-gin, dataset-kiba, epoch-52, loss-0.6588, cindex-0.6733, test_loss-0.4171
2024-04-29 20:42:08 - INFO - model-gin, dataset-kiba, epoch-53, loss-0.6645, cindex-0.6732, test_loss-0.3594
2024-04-29 20:42:54 - INFO - model-gin, dataset-kiba, epoch-54, loss-0.6719, cindex-0.6739, test_loss-0.4281
2024-04-29 20:43:40 - INFO - model-gin, dataset-kiba, epoch-55, loss-0.6546, cindex-0.6758, test_loss-0.3602
2024-04-29 20:44:25 - INFO - model-gin, dataset-kiba, epoch-56, loss-0.6569, cindex-0.6743, test_loss-0.3440
2024-04-29 20:44:25 - INFO - Saving model...
2024-04-29 20:45:11 - INFO - model-gin, dataset-kiba, epoch-57, loss-0.6461, cindex-0.6769, test_loss-0.3783
2024-04-29 20:45:57 - INFO - model-gin, dataset-kiba, epoch-58, loss-0.6508, cindex-0.6760, test_loss-0.4850
2024-04-29 20:46:43 - INFO - model-gin, dataset-kiba, epoch-59, loss-0.6530, cindex-0.6770, test_loss-0.3813
2024-04-29 20:47:29 - INFO - model-gin, dataset-kiba, epoch-60, loss-0.6418, cindex-0.6785, test_loss-0.4748
2024-04-29 20:48:14 - INFO - model-gin, dataset-kiba, epoch-61, loss-0.6466, cindex-0.6785, test_loss-0.3585
2024-04-29 20:49:00 - INFO - model-gin, dataset-kiba, epoch-62, loss-0.6430, cindex-0.6786, test_loss-0.3956
2024-04-29 20:49:46 - INFO - model-gin, dataset-kiba, epoch-63, loss-0.6495, cindex-0.6792, test_loss-0.3392
2024-04-29 20:49:46 - INFO - Saving model...
2024-04-29 20:50:32 - INFO - model-gin, dataset-kiba, epoch-64, loss-0.6459, cindex-0.6797, test_loss-0.3344
2024-04-29 20:50:32 - INFO - Saving model...
2024-04-29 20:51:18 - INFO - model-gin, dataset-kiba, epoch-65, loss-0.6313, cindex-0.6809, test_loss-0.3522
2024-04-29 20:52:04 - INFO - model-gin, dataset-kiba, epoch-66, loss-0.6311, cindex-0.6813, test_loss-0.3288
2024-04-29 20:52:04 - INFO - Saving model...
2024-04-29 20:52:50 - INFO - model-gin, dataset-kiba, epoch-67, loss-0.6302, cindex-0.6819, test_loss-0.3458
2024-04-29 20:53:35 - INFO - model-gin, dataset-kiba, epoch-68, loss-0.6311, cindex-0.6819, test_loss-0.3544
2024-04-29 20:54:21 - INFO - model-gin, dataset-kiba, epoch-69, loss-0.6328, cindex-0.6824, test_loss-0.3432
2024-04-29 20:55:07 - INFO - model-gin, dataset-kiba, epoch-70, loss-0.6210, cindex-0.6834, test_loss-0.4009
2024-04-29 20:55:53 - INFO - model-gin, dataset-kiba, epoch-71, loss-0.6264, cindex-0.6833, test_loss-0.3559
2024-04-29 20:56:38 - INFO - model-gin, dataset-kiba, epoch-72, loss-0.6234, cindex-0.6832, test_loss-0.3693
2024-04-29 20:57:24 - INFO - model-gin, dataset-kiba, epoch-73, loss-0.6214, cindex-0.6836, test_loss-0.3246
2024-04-29 20:57:24 - INFO - Saving model...
2024-04-29 20:58:10 - INFO - model-gin, dataset-kiba, epoch-74, loss-0.6195, cindex-0.6855, test_loss-0.3534
2024-04-29 20:58:56 - INFO - model-gin, dataset-kiba, epoch-75, loss-0.6102, cindex-0.6867, test_loss-0.3295
2024-04-29 20:59:41 - INFO - model-gin, dataset-kiba, epoch-76, loss-0.6141, cindex-0.6853, test_loss-0.3025
2024-04-29 20:59:41 - INFO - Saving model...
2024-04-29 21:00:26 - INFO - model-gin, dataset-kiba, epoch-77, loss-0.6120, cindex-0.6873, test_loss-0.3246
2024-04-29 21:01:12 - INFO - model-gin, dataset-kiba, epoch-78, loss-0.6116, cindex-0.6859, test_loss-0.3463
2024-04-29 21:01:57 - INFO - model-gin, dataset-kiba, epoch-79, loss-0.6075, cindex-0.6881, test_loss-0.4137
2024-04-29 21:02:43 - INFO - model-gin, dataset-kiba, epoch-80, loss-0.6125, cindex-0.6867, test_loss-0.2965
2024-04-29 21:02:43 - INFO - Saving model...
2024-04-29 21:03:28 - INFO - model-gin, dataset-kiba, epoch-81, loss-0.6123, cindex-0.6877, test_loss-0.3581
2024-04-29 21:04:14 - INFO - model-gin, dataset-kiba, epoch-82, loss-0.6088, cindex-0.6880, test_loss-0.3142
2024-04-29 21:05:00 - INFO - model-gin, dataset-kiba, epoch-83, loss-0.6061, cindex-0.6893, test_loss-0.3302
2024-04-29 21:05:47 - INFO - model-gin, dataset-kiba, epoch-84, loss-0.6041, cindex-0.6887, test_loss-0.3381
2024-04-29 21:06:33 - INFO - model-gin, dataset-kiba, epoch-85, loss-0.5971, cindex-0.6893, test_loss-0.3612
2024-04-29 21:07:19 - INFO - model-gin, dataset-kiba, epoch-86, loss-0.5948, cindex-0.6903, test_loss-0.3456
2024-04-29 21:08:05 - INFO - model-gin, dataset-kiba, epoch-87, loss-0.5991, cindex-0.6908, test_loss-0.3741
2024-04-29 21:08:51 - INFO - model-gin, dataset-kiba, epoch-88, loss-0.5952, cindex-0.6904, test_loss-0.3033
2024-04-29 21:09:38 - INFO - model-gin, dataset-kiba, epoch-89, loss-0.5914, cindex-0.6899, test_loss-0.3113
2024-04-29 21:10:24 - INFO - model-gin, dataset-kiba, epoch-90, loss-0.5928, cindex-0.6908, test_loss-0.4096
2024-04-29 21:11:10 - INFO - model-gin, dataset-kiba, epoch-91, loss-0.5895, cindex-0.6918, test_loss-0.3683
2024-04-29 21:11:56 - INFO - model-gin, dataset-kiba, epoch-92, loss-0.5941, cindex-0.6929, test_loss-0.3189
2024-04-29 21:12:42 - INFO - model-gin, dataset-kiba, epoch-93, loss-0.5909, cindex-0.6928, test_loss-0.3504
2024-04-29 21:13:27 - INFO - model-gin, dataset-kiba, epoch-94, loss-0.5919, cindex-0.6926, test_loss-0.3166
2024-04-29 21:14:13 - INFO - model-gin, dataset-kiba, epoch-95, loss-0.5893, cindex-0.6921, test_loss-0.3715
2024-04-29 21:14:59 - INFO - model-gin, dataset-kiba, epoch-96, loss-0.5847, cindex-0.6919, test_loss-0.3433
2024-04-29 21:15:45 - INFO - model-gin, dataset-kiba, epoch-97, loss-0.5837, cindex-0.6943, test_loss-0.3061
2024-04-29 21:16:31 - INFO - model-gin, dataset-kiba, epoch-98, loss-0.5818, cindex-0.6934, test_loss-0.2853
2024-04-29 21:16:31 - INFO - Saving model...
2024-04-29 21:17:17 - INFO - model-gin, dataset-kiba, epoch-99, loss-0.5800, cindex-0.6939, test_loss-0.2896
2024-04-29 21:18:03 - INFO - model-gin, dataset-kiba, epoch-100, loss-0.5796, cindex-0.6952, test_loss-0.2827
2024-04-29 21:18:03 - INFO - Saving model...
2024-04-29 21:18:49 - INFO - model-gin, dataset-kiba, epoch-101, loss-0.5815, cindex-0.6943, test_loss-0.3078
2024-04-29 21:19:35 - INFO - model-gin, dataset-kiba, epoch-102, loss-0.5693, cindex-0.6967, test_loss-0.3110
2024-04-29 21:20:21 - INFO - model-gin, dataset-kiba, epoch-103, loss-0.5667, cindex-0.6965, test_loss-0.3060
2024-04-29 21:21:07 - INFO - model-gin, dataset-kiba, epoch-104, loss-0.5754, cindex-0.6961, test_loss-0.3590
2024-04-29 21:21:54 - INFO - model-gin, dataset-kiba, epoch-105, loss-0.5794, cindex-0.6953, test_loss-0.2957
2024-04-29 21:22:39 - INFO - model-gin, dataset-kiba, epoch-106, loss-0.5740, cindex-0.6970, test_loss-0.4130
2024-04-29 21:23:26 - INFO - model-gin, dataset-kiba, epoch-107, loss-0.5687, cindex-0.6981, test_loss-0.2926
2024-04-29 21:24:11 - INFO - model-gin, dataset-kiba, epoch-108, loss-0.5651, cindex-0.6980, test_loss-0.3330
2024-04-29 21:24:57 - INFO - model-gin, dataset-kiba, epoch-109, loss-0.5641, cindex-0.6981, test_loss-0.2858
2024-04-29 21:25:43 - INFO - model-gin, dataset-kiba, epoch-110, loss-0.5630, cindex-0.6989, test_loss-0.3169
2024-04-29 21:26:29 - INFO - model-gin, dataset-kiba, epoch-111, loss-0.5659, cindex-0.6977, test_loss-0.2874
2024-04-29 21:27:15 - INFO - model-gin, dataset-kiba, epoch-112, loss-0.5605, cindex-0.6993, test_loss-0.2851
2024-04-29 21:28:01 - INFO - model-gin, dataset-kiba, epoch-113, loss-0.5597, cindex-0.6992, test_loss-0.3217
2024-04-29 21:28:48 - INFO - model-gin, dataset-kiba, epoch-114, loss-0.5657, cindex-0.6988, test_loss-0.3477
2024-04-29 21:29:33 - INFO - model-gin, dataset-kiba, epoch-115, loss-0.5567, cindex-0.7009, test_loss-0.3074
2024-04-29 21:30:19 - INFO - model-gin, dataset-kiba, epoch-116, loss-0.5590, cindex-0.6993, test_loss-0.3142
2024-04-29 21:31:05 - INFO - model-gin, dataset-kiba, epoch-117, loss-0.5510, cindex-0.7004, test_loss-0.2909
2024-04-29 21:31:51 - INFO - model-gin, dataset-kiba, epoch-118, loss-0.5632, cindex-0.6998, test_loss-0.3020
2024-04-29 21:32:37 - INFO - model-gin, dataset-kiba, epoch-119, loss-0.5541, cindex-0.7014, test_loss-0.2751
2024-04-29 21:32:37 - INFO - Saving model...
2024-04-29 21:33:23 - INFO - model-gin, dataset-kiba, epoch-120, loss-0.5564, cindex-0.7002, test_loss-0.3294
2024-04-29 21:34:09 - INFO - model-gin, dataset-kiba, epoch-121, loss-0.5522, cindex-0.7020, test_loss-0.2720
2024-04-29 21:34:09 - INFO - Saving model...
2024-04-29 21:34:56 - INFO - model-gin, dataset-kiba, epoch-122, loss-0.5512, cindex-0.7021, test_loss-0.2820
2024-04-29 21:35:41 - INFO - model-gin, dataset-kiba, epoch-123, loss-0.5569, cindex-0.7025, test_loss-0.3247
2024-04-29 21:36:27 - INFO - model-gin, dataset-kiba, epoch-124, loss-0.5463, cindex-0.7032, test_loss-0.2811
2024-04-29 21:37:14 - INFO - model-gin, dataset-kiba, epoch-125, loss-0.5450, cindex-0.7021, test_loss-0.3097
2024-04-29 21:37:59 - INFO - model-gin, dataset-kiba, epoch-126, loss-0.5421, cindex-0.7039, test_loss-0.3449
2024-04-29 21:38:45 - INFO - model-gin, dataset-kiba, epoch-127, loss-0.5438, cindex-0.7047, test_loss-0.2748
2024-04-29 21:39:31 - INFO - model-gin, dataset-kiba, epoch-128, loss-0.5462, cindex-0.7020, test_loss-0.3029
2024-04-29 21:40:17 - INFO - model-gin, dataset-kiba, epoch-129, loss-0.5478, cindex-0.7045, test_loss-0.3064
2024-04-29 21:41:02 - INFO - model-gin, dataset-kiba, epoch-130, loss-0.5389, cindex-0.7048, test_loss-0.3572
2024-04-29 21:41:48 - INFO - model-gin, dataset-kiba, epoch-131, loss-0.5369, cindex-0.7051, test_loss-0.2881
2024-04-29 21:42:33 - INFO - model-gin, dataset-kiba, epoch-132, loss-0.5409, cindex-0.7061, test_loss-0.2899
2024-04-29 21:43:19 - INFO - model-gin, dataset-kiba, epoch-133, loss-0.5396, cindex-0.7055, test_loss-0.2798
2024-04-29 21:44:05 - INFO - model-gin, dataset-kiba, epoch-134, loss-0.5393, cindex-0.7056, test_loss-0.3084
2024-04-29 21:44:50 - INFO - model-gin, dataset-kiba, epoch-135, loss-0.5404, cindex-0.7049, test_loss-0.3563
2024-04-29 21:45:35 - INFO - model-gin, dataset-kiba, epoch-136, loss-0.5334, cindex-0.7061, test_loss-0.2718
2024-04-29 21:45:35 - INFO - Saving model...
2024-04-29 21:46:21 - INFO - model-gin, dataset-kiba, epoch-137, loss-0.5425, cindex-0.7055, test_loss-0.3260
2024-04-29 21:47:07 - INFO - model-gin, dataset-kiba, epoch-138, loss-0.5381, cindex-0.7061, test_loss-0.2670
2024-04-29 21:47:07 - INFO - Saving model...
2024-04-29 21:47:52 - INFO - model-gin, dataset-kiba, epoch-139, loss-0.5306, cindex-0.7084, test_loss-0.2689
2024-04-29 21:48:38 - INFO - model-gin, dataset-kiba, epoch-140, loss-0.5304, cindex-0.7072, test_loss-0.2742
2024-04-29 21:49:23 - INFO - model-gin, dataset-kiba, epoch-141, loss-0.5321, cindex-0.7074, test_loss-0.2749
2024-04-29 21:50:09 - INFO - model-gin, dataset-kiba, epoch-142, loss-0.5292, cindex-0.7074, test_loss-0.2701
2024-04-29 21:50:55 - INFO - model-gin, dataset-kiba, epoch-143, loss-0.5251, cindex-0.7091, test_loss-0.2650
2024-04-29 21:50:55 - INFO - Saving model...
2024-04-29 21:51:40 - INFO - model-gin, dataset-kiba, epoch-144, loss-0.5281, cindex-0.7083, test_loss-0.3151
2024-04-29 21:52:26 - INFO - model-gin, dataset-kiba, epoch-145, loss-0.5368, cindex-0.7062, test_loss-0.2504
2024-04-29 21:52:26 - INFO - Saving model...
2024-04-29 21:53:12 - INFO - model-gin, dataset-kiba, epoch-146, loss-0.5253, cindex-0.7074, test_loss-0.2580
2024-04-29 21:53:57 - INFO - model-gin, dataset-kiba, epoch-147, loss-0.5310, cindex-0.7081, test_loss-0.2620
2024-04-29 21:54:43 - INFO - model-gin, dataset-kiba, epoch-148, loss-0.5213, cindex-0.7098, test_loss-0.2580
2024-04-29 21:55:28 - INFO - model-gin, dataset-kiba, epoch-149, loss-0.5171, cindex-0.7108, test_loss-0.2692
2024-04-29 21:56:14 - INFO - model-gin, dataset-kiba, epoch-150, loss-0.5254, cindex-0.7105, test_loss-0.3342
2024-04-29 21:56:59 - INFO - model-gin, dataset-kiba, epoch-151, loss-0.5272, cindex-0.7100, test_loss-0.2640
2024-04-29 21:57:45 - INFO - model-gin, dataset-kiba, epoch-152, loss-0.5182, cindex-0.7097, test_loss-0.3290
2024-04-29 21:58:31 - INFO - model-gin, dataset-kiba, epoch-153, loss-0.5211, cindex-0.7109, test_loss-0.2728
2024-04-29 21:59:16 - INFO - model-gin, dataset-kiba, epoch-154, loss-0.5119, cindex-0.7102, test_loss-0.2676
2024-04-29 22:00:02 - INFO - model-gin, dataset-kiba, epoch-155, loss-0.5187, cindex-0.7115, test_loss-0.2742
2024-04-29 22:00:47 - INFO - model-gin, dataset-kiba, epoch-156, loss-0.5135, cindex-0.7121, test_loss-0.2495
2024-04-29 22:00:47 - INFO - Saving model...
2024-04-29 22:01:33 - INFO - model-gin, dataset-kiba, epoch-157, loss-0.5157, cindex-0.7107, test_loss-0.2591
2024-04-29 22:02:19 - INFO - model-gin, dataset-kiba, epoch-158, loss-0.5172, cindex-0.7118, test_loss-0.2599
2024-04-29 22:03:05 - INFO - model-gin, dataset-kiba, epoch-159, loss-0.5105, cindex-0.7116, test_loss-0.2660
2024-04-29 22:03:51 - INFO - model-gin, dataset-kiba, epoch-160, loss-0.5124, cindex-0.7116, test_loss-0.2778
2024-04-29 22:04:37 - INFO - model-gin, dataset-kiba, epoch-161, loss-0.5083, cindex-0.7132, test_loss-0.2461
2024-04-29 22:04:37 - INFO - Saving model...
2024-04-29 22:05:23 - INFO - model-gin, dataset-kiba, epoch-162, loss-0.5080, cindex-0.7139, test_loss-0.2796
2024-04-29 22:06:09 - INFO - model-gin, dataset-kiba, epoch-163, loss-0.5111, cindex-0.7124, test_loss-0.2674
2024-04-29 22:06:55 - INFO - model-gin, dataset-kiba, epoch-164, loss-0.5054, cindex-0.7134, test_loss-0.2676
2024-04-29 22:07:41 - INFO - model-gin, dataset-kiba, epoch-165, loss-0.5081, cindex-0.7132, test_loss-0.2523
2024-04-29 22:08:27 - INFO - model-gin, dataset-kiba, epoch-166, loss-0.5110, cindex-0.7144, test_loss-0.2987
2024-04-29 22:09:13 - INFO - model-gin, dataset-kiba, epoch-167, loss-0.5068, cindex-0.7144, test_loss-0.2589
2024-04-29 22:09:59 - INFO - model-gin, dataset-kiba, epoch-168, loss-0.5079, cindex-0.7142, test_loss-0.2932
2024-04-29 22:10:45 - INFO - model-gin, dataset-kiba, epoch-169, loss-0.5040, cindex-0.7142, test_loss-0.2528
2024-04-29 22:11:31 - INFO - model-gin, dataset-kiba, epoch-170, loss-0.5009, cindex-0.7150, test_loss-0.2547
2024-04-29 22:12:17 - INFO - model-gin, dataset-kiba, epoch-171, loss-0.5047, cindex-0.7145, test_loss-0.2722
2024-04-29 22:13:04 - INFO - model-gin, dataset-kiba, epoch-172, loss-0.5005, cindex-0.7161, test_loss-0.2601
2024-04-29 22:13:49 - INFO - model-gin, dataset-kiba, epoch-173, loss-0.5034, cindex-0.7145, test_loss-0.2698
2024-04-29 22:14:36 - INFO - model-gin, dataset-kiba, epoch-174, loss-0.5026, cindex-0.7150, test_loss-0.2569
2024-04-29 22:15:22 - INFO - model-gin, dataset-kiba, epoch-175, loss-0.4992, cindex-0.7158, test_loss-0.2747
2024-04-29 22:16:08 - INFO - model-gin, dataset-kiba, epoch-176, loss-0.5050, cindex-0.7151, test_loss-0.2507
2024-04-29 22:16:54 - INFO - model-gin, dataset-kiba, epoch-177, loss-0.4939, cindex-0.7167, test_loss-0.2505
2024-04-29 22:17:40 - INFO - model-gin, dataset-kiba, epoch-178, loss-0.4984, cindex-0.7159, test_loss-0.3104
2024-04-29 22:18:26 - INFO - model-gin, dataset-kiba, epoch-179, loss-0.4927, cindex-0.7176, test_loss-0.3041
2024-04-29 22:19:12 - INFO - model-gin, dataset-kiba, epoch-180, loss-0.4970, cindex-0.7168, test_loss-0.2430
2024-04-29 22:19:12 - INFO - Saving model...
2024-04-29 22:19:59 - INFO - model-gin, dataset-kiba, epoch-181, loss-0.4930, cindex-0.7165, test_loss-0.2695
2024-04-29 22:20:44 - INFO - model-gin, dataset-kiba, epoch-182, loss-0.4983, cindex-0.7159, test_loss-0.2782
2024-04-29 22:21:31 - INFO - model-gin, dataset-kiba, epoch-183, loss-0.4928, cindex-0.7182, test_loss-0.2468
2024-04-29 22:22:17 - INFO - model-gin, dataset-kiba, epoch-184, loss-0.4906, cindex-0.7170, test_loss-0.2988
2024-04-29 22:23:03 - INFO - model-gin, dataset-kiba, epoch-185, loss-0.4944, cindex-0.7174, test_loss-0.2482
2024-04-29 22:23:49 - INFO - model-gin, dataset-kiba, epoch-186, loss-0.4967, cindex-0.7162, test_loss-0.2591
2024-04-29 22:24:36 - INFO - model-gin, dataset-kiba, epoch-187, loss-0.4900, cindex-0.7187, test_loss-0.3216
2024-04-29 22:25:22 - INFO - model-gin, dataset-kiba, epoch-188, loss-0.4861, cindex-0.7190, test_loss-0.2704
2024-04-29 22:26:08 - INFO - model-gin, dataset-kiba, epoch-189, loss-0.4904, cindex-0.7189, test_loss-0.2617
2024-04-29 22:26:54 - INFO - model-gin, dataset-kiba, epoch-190, loss-0.4870, cindex-0.7187, test_loss-0.2502
2024-04-29 22:27:40 - INFO - model-gin, dataset-kiba, epoch-191, loss-0.4838, cindex-0.7200, test_loss-0.2399
2024-04-29 22:27:40 - INFO - Saving model...
2024-04-29 22:28:26 - INFO - model-gin, dataset-kiba, epoch-192, loss-0.4868, cindex-0.7194, test_loss-0.2359
2024-04-29 22:28:26 - INFO - Saving model...
2024-04-29 22:29:12 - INFO - model-gin, dataset-kiba, epoch-193, loss-0.4866, cindex-0.7190, test_loss-0.2730
2024-04-29 22:29:59 - INFO - model-gin, dataset-kiba, epoch-194, loss-0.4824, cindex-0.7197, test_loss-0.2530
2024-04-29 22:30:45 - INFO - model-gin, dataset-kiba, epoch-195, loss-0.4841, cindex-0.7192, test_loss-0.2458
2024-04-29 22:31:33 - INFO - model-gin, dataset-kiba, epoch-196, loss-0.4849, cindex-0.7196, test_loss-0.3142
2024-04-29 22:32:20 - INFO - model-gin, dataset-kiba, epoch-197, loss-0.4798, cindex-0.7202, test_loss-0.2669
2024-04-29 22:33:07 - INFO - model-gin, dataset-kiba, epoch-198, loss-0.4838, cindex-0.7199, test_loss-0.2524
2024-04-29 22:33:54 - INFO - model-gin, dataset-kiba, epoch-199, loss-0.4847, cindex-0.7177, test_loss-0.2890
2024-04-29 22:34:41 - INFO - model-gin, dataset-kiba, epoch-200, loss-0.4770, cindex-0.7203, test_loss-0.2876
2024-04-29 22:35:28 - INFO - model-gin, dataset-kiba, epoch-201, loss-0.4794, cindex-0.7205, test_loss-0.2743
2024-04-29 22:36:15 - INFO - model-gin, dataset-kiba, epoch-202, loss-0.4774, cindex-0.7223, test_loss-0.2816
2024-04-29 22:37:02 - INFO - model-gin, dataset-kiba, epoch-203, loss-0.4773, cindex-0.7213, test_loss-0.2437
2024-04-29 22:37:49 - INFO - model-gin, dataset-kiba, epoch-204, loss-0.4794, cindex-0.7212, test_loss-0.2503
2024-04-29 22:38:36 - INFO - model-gin, dataset-kiba, epoch-205, loss-0.4782, cindex-0.7212, test_loss-0.2596
2024-04-29 22:39:23 - INFO - model-gin, dataset-kiba, epoch-206, loss-0.4768, cindex-0.7219, test_loss-0.2555
2024-04-29 22:40:09 - INFO - model-gin, dataset-kiba, epoch-207, loss-0.4760, cindex-0.7219, test_loss-0.2492
2024-04-29 22:40:56 - INFO - model-gin, dataset-kiba, epoch-208, loss-0.4747, cindex-0.7229, test_loss-0.2443
2024-04-29 22:41:43 - INFO - model-gin, dataset-kiba, epoch-209, loss-0.4722, cindex-0.7229, test_loss-0.2455
2024-04-29 22:42:30 - INFO - model-gin, dataset-kiba, epoch-210, loss-0.4728, cindex-0.7221, test_loss-0.2530
2024-04-29 22:43:16 - INFO - model-gin, dataset-kiba, epoch-211, loss-0.4767, cindex-0.7220, test_loss-0.2415
2024-04-29 22:44:03 - INFO - model-gin, dataset-kiba, epoch-212, loss-0.4716, cindex-0.7219, test_loss-0.2550
2024-04-29 22:44:49 - INFO - model-gin, dataset-kiba, epoch-213, loss-0.4696, cindex-0.7246, test_loss-0.2359
2024-04-29 22:44:49 - INFO - Saving model...
2024-04-29 22:45:35 - INFO - model-gin, dataset-kiba, epoch-214, loss-0.4678, cindex-0.7224, test_loss-0.2495
2024-04-29 22:46:22 - INFO - model-gin, dataset-kiba, epoch-215, loss-0.4732, cindex-0.7239, test_loss-0.2442
2024-04-29 22:47:08 - INFO - model-gin, dataset-kiba, epoch-216, loss-0.4702, cindex-0.7233, test_loss-0.2426
2024-04-29 22:47:54 - INFO - model-gin, dataset-kiba, epoch-217, loss-0.4599, cindex-0.7245, test_loss-0.2540
2024-04-29 22:48:41 - INFO - model-gin, dataset-kiba, epoch-218, loss-0.4628, cindex-0.7243, test_loss-0.2897
2024-04-29 22:49:27 - INFO - model-gin, dataset-kiba, epoch-219, loss-0.4651, cindex-0.7236, test_loss-0.2411
2024-04-29 22:50:14 - INFO - model-gin, dataset-kiba, epoch-220, loss-0.4670, cindex-0.7244, test_loss-0.2405
2024-04-29 22:51:00 - INFO - model-gin, dataset-kiba, epoch-221, loss-0.4659, cindex-0.7258, test_loss-0.2426
2024-04-29 22:51:46 - INFO - model-gin, dataset-kiba, epoch-222, loss-0.4643, cindex-0.7249, test_loss-0.2394
2024-04-29 22:52:33 - INFO - model-gin, dataset-kiba, epoch-223, loss-0.4606, cindex-0.7250, test_loss-0.2379
2024-04-29 22:53:19 - INFO - model-gin, dataset-kiba, epoch-224, loss-0.4612, cindex-0.7252, test_loss-0.2402
2024-04-29 22:54:05 - INFO - model-gin, dataset-kiba, epoch-225, loss-0.4629, cindex-0.7260, test_loss-0.2681
2024-04-29 22:54:51 - INFO - model-gin, dataset-kiba, epoch-226, loss-0.4562, cindex-0.7259, test_loss-0.2314
2024-04-29 22:54:51 - INFO - Saving model...
2024-04-29 22:55:38 - INFO - model-gin, dataset-kiba, epoch-227, loss-0.4615, cindex-0.7255, test_loss-0.2390
2024-04-29 22:56:24 - INFO - model-gin, dataset-kiba, epoch-228, loss-0.4574, cindex-0.7271, test_loss-0.2313
2024-04-29 22:56:24 - INFO - Saving model...
2024-04-29 22:57:10 - INFO - model-gin, dataset-kiba, epoch-229, loss-0.4538, cindex-0.7268, test_loss-0.2676
2024-04-29 22:57:57 - INFO - model-gin, dataset-kiba, epoch-230, loss-0.4578, cindex-0.7268, test_loss-0.2468
2024-04-29 22:58:43 - INFO - model-gin, dataset-kiba, epoch-231, loss-0.4523, cindex-0.7277, test_loss-0.2314
2024-04-29 22:59:30 - INFO - model-gin, dataset-kiba, epoch-232, loss-0.4592, cindex-0.7259, test_loss-0.2494
2024-04-29 23:00:16 - INFO - model-gin, dataset-kiba, epoch-233, loss-0.4615, cindex-0.7268, test_loss-0.2334
2024-04-29 23:01:02 - INFO - model-gin, dataset-kiba, epoch-234, loss-0.4534, cindex-0.7265, test_loss-0.2288
2024-04-29 23:01:02 - INFO - Saving model...
2024-04-29 23:01:48 - INFO - model-gin, dataset-kiba, epoch-235, loss-0.4563, cindex-0.7273, test_loss-0.2741
2024-04-29 23:02:35 - INFO - model-gin, dataset-kiba, epoch-236, loss-0.4497, cindex-0.7277, test_loss-0.2477
2024-04-29 23:03:21 - INFO - model-gin, dataset-kiba, epoch-237, loss-0.4504, cindex-0.7291, test_loss-0.2942
2024-04-29 23:04:07 - INFO - model-gin, dataset-kiba, epoch-238, loss-0.4578, cindex-0.7272, test_loss-0.2341
2024-04-29 23:04:54 - INFO - model-gin, dataset-kiba, epoch-239, loss-0.4544, cindex-0.7290, test_loss-0.2588
2024-04-29 23:05:40 - INFO - model-gin, dataset-kiba, epoch-240, loss-0.4519, cindex-0.7274, test_loss-0.2797
2024-04-29 23:06:27 - INFO - model-gin, dataset-kiba, epoch-241, loss-0.4533, cindex-0.7286, test_loss-0.2326
2024-04-29 23:07:13 - INFO - model-gin, dataset-kiba, epoch-242, loss-0.4530, cindex-0.7287, test_loss-0.2318
2024-04-29 23:08:00 - INFO - model-gin, dataset-kiba, epoch-243, loss-0.4454, cindex-0.7297, test_loss-0.2377
2024-04-29 23:08:46 - INFO - model-gin, dataset-kiba, epoch-244, loss-0.4531, cindex-0.7289, test_loss-0.2270
2024-04-29 23:08:46 - INFO - Saving model...
2024-04-29 23:09:33 - INFO - model-gin, dataset-kiba, epoch-245, loss-0.4446, cindex-0.7291, test_loss-0.2356
2024-04-29 23:10:19 - INFO - model-gin, dataset-kiba, epoch-246, loss-0.4502, cindex-0.7289, test_loss-0.2313
2024-04-29 23:11:06 - INFO - model-gin, dataset-kiba, epoch-247, loss-0.4486, cindex-0.7288, test_loss-0.2733
2024-04-29 23:11:52 - INFO - model-gin, dataset-kiba, epoch-248, loss-0.4412, cindex-0.7294, test_loss-0.2389
2024-04-29 23:12:38 - INFO - model-gin, dataset-kiba, epoch-249, loss-0.4471, cindex-0.7296, test_loss-0.2620
2024-04-29 23:13:25 - INFO - model-gin, dataset-kiba, epoch-250, loss-0.4422, cindex-0.7305, test_loss-0.2562
2024-04-29 23:14:10 - INFO - model-gin, dataset-kiba, epoch-251, loss-0.4424, cindex-0.7318, test_loss-0.2395
2024-04-29 23:14:56 - INFO - model-gin, dataset-kiba, epoch-252, loss-0.4456, cindex-0.7299, test_loss-0.2361
2024-04-29 23:15:41 - INFO - model-gin, dataset-kiba, epoch-253, loss-0.4421, cindex-0.7297, test_loss-0.2583
2024-04-29 23:16:27 - INFO - model-gin, dataset-kiba, epoch-254, loss-0.4428, cindex-0.7309, test_loss-0.2285
2024-04-29 23:17:13 - INFO - model-gin, dataset-kiba, epoch-255, loss-0.4445, cindex-0.7305, test_loss-0.2339
2024-04-29 23:17:58 - INFO - model-gin, dataset-kiba, epoch-256, loss-0.4421, cindex-0.7311, test_loss-0.2265
2024-04-29 23:17:58 - INFO - Saving model...
2024-04-29 23:18:43 - INFO - model-gin, dataset-kiba, epoch-257, loss-0.4388, cindex-0.7305, test_loss-0.2336
2024-04-29 23:19:29 - INFO - model-gin, dataset-kiba, epoch-258, loss-0.4413, cindex-0.7316, test_loss-0.2357
2024-04-29 23:20:14 - INFO - model-gin, dataset-kiba, epoch-259, loss-0.4415, cindex-0.7304, test_loss-0.2332
2024-04-29 23:20:59 - INFO - model-gin, dataset-kiba, epoch-260, loss-0.4442, cindex-0.7314, test_loss-0.2280
2024-04-29 23:21:45 - INFO - model-gin, dataset-kiba, epoch-261, loss-0.4375, cindex-0.7329, test_loss-0.2449
2024-04-29 23:22:30 - INFO - model-gin, dataset-kiba, epoch-262, loss-0.4347, cindex-0.7325, test_loss-0.2431
2024-04-29 23:23:16 - INFO - model-gin, dataset-kiba, epoch-263, loss-0.4361, cindex-0.7334, test_loss-0.2295
2024-04-29 23:24:01 - INFO - model-gin, dataset-kiba, epoch-264, loss-0.4346, cindex-0.7320, test_loss-0.2339
2024-04-29 23:24:47 - INFO - model-gin, dataset-kiba, epoch-265, loss-0.4321, cindex-0.7335, test_loss-0.2410
2024-04-29 23:25:33 - INFO - model-gin, dataset-kiba, epoch-266, loss-0.4375, cindex-0.7317, test_loss-0.2675
2024-04-29 23:26:18 - INFO - model-gin, dataset-kiba, epoch-267, loss-0.4330, cindex-0.7330, test_loss-0.2343
2024-04-29 23:27:04 - INFO - model-gin, dataset-kiba, epoch-268, loss-0.4394, cindex-0.7320, test_loss-0.2501
2024-04-29 23:27:50 - INFO - model-gin, dataset-kiba, epoch-269, loss-0.4347, cindex-0.7341, test_loss-0.2220
2024-04-29 23:27:50 - INFO - Saving model...
2024-04-29 23:28:36 - INFO - model-gin, dataset-kiba, epoch-270, loss-0.4296, cindex-0.7340, test_loss-0.2328
2024-04-29 23:29:21 - INFO - model-gin, dataset-kiba, epoch-271, loss-0.4309, cindex-0.7335, test_loss-0.2404
2024-04-29 23:30:07 - INFO - model-gin, dataset-kiba, epoch-272, loss-0.4257, cindex-0.7345, test_loss-0.2279
2024-04-29 23:30:53 - INFO - model-gin, dataset-kiba, epoch-273, loss-0.4267, cindex-0.7341, test_loss-0.2351
2024-04-29 23:31:39 - INFO - model-gin, dataset-kiba, epoch-274, loss-0.4356, cindex-0.7326, test_loss-0.2480
2024-04-29 23:32:25 - INFO - model-gin, dataset-kiba, epoch-275, loss-0.4294, cindex-0.7347, test_loss-0.2798
2024-04-29 23:33:10 - INFO - model-gin, dataset-kiba, epoch-276, loss-0.4284, cindex-0.7336, test_loss-0.2261
2024-04-29 23:33:56 - INFO - model-gin, dataset-kiba, epoch-277, loss-0.4234, cindex-0.7362, test_loss-0.2465
2024-04-29 23:34:42 - INFO - model-gin, dataset-kiba, epoch-278, loss-0.4291, cindex-0.7351, test_loss-0.2202
2024-04-29 23:34:42 - INFO - Saving model...
2024-04-29 23:35:28 - INFO - model-gin, dataset-kiba, epoch-279, loss-0.4328, cindex-0.7347, test_loss-0.2236
2024-04-29 23:36:14 - INFO - model-gin, dataset-kiba, epoch-280, loss-0.4231, cindex-0.7353, test_loss-0.2315
2024-04-29 23:36:59 - INFO - model-gin, dataset-kiba, epoch-281, loss-0.4317, cindex-0.7354, test_loss-0.2329
2024-04-29 23:37:45 - INFO - model-gin, dataset-kiba, epoch-282, loss-0.4243, cindex-0.7359, test_loss-0.2337
2024-04-29 23:38:31 - INFO - model-gin, dataset-kiba, epoch-283, loss-0.4204, cindex-0.7367, test_loss-0.2444
2024-04-29 23:39:17 - INFO - model-gin, dataset-kiba, epoch-284, loss-0.4275, cindex-0.7349, test_loss-0.2325
2024-04-29 23:40:03 - INFO - model-gin, dataset-kiba, epoch-285, loss-0.4214, cindex-0.7366, test_loss-0.2264
2024-04-29 23:40:48 - INFO - model-gin, dataset-kiba, epoch-286, loss-0.4248, cindex-0.7348, test_loss-0.2238
2024-04-29 23:41:34 - INFO - model-gin, dataset-kiba, epoch-287, loss-0.4234, cindex-0.7362, test_loss-0.2543
2024-04-29 23:42:20 - INFO - model-gin, dataset-kiba, epoch-288, loss-0.4239, cindex-0.7365, test_loss-0.2374
2024-04-29 23:43:06 - INFO - model-gin, dataset-kiba, epoch-289, loss-0.4213, cindex-0.7374, test_loss-0.2397
2024-04-29 23:43:52 - INFO - model-gin, dataset-kiba, epoch-290, loss-0.4185, cindex-0.7365, test_loss-0.2218
2024-04-29 23:44:37 - INFO - model-gin, dataset-kiba, epoch-291, loss-0.4228, cindex-0.7369, test_loss-0.2341
2024-04-29 23:45:23 - INFO - model-gin, dataset-kiba, epoch-292, loss-0.4179, cindex-0.7368, test_loss-0.2451
2024-04-29 23:46:09 - INFO - model-gin, dataset-kiba, epoch-293, loss-0.4178, cindex-0.7381, test_loss-0.2399
2024-04-29 23:46:55 - INFO - model-gin, dataset-kiba, epoch-294, loss-0.4196, cindex-0.7370, test_loss-0.2228
2024-04-29 23:47:40 - INFO - model-gin, dataset-kiba, epoch-295, loss-0.4179, cindex-0.7367, test_loss-0.2316
2024-04-29 23:48:26 - INFO - model-gin, dataset-kiba, epoch-296, loss-0.4150, cindex-0.7378, test_loss-0.2687
2024-04-29 23:49:12 - INFO - model-gin, dataset-kiba, epoch-297, loss-0.4185, cindex-0.7378, test_loss-0.2523
2024-04-29 23:49:58 - INFO - model-gin, dataset-kiba, epoch-298, loss-0.4151, cindex-0.7390, test_loss-0.2206
2024-04-29 23:50:44 - INFO - model-gin, dataset-kiba, epoch-299, loss-0.4169, cindex-0.7374, test_loss-0.2352
2024-04-29 23:51:29 - INFO - model-gin, dataset-kiba, epoch-300, loss-0.4147, cindex-0.7383, test_loss-0.2349
2024-04-29 23:52:15 - INFO - model-gin, dataset-kiba, epoch-301, loss-0.4159, cindex-0.7371, test_loss-0.2428
2024-04-29 23:53:01 - INFO - model-gin, dataset-kiba, epoch-302, loss-0.4134, cindex-0.7393, test_loss-0.2260
2024-04-29 23:53:47 - INFO - model-gin, dataset-kiba, epoch-303, loss-0.4129, cindex-0.7384, test_loss-0.2316
2024-04-29 23:54:33 - INFO - model-gin, dataset-kiba, epoch-304, loss-0.4191, cindex-0.7380, test_loss-0.2412
2024-04-29 23:55:18 - INFO - model-gin, dataset-kiba, epoch-305, loss-0.4118, cindex-0.7388, test_loss-0.2188
2024-04-29 23:55:18 - INFO - Saving model...
2024-04-29 23:56:04 - INFO - model-gin, dataset-kiba, epoch-306, loss-0.4111, cindex-0.7388, test_loss-0.2284
2024-04-29 23:56:50 - INFO - model-gin, dataset-kiba, epoch-307, loss-0.4133, cindex-0.7388, test_loss-0.2269
2024-04-29 23:57:36 - INFO - model-gin, dataset-kiba, epoch-308, loss-0.4104, cindex-0.7399, test_loss-0.2216
2024-04-29 23:58:22 - INFO - model-gin, dataset-kiba, epoch-309, loss-0.4110, cindex-0.7392, test_loss-0.2197
2024-04-29 23:59:08 - INFO - model-gin, dataset-kiba, epoch-310, loss-0.4078, cindex-0.7403, test_loss-0.2203
2024-04-29 23:59:53 - INFO - model-gin, dataset-kiba, epoch-311, loss-0.4054, cindex-0.7404, test_loss-0.2337
2024-04-30 00:00:39 - INFO - model-gin, dataset-kiba, epoch-312, loss-0.4113, cindex-0.7395, test_loss-0.2205
2024-04-30 00:01:25 - INFO - model-gin, dataset-kiba, epoch-313, loss-0.4068, cindex-0.7396, test_loss-0.2232
2024-04-30 00:02:11 - INFO - model-gin, dataset-kiba, epoch-314, loss-0.4055, cindex-0.7409, test_loss-0.2491
2024-04-30 00:02:57 - INFO - model-gin, dataset-kiba, epoch-315, loss-0.4082, cindex-0.7405, test_loss-0.2265
2024-04-30 00:03:42 - INFO - model-gin, dataset-kiba, epoch-316, loss-0.4068, cindex-0.7410, test_loss-0.2520
2024-04-30 00:04:28 - INFO - model-gin, dataset-kiba, epoch-317, loss-0.4079, cindex-0.7404, test_loss-0.2292
2024-04-30 00:05:14 - INFO - model-gin, dataset-kiba, epoch-318, loss-0.4064, cindex-0.7417, test_loss-0.2660
2024-04-30 00:06:00 - INFO - model-gin, dataset-kiba, epoch-319, loss-0.4045, cindex-0.7415, test_loss-0.2156
2024-04-30 00:06:00 - INFO - Saving model...
2024-04-30 00:06:45 - INFO - model-gin, dataset-kiba, epoch-320, loss-0.4049, cindex-0.7407, test_loss-0.2495
2024-04-30 00:07:31 - INFO - model-gin, dataset-kiba, epoch-321, loss-0.4017, cindex-0.7416, test_loss-0.2504
2024-04-30 00:08:17 - INFO - model-gin, dataset-kiba, epoch-322, loss-0.4027, cindex-0.7416, test_loss-0.2273
2024-04-30 00:09:02 - INFO - model-gin, dataset-kiba, epoch-323, loss-0.3970, cindex-0.7435, test_loss-0.2404
2024-04-30 00:09:48 - INFO - model-gin, dataset-kiba, epoch-324, loss-0.4010, cindex-0.7429, test_loss-0.2240
2024-04-30 00:10:34 - INFO - model-gin, dataset-kiba, epoch-325, loss-0.4033, cindex-0.7425, test_loss-0.2277
2024-04-30 00:11:20 - INFO - model-gin, dataset-kiba, epoch-326, loss-0.3998, cindex-0.7420, test_loss-0.2344
2024-04-30 00:12:05 - INFO - model-gin, dataset-kiba, epoch-327, loss-0.3980, cindex-0.7425, test_loss-0.2159
2024-04-30 00:12:51 - INFO - model-gin, dataset-kiba, epoch-328, loss-0.3979, cindex-0.7428, test_loss-0.2190
2024-04-30 00:13:37 - INFO - model-gin, dataset-kiba, epoch-329, loss-0.3967, cindex-0.7436, test_loss-0.2160
2024-04-30 00:14:23 - INFO - model-gin, dataset-kiba, epoch-330, loss-0.3984, cindex-0.7423, test_loss-0.2646
2024-04-30 00:15:08 - INFO - model-gin, dataset-kiba, epoch-331, loss-0.3950, cindex-0.7429, test_loss-0.2221
2024-04-30 00:15:54 - INFO - model-gin, dataset-kiba, epoch-332, loss-0.3960, cindex-0.7433, test_loss-0.2232
2024-04-30 00:16:40 - INFO - model-gin, dataset-kiba, epoch-333, loss-0.3995, cindex-0.7432, test_loss-0.2371
2024-04-30 00:17:25 - INFO - model-gin, dataset-kiba, epoch-334, loss-0.3945, cindex-0.7447, test_loss-0.2184
2024-04-30 00:18:11 - INFO - model-gin, dataset-kiba, epoch-335, loss-0.3948, cindex-0.7443, test_loss-0.2450
2024-04-30 00:18:57 - INFO - model-gin, dataset-kiba, epoch-336, loss-0.3942, cindex-0.7442, test_loss-0.2419
2024-04-30 00:19:43 - INFO - model-gin, dataset-kiba, epoch-337, loss-0.3983, cindex-0.7438, test_loss-0.2496
2024-04-30 00:20:28 - INFO - model-gin, dataset-kiba, epoch-338, loss-0.3905, cindex-0.7451, test_loss-0.2168
2024-04-30 00:21:14 - INFO - model-gin, dataset-kiba, epoch-339, loss-0.3934, cindex-0.7443, test_loss-0.2258
2024-04-30 00:22:00 - INFO - model-gin, dataset-kiba, epoch-340, loss-0.3897, cindex-0.7455, test_loss-0.2265
2024-04-30 00:22:46 - INFO - model-gin, dataset-kiba, epoch-341, loss-0.3894, cindex-0.7460, test_loss-0.2152
2024-04-30 00:22:46 - INFO - Saving model...
2024-04-30 00:23:32 - INFO - model-gin, dataset-kiba, epoch-342, loss-0.3884, cindex-0.7450, test_loss-0.2317
2024-04-30 00:24:17 - INFO - model-gin, dataset-kiba, epoch-343, loss-0.3898, cindex-0.7464, test_loss-0.2124
2024-04-30 00:24:17 - INFO - Saving model...
2024-04-30 00:25:03 - INFO - model-gin, dataset-kiba, epoch-344, loss-0.3868, cindex-0.7460, test_loss-0.2266
2024-04-30 00:25:49 - INFO - model-gin, dataset-kiba, epoch-345, loss-0.3901, cindex-0.7453, test_loss-0.2360
2024-04-30 00:26:35 - INFO - model-gin, dataset-kiba, epoch-346, loss-0.3929, cindex-0.7433, test_loss-0.2195
2024-04-30 00:27:20 - INFO - model-gin, dataset-kiba, epoch-347, loss-0.3888, cindex-0.7457, test_loss-0.2122
2024-04-30 00:27:20 - INFO - Saving model...
2024-04-30 00:28:06 - INFO - model-gin, dataset-kiba, epoch-348, loss-0.3907, cindex-0.7454, test_loss-0.2183
2024-04-30 00:28:52 - INFO - model-gin, dataset-kiba, epoch-349, loss-0.3847, cindex-0.7464, test_loss-0.2168
2024-04-30 00:29:38 - INFO - model-gin, dataset-kiba, epoch-350, loss-0.3887, cindex-0.7457, test_loss-0.2254
2024-04-30 00:30:23 - INFO - model-gin, dataset-kiba, epoch-351, loss-0.3914, cindex-0.7452, test_loss-0.2153
2024-04-30 00:31:09 - INFO - model-gin, dataset-kiba, epoch-352, loss-0.3845, cindex-0.7466, test_loss-0.2291
2024-04-30 00:31:55 - INFO - model-gin, dataset-kiba, epoch-353, loss-0.3862, cindex-0.7469, test_loss-0.2069
2024-04-30 00:31:55 - INFO - Saving model...
2024-04-30 00:32:41 - INFO - model-gin, dataset-kiba, epoch-354, loss-0.3850, cindex-0.7462, test_loss-0.2131
2024-04-30 00:33:27 - INFO - model-gin, dataset-kiba, epoch-355, loss-0.3841, cindex-0.7458, test_loss-0.2267
2024-04-30 00:34:13 - INFO - model-gin, dataset-kiba, epoch-356, loss-0.3840, cindex-0.7471, test_loss-0.2294
2024-04-30 00:34:59 - INFO - model-gin, dataset-kiba, epoch-357, loss-0.3804, cindex-0.7483, test_loss-0.2193
2024-04-30 00:35:44 - INFO - model-gin, dataset-kiba, epoch-358, loss-0.3835, cindex-0.7469, test_loss-0.2586
2024-04-30 00:36:30 - INFO - model-gin, dataset-kiba, epoch-359, loss-0.3756, cindex-0.7487, test_loss-0.2483
2024-04-30 00:37:17 - INFO - model-gin, dataset-kiba, epoch-360, loss-0.3835, cindex-0.7472, test_loss-0.2162
2024-04-30 00:38:03 - INFO - model-gin, dataset-kiba, epoch-361, loss-0.3802, cindex-0.7470, test_loss-0.2139
2024-04-30 00:38:49 - INFO - model-gin, dataset-kiba, epoch-362, loss-0.3802, cindex-0.7486, test_loss-0.2226
2024-04-30 00:39:34 - INFO - model-gin, dataset-kiba, epoch-363, loss-0.3815, cindex-0.7480, test_loss-0.2321
2024-04-30 00:40:21 - INFO - model-gin, dataset-kiba, epoch-364, loss-0.3792, cindex-0.7485, test_loss-0.2189
2024-04-30 00:41:06 - INFO - model-gin, dataset-kiba, epoch-365, loss-0.3787, cindex-0.7488, test_loss-0.2202
2024-04-30 00:41:53 - INFO - model-gin, dataset-kiba, epoch-366, loss-0.3786, cindex-0.7479, test_loss-0.2089
2024-04-30 00:42:38 - INFO - model-gin, dataset-kiba, epoch-367, loss-0.3798, cindex-0.7480, test_loss-0.2614
2024-04-30 00:43:24 - INFO - model-gin, dataset-kiba, epoch-368, loss-0.3773, cindex-0.7488, test_loss-0.2142
2024-04-30 00:44:10 - INFO - model-gin, dataset-kiba, epoch-369, loss-0.3766, cindex-0.7496, test_loss-0.2156
2024-04-30 00:44:56 - INFO - model-gin, dataset-kiba, epoch-370, loss-0.3769, cindex-0.7484, test_loss-0.2436
2024-04-30 00:45:43 - INFO - model-gin, dataset-kiba, epoch-371, loss-0.3750, cindex-0.7497, test_loss-0.2101
2024-04-30 00:46:29 - INFO - model-gin, dataset-kiba, epoch-372, loss-0.3749, cindex-0.7500, test_loss-0.2247
2024-04-30 00:47:15 - INFO - model-gin, dataset-kiba, epoch-373, loss-0.3724, cindex-0.7494, test_loss-0.2152
2024-04-30 00:48:01 - INFO - model-gin, dataset-kiba, epoch-374, loss-0.3747, cindex-0.7502, test_loss-0.2135
2024-04-30 00:48:47 - INFO - model-gin, dataset-kiba, epoch-375, loss-0.3732, cindex-0.7500, test_loss-0.2217
2024-04-30 00:49:33 - INFO - model-gin, dataset-kiba, epoch-376, loss-0.3731, cindex-0.7493, test_loss-0.2089
2024-04-30 00:50:19 - INFO - model-gin, dataset-kiba, epoch-377, loss-0.3732, cindex-0.7503, test_loss-0.2225
2024-04-30 00:51:05 - INFO - model-gin, dataset-kiba, epoch-378, loss-0.3765, cindex-0.7499, test_loss-0.2519
2024-04-30 00:51:52 - INFO - model-gin, dataset-kiba, epoch-379, loss-0.3723, cindex-0.7508, test_loss-0.2069
2024-04-30 00:51:52 - INFO - Saving model...
2024-04-30 00:52:38 - INFO - model-gin, dataset-kiba, epoch-380, loss-0.3730, cindex-0.7495, test_loss-0.2072
2024-04-30 00:53:24 - INFO - model-gin, dataset-kiba, epoch-381, loss-0.3700, cindex-0.7510, test_loss-0.2238
2024-04-30 00:54:10 - INFO - model-gin, dataset-kiba, epoch-382, loss-0.3647, cindex-0.7513, test_loss-0.2140
2024-04-30 00:54:56 - INFO - model-gin, dataset-kiba, epoch-383, loss-0.3713, cindex-0.7517, test_loss-0.2159
2024-04-30 00:55:42 - INFO - model-gin, dataset-kiba, epoch-384, loss-0.3676, cindex-0.7518, test_loss-0.2112
2024-04-30 00:56:28 - INFO - model-gin, dataset-kiba, epoch-385, loss-0.3656, cindex-0.7516, test_loss-0.2145
2024-04-30 00:57:15 - INFO - model-gin, dataset-kiba, epoch-386, loss-0.3668, cindex-0.7520, test_loss-0.2096
2024-04-30 00:58:01 - INFO - model-gin, dataset-kiba, epoch-387, loss-0.3677, cindex-0.7518, test_loss-0.2126
2024-04-30 00:58:47 - INFO - model-gin, dataset-kiba, epoch-388, loss-0.3662, cindex-0.7526, test_loss-0.2105
2024-04-30 00:59:33 - INFO - model-gin, dataset-kiba, epoch-389, loss-0.3667, cindex-0.7519, test_loss-0.2095
2024-04-30 01:00:19 - INFO - model-gin, dataset-kiba, epoch-390, loss-0.3640, cindex-0.7519, test_loss-0.2127
2024-04-30 01:01:06 - INFO - model-gin, dataset-kiba, epoch-391, loss-0.3686, cindex-0.7531, test_loss-0.2075
2024-04-30 01:01:51 - INFO - model-gin, dataset-kiba, epoch-392, loss-0.3617, cindex-0.7538, test_loss-0.2271
2024-04-30 01:02:38 - INFO - model-gin, dataset-kiba, epoch-393, loss-0.3608, cindex-0.7527, test_loss-0.2206
2024-04-30 01:03:24 - INFO - model-gin, dataset-kiba, epoch-394, loss-0.3648, cindex-0.7530, test_loss-0.2101
2024-04-30 01:04:10 - INFO - model-gin, dataset-kiba, epoch-395, loss-0.3638, cindex-0.7528, test_loss-0.2123
2024-04-30 01:04:56 - INFO - model-gin, dataset-kiba, epoch-396, loss-0.3598, cindex-0.7540, test_loss-0.2364
2024-04-30 01:05:42 - INFO - model-gin, dataset-kiba, epoch-397, loss-0.3631, cindex-0.7542, test_loss-0.2123
2024-04-30 01:06:28 - INFO - model-gin, dataset-kiba, epoch-398, loss-0.3625, cindex-0.7529, test_loss-0.2113
2024-04-30 01:07:13 - INFO - model-gin, dataset-kiba, epoch-399, loss-0.3621, cindex-0.7538, test_loss-0.2152
2024-04-30 01:07:59 - INFO - model-gin, dataset-kiba, epoch-400, loss-0.3602, cindex-0.7547, test_loss-0.2154
2024-04-30 01:08:45 - INFO - model-gin, dataset-kiba, epoch-401, loss-0.3569, cindex-0.7546, test_loss-0.2167
2024-04-30 01:09:30 - INFO - model-gin, dataset-kiba, epoch-402, loss-0.3574, cindex-0.7541, test_loss-0.2049
2024-04-30 01:09:30 - INFO - Saving model...
2024-04-30 01:10:16 - INFO - model-gin, dataset-kiba, epoch-403, loss-0.3545, cindex-0.7551, test_loss-0.2141
2024-04-30 01:11:02 - INFO - model-gin, dataset-kiba, epoch-404, loss-0.3614, cindex-0.7542, test_loss-0.2048
2024-04-30 01:11:02 - INFO - Saving model...
2024-04-30 01:11:47 - INFO - model-gin, dataset-kiba, epoch-405, loss-0.3528, cindex-0.7559, test_loss-0.2011
2024-04-30 01:11:47 - INFO - Saving model...
2024-04-30 01:12:33 - INFO - model-gin, dataset-kiba, epoch-406, loss-0.3554, cindex-0.7554, test_loss-0.2238
2024-04-30 01:13:19 - INFO - model-gin, dataset-kiba, epoch-407, loss-0.3549, cindex-0.7557, test_loss-0.2090
2024-04-30 01:14:05 - INFO - model-gin, dataset-kiba, epoch-408, loss-0.3506, cindex-0.7565, test_loss-0.2090
2024-04-30 01:14:50 - INFO - model-gin, dataset-kiba, epoch-409, loss-0.3530, cindex-0.7561, test_loss-0.2102
2024-04-30 01:15:36 - INFO - model-gin, dataset-kiba, epoch-410, loss-0.3529, cindex-0.7562, test_loss-0.2263
2024-04-30 01:16:22 - INFO - model-gin, dataset-kiba, epoch-411, loss-0.3565, cindex-0.7554, test_loss-0.2043
2024-04-30 01:17:08 - INFO - model-gin, dataset-kiba, epoch-412, loss-0.3508, cindex-0.7560, test_loss-0.2077
2024-04-30 01:17:53 - INFO - model-gin, dataset-kiba, epoch-413, loss-0.3579, cindex-0.7547, test_loss-0.2105
2024-04-30 01:18:39 - INFO - model-gin, dataset-kiba, epoch-414, loss-0.3532, cindex-0.7563, test_loss-0.2171
2024-04-30 01:19:25 - INFO - model-gin, dataset-kiba, epoch-415, loss-0.3516, cindex-0.7563, test_loss-0.2112
2024-04-30 01:20:10 - INFO - model-gin, dataset-kiba, epoch-416, loss-0.3543, cindex-0.7564, test_loss-0.2061
2024-04-30 01:20:56 - INFO - model-gin, dataset-kiba, epoch-417, loss-0.3492, cindex-0.7571, test_loss-0.2240
2024-04-30 01:21:42 - INFO - model-gin, dataset-kiba, epoch-418, loss-0.3507, cindex-0.7555, test_loss-0.2164
2024-04-30 01:22:28 - INFO - model-gin, dataset-kiba, epoch-419, loss-0.3499, cindex-0.7570, test_loss-0.2240
2024-04-30 01:23:14 - INFO - model-gin, dataset-kiba, epoch-420, loss-0.3500, cindex-0.7576, test_loss-0.2292
2024-04-30 01:23:59 - INFO - model-gin, dataset-kiba, epoch-421, loss-0.3493, cindex-0.7574, test_loss-0.2207
2024-04-30 01:24:45 - INFO - model-gin, dataset-kiba, epoch-422, loss-0.3462, cindex-0.7586, test_loss-0.2189
2024-04-30 01:25:31 - INFO - model-gin, dataset-kiba, epoch-423, loss-0.3459, cindex-0.7577, test_loss-0.2120
2024-04-30 01:26:16 - INFO - model-gin, dataset-kiba, epoch-424, loss-0.3437, cindex-0.7594, test_loss-0.2072
2024-04-30 01:27:02 - INFO - model-gin, dataset-kiba, epoch-425, loss-0.3468, cindex-0.7577, test_loss-0.2067
2024-04-30 01:27:48 - INFO - model-gin, dataset-kiba, epoch-426, loss-0.3475, cindex-0.7577, test_loss-0.2243
2024-04-30 01:28:34 - INFO - model-gin, dataset-kiba, epoch-427, loss-0.3464, cindex-0.7576, test_loss-0.2062
2024-04-30 01:29:19 - INFO - model-gin, dataset-kiba, epoch-428, loss-0.3454, cindex-0.7586, test_loss-0.2288
2024-04-30 01:30:05 - INFO - model-gin, dataset-kiba, epoch-429, loss-0.3454, cindex-0.7588, test_loss-0.2103
2024-04-30 01:30:51 - INFO - model-gin, dataset-kiba, epoch-430, loss-0.3450, cindex-0.7579, test_loss-0.2077
2024-04-30 01:31:37 - INFO - model-gin, dataset-kiba, epoch-431, loss-0.3441, cindex-0.7595, test_loss-0.2074
2024-04-30 01:32:22 - INFO - model-gin, dataset-kiba, epoch-432, loss-0.3416, cindex-0.7594, test_loss-0.2234
2024-04-30 01:33:08 - INFO - model-gin, dataset-kiba, epoch-433, loss-0.3412, cindex-0.7592, test_loss-0.2225
2024-04-30 01:33:54 - INFO - model-gin, dataset-kiba, epoch-434, loss-0.3433, cindex-0.7590, test_loss-0.2184
2024-04-30 01:34:40 - INFO - model-gin, dataset-kiba, epoch-435, loss-0.3407, cindex-0.7590, test_loss-0.2406
2024-04-30 01:35:25 - INFO - model-gin, dataset-kiba, epoch-436, loss-0.3428, cindex-0.7588, test_loss-0.2013
2024-04-30 01:36:11 - INFO - model-gin, dataset-kiba, epoch-437, loss-0.3392, cindex-0.7602, test_loss-0.2079
2024-04-30 01:36:57 - INFO - model-gin, dataset-kiba, epoch-438, loss-0.3411, cindex-0.7595, test_loss-0.2017
2024-04-30 01:37:42 - INFO - model-gin, dataset-kiba, epoch-439, loss-0.3411, cindex-0.7594, test_loss-0.2101
2024-04-30 01:38:28 - INFO - model-gin, dataset-kiba, epoch-440, loss-0.3406, cindex-0.7591, test_loss-0.2350
2024-04-30 01:39:14 - INFO - model-gin, dataset-kiba, epoch-441, loss-0.3377, cindex-0.7607, test_loss-0.2113
2024-04-30 01:40:00 - INFO - model-gin, dataset-kiba, epoch-442, loss-0.3366, cindex-0.7610, test_loss-0.2170
2024-04-30 01:40:45 - INFO - model-gin, dataset-kiba, epoch-443, loss-0.3369, cindex-0.7602, test_loss-0.2028
2024-04-30 01:41:31 - INFO - model-gin, dataset-kiba, epoch-444, loss-0.3331, cindex-0.7612, test_loss-0.2044
2024-04-30 01:42:17 - INFO - model-gin, dataset-kiba, epoch-445, loss-0.3385, cindex-0.7616, test_loss-0.2156
2024-04-30 01:43:03 - INFO - model-gin, dataset-kiba, epoch-446, loss-0.3361, cindex-0.7613, test_loss-0.2314
2024-04-30 01:43:48 - INFO - model-gin, dataset-kiba, epoch-447, loss-0.3330, cindex-0.7625, test_loss-0.2070
2024-04-30 01:44:34 - INFO - model-gin, dataset-kiba, epoch-448, loss-0.3339, cindex-0.7617, test_loss-0.2055
2024-04-30 01:45:20 - INFO - model-gin, dataset-kiba, epoch-449, loss-0.3341, cindex-0.7614, test_loss-0.2000
2024-04-30 01:45:20 - INFO - Saving model...
2024-04-30 01:46:05 - INFO - model-gin, dataset-kiba, epoch-450, loss-0.3338, cindex-0.7627, test_loss-0.2146
2024-04-30 01:46:51 - INFO - model-gin, dataset-kiba, epoch-451, loss-0.3314, cindex-0.7637, test_loss-0.2093
2024-04-30 01:47:37 - INFO - model-gin, dataset-kiba, epoch-452, loss-0.3356, cindex-0.7625, test_loss-0.2062
2024-04-30 01:48:23 - INFO - model-gin, dataset-kiba, epoch-453, loss-0.3313, cindex-0.7614, test_loss-0.2020
2024-04-30 01:49:08 - INFO - model-gin, dataset-kiba, epoch-454, loss-0.3327, cindex-0.7626, test_loss-0.2051
2024-04-30 01:49:54 - INFO - model-gin, dataset-kiba, epoch-455, loss-0.3331, cindex-0.7621, test_loss-0.2076
2024-04-30 01:50:40 - INFO - model-gin, dataset-kiba, epoch-456, loss-0.3314, cindex-0.7627, test_loss-0.1997
2024-04-30 01:50:40 - INFO - Saving model...
2024-04-30 01:51:25 - INFO - model-gin, dataset-kiba, epoch-457, loss-0.3286, cindex-0.7640, test_loss-0.2069
2024-04-30 01:52:11 - INFO - model-gin, dataset-kiba, epoch-458, loss-0.3278, cindex-0.7633, test_loss-0.2425
2024-04-30 01:52:57 - INFO - model-gin, dataset-kiba, epoch-459, loss-0.3312, cindex-0.7635, test_loss-0.2082
2024-04-30 01:53:43 - INFO - model-gin, dataset-kiba, epoch-460, loss-0.3273, cindex-0.7637, test_loss-0.2050
2024-04-30 01:54:28 - INFO - model-gin, dataset-kiba, epoch-461, loss-0.3294, cindex-0.7637, test_loss-0.2104
2024-04-30 01:55:14 - INFO - model-gin, dataset-kiba, epoch-462, loss-0.3275, cindex-0.7641, test_loss-0.2101
2024-04-30 01:56:00 - INFO - model-gin, dataset-kiba, epoch-463, loss-0.3276, cindex-0.7641, test_loss-0.2053
2024-04-30 01:56:46 - INFO - model-gin, dataset-kiba, epoch-464, loss-0.3297, cindex-0.7631, test_loss-0.2039
2024-04-30 01:57:31 - INFO - model-gin, dataset-kiba, epoch-465, loss-0.3303, cindex-0.7637, test_loss-0.2064
2024-04-30 01:58:17 - INFO - model-gin, dataset-kiba, epoch-466, loss-0.3250, cindex-0.7651, test_loss-0.2022
2024-04-30 01:59:03 - INFO - model-gin, dataset-kiba, epoch-467, loss-0.3242, cindex-0.7655, test_loss-0.2321
2024-04-30 01:59:49 - INFO - model-gin, dataset-kiba, epoch-468, loss-0.3214, cindex-0.7659, test_loss-0.2036
2024-04-30 02:00:35 - INFO - model-gin, dataset-kiba, epoch-469, loss-0.3230, cindex-0.7655, test_loss-0.2096
2024-04-30 02:01:20 - INFO - model-gin, dataset-kiba, epoch-470, loss-0.3221, cindex-0.7655, test_loss-0.2171
2024-04-30 02:02:06 - INFO - model-gin, dataset-kiba, epoch-471, loss-0.3266, cindex-0.7647, test_loss-0.2025
2024-04-30 02:02:51 - INFO - model-gin, dataset-kiba, epoch-472, loss-0.3236, cindex-0.7651, test_loss-0.2108
2024-04-30 02:03:37 - INFO - model-gin, dataset-kiba, epoch-473, loss-0.3206, cindex-0.7655, test_loss-0.2083
2024-04-30 02:04:23 - INFO - model-gin, dataset-kiba, epoch-474, loss-0.3220, cindex-0.7659, test_loss-0.2014
2024-04-30 02:05:09 - INFO - model-gin, dataset-kiba, epoch-475, loss-0.3210, cindex-0.7663, test_loss-0.2142
2024-04-30 02:05:55 - INFO - model-gin, dataset-kiba, epoch-476, loss-0.3223, cindex-0.7663, test_loss-0.1964
2024-04-30 02:05:55 - INFO - Saving model...
2024-04-30 02:06:40 - INFO - model-gin, dataset-kiba, epoch-477, loss-0.3187, cindex-0.7671, test_loss-0.2032
2024-04-30 02:07:26 - INFO - model-gin, dataset-kiba, epoch-478, loss-0.3166, cindex-0.7663, test_loss-0.2041
2024-04-30 02:08:12 - INFO - model-gin, dataset-kiba, epoch-479, loss-0.3163, cindex-0.7678, test_loss-0.2037
2024-04-30 02:08:58 - INFO - model-gin, dataset-kiba, epoch-480, loss-0.3221, cindex-0.7658, test_loss-0.1963
2024-04-30 02:08:58 - INFO - Saving model...
2024-04-30 02:09:43 - INFO - model-gin, dataset-kiba, epoch-481, loss-0.3201, cindex-0.7673, test_loss-0.2372
2024-04-30 02:10:29 - INFO - model-gin, dataset-kiba, epoch-482, loss-0.3166, cindex-0.7684, test_loss-0.2203
2024-04-30 02:11:15 - INFO - model-gin, dataset-kiba, epoch-483, loss-0.3168, cindex-0.7669, test_loss-0.1985
2024-04-30 02:12:01 - INFO - model-gin, dataset-kiba, epoch-484, loss-0.3143, cindex-0.7686, test_loss-0.1976
2024-04-30 02:12:46 - INFO - model-gin, dataset-kiba, epoch-485, loss-0.3144, cindex-0.7683, test_loss-0.2152
2024-04-30 02:13:32 - INFO - model-gin, dataset-kiba, epoch-486, loss-0.3135, cindex-0.7681, test_loss-0.2006
2024-04-30 02:14:18 - INFO - model-gin, dataset-kiba, epoch-487, loss-0.3139, cindex-0.7676, test_loss-0.1968
2024-04-30 02:15:03 - INFO - model-gin, dataset-kiba, epoch-488, loss-0.3152, cindex-0.7690, test_loss-0.2103
2024-04-30 02:15:49 - INFO - model-gin, dataset-kiba, epoch-489, loss-0.3172, cindex-0.7675, test_loss-0.2012
2024-04-30 02:16:35 - INFO - model-gin, dataset-kiba, epoch-490, loss-0.3151, cindex-0.7692, test_loss-0.1959
2024-04-30 02:16:35 - INFO - Saving model...
2024-04-30 02:17:21 - INFO - model-gin, dataset-kiba, epoch-491, loss-0.3176, cindex-0.7672, test_loss-0.2059
2024-04-30 02:18:06 - INFO - model-gin, dataset-kiba, epoch-492, loss-0.3153, cindex-0.7683, test_loss-0.2106
2024-04-30 02:18:52 - INFO - model-gin, dataset-kiba, epoch-493, loss-0.3125, cindex-0.7689, test_loss-0.2025
2024-04-30 02:19:38 - INFO - model-gin, dataset-kiba, epoch-494, loss-0.3096, cindex-0.7690, test_loss-0.2048
2024-04-30 02:20:24 - INFO - model-gin, dataset-kiba, epoch-495, loss-0.3098, cindex-0.7703, test_loss-0.2110
2024-04-30 02:21:09 - INFO - model-gin, dataset-kiba, epoch-496, loss-0.3113, cindex-0.7700, test_loss-0.1986
2024-04-30 02:21:55 - INFO - model-gin, dataset-kiba, epoch-497, loss-0.3071, cindex-0.7700, test_loss-0.2046
2024-04-30 02:22:41 - INFO - model-gin, dataset-kiba, epoch-498, loss-0.3052, cindex-0.7707, test_loss-0.2199
2024-04-30 02:23:26 - INFO - model-gin, dataset-kiba, epoch-499, loss-0.3088, cindex-0.7706, test_loss-0.1982
2024-04-30 02:24:12 - INFO - model-gin, dataset-kiba, epoch-500, loss-0.3056, cindex-0.7712, test_loss-0.2076
