2024-04-28 18:44:50 - INFO - train.py
2024-04-28 18:44:57 - INFO - KIBA Dataset loaded successfully!
2024-04-28 18:44:57 - INFO - Train Length: 82360
2024-04-28 18:44:57 - INFO - Test Length: 23531
2024-04-28 18:44:57 - INFO - GraphDTA + GCN model loaded successfully!
2024-04-28 18:44:57 - INFO - Training for 500 epochs (777 steps) begins...
2024-04-28 18:45:32 - INFO - model-gcn, dataset-kiba, epoch-1, loss-6.6547, cindex-0.5437, test_loss-0.6254
2024-04-28 18:45:32 - INFO - Saving model...
2024-04-28 18:46:07 - INFO - model-gcn, dataset-kiba, epoch-2, loss-0.8833, cindex-0.5999, test_loss-0.5454
2024-04-28 18:46:07 - INFO - Saving model...
2024-04-28 18:46:41 - INFO - model-gcn, dataset-kiba, epoch-3, loss-0.7910, cindex-0.6244, test_loss-0.4960
2024-04-28 18:46:41 - INFO - Saving model...
2024-04-28 18:47:17 - INFO - model-gcn, dataset-kiba, epoch-4, loss-0.7184, cindex-0.6448, test_loss-0.4583
2024-04-28 18:47:17 - INFO - Saving model...
2024-04-28 18:47:51 - INFO - model-gcn, dataset-kiba, epoch-5, loss-0.6830, cindex-0.6594, test_loss-0.5214
2024-04-28 18:48:27 - INFO - model-gcn, dataset-kiba, epoch-6, loss-0.6553, cindex-0.6673, test_loss-0.4648
2024-04-28 18:49:02 - INFO - model-gcn, dataset-kiba, epoch-7, loss-0.6417, cindex-0.6738, test_loss-0.4281
2024-04-28 18:49:02 - INFO - Saving model...
2024-04-28 18:49:37 - INFO - model-gcn, dataset-kiba, epoch-8, loss-0.6323, cindex-0.6787, test_loss-0.4191
2024-04-28 18:49:37 - INFO - Saving model...
2024-04-28 18:50:12 - INFO - model-gcn, dataset-kiba, epoch-9, loss-0.6203, cindex-0.6818, test_loss-0.3990
2024-04-28 18:50:12 - INFO - Saving model...
2024-04-28 18:50:47 - INFO - model-gcn, dataset-kiba, epoch-10, loss-0.6146, cindex-0.6852, test_loss-0.3975
2024-04-28 18:50:47 - INFO - Saving model...
2024-04-28 18:51:22 - INFO - model-gcn, dataset-kiba, epoch-11, loss-0.6001, cindex-0.6866, test_loss-0.4054
2024-04-28 18:51:57 - INFO - model-gcn, dataset-kiba, epoch-12, loss-0.5937, cindex-0.6904, test_loss-0.4234
2024-04-28 18:52:32 - INFO - model-gcn, dataset-kiba, epoch-13, loss-0.5793, cindex-0.6914, test_loss-0.3803
2024-04-28 18:52:32 - INFO - Saving model...
2024-04-28 18:53:07 - INFO - model-gcn, dataset-kiba, epoch-14, loss-0.5699, cindex-0.6949, test_loss-0.4460
2024-04-28 18:53:42 - INFO - model-gcn, dataset-kiba, epoch-15, loss-0.5702, cindex-0.6952, test_loss-0.4341
2024-04-28 18:54:17 - INFO - model-gcn, dataset-kiba, epoch-16, loss-0.5603, cindex-0.6976, test_loss-0.3995
2024-04-28 18:54:52 - INFO - model-gcn, dataset-kiba, epoch-17, loss-0.5618, cindex-0.6994, test_loss-0.3780
2024-04-28 18:54:52 - INFO - Saving model...
2024-04-28 18:55:27 - INFO - model-gcn, dataset-kiba, epoch-18, loss-0.5429, cindex-0.7021, test_loss-0.3533
2024-04-28 18:55:27 - INFO - Saving model...
2024-04-28 18:56:02 - INFO - model-gcn, dataset-kiba, epoch-19, loss-0.5380, cindex-0.7027, test_loss-0.3301
2024-04-28 18:56:02 - INFO - Saving model...
2024-04-28 18:56:37 - INFO - model-gcn, dataset-kiba, epoch-20, loss-0.5294, cindex-0.7038, test_loss-0.3532
2024-04-28 18:57:11 - INFO - model-gcn, dataset-kiba, epoch-21, loss-0.5275, cindex-0.7055, test_loss-0.3296
2024-04-28 18:57:11 - INFO - Saving model...
2024-04-28 18:57:46 - INFO - model-gcn, dataset-kiba, epoch-22, loss-0.5270, cindex-0.7074, test_loss-0.3197
2024-04-28 18:57:46 - INFO - Saving model...
2024-04-28 18:58:20 - INFO - model-gcn, dataset-kiba, epoch-23, loss-0.5205, cindex-0.7056, test_loss-0.3481
2024-04-28 18:58:55 - INFO - model-gcn, dataset-kiba, epoch-24, loss-0.5073, cindex-0.7091, test_loss-0.3251
2024-04-28 18:59:29 - INFO - model-gcn, dataset-kiba, epoch-25, loss-0.5132, cindex-0.7095, test_loss-0.3149
2024-04-28 18:59:29 - INFO - Saving model...
2024-04-28 19:00:04 - INFO - model-gcn, dataset-kiba, epoch-26, loss-0.5074, cindex-0.7096, test_loss-0.3316
2024-04-28 19:00:38 - INFO - model-gcn, dataset-kiba, epoch-27, loss-0.5036, cindex-0.7115, test_loss-0.3011
2024-04-28 19:00:38 - INFO - Saving model...
2024-04-28 19:01:12 - INFO - model-gcn, dataset-kiba, epoch-28, loss-0.5052, cindex-0.7123, test_loss-0.2988
2024-04-28 19:01:12 - INFO - Saving model...
2024-04-28 19:01:47 - INFO - model-gcn, dataset-kiba, epoch-29, loss-0.4978, cindex-0.7135, test_loss-0.3050
2024-04-28 19:02:21 - INFO - model-gcn, dataset-kiba, epoch-30, loss-0.4897, cindex-0.7151, test_loss-0.3202
2024-04-28 19:02:55 - INFO - model-gcn, dataset-kiba, epoch-31, loss-0.4967, cindex-0.7152, test_loss-0.3315
2024-04-28 19:03:29 - INFO - model-gcn, dataset-kiba, epoch-32, loss-0.4911, cindex-0.7162, test_loss-0.3030
2024-04-28 19:04:04 - INFO - model-gcn, dataset-kiba, epoch-33, loss-0.4861, cindex-0.7176, test_loss-0.2941
2024-04-28 19:04:04 - INFO - Saving model...
2024-04-28 19:04:38 - INFO - model-gcn, dataset-kiba, epoch-34, loss-0.4861, cindex-0.7177, test_loss-0.2906
2024-04-28 19:04:38 - INFO - Saving model...
2024-04-28 19:05:13 - INFO - model-gcn, dataset-kiba, epoch-35, loss-0.4805, cindex-0.7176, test_loss-0.2957
2024-04-28 19:05:47 - INFO - model-gcn, dataset-kiba, epoch-36, loss-0.4849, cindex-0.7183, test_loss-0.2838
2024-04-28 19:05:47 - INFO - Saving model...
2024-04-28 19:06:21 - INFO - model-gcn, dataset-kiba, epoch-37, loss-0.4899, cindex-0.7193, test_loss-0.2830
2024-04-28 19:06:21 - INFO - Saving model...
2024-04-28 19:06:56 - INFO - model-gcn, dataset-kiba, epoch-38, loss-0.4859, cindex-0.7192, test_loss-0.2952
2024-04-28 19:07:30 - INFO - model-gcn, dataset-kiba, epoch-39, loss-0.4775, cindex-0.7194, test_loss-0.2944
2024-04-28 19:08:05 - INFO - model-gcn, dataset-kiba, epoch-40, loss-0.4795, cindex-0.7202, test_loss-0.3362
2024-04-28 19:08:39 - INFO - model-gcn, dataset-kiba, epoch-41, loss-0.4716, cindex-0.7217, test_loss-0.2957
2024-04-28 19:09:13 - INFO - model-gcn, dataset-kiba, epoch-42, loss-0.4699, cindex-0.7211, test_loss-0.2885
2024-04-28 19:09:48 - INFO - model-gcn, dataset-kiba, epoch-43, loss-0.4636, cindex-0.7225, test_loss-0.2938
2024-04-28 19:10:23 - INFO - model-gcn, dataset-kiba, epoch-44, loss-0.4749, cindex-0.7241, test_loss-0.2914
2024-04-28 19:10:57 - INFO - model-gcn, dataset-kiba, epoch-45, loss-0.4603, cindex-0.7239, test_loss-0.2980
2024-04-28 19:11:32 - INFO - model-gcn, dataset-kiba, epoch-46, loss-0.4623, cindex-0.7254, test_loss-0.2729
2024-04-28 19:11:32 - INFO - Saving model...
2024-04-28 19:12:06 - INFO - model-gcn, dataset-kiba, epoch-47, loss-0.4689, cindex-0.7237, test_loss-0.2699
2024-04-28 19:12:06 - INFO - Saving model...
2024-04-28 19:12:41 - INFO - model-gcn, dataset-kiba, epoch-48, loss-0.4570, cindex-0.7261, test_loss-0.3071
2024-04-28 19:13:15 - INFO - model-gcn, dataset-kiba, epoch-49, loss-0.4656, cindex-0.7251, test_loss-0.2698
2024-04-28 19:13:15 - INFO - Saving model...
2024-04-28 19:13:49 - INFO - model-gcn, dataset-kiba, epoch-50, loss-0.4569, cindex-0.7260, test_loss-0.2978
2024-04-28 19:14:24 - INFO - model-gcn, dataset-kiba, epoch-51, loss-0.4536, cindex-0.7264, test_loss-0.2672
2024-04-28 19:14:24 - INFO - Saving model...
2024-04-28 19:14:58 - INFO - model-gcn, dataset-kiba, epoch-52, loss-0.4490, cindex-0.7272, test_loss-0.2794
2024-04-28 19:15:33 - INFO - model-gcn, dataset-kiba, epoch-53, loss-0.4462, cindex-0.7292, test_loss-0.2860
2024-04-28 19:16:07 - INFO - model-gcn, dataset-kiba, epoch-54, loss-0.4466, cindex-0.7282, test_loss-0.2622
2024-04-28 19:16:07 - INFO - Saving model...
2024-04-28 19:16:42 - INFO - model-gcn, dataset-kiba, epoch-55, loss-0.4511, cindex-0.7297, test_loss-0.2677
2024-04-28 19:17:16 - INFO - model-gcn, dataset-kiba, epoch-56, loss-0.4514, cindex-0.7289, test_loss-0.2899
2024-04-28 19:17:51 - INFO - model-gcn, dataset-kiba, epoch-57, loss-0.4420, cindex-0.7298, test_loss-0.2807
2024-04-28 19:18:25 - INFO - model-gcn, dataset-kiba, epoch-58, loss-0.4483, cindex-0.7301, test_loss-0.2700
2024-04-28 19:19:00 - INFO - model-gcn, dataset-kiba, epoch-59, loss-0.4411, cindex-0.7307, test_loss-0.2632
2024-04-28 19:19:34 - INFO - model-gcn, dataset-kiba, epoch-60, loss-0.4387, cindex-0.7316, test_loss-0.2566
2024-04-28 19:19:34 - INFO - Saving model...
2024-04-28 19:20:09 - INFO - model-gcn, dataset-kiba, epoch-61, loss-0.4423, cindex-0.7321, test_loss-0.2616
2024-04-28 19:20:44 - INFO - model-gcn, dataset-kiba, epoch-62, loss-0.4366, cindex-0.7316, test_loss-0.2643
2024-04-28 19:21:18 - INFO - model-gcn, dataset-kiba, epoch-63, loss-0.4433, cindex-0.7315, test_loss-0.3019
2024-04-28 19:21:53 - INFO - model-gcn, dataset-kiba, epoch-64, loss-0.4355, cindex-0.7321, test_loss-0.2597
2024-04-28 19:22:27 - INFO - model-gcn, dataset-kiba, epoch-65, loss-0.4349, cindex-0.7343, test_loss-0.2646
2024-04-28 19:23:01 - INFO - model-gcn, dataset-kiba, epoch-66, loss-0.4369, cindex-0.7337, test_loss-0.2567
2024-04-28 19:23:36 - INFO - model-gcn, dataset-kiba, epoch-67, loss-0.4327, cindex-0.7340, test_loss-0.2715
2024-04-28 19:24:10 - INFO - model-gcn, dataset-kiba, epoch-68, loss-0.4312, cindex-0.7344, test_loss-0.2729
2024-04-28 19:24:44 - INFO - model-gcn, dataset-kiba, epoch-69, loss-0.4265, cindex-0.7349, test_loss-0.2602
2024-04-28 19:25:18 - INFO - model-gcn, dataset-kiba, epoch-70, loss-0.4251, cindex-0.7352, test_loss-0.2628
2024-04-28 19:25:53 - INFO - model-gcn, dataset-kiba, epoch-71, loss-0.4259, cindex-0.7348, test_loss-0.2520
2024-04-28 19:25:53 - INFO - Saving model...
2024-04-28 19:26:27 - INFO - model-gcn, dataset-kiba, epoch-72, loss-0.4238, cindex-0.7353, test_loss-0.2510
2024-04-28 19:26:27 - INFO - Saving model...
2024-04-28 19:27:02 - INFO - model-gcn, dataset-kiba, epoch-73, loss-0.4247, cindex-0.7357, test_loss-0.2499
2024-04-28 19:27:02 - INFO - Saving model...
2024-04-28 19:27:36 - INFO - model-gcn, dataset-kiba, epoch-74, loss-0.4216, cindex-0.7365, test_loss-0.2565
2024-04-28 19:28:11 - INFO - model-gcn, dataset-kiba, epoch-75, loss-0.4208, cindex-0.7371, test_loss-0.2643
2024-04-28 19:28:46 - INFO - model-gcn, dataset-kiba, epoch-76, loss-0.4203, cindex-0.7383, test_loss-0.2613
2024-04-28 19:29:20 - INFO - model-gcn, dataset-kiba, epoch-77, loss-0.4170, cindex-0.7386, test_loss-0.2525
2024-04-28 19:29:55 - INFO - model-gcn, dataset-kiba, epoch-78, loss-0.4134, cindex-0.7390, test_loss-0.2480
2024-04-28 19:29:55 - INFO - Saving model...
2024-04-28 19:30:29 - INFO - model-gcn, dataset-kiba, epoch-79, loss-0.4205, cindex-0.7371, test_loss-0.2496
2024-04-28 19:31:04 - INFO - model-gcn, dataset-kiba, epoch-80, loss-0.4132, cindex-0.7397, test_loss-0.2484
2024-04-28 19:31:38 - INFO - model-gcn, dataset-kiba, epoch-81, loss-0.4184, cindex-0.7397, test_loss-0.2503
2024-04-28 19:32:13 - INFO - model-gcn, dataset-kiba, epoch-82, loss-0.4063, cindex-0.7417, test_loss-0.2485
2024-04-28 19:32:47 - INFO - model-gcn, dataset-kiba, epoch-83, loss-0.4139, cindex-0.7391, test_loss-0.2466
2024-04-28 19:32:47 - INFO - Saving model...
2024-04-28 19:33:21 - INFO - model-gcn, dataset-kiba, epoch-84, loss-0.4107, cindex-0.7401, test_loss-0.2366
2024-04-28 19:33:21 - INFO - Saving model...
2024-04-28 19:33:55 - INFO - model-gcn, dataset-kiba, epoch-85, loss-0.4056, cindex-0.7416, test_loss-0.2733
2024-04-28 19:34:30 - INFO - model-gcn, dataset-kiba, epoch-86, loss-0.4068, cindex-0.7424, test_loss-0.2445
2024-04-28 19:35:04 - INFO - model-gcn, dataset-kiba, epoch-87, loss-0.4078, cindex-0.7411, test_loss-0.2419
2024-04-28 19:35:38 - INFO - model-gcn, dataset-kiba, epoch-88, loss-0.4099, cindex-0.7416, test_loss-0.2410
2024-04-28 19:36:12 - INFO - model-gcn, dataset-kiba, epoch-89, loss-0.3981, cindex-0.7438, test_loss-0.2419
2024-04-28 19:36:47 - INFO - model-gcn, dataset-kiba, epoch-90, loss-0.4013, cindex-0.7431, test_loss-0.2477
2024-04-28 19:37:21 - INFO - model-gcn, dataset-kiba, epoch-91, loss-0.4011, cindex-0.7429, test_loss-0.2419
2024-04-28 19:37:55 - INFO - model-gcn, dataset-kiba, epoch-92, loss-0.4020, cindex-0.7431, test_loss-0.2398
2024-04-28 19:38:30 - INFO - model-gcn, dataset-kiba, epoch-93, loss-0.4037, cindex-0.7434, test_loss-0.2437
2024-04-28 19:39:04 - INFO - model-gcn, dataset-kiba, epoch-94, loss-0.4019, cindex-0.7441, test_loss-0.2326
2024-04-28 19:39:04 - INFO - Saving model...
2024-04-28 19:39:39 - INFO - model-gcn, dataset-kiba, epoch-95, loss-0.3962, cindex-0.7458, test_loss-0.2330
2024-04-28 19:40:13 - INFO - model-gcn, dataset-kiba, epoch-96, loss-0.3949, cindex-0.7447, test_loss-0.2696
2024-04-28 19:40:48 - INFO - model-gcn, dataset-kiba, epoch-97, loss-0.3946, cindex-0.7445, test_loss-0.2313
2024-04-28 19:40:48 - INFO - Saving model...
2024-04-28 19:41:22 - INFO - model-gcn, dataset-kiba, epoch-98, loss-0.3945, cindex-0.7467, test_loss-0.2417
2024-04-28 19:41:57 - INFO - model-gcn, dataset-kiba, epoch-99, loss-0.3959, cindex-0.7453, test_loss-0.2692
2024-04-28 19:42:32 - INFO - model-gcn, dataset-kiba, epoch-100, loss-0.3905, cindex-0.7463, test_loss-0.2476
2024-04-28 19:43:06 - INFO - model-gcn, dataset-kiba, epoch-101, loss-0.3938, cindex-0.7461, test_loss-0.2398
2024-04-28 19:43:41 - INFO - model-gcn, dataset-kiba, epoch-102, loss-0.3898, cindex-0.7478, test_loss-0.2778
2024-04-28 19:44:15 - INFO - model-gcn, dataset-kiba, epoch-103, loss-0.3904, cindex-0.7467, test_loss-0.2274
2024-04-28 19:44:15 - INFO - Saving model...
2024-04-28 19:44:50 - INFO - model-gcn, dataset-kiba, epoch-104, loss-0.3872, cindex-0.7476, test_loss-0.2321
2024-04-28 19:45:24 - INFO - model-gcn, dataset-kiba, epoch-105, loss-0.3866, cindex-0.7491, test_loss-0.2296
2024-04-28 19:45:59 - INFO - model-gcn, dataset-kiba, epoch-106, loss-0.3830, cindex-0.7483, test_loss-0.2271
2024-04-28 19:45:59 - INFO - Saving model...
2024-04-28 19:46:34 - INFO - model-gcn, dataset-kiba, epoch-107, loss-0.3822, cindex-0.7483, test_loss-0.2303
2024-04-28 19:47:08 - INFO - model-gcn, dataset-kiba, epoch-108, loss-0.3874, cindex-0.7490, test_loss-0.2468
2024-04-28 19:47:43 - INFO - model-gcn, dataset-kiba, epoch-109, loss-0.3833, cindex-0.7486, test_loss-0.2375
2024-04-28 19:48:17 - INFO - model-gcn, dataset-kiba, epoch-110, loss-0.3859, cindex-0.7505, test_loss-0.2466
2024-04-28 19:48:52 - INFO - model-gcn, dataset-kiba, epoch-111, loss-0.3814, cindex-0.7494, test_loss-0.2422
2024-04-28 19:49:26 - INFO - model-gcn, dataset-kiba, epoch-112, loss-0.3793, cindex-0.7506, test_loss-0.2434
2024-04-28 19:50:01 - INFO - model-gcn, dataset-kiba, epoch-113, loss-0.3827, cindex-0.7506, test_loss-0.2327
2024-04-28 19:50:35 - INFO - model-gcn, dataset-kiba, epoch-114, loss-0.3779, cindex-0.7505, test_loss-0.2337
2024-04-28 19:51:10 - INFO - model-gcn, dataset-kiba, epoch-115, loss-0.3734, cindex-0.7512, test_loss-0.2434
2024-04-28 19:51:45 - INFO - model-gcn, dataset-kiba, epoch-116, loss-0.3746, cindex-0.7525, test_loss-0.2390
2024-04-28 19:52:19 - INFO - model-gcn, dataset-kiba, epoch-117, loss-0.3773, cindex-0.7513, test_loss-0.2254
2024-04-28 19:52:19 - INFO - Saving model...
2024-04-28 19:52:53 - INFO - model-gcn, dataset-kiba, epoch-118, loss-0.3766, cindex-0.7517, test_loss-0.2267
2024-04-28 19:53:27 - INFO - model-gcn, dataset-kiba, epoch-119, loss-0.3718, cindex-0.7532, test_loss-0.2273
2024-04-28 19:54:02 - INFO - model-gcn, dataset-kiba, epoch-120, loss-0.3729, cindex-0.7526, test_loss-0.2439
2024-04-28 19:54:36 - INFO - model-gcn, dataset-kiba, epoch-121, loss-0.3737, cindex-0.7536, test_loss-0.2273
2024-04-28 19:55:11 - INFO - model-gcn, dataset-kiba, epoch-122, loss-0.3776, cindex-0.7525, test_loss-0.2202
2024-04-28 19:55:11 - INFO - Saving model...
2024-04-28 19:55:45 - INFO - model-gcn, dataset-kiba, epoch-123, loss-0.3725, cindex-0.7531, test_loss-0.2477
2024-04-28 19:56:20 - INFO - model-gcn, dataset-kiba, epoch-124, loss-0.3708, cindex-0.7539, test_loss-0.2178
2024-04-28 19:56:20 - INFO - Saving model...
2024-04-28 19:56:54 - INFO - model-gcn, dataset-kiba, epoch-125, loss-0.3720, cindex-0.7534, test_loss-0.2237
2024-04-28 19:57:28 - INFO - model-gcn, dataset-kiba, epoch-126, loss-0.3668, cindex-0.7550, test_loss-0.2296
2024-04-28 19:58:03 - INFO - model-gcn, dataset-kiba, epoch-127, loss-0.3730, cindex-0.7544, test_loss-0.2318
2024-04-28 19:58:37 - INFO - model-gcn, dataset-kiba, epoch-128, loss-0.3712, cindex-0.7553, test_loss-0.2195
2024-04-28 19:59:12 - INFO - model-gcn, dataset-kiba, epoch-129, loss-0.3660, cindex-0.7553, test_loss-0.2216
2024-04-28 19:59:46 - INFO - model-gcn, dataset-kiba, epoch-130, loss-0.3663, cindex-0.7556, test_loss-0.2140
2024-04-28 19:59:46 - INFO - Saving model...
2024-04-28 20:00:21 - INFO - model-gcn, dataset-kiba, epoch-131, loss-0.3602, cindex-0.7570, test_loss-0.2177
2024-04-28 20:00:55 - INFO - model-gcn, dataset-kiba, epoch-132, loss-0.3684, cindex-0.7561, test_loss-0.2167
2024-04-28 20:01:30 - INFO - model-gcn, dataset-kiba, epoch-133, loss-0.3626, cindex-0.7573, test_loss-0.2228
2024-04-28 20:02:04 - INFO - model-gcn, dataset-kiba, epoch-134, loss-0.3642, cindex-0.7567, test_loss-0.2187
2024-04-28 20:02:38 - INFO - model-gcn, dataset-kiba, epoch-135, loss-0.3603, cindex-0.7575, test_loss-0.2165
2024-04-28 20:03:13 - INFO - model-gcn, dataset-kiba, epoch-136, loss-0.3582, cindex-0.7567, test_loss-0.2194
2024-04-28 20:03:47 - INFO - model-gcn, dataset-kiba, epoch-137, loss-0.3589, cindex-0.7578, test_loss-0.2160
2024-04-28 20:04:22 - INFO - model-gcn, dataset-kiba, epoch-138, loss-0.3586, cindex-0.7583, test_loss-0.2251
2024-04-28 20:04:56 - INFO - model-gcn, dataset-kiba, epoch-139, loss-0.3550, cindex-0.7580, test_loss-0.2115
2024-04-28 20:04:56 - INFO - Saving model...
2024-04-28 20:05:31 - INFO - model-gcn, dataset-kiba, epoch-140, loss-0.3603, cindex-0.7579, test_loss-0.2550
2024-04-28 20:06:05 - INFO - model-gcn, dataset-kiba, epoch-141, loss-0.3607, cindex-0.7582, test_loss-0.2085
2024-04-28 20:06:05 - INFO - Saving model...
2024-04-28 20:06:40 - INFO - model-gcn, dataset-kiba, epoch-142, loss-0.3565, cindex-0.7591, test_loss-0.2183
2024-04-28 20:07:14 - INFO - model-gcn, dataset-kiba, epoch-143, loss-0.3578, cindex-0.7584, test_loss-0.2098
2024-04-28 20:07:49 - INFO - model-gcn, dataset-kiba, epoch-144, loss-0.3549, cindex-0.7592, test_loss-0.2164
2024-04-28 20:08:23 - INFO - model-gcn, dataset-kiba, epoch-145, loss-0.3525, cindex-0.7595, test_loss-0.2125
2024-04-28 20:08:58 - INFO - model-gcn, dataset-kiba, epoch-146, loss-0.3527, cindex-0.7604, test_loss-0.2137
2024-04-28 20:09:33 - INFO - model-gcn, dataset-kiba, epoch-147, loss-0.3562, cindex-0.7599, test_loss-0.2416
2024-04-28 20:10:07 - INFO - model-gcn, dataset-kiba, epoch-148, loss-0.3472, cindex-0.7611, test_loss-0.2076
2024-04-28 20:10:07 - INFO - Saving model...
2024-04-28 20:10:42 - INFO - model-gcn, dataset-kiba, epoch-149, loss-0.3468, cindex-0.7614, test_loss-0.2134
2024-04-28 20:11:16 - INFO - model-gcn, dataset-kiba, epoch-150, loss-0.3529, cindex-0.7607, test_loss-0.2075
2024-04-28 20:11:16 - INFO - Saving model...
2024-04-28 20:11:51 - INFO - model-gcn, dataset-kiba, epoch-151, loss-0.3511, cindex-0.7609, test_loss-0.2177
2024-04-28 20:12:25 - INFO - model-gcn, dataset-kiba, epoch-152, loss-0.3470, cindex-0.7615, test_loss-0.2127
2024-04-28 20:12:59 - INFO - model-gcn, dataset-kiba, epoch-153, loss-0.3472, cindex-0.7623, test_loss-0.2135
2024-04-28 20:13:34 - INFO - model-gcn, dataset-kiba, epoch-154, loss-0.3474, cindex-0.7618, test_loss-0.2056
2024-04-28 20:13:34 - INFO - Saving model...
2024-04-28 20:14:08 - INFO - model-gcn, dataset-kiba, epoch-155, loss-0.3471, cindex-0.7608, test_loss-0.2067
2024-04-28 20:14:43 - INFO - model-gcn, dataset-kiba, epoch-156, loss-0.3417, cindex-0.7624, test_loss-0.2164
2024-04-28 20:15:17 - INFO - model-gcn, dataset-kiba, epoch-157, loss-0.3435, cindex-0.7625, test_loss-0.2082
2024-04-28 20:15:51 - INFO - model-gcn, dataset-kiba, epoch-158, loss-0.3424, cindex-0.7629, test_loss-0.2037
2024-04-28 20:15:51 - INFO - Saving model...
2024-04-28 20:16:26 - INFO - model-gcn, dataset-kiba, epoch-159, loss-0.3441, cindex-0.7638, test_loss-0.2134
2024-04-28 20:17:01 - INFO - model-gcn, dataset-kiba, epoch-160, loss-0.3406, cindex-0.7646, test_loss-0.2160
2024-04-28 20:17:35 - INFO - model-gcn, dataset-kiba, epoch-161, loss-0.3416, cindex-0.7633, test_loss-0.2185
2024-04-28 20:18:09 - INFO - model-gcn, dataset-kiba, epoch-162, loss-0.3449, cindex-0.7629, test_loss-0.2141
2024-04-28 20:18:44 - INFO - model-gcn, dataset-kiba, epoch-163, loss-0.3428, cindex-0.7635, test_loss-0.2040
2024-04-28 20:19:18 - INFO - model-gcn, dataset-kiba, epoch-164, loss-0.3392, cindex-0.7639, test_loss-0.2096
2024-04-28 20:19:53 - INFO - model-gcn, dataset-kiba, epoch-165, loss-0.3351, cindex-0.7659, test_loss-0.2162
2024-04-28 20:20:27 - INFO - model-gcn, dataset-kiba, epoch-166, loss-0.3384, cindex-0.7643, test_loss-0.2917
2024-04-28 20:21:02 - INFO - model-gcn, dataset-kiba, epoch-167, loss-0.3396, cindex-0.7654, test_loss-0.2034
2024-04-28 20:21:02 - INFO - Saving model...
2024-04-28 20:21:36 - INFO - model-gcn, dataset-kiba, epoch-168, loss-0.3370, cindex-0.7658, test_loss-0.2052
2024-04-28 20:22:11 - INFO - model-gcn, dataset-kiba, epoch-169, loss-0.3364, cindex-0.7657, test_loss-0.1997
2024-04-28 20:22:11 - INFO - Saving model...
2024-04-28 20:22:46 - INFO - model-gcn, dataset-kiba, epoch-170, loss-0.3339, cindex-0.7665, test_loss-0.2010
2024-04-28 20:23:20 - INFO - model-gcn, dataset-kiba, epoch-171, loss-0.3340, cindex-0.7667, test_loss-0.2159
2024-04-28 20:23:55 - INFO - model-gcn, dataset-kiba, epoch-172, loss-0.3357, cindex-0.7657, test_loss-0.2121
2024-04-28 20:24:29 - INFO - model-gcn, dataset-kiba, epoch-173, loss-0.3287, cindex-0.7670, test_loss-0.2032
2024-04-28 20:25:06 - INFO - model-gcn, dataset-kiba, epoch-174, loss-0.3354, cindex-0.7670, test_loss-0.2355
2024-04-28 20:25:39 - INFO - model-gcn, dataset-kiba, epoch-175, loss-0.3305, cindex-0.7673, test_loss-0.2001
2024-04-28 20:26:14 - INFO - model-gcn, dataset-kiba, epoch-176, loss-0.3300, cindex-0.7678, test_loss-0.2170
2024-04-28 20:26:48 - INFO - model-gcn, dataset-kiba, epoch-177, loss-0.3301, cindex-0.7676, test_loss-0.2140
2024-04-28 20:27:23 - INFO - model-gcn, dataset-kiba, epoch-178, loss-0.3276, cindex-0.7675, test_loss-0.1981
2024-04-28 20:27:23 - INFO - Saving model...
2024-04-28 20:27:58 - INFO - model-gcn, dataset-kiba, epoch-179, loss-0.3328, cindex-0.7686, test_loss-0.2055
2024-04-28 20:28:33 - INFO - model-gcn, dataset-kiba, epoch-180, loss-0.3264, cindex-0.7683, test_loss-0.2128
2024-04-28 20:29:08 - INFO - model-gcn, dataset-kiba, epoch-181, loss-0.3286, cindex-0.7675, test_loss-0.2026
2024-04-28 20:29:43 - INFO - model-gcn, dataset-kiba, epoch-182, loss-0.3261, cindex-0.7687, test_loss-0.1980
2024-04-28 20:29:43 - INFO - Saving model...
2024-04-28 20:30:17 - INFO - model-gcn, dataset-kiba, epoch-183, loss-0.3275, cindex-0.7685, test_loss-0.1989
2024-04-28 20:30:52 - INFO - model-gcn, dataset-kiba, epoch-184, loss-0.3276, cindex-0.7688, test_loss-0.2008
2024-04-28 20:31:27 - INFO - model-gcn, dataset-kiba, epoch-185, loss-0.3234, cindex-0.7688, test_loss-0.2051
2024-04-28 20:32:02 - INFO - model-gcn, dataset-kiba, epoch-186, loss-0.3221, cindex-0.7694, test_loss-0.2020
2024-04-28 20:32:37 - INFO - model-gcn, dataset-kiba, epoch-187, loss-0.3238, cindex-0.7692, test_loss-0.1977
2024-04-28 20:32:37 - INFO - Saving model...
2024-04-28 20:33:11 - INFO - model-gcn, dataset-kiba, epoch-188, loss-0.3230, cindex-0.7703, test_loss-0.2034
2024-04-28 20:33:46 - INFO - model-gcn, dataset-kiba, epoch-189, loss-0.3232, cindex-0.7697, test_loss-0.1962
2024-04-28 20:33:46 - INFO - Saving model...
2024-04-28 20:34:21 - INFO - model-gcn, dataset-kiba, epoch-190, loss-0.3242, cindex-0.7705, test_loss-0.1927
2024-04-28 20:34:21 - INFO - Saving model...
2024-04-28 20:34:56 - INFO - model-gcn, dataset-kiba, epoch-191, loss-0.3176, cindex-0.7722, test_loss-0.2059
2024-04-28 20:35:31 - INFO - model-gcn, dataset-kiba, epoch-192, loss-0.3229, cindex-0.7699, test_loss-0.1967
2024-04-28 20:36:06 - INFO - model-gcn, dataset-kiba, epoch-193, loss-0.3238, cindex-0.7705, test_loss-0.1949
2024-04-28 20:36:41 - INFO - model-gcn, dataset-kiba, epoch-194, loss-0.3200, cindex-0.7707, test_loss-0.2012
2024-04-28 20:37:15 - INFO - model-gcn, dataset-kiba, epoch-195, loss-0.3154, cindex-0.7718, test_loss-0.1967
2024-04-28 20:37:51 - INFO - model-gcn, dataset-kiba, epoch-196, loss-0.3181, cindex-0.7720, test_loss-0.1943
2024-04-28 20:38:25 - INFO - model-gcn, dataset-kiba, epoch-197, loss-0.3136, cindex-0.7721, test_loss-0.1938
2024-04-28 20:39:00 - INFO - model-gcn, dataset-kiba, epoch-198, loss-0.3176, cindex-0.7729, test_loss-0.1938
2024-04-28 20:39:35 - INFO - model-gcn, dataset-kiba, epoch-199, loss-0.3169, cindex-0.7720, test_loss-0.1972
2024-04-28 20:40:10 - INFO - model-gcn, dataset-kiba, epoch-200, loss-0.3145, cindex-0.7726, test_loss-0.1977
2024-04-28 20:40:45 - INFO - model-gcn, dataset-kiba, epoch-201, loss-0.3137, cindex-0.7726, test_loss-0.1966
2024-04-28 20:41:19 - INFO - model-gcn, dataset-kiba, epoch-202, loss-0.3132, cindex-0.7733, test_loss-0.2086
2024-04-28 20:41:54 - INFO - model-gcn, dataset-kiba, epoch-203, loss-0.3122, cindex-0.7731, test_loss-0.1999
2024-04-28 20:42:29 - INFO - model-gcn, dataset-kiba, epoch-204, loss-0.3135, cindex-0.7740, test_loss-0.2048
2024-04-28 20:43:04 - INFO - model-gcn, dataset-kiba, epoch-205, loss-0.3126, cindex-0.7743, test_loss-0.1950
2024-04-28 20:43:38 - INFO - model-gcn, dataset-kiba, epoch-206, loss-0.3117, cindex-0.7734, test_loss-0.2061
2024-04-28 20:44:13 - INFO - model-gcn, dataset-kiba, epoch-207, loss-0.3122, cindex-0.7732, test_loss-0.1952
2024-04-28 20:44:47 - INFO - model-gcn, dataset-kiba, epoch-208, loss-0.3097, cindex-0.7734, test_loss-0.1924
2024-04-28 20:44:47 - INFO - Saving model...
2024-04-28 20:45:22 - INFO - model-gcn, dataset-kiba, epoch-209, loss-0.3089, cindex-0.7751, test_loss-0.1924
2024-04-28 20:45:22 - INFO - Saving model...
2024-04-28 20:45:57 - INFO - model-gcn, dataset-kiba, epoch-210, loss-0.3105, cindex-0.7732, test_loss-0.1917
2024-04-28 20:45:57 - INFO - Saving model...
2024-04-28 20:46:32 - INFO - model-gcn, dataset-kiba, epoch-211, loss-0.3089, cindex-0.7752, test_loss-0.1920
2024-04-28 20:47:07 - INFO - model-gcn, dataset-kiba, epoch-212, loss-0.3052, cindex-0.7746, test_loss-0.1931
2024-04-28 20:47:41 - INFO - model-gcn, dataset-kiba, epoch-213, loss-0.3108, cindex-0.7752, test_loss-0.2044
2024-04-28 20:48:15 - INFO - model-gcn, dataset-kiba, epoch-214, loss-0.3065, cindex-0.7762, test_loss-0.1901
2024-04-28 20:48:15 - INFO - Saving model...
2024-04-28 20:48:49 - INFO - model-gcn, dataset-kiba, epoch-215, loss-0.3040, cindex-0.7757, test_loss-0.1997
2024-04-28 20:49:24 - INFO - model-gcn, dataset-kiba, epoch-216, loss-0.3027, cindex-0.7776, test_loss-0.2095
2024-04-28 20:49:58 - INFO - model-gcn, dataset-kiba, epoch-217, loss-0.3070, cindex-0.7756, test_loss-0.1930
2024-04-28 20:50:32 - INFO - model-gcn, dataset-kiba, epoch-218, loss-0.3022, cindex-0.7770, test_loss-0.1897
2024-04-28 20:50:32 - INFO - Saving model...
2024-04-28 20:51:07 - INFO - model-gcn, dataset-kiba, epoch-219, loss-0.3011, cindex-0.7768, test_loss-0.1939
2024-04-28 20:51:41 - INFO - model-gcn, dataset-kiba, epoch-220, loss-0.3009, cindex-0.7768, test_loss-0.1881
2024-04-28 20:51:41 - INFO - Saving model...
2024-04-28 20:52:15 - INFO - model-gcn, dataset-kiba, epoch-221, loss-0.3031, cindex-0.7768, test_loss-0.1893
2024-04-28 20:52:49 - INFO - model-gcn, dataset-kiba, epoch-222, loss-0.3001, cindex-0.7766, test_loss-0.1880
2024-04-28 20:52:49 - INFO - Saving model...
2024-04-28 20:53:23 - INFO - model-gcn, dataset-kiba, epoch-223, loss-0.2998, cindex-0.7772, test_loss-0.1972
2024-04-28 20:53:57 - INFO - model-gcn, dataset-kiba, epoch-224, loss-0.3008, cindex-0.7779, test_loss-0.2072
2024-04-28 20:54:32 - INFO - model-gcn, dataset-kiba, epoch-225, loss-0.2997, cindex-0.7774, test_loss-0.1933
2024-04-28 20:55:06 - INFO - model-gcn, dataset-kiba, epoch-226, loss-0.2969, cindex-0.7781, test_loss-0.1948
2024-04-28 20:55:40 - INFO - model-gcn, dataset-kiba, epoch-227, loss-0.2982, cindex-0.7799, test_loss-0.1888
2024-04-28 20:56:15 - INFO - model-gcn, dataset-kiba, epoch-228, loss-0.2972, cindex-0.7796, test_loss-0.1940
2024-04-28 20:56:49 - INFO - model-gcn, dataset-kiba, epoch-229, loss-0.2989, cindex-0.7777, test_loss-0.1884
2024-04-28 20:57:23 - INFO - model-gcn, dataset-kiba, epoch-230, loss-0.2961, cindex-0.7782, test_loss-0.1863
2024-04-28 20:57:23 - INFO - Saving model...
2024-04-28 20:57:57 - INFO - model-gcn, dataset-kiba, epoch-231, loss-0.2947, cindex-0.7794, test_loss-0.2068
2024-04-28 20:58:32 - INFO - model-gcn, dataset-kiba, epoch-232, loss-0.2948, cindex-0.7794, test_loss-0.1941
2024-04-28 20:59:06 - INFO - model-gcn, dataset-kiba, epoch-233, loss-0.2955, cindex-0.7787, test_loss-0.1894
2024-04-28 20:59:41 - INFO - model-gcn, dataset-kiba, epoch-234, loss-0.2960, cindex-0.7803, test_loss-0.1958
2024-04-28 21:00:15 - INFO - model-gcn, dataset-kiba, epoch-235, loss-0.2924, cindex-0.7801, test_loss-0.1876
2024-04-28 21:00:50 - INFO - model-gcn, dataset-kiba, epoch-236, loss-0.2916, cindex-0.7804, test_loss-0.1882
2024-04-28 21:01:24 - INFO - model-gcn, dataset-kiba, epoch-237, loss-0.2900, cindex-0.7803, test_loss-0.1879
2024-04-28 21:01:58 - INFO - model-gcn, dataset-kiba, epoch-238, loss-0.2902, cindex-0.7806, test_loss-0.1966
2024-04-28 21:02:33 - INFO - model-gcn, dataset-kiba, epoch-239, loss-0.2902, cindex-0.7805, test_loss-0.1947
2024-04-28 21:03:07 - INFO - model-gcn, dataset-kiba, epoch-240, loss-0.2867, cindex-0.7820, test_loss-0.1907
2024-04-28 21:03:42 - INFO - model-gcn, dataset-kiba, epoch-241, loss-0.2875, cindex-0.7811, test_loss-0.1957
2024-04-28 21:04:16 - INFO - model-gcn, dataset-kiba, epoch-242, loss-0.2913, cindex-0.7807, test_loss-0.1894
2024-04-28 21:04:50 - INFO - model-gcn, dataset-kiba, epoch-243, loss-0.2895, cindex-0.7820, test_loss-0.1816
2024-04-28 21:04:50 - INFO - Saving model...
2024-04-28 21:05:24 - INFO - model-gcn, dataset-kiba, epoch-244, loss-0.2886, cindex-0.7813, test_loss-0.1902
2024-04-28 21:05:59 - INFO - model-gcn, dataset-kiba, epoch-245, loss-0.2895, cindex-0.7825, test_loss-0.1873
2024-04-28 21:06:33 - INFO - model-gcn, dataset-kiba, epoch-246, loss-0.2859, cindex-0.7814, test_loss-0.1944
2024-04-28 21:07:07 - INFO - model-gcn, dataset-kiba, epoch-247, loss-0.2860, cindex-0.7822, test_loss-0.1893
2024-04-28 21:07:42 - INFO - model-gcn, dataset-kiba, epoch-248, loss-0.2845, cindex-0.7829, test_loss-0.1865
2024-04-28 21:08:16 - INFO - model-gcn, dataset-kiba, epoch-249, loss-0.2877, cindex-0.7826, test_loss-0.1874
2024-04-28 21:08:50 - INFO - model-gcn, dataset-kiba, epoch-250, loss-0.2840, cindex-0.7829, test_loss-0.2068
2024-04-28 21:09:25 - INFO - model-gcn, dataset-kiba, epoch-251, loss-0.2824, cindex-0.7828, test_loss-0.1852
2024-04-28 21:09:59 - INFO - model-gcn, dataset-kiba, epoch-252, loss-0.2830, cindex-0.7831, test_loss-0.1898
2024-04-28 21:10:51 - INFO - model-gcn, dataset-kiba, epoch-253, loss-0.2835, cindex-0.7845, test_loss-0.1847
2024-04-28 21:11:49 - INFO - model-gcn, dataset-kiba, epoch-254, loss-0.2832, cindex-0.7839, test_loss-0.1888
2024-04-28 21:12:46 - INFO - model-gcn, dataset-kiba, epoch-255, loss-0.2814, cindex-0.7846, test_loss-0.1831
2024-04-28 21:13:48 - INFO - model-gcn, dataset-kiba, epoch-256, loss-0.2802, cindex-0.7848, test_loss-0.1871
2024-04-28 21:14:57 - INFO - model-gcn, dataset-kiba, epoch-257, loss-0.2835, cindex-0.7830, test_loss-0.1840
2024-04-28 21:16:06 - INFO - model-gcn, dataset-kiba, epoch-258, loss-0.2754, cindex-0.7854, test_loss-0.1827
2024-04-28 21:17:22 - INFO - model-gcn, dataset-kiba, epoch-259, loss-0.2787, cindex-0.7853, test_loss-0.1878
2024-04-28 21:18:36 - INFO - model-gcn, dataset-kiba, epoch-260, loss-0.2790, cindex-0.7852, test_loss-0.1814
2024-04-28 21:18:36 - INFO - Saving model...
2024-04-28 21:19:44 - INFO - model-gcn, dataset-kiba, epoch-261, loss-0.2761, cindex-0.7854, test_loss-0.1768
2024-04-28 21:19:44 - INFO - Saving model...
2024-04-28 21:21:01 - INFO - model-gcn, dataset-kiba, epoch-262, loss-0.2803, cindex-0.7858, test_loss-0.1922
2024-04-28 21:22:11 - INFO - model-gcn, dataset-kiba, epoch-263, loss-0.2771, cindex-0.7847, test_loss-0.1811
2024-04-28 21:23:24 - INFO - model-gcn, dataset-kiba, epoch-264, loss-0.2815, cindex-0.7861, test_loss-0.1830
2024-04-28 21:24:40 - INFO - model-gcn, dataset-kiba, epoch-265, loss-0.2759, cindex-0.7860, test_loss-0.1836
2024-04-28 21:25:56 - INFO - model-gcn, dataset-kiba, epoch-266, loss-0.2748, cindex-0.7870, test_loss-0.1824
2024-04-28 21:27:07 - INFO - model-gcn, dataset-kiba, epoch-267, loss-0.2709, cindex-0.7869, test_loss-0.1938
2024-04-28 21:28:22 - INFO - model-gcn, dataset-kiba, epoch-268, loss-0.2734, cindex-0.7864, test_loss-0.1826
2024-04-28 21:29:50 - INFO - model-gcn, dataset-kiba, epoch-269, loss-0.2714, cindex-0.7874, test_loss-0.1812
2024-04-28 21:31:08 - INFO - model-gcn, dataset-kiba, epoch-270, loss-0.2711, cindex-0.7877, test_loss-0.1877
2024-04-28 21:32:37 - INFO - model-gcn, dataset-kiba, epoch-271, loss-0.2759, cindex-0.7868, test_loss-0.1801
2024-04-28 21:33:53 - INFO - model-gcn, dataset-kiba, epoch-272, loss-0.2703, cindex-0.7868, test_loss-0.1873
2024-04-28 21:35:08 - INFO - model-gcn, dataset-kiba, epoch-273, loss-0.2715, cindex-0.7877, test_loss-0.1815
2024-04-28 21:36:19 - INFO - model-gcn, dataset-kiba, epoch-274, loss-0.2689, cindex-0.7875, test_loss-0.1841
2024-04-28 21:37:34 - INFO - model-gcn, dataset-kiba, epoch-275, loss-0.2699, cindex-0.7882, test_loss-0.1800
2024-04-28 21:38:47 - INFO - model-gcn, dataset-kiba, epoch-276, loss-0.2671, cindex-0.7892, test_loss-0.1842
2024-04-28 21:40:06 - INFO - model-gcn, dataset-kiba, epoch-277, loss-0.2702, cindex-0.7879, test_loss-0.1780
2024-04-28 21:41:25 - INFO - model-gcn, dataset-kiba, epoch-278, loss-0.2687, cindex-0.7887, test_loss-0.1789
2024-04-28 21:42:37 - INFO - model-gcn, dataset-kiba, epoch-279, loss-0.2659, cindex-0.7899, test_loss-0.1914
2024-04-28 21:43:52 - INFO - model-gcn, dataset-kiba, epoch-280, loss-0.2674, cindex-0.7893, test_loss-0.1775
2024-04-28 21:45:05 - INFO - model-gcn, dataset-kiba, epoch-281, loss-0.2644, cindex-0.7916, test_loss-0.1798
2024-04-28 21:46:15 - INFO - model-gcn, dataset-kiba, epoch-282, loss-0.2646, cindex-0.7891, test_loss-0.1785
2024-04-28 21:47:36 - INFO - model-gcn, dataset-kiba, epoch-283, loss-0.2618, cindex-0.7905, test_loss-0.1813
2024-04-28 21:48:50 - INFO - model-gcn, dataset-kiba, epoch-284, loss-0.2664, cindex-0.7898, test_loss-0.1932
2024-04-28 21:50:06 - INFO - model-gcn, dataset-kiba, epoch-285, loss-0.2658, cindex-0.7902, test_loss-0.1807
2024-04-28 21:51:36 - INFO - model-gcn, dataset-kiba, epoch-286, loss-0.2597, cindex-0.7919, test_loss-0.1843
2024-04-28 21:52:51 - INFO - model-gcn, dataset-kiba, epoch-287, loss-0.2625, cindex-0.7904, test_loss-0.1786
2024-04-28 21:54:13 - INFO - model-gcn, dataset-kiba, epoch-288, loss-0.2626, cindex-0.7910, test_loss-0.1829
2024-04-28 21:55:27 - INFO - model-gcn, dataset-kiba, epoch-289, loss-0.2637, cindex-0.7910, test_loss-0.1805
2024-04-28 21:56:43 - INFO - model-gcn, dataset-kiba, epoch-290, loss-0.2616, cindex-0.7921, test_loss-0.1831
2024-04-28 21:57:54 - INFO - model-gcn, dataset-kiba, epoch-291, loss-0.2610, cindex-0.7916, test_loss-0.1772
2024-04-28 21:59:11 - INFO - model-gcn, dataset-kiba, epoch-292, loss-0.2615, cindex-0.7909, test_loss-0.1781
2024-04-28 22:00:33 - INFO - model-gcn, dataset-kiba, epoch-293, loss-0.2597, cindex-0.7920, test_loss-0.1855
2024-04-28 22:01:57 - INFO - model-gcn, dataset-kiba, epoch-294, loss-0.2565, cindex-0.7927, test_loss-0.1804
2024-04-28 22:03:10 - INFO - model-gcn, dataset-kiba, epoch-295, loss-0.2614, cindex-0.7918, test_loss-0.1795
2024-04-28 22:04:25 - INFO - model-gcn, dataset-kiba, epoch-296, loss-0.2564, cindex-0.7921, test_loss-0.1815
2024-04-28 22:06:03 - INFO - model-gcn, dataset-kiba, epoch-297, loss-0.2571, cindex-0.7933, test_loss-0.1805
2024-04-28 22:07:28 - INFO - model-gcn, dataset-kiba, epoch-298, loss-0.2548, cindex-0.7932, test_loss-0.1778
2024-04-28 22:08:50 - INFO - model-gcn, dataset-kiba, epoch-299, loss-0.2561, cindex-0.7939, test_loss-0.1762
2024-04-28 22:08:50 - INFO - Saving model...
2024-04-28 22:10:03 - INFO - model-gcn, dataset-kiba, epoch-300, loss-0.2556, cindex-0.7939, test_loss-0.1839
2024-04-28 22:11:24 - INFO - model-gcn, dataset-kiba, epoch-301, loss-0.2572, cindex-0.7938, test_loss-0.1757
2024-04-28 22:11:24 - INFO - Saving model...
2024-04-28 22:12:36 - INFO - model-gcn, dataset-kiba, epoch-302, loss-0.2560, cindex-0.7938, test_loss-0.1778
2024-04-28 22:13:55 - INFO - model-gcn, dataset-kiba, epoch-303, loss-0.2515, cindex-0.7948, test_loss-0.1836
2024-04-28 22:15:07 - INFO - model-gcn, dataset-kiba, epoch-304, loss-0.2508, cindex-0.7955, test_loss-0.1767
2024-04-28 22:16:25 - INFO - model-gcn, dataset-kiba, epoch-305, loss-0.2507, cindex-0.7952, test_loss-0.1816
2024-04-28 22:17:42 - INFO - model-gcn, dataset-kiba, epoch-306, loss-0.2529, cindex-0.7947, test_loss-0.1795
2024-04-28 22:19:01 - INFO - model-gcn, dataset-kiba, epoch-307, loss-0.2507, cindex-0.7951, test_loss-0.1796
2024-04-28 22:20:22 - INFO - model-gcn, dataset-kiba, epoch-308, loss-0.2522, cindex-0.7953, test_loss-0.1873
2024-04-28 22:21:37 - INFO - model-gcn, dataset-kiba, epoch-309, loss-0.2506, cindex-0.7953, test_loss-0.1764
2024-04-28 22:22:48 - INFO - model-gcn, dataset-kiba, epoch-310, loss-0.2487, cindex-0.7951, test_loss-0.1811
2024-04-28 22:24:05 - INFO - model-gcn, dataset-kiba, epoch-311, loss-0.2503, cindex-0.7953, test_loss-0.1820
2024-04-28 22:25:26 - INFO - model-gcn, dataset-kiba, epoch-312, loss-0.2457, cindex-0.7968, test_loss-0.1786
2024-04-28 22:26:42 - INFO - model-gcn, dataset-kiba, epoch-313, loss-0.2492, cindex-0.7959, test_loss-0.1765
2024-04-28 22:27:59 - INFO - model-gcn, dataset-kiba, epoch-314, loss-0.2450, cindex-0.7974, test_loss-0.1782
2024-04-28 22:29:09 - INFO - model-gcn, dataset-kiba, epoch-315, loss-0.2436, cindex-0.7969, test_loss-0.1770
2024-04-28 22:30:29 - INFO - model-gcn, dataset-kiba, epoch-316, loss-0.2438, cindex-0.7975, test_loss-0.1837
2024-04-28 22:31:43 - INFO - model-gcn, dataset-kiba, epoch-317, loss-0.2457, cindex-0.7968, test_loss-0.1762
2024-04-28 22:32:58 - INFO - model-gcn, dataset-kiba, epoch-318, loss-0.2444, cindex-0.7976, test_loss-0.1770
2024-04-28 22:34:12 - INFO - model-gcn, dataset-kiba, epoch-319, loss-0.2447, cindex-0.7986, test_loss-0.1736
2024-04-28 22:34:12 - INFO - Saving model...
2024-04-28 22:35:40 - INFO - model-gcn, dataset-kiba, epoch-320, loss-0.2409, cindex-0.7982, test_loss-0.1834
2024-04-28 22:37:03 - INFO - model-gcn, dataset-kiba, epoch-321, loss-0.2420, cindex-0.7981, test_loss-0.1793
2024-04-28 22:38:33 - INFO - model-gcn, dataset-kiba, epoch-322, loss-0.2425, cindex-0.7982, test_loss-0.1803
2024-04-28 22:40:01 - INFO - model-gcn, dataset-kiba, epoch-323, loss-0.2407, cindex-0.7991, test_loss-0.1767
2024-04-28 22:41:26 - INFO - model-gcn, dataset-kiba, epoch-324, loss-0.2396, cindex-0.7994, test_loss-0.1731
2024-04-28 22:41:26 - INFO - Saving model...
2024-04-28 22:42:39 - INFO - model-gcn, dataset-kiba, epoch-325, loss-0.2406, cindex-0.7989, test_loss-0.1875
2024-04-28 22:43:51 - INFO - model-gcn, dataset-kiba, epoch-326, loss-0.2386, cindex-0.7999, test_loss-0.1742
2024-04-28 22:45:22 - INFO - model-gcn, dataset-kiba, epoch-327, loss-0.2400, cindex-0.7992, test_loss-0.1868
2024-04-28 22:46:50 - INFO - model-gcn, dataset-kiba, epoch-328, loss-0.2400, cindex-0.7990, test_loss-0.1799
2024-04-28 22:48:14 - INFO - model-gcn, dataset-kiba, epoch-329, loss-0.2400, cindex-0.8003, test_loss-0.1756
2024-04-28 22:49:35 - INFO - model-gcn, dataset-kiba, epoch-330, loss-0.2358, cindex-0.8004, test_loss-0.1770
2024-04-28 22:50:49 - INFO - model-gcn, dataset-kiba, epoch-331, loss-0.2362, cindex-0.8011, test_loss-0.1765
2024-04-28 22:52:10 - INFO - model-gcn, dataset-kiba, epoch-332, loss-0.2341, cindex-0.8011, test_loss-0.1760
2024-04-28 22:53:24 - INFO - model-gcn, dataset-kiba, epoch-333, loss-0.2362, cindex-0.8011, test_loss-0.1726
2024-04-28 22:53:24 - INFO - Saving model...
2024-04-28 22:54:52 - INFO - model-gcn, dataset-kiba, epoch-334, loss-0.2343, cindex-0.8013, test_loss-0.1745
2024-04-28 22:56:06 - INFO - model-gcn, dataset-kiba, epoch-335, loss-0.2334, cindex-0.8014, test_loss-0.1747
2024-04-28 22:57:22 - INFO - model-gcn, dataset-kiba, epoch-336, loss-0.2328, cindex-0.8021, test_loss-0.1733
2024-04-28 22:58:35 - INFO - model-gcn, dataset-kiba, epoch-337, loss-0.2312, cindex-0.8020, test_loss-0.1802
2024-04-28 23:00:05 - INFO - model-gcn, dataset-kiba, epoch-338, loss-0.2342, cindex-0.8019, test_loss-0.1755
2024-04-28 23:01:20 - INFO - model-gcn, dataset-kiba, epoch-339, loss-0.2323, cindex-0.8025, test_loss-0.1736
2024-04-28 23:02:49 - INFO - model-gcn, dataset-kiba, epoch-340, loss-0.2312, cindex-0.8026, test_loss-0.1794
2024-04-28 23:04:04 - INFO - model-gcn, dataset-kiba, epoch-341, loss-0.2286, cindex-0.8037, test_loss-0.1742
2024-04-28 23:05:18 - INFO - model-gcn, dataset-kiba, epoch-342, loss-0.2319, cindex-0.8024, test_loss-0.1738
2024-04-28 23:06:32 - INFO - model-gcn, dataset-kiba, epoch-343, loss-0.2281, cindex-0.8033, test_loss-0.1778
2024-04-28 23:07:51 - INFO - model-gcn, dataset-kiba, epoch-344, loss-0.2284, cindex-0.8036, test_loss-0.1755
2024-04-28 23:09:00 - INFO - model-gcn, dataset-kiba, epoch-345, loss-0.2259, cindex-0.8042, test_loss-0.1760
2024-04-28 23:10:17 - INFO - model-gcn, dataset-kiba, epoch-346, loss-0.2269, cindex-0.8037, test_loss-0.1751
2024-04-28 23:11:33 - INFO - model-gcn, dataset-kiba, epoch-347, loss-0.2250, cindex-0.8051, test_loss-0.1755
2024-04-28 23:12:50 - INFO - model-gcn, dataset-kiba, epoch-348, loss-0.2273, cindex-0.8040, test_loss-0.1710
2024-04-28 23:12:50 - INFO - Saving model...
2024-04-28 23:14:09 - INFO - model-gcn, dataset-kiba, epoch-349, loss-0.2257, cindex-0.8043, test_loss-0.1733
2024-04-28 23:15:29 - INFO - model-gcn, dataset-kiba, epoch-350, loss-0.2276, cindex-0.8042, test_loss-0.1699
2024-04-28 23:15:29 - INFO - Saving model...
2024-04-28 23:16:59 - INFO - model-gcn, dataset-kiba, epoch-351, loss-0.2248, cindex-0.8052, test_loss-0.1704
2024-04-28 23:18:15 - INFO - model-gcn, dataset-kiba, epoch-352, loss-0.2251, cindex-0.8049, test_loss-0.1730
2024-04-28 23:19:37 - INFO - model-gcn, dataset-kiba, epoch-353, loss-0.2219, cindex-0.8059, test_loss-0.1757
2024-04-28 23:20:57 - INFO - model-gcn, dataset-kiba, epoch-354, loss-0.2232, cindex-0.8050, test_loss-0.1701
2024-04-28 23:22:13 - INFO - model-gcn, dataset-kiba, epoch-355, loss-0.2228, cindex-0.8062, test_loss-0.1745
2024-04-28 23:23:36 - INFO - model-gcn, dataset-kiba, epoch-356, loss-0.2210, cindex-0.8061, test_loss-0.1727
2024-04-28 23:24:50 - INFO - model-gcn, dataset-kiba, epoch-357, loss-0.2199, cindex-0.8074, test_loss-0.1716
2024-04-28 23:26:05 - INFO - model-gcn, dataset-kiba, epoch-358, loss-0.2196, cindex-0.8067, test_loss-0.1702
2024-04-28 23:27:19 - INFO - model-gcn, dataset-kiba, epoch-359, loss-0.2224, cindex-0.8059, test_loss-0.1768
2024-04-28 23:28:37 - INFO - model-gcn, dataset-kiba, epoch-360, loss-0.2183, cindex-0.8073, test_loss-0.1714
2024-04-28 23:30:14 - INFO - model-gcn, dataset-kiba, epoch-361, loss-0.2177, cindex-0.8074, test_loss-0.1720
2024-04-28 23:31:38 - INFO - model-gcn, dataset-kiba, epoch-362, loss-0.2188, cindex-0.8076, test_loss-0.1724
2024-04-28 23:33:10 - INFO - model-gcn, dataset-kiba, epoch-363, loss-0.2194, cindex-0.8073, test_loss-0.1695
2024-04-28 23:33:10 - INFO - Saving model...
2024-04-28 23:34:32 - INFO - model-gcn, dataset-kiba, epoch-364, loss-0.2163, cindex-0.8085, test_loss-0.1695
2024-04-28 23:34:32 - INFO - Saving model...
2024-04-28 23:35:53 - INFO - model-gcn, dataset-kiba, epoch-365, loss-0.2183, cindex-0.8076, test_loss-0.1784
2024-04-28 23:37:14 - INFO - model-gcn, dataset-kiba, epoch-366, loss-0.2162, cindex-0.8085, test_loss-0.1722
2024-04-28 23:38:45 - INFO - model-gcn, dataset-kiba, epoch-367, loss-0.2173, cindex-0.8079, test_loss-0.1891
2024-04-28 23:40:16 - INFO - model-gcn, dataset-kiba, epoch-368, loss-0.2139, cindex-0.8089, test_loss-0.1712
2024-04-28 23:41:32 - INFO - model-gcn, dataset-kiba, epoch-369, loss-0.2152, cindex-0.8093, test_loss-0.1759
2024-04-28 23:42:59 - INFO - model-gcn, dataset-kiba, epoch-370, loss-0.2137, cindex-0.8093, test_loss-0.1698
2024-04-28 23:44:14 - INFO - model-gcn, dataset-kiba, epoch-371, loss-0.2143, cindex-0.8102, test_loss-0.1730
2024-04-28 23:45:27 - INFO - model-gcn, dataset-kiba, epoch-372, loss-0.2126, cindex-0.8099, test_loss-0.1739
2024-04-28 23:46:59 - INFO - model-gcn, dataset-kiba, epoch-373, loss-0.2139, cindex-0.8090, test_loss-0.1747
2024-04-28 23:48:12 - INFO - model-gcn, dataset-kiba, epoch-374, loss-0.2117, cindex-0.8100, test_loss-0.1693
2024-04-28 23:48:12 - INFO - Saving model...
2024-04-28 23:49:36 - INFO - model-gcn, dataset-kiba, epoch-375, loss-0.2108, cindex-0.8113, test_loss-0.1703
2024-04-28 23:51:07 - INFO - model-gcn, dataset-kiba, epoch-376, loss-0.2125, cindex-0.8098, test_loss-0.1740
2024-04-28 23:52:38 - INFO - model-gcn, dataset-kiba, epoch-377, loss-0.2087, cindex-0.8109, test_loss-0.1718
2024-04-28 23:53:54 - INFO - model-gcn, dataset-kiba, epoch-378, loss-0.2095, cindex-0.8113, test_loss-0.1753
2024-04-28 23:55:15 - INFO - model-gcn, dataset-kiba, epoch-379, loss-0.2074, cindex-0.8127, test_loss-0.1732
2024-04-28 23:56:31 - INFO - model-gcn, dataset-kiba, epoch-380, loss-0.2083, cindex-0.8114, test_loss-0.1753
2024-04-28 23:57:45 - INFO - model-gcn, dataset-kiba, epoch-381, loss-0.2064, cindex-0.8122, test_loss-0.1703
2024-04-28 23:59:02 - INFO - model-gcn, dataset-kiba, epoch-382, loss-0.2064, cindex-0.8122, test_loss-0.1789
2024-04-29 00:00:18 - INFO - model-gcn, dataset-kiba, epoch-383, loss-0.2051, cindex-0.8132, test_loss-0.1675
2024-04-29 00:00:18 - INFO - Saving model...
2024-04-29 00:01:32 - INFO - model-gcn, dataset-kiba, epoch-384, loss-0.2048, cindex-0.8131, test_loss-0.1700
2024-04-29 00:02:43 - INFO - model-gcn, dataset-kiba, epoch-385, loss-0.2015, cindex-0.8149, test_loss-0.1690
2024-04-29 00:03:57 - INFO - model-gcn, dataset-kiba, epoch-386, loss-0.2029, cindex-0.8136, test_loss-0.1690
2024-04-29 00:05:14 - INFO - model-gcn, dataset-kiba, epoch-387, loss-0.2020, cindex-0.8145, test_loss-0.1716
2024-04-29 00:06:28 - INFO - model-gcn, dataset-kiba, epoch-388, loss-0.2002, cindex-0.8143, test_loss-0.1689
2024-04-29 00:07:42 - INFO - model-gcn, dataset-kiba, epoch-389, loss-0.2000, cindex-0.8156, test_loss-0.1722
2024-04-29 00:08:58 - INFO - model-gcn, dataset-kiba, epoch-390, loss-0.1997, cindex-0.8152, test_loss-0.1675
2024-04-29 00:08:58 - INFO - Saving model...
2024-04-29 00:10:10 - INFO - model-gcn, dataset-kiba, epoch-391, loss-0.2002, cindex-0.8156, test_loss-0.1695
2024-04-29 00:11:41 - INFO - model-gcn, dataset-kiba, epoch-392, loss-0.1985, cindex-0.8152, test_loss-0.1654
2024-04-29 00:11:41 - INFO - Saving model...
2024-04-29 00:12:56 - INFO - model-gcn, dataset-kiba, epoch-393, loss-0.1995, cindex-0.8159, test_loss-0.1702
2024-04-29 00:14:11 - INFO - model-gcn, dataset-kiba, epoch-394, loss-0.1968, cindex-0.8159, test_loss-0.1803
2024-04-29 00:15:31 - INFO - model-gcn, dataset-kiba, epoch-395, loss-0.1969, cindex-0.8163, test_loss-0.1679
2024-04-29 00:16:45 - INFO - model-gcn, dataset-kiba, epoch-396, loss-0.1964, cindex-0.8164, test_loss-0.1685
2024-04-29 00:18:00 - INFO - model-gcn, dataset-kiba, epoch-397, loss-0.1950, cindex-0.8177, test_loss-0.1685
2024-04-29 00:19:21 - INFO - model-gcn, dataset-kiba, epoch-398, loss-0.1978, cindex-0.8163, test_loss-0.1689
2024-04-29 00:20:52 - INFO - model-gcn, dataset-kiba, epoch-399, loss-0.1954, cindex-0.8172, test_loss-0.1638
2024-04-29 00:20:52 - INFO - Saving model...
2024-04-29 00:22:16 - INFO - model-gcn, dataset-kiba, epoch-400, loss-0.1955, cindex-0.8172, test_loss-0.1725
2024-04-29 00:23:46 - INFO - model-gcn, dataset-kiba, epoch-401, loss-0.1931, cindex-0.8177, test_loss-0.1699
2024-04-29 00:25:00 - INFO - model-gcn, dataset-kiba, epoch-402, loss-0.1934, cindex-0.8171, test_loss-0.1683
2024-04-29 00:26:21 - INFO - model-gcn, dataset-kiba, epoch-403, loss-0.1921, cindex-0.8181, test_loss-0.1699
2024-04-29 00:27:37 - INFO - model-gcn, dataset-kiba, epoch-404, loss-0.1897, cindex-0.8190, test_loss-0.1685
2024-04-29 00:28:48 - INFO - model-gcn, dataset-kiba, epoch-405, loss-0.1920, cindex-0.8192, test_loss-0.1677
2024-04-29 00:29:57 - INFO - model-gcn, dataset-kiba, epoch-406, loss-0.1912, cindex-0.8196, test_loss-0.1677
2024-04-29 00:31:09 - INFO - model-gcn, dataset-kiba, epoch-407, loss-0.1905, cindex-0.8187, test_loss-0.1798
2024-04-29 00:32:20 - INFO - model-gcn, dataset-kiba, epoch-408, loss-0.1897, cindex-0.8202, test_loss-0.1675
2024-04-29 00:33:36 - INFO - model-gcn, dataset-kiba, epoch-409, loss-0.1878, cindex-0.8195, test_loss-0.1674
2024-04-29 00:35:10 - INFO - model-gcn, dataset-kiba, epoch-410, loss-0.1892, cindex-0.8195, test_loss-0.1651
2024-04-29 00:36:48 - INFO - model-gcn, dataset-kiba, epoch-411, loss-0.1879, cindex-0.8212, test_loss-0.1622
2024-04-29 00:36:48 - INFO - Saving model...
2024-04-29 00:38:26 - INFO - model-gcn, dataset-kiba, epoch-412, loss-0.1886, cindex-0.8204, test_loss-0.1625
2024-04-29 00:40:04 - INFO - model-gcn, dataset-kiba, epoch-413, loss-0.1878, cindex-0.8199, test_loss-0.1662
2024-04-29 00:41:42 - INFO - model-gcn, dataset-kiba, epoch-414, loss-0.1893, cindex-0.8210, test_loss-0.1648
2024-04-29 00:43:06 - INFO - model-gcn, dataset-kiba, epoch-415, loss-0.1861, cindex-0.8206, test_loss-0.1632
2024-04-29 00:44:44 - INFO - model-gcn, dataset-kiba, epoch-416, loss-0.1872, cindex-0.8211, test_loss-0.1643
2024-04-29 00:46:15 - INFO - model-gcn, dataset-kiba, epoch-417, loss-0.1857, cindex-0.8211, test_loss-0.1634
2024-04-29 00:47:27 - INFO - model-gcn, dataset-kiba, epoch-418, loss-0.1844, cindex-0.8216, test_loss-0.1645
2024-04-29 00:48:42 - INFO - model-gcn, dataset-kiba, epoch-419, loss-0.1840, cindex-0.8217, test_loss-0.1704
2024-04-29 00:49:53 - INFO - model-gcn, dataset-kiba, epoch-420, loss-0.1849, cindex-0.8216, test_loss-0.1621
2024-04-29 00:49:53 - INFO - Saving model...
2024-04-29 00:51:04 - INFO - model-gcn, dataset-kiba, epoch-421, loss-0.1843, cindex-0.8218, test_loss-0.1660
2024-04-29 00:52:20 - INFO - model-gcn, dataset-kiba, epoch-422, loss-0.1805, cindex-0.8227, test_loss-0.1658
2024-04-29 00:53:33 - INFO - model-gcn, dataset-kiba, epoch-423, loss-0.1823, cindex-0.8235, test_loss-0.1642
2024-04-29 00:55:06 - INFO - model-gcn, dataset-kiba, epoch-424, loss-0.1817, cindex-0.8233, test_loss-0.1626
2024-04-29 00:56:30 - INFO - model-gcn, dataset-kiba, epoch-425, loss-0.1799, cindex-0.8233, test_loss-0.1621
2024-04-29 00:56:30 - INFO - Saving model...
2024-04-29 00:57:51 - INFO - model-gcn, dataset-kiba, epoch-426, loss-0.1789, cindex-0.8246, test_loss-0.1647
2024-04-29 00:59:11 - INFO - model-gcn, dataset-kiba, epoch-427, loss-0.1793, cindex-0.8238, test_loss-0.1650
2024-04-29 01:00:27 - INFO - model-gcn, dataset-kiba, epoch-428, loss-0.1787, cindex-0.8242, test_loss-0.1677
2024-04-29 01:01:44 - INFO - model-gcn, dataset-kiba, epoch-429, loss-0.1786, cindex-0.8241, test_loss-0.1620
2024-04-29 01:01:44 - INFO - Saving model...
2024-04-29 01:03:07 - INFO - model-gcn, dataset-kiba, epoch-430, loss-0.1779, cindex-0.8237, test_loss-0.1629
2024-04-29 01:04:36 - INFO - model-gcn, dataset-kiba, epoch-431, loss-0.1790, cindex-0.8248, test_loss-0.1628
2024-04-29 01:05:57 - INFO - model-gcn, dataset-kiba, epoch-432, loss-0.1774, cindex-0.8240, test_loss-0.1618
2024-04-29 01:05:57 - INFO - Saving model...
2024-04-29 01:07:10 - INFO - model-gcn, dataset-kiba, epoch-433, loss-0.1763, cindex-0.8257, test_loss-0.1632
2024-04-29 01:08:25 - INFO - model-gcn, dataset-kiba, epoch-434, loss-0.1767, cindex-0.8253, test_loss-0.1634
2024-04-29 01:09:33 - INFO - model-gcn, dataset-kiba, epoch-435, loss-0.1786, cindex-0.8244, test_loss-0.1662
2024-04-29 01:10:41 - INFO - model-gcn, dataset-kiba, epoch-436, loss-0.1737, cindex-0.8267, test_loss-0.1637
2024-04-29 01:11:52 - INFO - model-gcn, dataset-kiba, epoch-437, loss-0.1738, cindex-0.8266, test_loss-0.1598
2024-04-29 01:11:52 - INFO - Saving model...
2024-04-29 01:13:09 - INFO - model-gcn, dataset-kiba, epoch-438, loss-0.1743, cindex-0.8254, test_loss-0.1639
2024-04-29 01:14:27 - INFO - model-gcn, dataset-kiba, epoch-439, loss-0.1726, cindex-0.8269, test_loss-0.1618
2024-04-29 01:15:35 - INFO - model-gcn, dataset-kiba, epoch-440, loss-0.1738, cindex-0.8260, test_loss-0.1635
2024-04-29 01:16:51 - INFO - model-gcn, dataset-kiba, epoch-441, loss-0.1732, cindex-0.8277, test_loss-0.1641
2024-04-29 01:18:08 - INFO - model-gcn, dataset-kiba, epoch-442, loss-0.1716, cindex-0.8277, test_loss-0.1608
2024-04-29 01:19:27 - INFO - model-gcn, dataset-kiba, epoch-443, loss-0.1712, cindex-0.8276, test_loss-0.1622
2024-04-29 01:20:38 - INFO - model-gcn, dataset-kiba, epoch-444, loss-0.1722, cindex-0.8267, test_loss-0.1613
2024-04-29 01:22:09 - INFO - model-gcn, dataset-kiba, epoch-445, loss-0.1718, cindex-0.8273, test_loss-0.1618
2024-04-29 01:23:41 - INFO - model-gcn, dataset-kiba, epoch-446, loss-0.1704, cindex-0.8279, test_loss-0.1610
2024-04-29 01:25:19 - INFO - model-gcn, dataset-kiba, epoch-447, loss-0.1707, cindex-0.8275, test_loss-0.1626
2024-04-29 01:26:50 - INFO - model-gcn, dataset-kiba, epoch-448, loss-0.1697, cindex-0.8284, test_loss-0.1612
2024-04-29 01:28:20 - INFO - model-gcn, dataset-kiba, epoch-449, loss-0.1702, cindex-0.8278, test_loss-0.1633
2024-04-29 01:29:49 - INFO - model-gcn, dataset-kiba, epoch-450, loss-0.1694, cindex-0.8279, test_loss-0.1623
