2024-04-28 15:25:48 - INFO - train.py
2024-04-28 15:25:48 - INFO - DAVIS Dataset loaded successfully!
2024-04-28 15:25:48 - INFO - Train Length: 18041
2024-04-28 15:25:48 - INFO - Test Length: 5154
2024-04-28 15:25:49 - INFO - GraphDTA + GCN model loaded successfully!
2024-04-28 15:25:49 - INFO - Training for 500 epochs (695 steps) begins...
2024-04-28 15:25:56 - INFO - model-gcn, dataset-davis, epoch-1, loss-5.1062, cindex-0.5456, test_loss-1.1949
2024-04-28 15:25:56 - INFO - Saving model...
2024-04-28 15:26:02 - INFO - model-gcn, dataset-davis, epoch-2, loss-0.7102, cindex-0.6387, test_loss-0.5345
2024-04-28 15:26:02 - INFO - Saving model...
2024-04-28 15:26:09 - INFO - model-gcn, dataset-davis, epoch-3, loss-0.6243, cindex-0.6907, test_loss-0.4628
2024-04-28 15:26:09 - INFO - Saving model...
2024-04-28 15:26:16 - INFO - model-gcn, dataset-davis, epoch-4, loss-0.5761, cindex-0.7237, test_loss-0.4347
2024-04-28 15:26:16 - INFO - Saving model...
2024-04-28 15:26:22 - INFO - model-gcn, dataset-davis, epoch-5, loss-0.5448, cindex-0.7439, test_loss-0.4453
2024-04-28 15:26:29 - INFO - model-gcn, dataset-davis, epoch-6, loss-0.5354, cindex-0.7536, test_loss-0.5048
2024-04-28 15:26:36 - INFO - model-gcn, dataset-davis, epoch-7, loss-0.5346, cindex-0.7566, test_loss-0.4958
2024-04-28 15:26:43 - INFO - model-gcn, dataset-davis, epoch-8, loss-0.5237, cindex-0.7625, test_loss-0.4341
2024-04-28 15:26:43 - INFO - Saving model...
2024-04-28 15:26:50 - INFO - model-gcn, dataset-davis, epoch-9, loss-0.5145, cindex-0.7641, test_loss-0.4181
2024-04-28 15:26:50 - INFO - Saving model...
2024-04-28 15:26:58 - INFO - model-gcn, dataset-davis, epoch-10, loss-0.5203, cindex-0.7663, test_loss-0.4429
2024-04-28 15:27:05 - INFO - model-gcn, dataset-davis, epoch-11, loss-0.5134, cindex-0.7650, test_loss-0.4159
2024-04-28 15:27:05 - INFO - Saving model...
2024-04-28 15:27:12 - INFO - model-gcn, dataset-davis, epoch-12, loss-0.5090, cindex-0.7670, test_loss-0.4145
2024-04-28 15:27:12 - INFO - Saving model...
2024-04-28 15:27:20 - INFO - model-gcn, dataset-davis, epoch-13, loss-0.5015, cindex-0.7705, test_loss-0.4155
2024-04-28 15:27:27 - INFO - model-gcn, dataset-davis, epoch-14, loss-0.4998, cindex-0.7744, test_loss-0.4105
2024-04-28 15:27:27 - INFO - Saving model...
2024-04-28 15:27:35 - INFO - model-gcn, dataset-davis, epoch-15, loss-0.5114, cindex-0.7702, test_loss-0.4355
2024-04-28 15:27:42 - INFO - model-gcn, dataset-davis, epoch-16, loss-0.4984, cindex-0.7758, test_loss-0.4955
2024-04-28 15:27:50 - INFO - model-gcn, dataset-davis, epoch-17, loss-0.5004, cindex-0.7736, test_loss-0.4046
2024-04-28 15:27:50 - INFO - Saving model...
2024-04-28 15:27:57 - INFO - model-gcn, dataset-davis, epoch-18, loss-0.4880, cindex-0.7779, test_loss-0.4345
2024-04-28 15:28:05 - INFO - model-gcn, dataset-davis, epoch-19, loss-0.4965, cindex-0.7811, test_loss-0.4135
2024-04-28 15:28:12 - INFO - model-gcn, dataset-davis, epoch-20, loss-0.4771, cindex-0.7801, test_loss-0.3894
2024-04-28 15:28:12 - INFO - Saving model...
2024-04-28 15:28:20 - INFO - model-gcn, dataset-davis, epoch-21, loss-0.4685, cindex-0.7817, test_loss-0.4275
2024-04-28 15:28:27 - INFO - model-gcn, dataset-davis, epoch-22, loss-0.4594, cindex-0.7821, test_loss-0.4033
2024-04-28 15:28:35 - INFO - model-gcn, dataset-davis, epoch-23, loss-0.4590, cindex-0.7782, test_loss-0.3668
2024-04-28 15:28:35 - INFO - Saving model...
2024-04-28 15:28:42 - INFO - model-gcn, dataset-davis, epoch-24, loss-0.4462, cindex-0.7835, test_loss-0.3679
2024-04-28 15:28:49 - INFO - model-gcn, dataset-davis, epoch-25, loss-0.4491, cindex-0.7865, test_loss-0.4373
2024-04-28 15:28:56 - INFO - model-gcn, dataset-davis, epoch-26, loss-0.4414, cindex-0.7853, test_loss-0.3740
2024-04-28 15:29:04 - INFO - model-gcn, dataset-davis, epoch-27, loss-0.4371, cindex-0.7936, test_loss-0.3642
2024-04-28 15:29:04 - INFO - Saving model...
2024-04-28 15:29:11 - INFO - model-gcn, dataset-davis, epoch-28, loss-0.4344, cindex-0.7910, test_loss-0.3770
2024-04-28 15:29:18 - INFO - model-gcn, dataset-davis, epoch-29, loss-0.4444, cindex-0.7920, test_loss-0.4058
2024-04-28 15:29:25 - INFO - model-gcn, dataset-davis, epoch-30, loss-0.4339, cindex-0.7958, test_loss-0.3685
2024-04-28 15:29:33 - INFO - model-gcn, dataset-davis, epoch-31, loss-0.4399, cindex-0.7909, test_loss-0.3756
2024-04-28 15:29:40 - INFO - model-gcn, dataset-davis, epoch-32, loss-0.4285, cindex-0.7980, test_loss-0.3603
2024-04-28 15:29:40 - INFO - Saving model...
2024-04-28 15:29:47 - INFO - model-gcn, dataset-davis, epoch-33, loss-0.4298, cindex-0.7921, test_loss-0.3851
2024-04-28 15:29:55 - INFO - model-gcn, dataset-davis, epoch-34, loss-0.4467, cindex-0.7973, test_loss-0.3673
2024-04-28 15:30:02 - INFO - model-gcn, dataset-davis, epoch-35, loss-0.4319, cindex-0.8024, test_loss-0.3664
2024-04-28 15:30:09 - INFO - model-gcn, dataset-davis, epoch-36, loss-0.4273, cindex-0.8009, test_loss-0.3669
2024-04-28 15:30:17 - INFO - model-gcn, dataset-davis, epoch-37, loss-0.4180, cindex-0.8045, test_loss-0.3751
2024-04-28 15:30:24 - INFO - model-gcn, dataset-davis, epoch-38, loss-0.4046, cindex-0.8086, test_loss-0.3383
2024-04-28 15:30:24 - INFO - Saving model...
2024-04-28 15:30:32 - INFO - model-gcn, dataset-davis, epoch-39, loss-0.3991, cindex-0.8106, test_loss-0.3386
2024-04-28 15:30:40 - INFO - model-gcn, dataset-davis, epoch-40, loss-0.3964, cindex-0.8152, test_loss-0.3253
2024-04-28 15:30:40 - INFO - Saving model...
2024-04-28 15:30:48 - INFO - model-gcn, dataset-davis, epoch-41, loss-0.3744, cindex-0.8208, test_loss-0.3252
2024-04-28 15:30:48 - INFO - Saving model...
2024-04-28 15:30:56 - INFO - model-gcn, dataset-davis, epoch-42, loss-0.3736, cindex-0.8241, test_loss-0.3326
2024-04-28 15:31:03 - INFO - model-gcn, dataset-davis, epoch-43, loss-0.3828, cindex-0.8201, test_loss-0.3298
2024-04-28 15:31:11 - INFO - model-gcn, dataset-davis, epoch-44, loss-0.3664, cindex-0.8256, test_loss-0.3199
2024-04-28 15:31:11 - INFO - Saving model...
2024-04-28 15:31:19 - INFO - model-gcn, dataset-davis, epoch-45, loss-0.3616, cindex-0.8276, test_loss-0.3466
2024-04-28 15:31:26 - INFO - model-gcn, dataset-davis, epoch-46, loss-0.3703, cindex-0.8241, test_loss-0.2997
2024-04-28 15:31:26 - INFO - Saving model...
2024-04-28 15:31:34 - INFO - model-gcn, dataset-davis, epoch-47, loss-0.3587, cindex-0.8289, test_loss-0.3223
2024-04-28 15:31:41 - INFO - model-gcn, dataset-davis, epoch-48, loss-0.3586, cindex-0.8334, test_loss-0.3280
2024-04-28 15:31:49 - INFO - model-gcn, dataset-davis, epoch-49, loss-0.3512, cindex-0.8310, test_loss-0.2991
2024-04-28 15:31:49 - INFO - Saving model...
2024-04-28 15:31:57 - INFO - model-gcn, dataset-davis, epoch-50, loss-0.3535, cindex-0.8336, test_loss-0.3594
2024-04-28 15:32:04 - INFO - model-gcn, dataset-davis, epoch-51, loss-0.3540, cindex-0.8327, test_loss-0.3134
2024-04-28 15:32:12 - INFO - model-gcn, dataset-davis, epoch-52, loss-0.3419, cindex-0.8322, test_loss-0.2982
2024-04-28 15:32:12 - INFO - Saving model...
2024-04-28 15:32:19 - INFO - model-gcn, dataset-davis, epoch-53, loss-0.3384, cindex-0.8351, test_loss-0.3032
2024-04-28 15:32:27 - INFO - model-gcn, dataset-davis, epoch-54, loss-0.3477, cindex-0.8370, test_loss-0.3138
2024-04-28 15:32:34 - INFO - model-gcn, dataset-davis, epoch-55, loss-0.3293, cindex-0.8370, test_loss-0.3133
2024-04-28 15:32:42 - INFO - model-gcn, dataset-davis, epoch-56, loss-0.3372, cindex-0.8367, test_loss-0.2922
2024-04-28 15:32:42 - INFO - Saving model...
2024-04-28 15:32:49 - INFO - model-gcn, dataset-davis, epoch-57, loss-0.3314, cindex-0.8379, test_loss-0.3232
2024-04-28 15:32:57 - INFO - model-gcn, dataset-davis, epoch-58, loss-0.3367, cindex-0.8376, test_loss-0.2938
2024-04-28 15:33:04 - INFO - model-gcn, dataset-davis, epoch-59, loss-0.3294, cindex-0.8374, test_loss-0.2944
2024-04-28 15:33:12 - INFO - model-gcn, dataset-davis, epoch-60, loss-0.3206, cindex-0.8393, test_loss-0.2885
2024-04-28 15:33:12 - INFO - Saving model...
2024-04-28 15:33:19 - INFO - model-gcn, dataset-davis, epoch-61, loss-0.3241, cindex-0.8412, test_loss-0.3113
2024-04-28 15:33:26 - INFO - model-gcn, dataset-davis, epoch-62, loss-0.3176, cindex-0.8421, test_loss-0.2938
2024-04-28 15:33:34 - INFO - model-gcn, dataset-davis, epoch-63, loss-0.3113, cindex-0.8428, test_loss-0.3336
2024-04-28 15:33:41 - INFO - model-gcn, dataset-davis, epoch-64, loss-0.3162, cindex-0.8430, test_loss-0.2803
2024-04-28 15:33:41 - INFO - Saving model...
2024-04-28 15:33:49 - INFO - model-gcn, dataset-davis, epoch-65, loss-0.3063, cindex-0.8449, test_loss-0.2753
2024-04-28 15:33:49 - INFO - Saving model...
2024-04-28 15:33:56 - INFO - model-gcn, dataset-davis, epoch-66, loss-0.3024, cindex-0.8431, test_loss-0.2817
2024-04-28 15:34:04 - INFO - model-gcn, dataset-davis, epoch-67, loss-0.2993, cindex-0.8467, test_loss-0.2823
2024-04-28 15:34:11 - INFO - model-gcn, dataset-davis, epoch-68, loss-0.2968, cindex-0.8461, test_loss-0.2760
2024-04-28 15:34:19 - INFO - model-gcn, dataset-davis, epoch-69, loss-0.2973, cindex-0.8477, test_loss-0.2658
2024-04-28 15:34:19 - INFO - Saving model...
2024-04-28 15:34:26 - INFO - model-gcn, dataset-davis, epoch-70, loss-0.2883, cindex-0.8509, test_loss-0.2777
2024-04-28 15:34:34 - INFO - model-gcn, dataset-davis, epoch-71, loss-0.2894, cindex-0.8503, test_loss-0.2839
2024-04-28 15:34:41 - INFO - model-gcn, dataset-davis, epoch-72, loss-0.2826, cindex-0.8511, test_loss-0.2773
2024-04-28 15:34:49 - INFO - model-gcn, dataset-davis, epoch-73, loss-0.2801, cindex-0.8530, test_loss-0.2710
2024-04-28 15:34:56 - INFO - model-gcn, dataset-davis, epoch-74, loss-0.2752, cindex-0.8543, test_loss-0.2673
2024-04-28 15:35:04 - INFO - model-gcn, dataset-davis, epoch-75, loss-0.2848, cindex-0.8545, test_loss-0.2763
2024-04-28 15:35:11 - INFO - model-gcn, dataset-davis, epoch-76, loss-0.2717, cindex-0.8530, test_loss-0.2890
2024-04-28 15:35:18 - INFO - model-gcn, dataset-davis, epoch-77, loss-0.2670, cindex-0.8604, test_loss-0.2683
2024-04-28 15:35:26 - INFO - model-gcn, dataset-davis, epoch-78, loss-0.2622, cindex-0.8586, test_loss-0.2625
2024-04-28 15:35:26 - INFO - Saving model...
2024-04-28 15:35:34 - INFO - model-gcn, dataset-davis, epoch-79, loss-0.2546, cindex-0.8593, test_loss-0.2614
2024-04-28 15:35:34 - INFO - Saving model...
2024-04-28 15:35:41 - INFO - model-gcn, dataset-davis, epoch-80, loss-0.2618, cindex-0.8633, test_loss-0.2658
2024-04-28 15:35:49 - INFO - model-gcn, dataset-davis, epoch-81, loss-0.2509, cindex-0.8575, test_loss-0.2605
2024-04-28 15:35:49 - INFO - Saving model...
2024-04-28 15:35:56 - INFO - model-gcn, dataset-davis, epoch-82, loss-0.2564, cindex-0.8606, test_loss-0.2601
2024-04-28 15:35:56 - INFO - Saving model...
2024-04-28 15:36:04 - INFO - model-gcn, dataset-davis, epoch-83, loss-0.2588, cindex-0.8634, test_loss-0.2734
2024-04-28 15:36:11 - INFO - model-gcn, dataset-davis, epoch-84, loss-0.2455, cindex-0.8642, test_loss-0.2538
2024-04-28 15:36:11 - INFO - Saving model...
2024-04-28 15:36:19 - INFO - model-gcn, dataset-davis, epoch-85, loss-0.2468, cindex-0.8628, test_loss-0.2716
2024-04-28 15:36:26 - INFO - model-gcn, dataset-davis, epoch-86, loss-0.2382, cindex-0.8691, test_loss-0.2591
2024-04-28 15:36:33 - INFO - model-gcn, dataset-davis, epoch-87, loss-0.2345, cindex-0.8703, test_loss-0.2584
2024-04-28 15:36:41 - INFO - model-gcn, dataset-davis, epoch-88, loss-0.2298, cindex-0.8698, test_loss-0.2702
2024-04-28 15:36:48 - INFO - model-gcn, dataset-davis, epoch-89, loss-0.2325, cindex-0.8679, test_loss-0.2586
2024-04-28 15:36:56 - INFO - model-gcn, dataset-davis, epoch-90, loss-0.2328, cindex-0.8689, test_loss-0.2874
2024-04-28 15:37:03 - INFO - model-gcn, dataset-davis, epoch-91, loss-0.2243, cindex-0.8715, test_loss-0.2643
2024-04-28 15:37:11 - INFO - model-gcn, dataset-davis, epoch-92, loss-0.2245, cindex-0.8708, test_loss-0.2447
2024-04-28 15:37:11 - INFO - Saving model...
2024-04-28 15:37:19 - INFO - model-gcn, dataset-davis, epoch-93, loss-0.2280, cindex-0.8711, test_loss-0.2567
2024-04-28 15:37:26 - INFO - model-gcn, dataset-davis, epoch-94, loss-0.2189, cindex-0.8718, test_loss-0.2517
2024-04-28 15:37:33 - INFO - model-gcn, dataset-davis, epoch-95, loss-0.2215, cindex-0.8719, test_loss-0.2515
2024-04-28 15:37:41 - INFO - model-gcn, dataset-davis, epoch-96, loss-0.2191, cindex-0.8744, test_loss-0.2601
2024-04-28 15:37:48 - INFO - model-gcn, dataset-davis, epoch-97, loss-0.2134, cindex-0.8736, test_loss-0.2733
2024-04-28 15:37:56 - INFO - model-gcn, dataset-davis, epoch-98, loss-0.2198, cindex-0.8741, test_loss-0.2608
2024-04-28 15:38:03 - INFO - model-gcn, dataset-davis, epoch-99, loss-0.2107, cindex-0.8777, test_loss-0.2461
2024-04-28 15:38:11 - INFO - model-gcn, dataset-davis, epoch-100, loss-0.2100, cindex-0.8762, test_loss-0.2504
2024-04-28 15:38:18 - INFO - model-gcn, dataset-davis, epoch-101, loss-0.2044, cindex-0.8777, test_loss-0.2558
2024-04-28 15:38:26 - INFO - model-gcn, dataset-davis, epoch-102, loss-0.2098, cindex-0.8775, test_loss-0.2518
2024-04-28 15:38:33 - INFO - model-gcn, dataset-davis, epoch-103, loss-0.2060, cindex-0.8765, test_loss-0.2675
2024-04-28 15:38:40 - INFO - model-gcn, dataset-davis, epoch-104, loss-0.2004, cindex-0.8801, test_loss-0.2488
2024-04-28 15:38:48 - INFO - model-gcn, dataset-davis, epoch-105, loss-0.2042, cindex-0.8757, test_loss-0.2496
2024-04-28 15:38:55 - INFO - model-gcn, dataset-davis, epoch-106, loss-0.2019, cindex-0.8802, test_loss-0.2466
2024-04-28 15:39:03 - INFO - model-gcn, dataset-davis, epoch-107, loss-0.2073, cindex-0.8782, test_loss-0.2631
2024-04-28 15:39:10 - INFO - model-gcn, dataset-davis, epoch-108, loss-0.1999, cindex-0.8807, test_loss-0.2546
2024-04-28 15:39:18 - INFO - model-gcn, dataset-davis, epoch-109, loss-0.1985, cindex-0.8798, test_loss-0.2550
2024-04-28 15:39:25 - INFO - model-gcn, dataset-davis, epoch-110, loss-0.1893, cindex-0.8857, test_loss-0.2495
2024-04-28 15:39:33 - INFO - model-gcn, dataset-davis, epoch-111, loss-0.1947, cindex-0.8808, test_loss-0.2915
2024-04-28 15:39:40 - INFO - model-gcn, dataset-davis, epoch-112, loss-0.1959, cindex-0.8836, test_loss-0.2821
2024-04-28 15:39:47 - INFO - model-gcn, dataset-davis, epoch-113, loss-0.1929, cindex-0.8852, test_loss-0.2431
2024-04-28 15:39:47 - INFO - Saving model...
2024-04-28 15:39:55 - INFO - model-gcn, dataset-davis, epoch-114, loss-0.2040, cindex-0.8835, test_loss-0.2500
2024-04-28 15:40:03 - INFO - model-gcn, dataset-davis, epoch-115, loss-0.1852, cindex-0.8872, test_loss-0.2492
2024-04-28 15:40:10 - INFO - model-gcn, dataset-davis, epoch-116, loss-0.1833, cindex-0.8863, test_loss-0.2353
2024-04-28 15:40:10 - INFO - Saving model...
2024-04-28 15:40:18 - INFO - model-gcn, dataset-davis, epoch-117, loss-0.1874, cindex-0.8896, test_loss-0.2384
2024-04-28 15:40:25 - INFO - model-gcn, dataset-davis, epoch-118, loss-0.1829, cindex-0.8855, test_loss-0.2360
2024-04-28 15:40:33 - INFO - model-gcn, dataset-davis, epoch-119, loss-0.1837, cindex-0.8860, test_loss-0.2548
2024-04-28 15:40:40 - INFO - model-gcn, dataset-davis, epoch-120, loss-0.1787, cindex-0.8875, test_loss-0.2419
2024-04-28 15:40:48 - INFO - model-gcn, dataset-davis, epoch-121, loss-0.1810, cindex-0.8857, test_loss-0.2447
2024-04-28 15:40:55 - INFO - model-gcn, dataset-davis, epoch-122, loss-0.1868, cindex-0.8897, test_loss-0.2565
2024-04-28 15:41:03 - INFO - model-gcn, dataset-davis, epoch-123, loss-0.1761, cindex-0.8887, test_loss-0.2409
2024-04-28 15:41:10 - INFO - model-gcn, dataset-davis, epoch-124, loss-0.1739, cindex-0.8895, test_loss-0.2603
2024-04-28 15:41:17 - INFO - model-gcn, dataset-davis, epoch-125, loss-0.1788, cindex-0.8900, test_loss-0.2439
2024-04-28 15:41:25 - INFO - model-gcn, dataset-davis, epoch-126, loss-0.1728, cindex-0.8900, test_loss-0.2432
2024-04-28 15:41:32 - INFO - model-gcn, dataset-davis, epoch-127, loss-0.1644, cindex-0.8948, test_loss-0.2378
2024-04-28 15:41:40 - INFO - model-gcn, dataset-davis, epoch-128, loss-0.1740, cindex-0.8898, test_loss-0.2647
2024-04-28 15:41:47 - INFO - model-gcn, dataset-davis, epoch-129, loss-0.1722, cindex-0.8904, test_loss-0.2463
2024-04-28 15:41:55 - INFO - model-gcn, dataset-davis, epoch-130, loss-0.1685, cindex-0.8909, test_loss-0.2408
2024-04-28 15:42:02 - INFO - model-gcn, dataset-davis, epoch-131, loss-0.1709, cindex-0.8934, test_loss-0.2377
2024-04-28 15:42:10 - INFO - model-gcn, dataset-davis, epoch-132, loss-0.1725, cindex-0.8906, test_loss-0.2463
2024-04-28 15:42:17 - INFO - model-gcn, dataset-davis, epoch-133, loss-0.1680, cindex-0.8938, test_loss-0.2401
2024-04-28 15:42:25 - INFO - model-gcn, dataset-davis, epoch-134, loss-0.1599, cindex-0.8954, test_loss-0.2523
2024-04-28 15:42:32 - INFO - model-gcn, dataset-davis, epoch-135, loss-0.1614, cindex-0.8945, test_loss-0.2552
2024-04-28 15:42:39 - INFO - model-gcn, dataset-davis, epoch-136, loss-0.1669, cindex-0.8951, test_loss-0.2626
2024-04-28 15:42:47 - INFO - model-gcn, dataset-davis, epoch-137, loss-0.1639, cindex-0.8943, test_loss-0.2554
2024-04-28 15:42:54 - INFO - model-gcn, dataset-davis, epoch-138, loss-0.1626, cindex-0.8972, test_loss-0.2437
2024-04-28 15:43:02 - INFO - model-gcn, dataset-davis, epoch-139, loss-0.1668, cindex-0.8946, test_loss-0.2382
2024-04-28 15:43:10 - INFO - model-gcn, dataset-davis, epoch-140, loss-0.1595, cindex-0.8964, test_loss-0.2397
2024-04-28 15:43:17 - INFO - model-gcn, dataset-davis, epoch-141, loss-0.1620, cindex-0.8954, test_loss-0.2357
2024-04-28 15:43:25 - INFO - model-gcn, dataset-davis, epoch-142, loss-0.1572, cindex-0.8957, test_loss-0.2731
2024-04-28 15:43:32 - INFO - model-gcn, dataset-davis, epoch-143, loss-0.1596, cindex-0.8953, test_loss-0.2547
2024-04-28 15:43:39 - INFO - model-gcn, dataset-davis, epoch-144, loss-0.1563, cindex-0.8967, test_loss-0.2467
2024-04-28 15:43:47 - INFO - model-gcn, dataset-davis, epoch-145, loss-0.1554, cindex-0.8984, test_loss-0.2520
2024-04-28 15:43:54 - INFO - model-gcn, dataset-davis, epoch-146, loss-0.1554, cindex-0.8940, test_loss-0.2467
2024-04-28 15:44:02 - INFO - model-gcn, dataset-davis, epoch-147, loss-0.1582, cindex-0.8954, test_loss-0.2431
2024-04-28 15:44:09 - INFO - model-gcn, dataset-davis, epoch-148, loss-0.1502, cindex-0.9014, test_loss-0.2871
2024-04-28 15:44:17 - INFO - model-gcn, dataset-davis, epoch-149, loss-0.1550, cindex-0.8979, test_loss-0.2543
2024-04-28 15:44:25 - INFO - model-gcn, dataset-davis, epoch-150, loss-0.1530, cindex-0.9009, test_loss-0.2591
2024-04-28 15:44:32 - INFO - model-gcn, dataset-davis, epoch-151, loss-0.1509, cindex-0.9004, test_loss-0.2398
2024-04-28 15:44:40 - INFO - model-gcn, dataset-davis, epoch-152, loss-0.1501, cindex-0.8996, test_loss-0.2722
2024-04-28 15:44:47 - INFO - model-gcn, dataset-davis, epoch-153, loss-0.1517, cindex-0.9011, test_loss-0.2569
2024-04-28 15:44:54 - INFO - model-gcn, dataset-davis, epoch-154, loss-0.1489, cindex-0.8999, test_loss-0.2450
2024-04-28 15:45:02 - INFO - model-gcn, dataset-davis, epoch-155, loss-0.1515, cindex-0.9018, test_loss-0.2811
2024-04-28 15:45:10 - INFO - model-gcn, dataset-davis, epoch-156, loss-0.1483, cindex-0.8996, test_loss-0.2465
2024-04-28 15:45:17 - INFO - model-gcn, dataset-davis, epoch-157, loss-0.1488, cindex-0.9036, test_loss-0.2849
2024-04-28 15:45:25 - INFO - model-gcn, dataset-davis, epoch-158, loss-0.1451, cindex-0.9033, test_loss-0.2504
2024-04-28 15:45:32 - INFO - model-gcn, dataset-davis, epoch-159, loss-0.1467, cindex-0.9008, test_loss-0.2855
2024-04-28 15:45:39 - INFO - model-gcn, dataset-davis, epoch-160, loss-0.1421, cindex-0.9032, test_loss-0.2730
2024-04-28 15:45:47 - INFO - model-gcn, dataset-davis, epoch-161, loss-0.1452, cindex-0.9039, test_loss-0.2494
2024-04-28 15:45:54 - INFO - model-gcn, dataset-davis, epoch-162, loss-0.1426, cindex-0.9019, test_loss-0.2445
2024-04-28 15:46:02 - INFO - model-gcn, dataset-davis, epoch-163, loss-0.1413, cindex-0.9038, test_loss-0.2477
2024-04-28 15:46:09 - INFO - model-gcn, dataset-davis, epoch-164, loss-0.1348, cindex-0.9036, test_loss-0.2440
2024-04-28 15:46:17 - INFO - model-gcn, dataset-davis, epoch-165, loss-0.1396, cindex-0.9051, test_loss-0.2443
2024-04-28 15:46:25 - INFO - model-gcn, dataset-davis, epoch-166, loss-0.1426, cindex-0.9057, test_loss-0.2459
2024-04-28 15:46:32 - INFO - model-gcn, dataset-davis, epoch-167, loss-0.1372, cindex-0.9065, test_loss-0.2584
2024-04-28 15:46:39 - INFO - model-gcn, dataset-davis, epoch-168, loss-0.1393, cindex-0.9026, test_loss-0.2509
2024-04-28 15:46:47 - INFO - model-gcn, dataset-davis, epoch-169, loss-0.1384, cindex-0.9042, test_loss-0.2652
2024-04-28 15:46:54 - INFO - model-gcn, dataset-davis, epoch-170, loss-0.1377, cindex-0.9055, test_loss-0.2418
2024-04-28 15:47:02 - INFO - model-gcn, dataset-davis, epoch-171, loss-0.1390, cindex-0.9056, test_loss-0.2440
2024-04-28 15:47:09 - INFO - model-gcn, dataset-davis, epoch-172, loss-0.1360, cindex-0.9062, test_loss-0.2438
2024-04-28 15:47:17 - INFO - model-gcn, dataset-davis, epoch-173, loss-0.1300, cindex-0.9064, test_loss-0.2614
2024-04-28 15:47:24 - INFO - model-gcn, dataset-davis, epoch-174, loss-0.1374, cindex-0.9079, test_loss-0.2731
2024-04-28 15:47:32 - INFO - model-gcn, dataset-davis, epoch-175, loss-0.1358, cindex-0.9089, test_loss-0.2422
2024-04-28 15:47:40 - INFO - model-gcn, dataset-davis, epoch-176, loss-0.1358, cindex-0.9063, test_loss-0.2541
2024-04-28 15:47:47 - INFO - model-gcn, dataset-davis, epoch-177, loss-0.1338, cindex-0.9058, test_loss-0.2702
2024-04-28 15:47:54 - INFO - model-gcn, dataset-davis, epoch-178, loss-0.1323, cindex-0.9079, test_loss-0.2663
2024-04-28 15:48:02 - INFO - model-gcn, dataset-davis, epoch-179, loss-0.1314, cindex-0.9084, test_loss-0.2413
2024-04-28 15:48:10 - INFO - model-gcn, dataset-davis, epoch-180, loss-0.1298, cindex-0.9094, test_loss-0.2564
2024-04-28 15:48:17 - INFO - model-gcn, dataset-davis, epoch-181, loss-0.1288, cindex-0.9070, test_loss-0.2479
2024-04-28 15:48:25 - INFO - model-gcn, dataset-davis, epoch-182, loss-0.1307, cindex-0.9084, test_loss-0.2442
2024-04-28 15:48:33 - INFO - model-gcn, dataset-davis, epoch-183, loss-0.1307, cindex-0.9115, test_loss-0.2754
2024-04-28 15:48:40 - INFO - model-gcn, dataset-davis, epoch-184, loss-0.1285, cindex-0.9087, test_loss-0.2623
2024-04-28 15:48:48 - INFO - model-gcn, dataset-davis, epoch-185, loss-0.1235, cindex-0.9117, test_loss-0.2534
2024-04-28 15:48:56 - INFO - model-gcn, dataset-davis, epoch-186, loss-0.1250, cindex-0.9107, test_loss-0.2449
2024-04-28 15:49:03 - INFO - model-gcn, dataset-davis, epoch-187, loss-0.1288, cindex-0.9096, test_loss-0.2497
2024-04-28 15:49:11 - INFO - model-gcn, dataset-davis, epoch-188, loss-0.1250, cindex-0.9118, test_loss-0.2432
2024-04-28 15:49:18 - INFO - model-gcn, dataset-davis, epoch-189, loss-0.1225, cindex-0.9081, test_loss-0.2481
2024-04-28 15:49:26 - INFO - model-gcn, dataset-davis, epoch-190, loss-0.1260, cindex-0.9112, test_loss-0.2538
2024-04-28 15:49:34 - INFO - model-gcn, dataset-davis, epoch-191, loss-0.1252, cindex-0.9082, test_loss-0.2543
2024-04-28 15:49:41 - INFO - model-gcn, dataset-davis, epoch-192, loss-0.1256, cindex-0.9124, test_loss-0.2500
2024-04-28 15:49:49 - INFO - model-gcn, dataset-davis, epoch-193, loss-0.1229, cindex-0.9098, test_loss-0.2706
2024-04-28 15:49:57 - INFO - model-gcn, dataset-davis, epoch-194, loss-0.1209, cindex-0.9143, test_loss-0.2553
2024-04-28 15:50:04 - INFO - model-gcn, dataset-davis, epoch-195, loss-0.1200, cindex-0.9113, test_loss-0.2649
2024-04-28 15:50:12 - INFO - model-gcn, dataset-davis, epoch-196, loss-0.1214, cindex-0.9153, test_loss-0.2512
2024-04-28 15:50:20 - INFO - model-gcn, dataset-davis, epoch-197, loss-0.1258, cindex-0.9095, test_loss-0.3062
2024-04-28 15:50:27 - INFO - model-gcn, dataset-davis, epoch-198, loss-0.1331, cindex-0.9109, test_loss-0.2505
2024-04-28 15:50:35 - INFO - model-gcn, dataset-davis, epoch-199, loss-0.1203, cindex-0.9128, test_loss-0.2610
2024-04-28 15:50:43 - INFO - model-gcn, dataset-davis, epoch-200, loss-0.1225, cindex-0.9112, test_loss-0.2508
2024-04-28 15:50:51 - INFO - model-gcn, dataset-davis, epoch-201, loss-0.1141, cindex-0.9166, test_loss-0.2507
2024-04-28 15:50:58 - INFO - model-gcn, dataset-davis, epoch-202, loss-0.1198, cindex-0.9110, test_loss-0.2447
2024-04-28 15:51:06 - INFO - model-gcn, dataset-davis, epoch-203, loss-0.1194, cindex-0.9151, test_loss-0.2506
2024-04-28 15:51:14 - INFO - model-gcn, dataset-davis, epoch-204, loss-0.1129, cindex-0.9131, test_loss-0.2389
2024-04-28 15:51:21 - INFO - model-gcn, dataset-davis, epoch-205, loss-0.1176, cindex-0.9148, test_loss-0.2397
2024-04-28 15:51:29 - INFO - model-gcn, dataset-davis, epoch-206, loss-0.1166, cindex-0.9150, test_loss-0.2639
2024-04-28 15:51:37 - INFO - model-gcn, dataset-davis, epoch-207, loss-0.1136, cindex-0.9143, test_loss-0.2664
2024-04-28 15:51:44 - INFO - model-gcn, dataset-davis, epoch-208, loss-0.1169, cindex-0.9165, test_loss-0.2709
2024-04-28 15:51:52 - INFO - model-gcn, dataset-davis, epoch-209, loss-0.1162, cindex-0.9141, test_loss-0.2456
2024-04-28 15:52:00 - INFO - model-gcn, dataset-davis, epoch-210, loss-0.1100, cindex-0.9158, test_loss-0.2368
2024-04-28 15:52:08 - INFO - model-gcn, dataset-davis, epoch-211, loss-0.1124, cindex-0.9143, test_loss-0.2631
2024-04-28 15:52:16 - INFO - model-gcn, dataset-davis, epoch-212, loss-0.1102, cindex-0.9172, test_loss-0.2512
2024-04-28 15:52:24 - INFO - model-gcn, dataset-davis, epoch-213, loss-0.1145, cindex-0.9173, test_loss-0.2540
2024-04-28 15:52:32 - INFO - model-gcn, dataset-davis, epoch-214, loss-0.1141, cindex-0.9170, test_loss-0.2643
2024-04-28 15:52:39 - INFO - model-gcn, dataset-davis, epoch-215, loss-0.1121, cindex-0.9150, test_loss-0.2324
2024-04-28 15:52:39 - INFO - Saving model...
2024-04-28 15:52:47 - INFO - model-gcn, dataset-davis, epoch-216, loss-0.1151, cindex-0.9149, test_loss-0.2741
2024-04-28 15:52:55 - INFO - model-gcn, dataset-davis, epoch-217, loss-0.1116, cindex-0.9148, test_loss-0.2459
2024-04-28 15:53:03 - INFO - model-gcn, dataset-davis, epoch-218, loss-0.1118, cindex-0.9164, test_loss-0.2465
2024-04-28 15:53:11 - INFO - model-gcn, dataset-davis, epoch-219, loss-0.1126, cindex-0.9173, test_loss-0.2448
2024-04-28 15:53:19 - INFO - model-gcn, dataset-davis, epoch-220, loss-0.1077, cindex-0.9184, test_loss-0.2330
2024-04-28 15:53:26 - INFO - model-gcn, dataset-davis, epoch-221, loss-0.1107, cindex-0.9172, test_loss-0.2584
2024-04-28 15:53:35 - INFO - model-gcn, dataset-davis, epoch-222, loss-0.1096, cindex-0.9161, test_loss-0.2430
2024-04-28 15:53:42 - INFO - model-gcn, dataset-davis, epoch-223, loss-0.1098, cindex-0.9166, test_loss-0.2518
2024-04-28 15:53:51 - INFO - model-gcn, dataset-davis, epoch-224, loss-0.1104, cindex-0.9169, test_loss-0.2559
2024-04-28 15:53:58 - INFO - model-gcn, dataset-davis, epoch-225, loss-0.1101, cindex-0.9167, test_loss-0.2713
2024-04-28 15:54:06 - INFO - model-gcn, dataset-davis, epoch-226, loss-0.1063, cindex-0.9162, test_loss-0.2384
2024-04-28 15:54:14 - INFO - model-gcn, dataset-davis, epoch-227, loss-0.1083, cindex-0.9186, test_loss-0.2409
2024-04-28 15:54:22 - INFO - model-gcn, dataset-davis, epoch-228, loss-0.1108, cindex-0.9177, test_loss-0.2402
2024-04-28 15:54:30 - INFO - model-gcn, dataset-davis, epoch-229, loss-0.1052, cindex-0.9186, test_loss-0.2414
2024-04-28 15:54:38 - INFO - model-gcn, dataset-davis, epoch-230, loss-0.1100, cindex-0.9183, test_loss-0.2571
2024-04-28 15:54:46 - INFO - model-gcn, dataset-davis, epoch-231, loss-0.1103, cindex-0.9170, test_loss-0.2491
2024-04-28 15:54:54 - INFO - model-gcn, dataset-davis, epoch-232, loss-0.1075, cindex-0.9184, test_loss-0.2564
2024-04-28 15:55:02 - INFO - model-gcn, dataset-davis, epoch-233, loss-0.1058, cindex-0.9176, test_loss-0.2354
2024-04-28 15:55:09 - INFO - model-gcn, dataset-davis, epoch-234, loss-0.1073, cindex-0.9193, test_loss-0.2389
2024-04-28 15:55:18 - INFO - model-gcn, dataset-davis, epoch-235, loss-0.1068, cindex-0.9171, test_loss-0.2550
2024-04-28 15:55:25 - INFO - model-gcn, dataset-davis, epoch-236, loss-0.1037, cindex-0.9212, test_loss-0.2415
2024-04-28 15:55:33 - INFO - model-gcn, dataset-davis, epoch-237, loss-0.1063, cindex-0.9170, test_loss-0.2477
2024-04-28 15:55:41 - INFO - model-gcn, dataset-davis, epoch-238, loss-0.1047, cindex-0.9190, test_loss-0.2633
2024-04-28 15:55:49 - INFO - model-gcn, dataset-davis, epoch-239, loss-0.1042, cindex-0.9203, test_loss-0.2435
2024-04-28 15:55:57 - INFO - model-gcn, dataset-davis, epoch-240, loss-0.1025, cindex-0.9217, test_loss-0.2449
2024-04-28 15:56:05 - INFO - model-gcn, dataset-davis, epoch-241, loss-0.1070, cindex-0.9207, test_loss-0.2910
2024-04-28 15:56:14 - INFO - model-gcn, dataset-davis, epoch-242, loss-0.1034, cindex-0.9201, test_loss-0.2424
2024-04-28 15:56:23 - INFO - model-gcn, dataset-davis, epoch-243, loss-0.1042, cindex-0.9198, test_loss-0.2579
2024-04-28 15:56:30 - INFO - model-gcn, dataset-davis, epoch-244, loss-0.1011, cindex-0.9212, test_loss-0.2442
2024-04-28 15:56:37 - INFO - model-gcn, dataset-davis, epoch-245, loss-0.1020, cindex-0.9199, test_loss-0.2360
2024-04-28 15:56:45 - INFO - model-gcn, dataset-davis, epoch-246, loss-0.1029, cindex-0.9210, test_loss-0.2392
2024-04-28 15:56:52 - INFO - model-gcn, dataset-davis, epoch-247, loss-0.0990, cindex-0.9225, test_loss-0.2520
2024-04-28 15:56:59 - INFO - model-gcn, dataset-davis, epoch-248, loss-0.0999, cindex-0.9215, test_loss-0.2460
2024-04-28 15:57:07 - INFO - model-gcn, dataset-davis, epoch-249, loss-0.0987, cindex-0.9203, test_loss-0.2422
2024-04-28 15:57:14 - INFO - model-gcn, dataset-davis, epoch-250, loss-0.1045, cindex-0.9172, test_loss-0.2338
2024-04-28 15:57:21 - INFO - model-gcn, dataset-davis, epoch-251, loss-0.0988, cindex-0.9194, test_loss-0.2435
2024-04-28 15:57:29 - INFO - model-gcn, dataset-davis, epoch-252, loss-0.1026, cindex-0.9183, test_loss-0.2624
2024-04-28 15:57:36 - INFO - model-gcn, dataset-davis, epoch-253, loss-0.0979, cindex-0.9245, test_loss-0.2356
2024-04-28 15:57:44 - INFO - model-gcn, dataset-davis, epoch-254, loss-0.1005, cindex-0.9203, test_loss-0.2404
2024-04-28 15:57:51 - INFO - model-gcn, dataset-davis, epoch-255, loss-0.0968, cindex-0.9209, test_loss-0.2401
2024-04-28 15:57:59 - INFO - model-gcn, dataset-davis, epoch-256, loss-0.0982, cindex-0.9212, test_loss-0.2328
2024-04-28 15:58:06 - INFO - model-gcn, dataset-davis, epoch-257, loss-0.1001, cindex-0.9207, test_loss-0.2335
2024-04-28 15:58:13 - INFO - model-gcn, dataset-davis, epoch-258, loss-0.1007, cindex-0.9208, test_loss-0.2350
2024-04-28 15:58:21 - INFO - model-gcn, dataset-davis, epoch-259, loss-0.0995, cindex-0.9201, test_loss-0.2600
2024-04-28 15:58:28 - INFO - model-gcn, dataset-davis, epoch-260, loss-0.0985, cindex-0.9226, test_loss-0.2380
2024-04-28 15:58:36 - INFO - model-gcn, dataset-davis, epoch-261, loss-0.0962, cindex-0.9226, test_loss-0.2261
2024-04-28 15:58:36 - INFO - Saving model...
2024-04-28 15:58:43 - INFO - model-gcn, dataset-davis, epoch-262, loss-0.0978, cindex-0.9209, test_loss-0.2659
2024-04-28 15:58:51 - INFO - model-gcn, dataset-davis, epoch-263, loss-0.0976, cindex-0.9232, test_loss-0.2342
2024-04-28 15:58:58 - INFO - model-gcn, dataset-davis, epoch-264, loss-0.0978, cindex-0.9237, test_loss-0.2328
2024-04-28 15:59:06 - INFO - model-gcn, dataset-davis, epoch-265, loss-0.1010, cindex-0.9220, test_loss-0.2321
2024-04-28 15:59:13 - INFO - model-gcn, dataset-davis, epoch-266, loss-0.1001, cindex-0.9224, test_loss-0.2577
2024-04-28 15:59:20 - INFO - model-gcn, dataset-davis, epoch-267, loss-0.1079, cindex-0.9201, test_loss-0.2430
2024-04-28 15:59:28 - INFO - model-gcn, dataset-davis, epoch-268, loss-0.0956, cindex-0.9223, test_loss-0.2759
2024-04-28 15:59:35 - INFO - model-gcn, dataset-davis, epoch-269, loss-0.0957, cindex-0.9245, test_loss-0.2455
2024-04-28 15:59:43 - INFO - model-gcn, dataset-davis, epoch-270, loss-0.0944, cindex-0.9222, test_loss-0.2551
2024-04-28 15:59:50 - INFO - model-gcn, dataset-davis, epoch-271, loss-0.0955, cindex-0.9230, test_loss-0.2411
2024-04-28 15:59:58 - INFO - model-gcn, dataset-davis, epoch-272, loss-0.0964, cindex-0.9256, test_loss-0.2297
2024-04-28 16:00:05 - INFO - model-gcn, dataset-davis, epoch-273, loss-0.0979, cindex-0.9227, test_loss-0.2515
2024-04-28 16:00:12 - INFO - model-gcn, dataset-davis, epoch-274, loss-0.0944, cindex-0.9230, test_loss-0.2300
2024-04-28 16:00:20 - INFO - model-gcn, dataset-davis, epoch-275, loss-0.0954, cindex-0.9254, test_loss-0.2605
2024-04-28 16:00:27 - INFO - model-gcn, dataset-davis, epoch-276, loss-0.0936, cindex-0.9229, test_loss-0.2301
2024-04-28 16:00:35 - INFO - model-gcn, dataset-davis, epoch-277, loss-0.0936, cindex-0.9246, test_loss-0.2355
2024-04-28 16:00:42 - INFO - model-gcn, dataset-davis, epoch-278, loss-0.0941, cindex-0.9228, test_loss-0.2359
2024-04-28 16:00:50 - INFO - model-gcn, dataset-davis, epoch-279, loss-0.0948, cindex-0.9269, test_loss-0.2275
2024-04-28 16:00:57 - INFO - model-gcn, dataset-davis, epoch-280, loss-0.0939, cindex-0.9245, test_loss-0.2327
2024-04-28 16:01:05 - INFO - model-gcn, dataset-davis, epoch-281, loss-0.0945, cindex-0.9243, test_loss-0.2357
2024-04-28 16:01:12 - INFO - model-gcn, dataset-davis, epoch-282, loss-0.0919, cindex-0.9256, test_loss-0.2350
2024-04-28 16:01:20 - INFO - model-gcn, dataset-davis, epoch-283, loss-0.0948, cindex-0.9254, test_loss-0.2522
2024-04-28 16:01:27 - INFO - model-gcn, dataset-davis, epoch-284, loss-0.0926, cindex-0.9254, test_loss-0.2417
2024-04-28 16:01:35 - INFO - model-gcn, dataset-davis, epoch-285, loss-0.0924, cindex-0.9263, test_loss-0.2515
2024-04-28 16:01:42 - INFO - model-gcn, dataset-davis, epoch-286, loss-0.0982, cindex-0.9233, test_loss-0.2330
2024-04-28 16:01:49 - INFO - model-gcn, dataset-davis, epoch-287, loss-0.0957, cindex-0.9239, test_loss-0.2379
2024-04-28 16:01:57 - INFO - model-gcn, dataset-davis, epoch-288, loss-0.0953, cindex-0.9235, test_loss-0.2383
2024-04-28 16:02:04 - INFO - model-gcn, dataset-davis, epoch-289, loss-0.0944, cindex-0.9264, test_loss-0.2295
2024-04-28 16:02:12 - INFO - model-gcn, dataset-davis, epoch-290, loss-0.0962, cindex-0.9232, test_loss-0.2350
2024-04-28 16:02:19 - INFO - model-gcn, dataset-davis, epoch-291, loss-0.0894, cindex-0.9252, test_loss-0.2366
2024-04-28 16:02:26 - INFO - model-gcn, dataset-davis, epoch-292, loss-0.0893, cindex-0.9254, test_loss-0.2509
2024-04-28 16:02:34 - INFO - model-gcn, dataset-davis, epoch-293, loss-0.0909, cindex-0.9278, test_loss-0.2608
2024-04-28 16:02:41 - INFO - model-gcn, dataset-davis, epoch-294, loss-0.0899, cindex-0.9270, test_loss-0.2562
2024-04-28 16:02:48 - INFO - model-gcn, dataset-davis, epoch-295, loss-0.0906, cindex-0.9241, test_loss-0.2474
2024-04-28 16:02:56 - INFO - model-gcn, dataset-davis, epoch-296, loss-0.0951, cindex-0.9266, test_loss-0.2411
2024-04-28 16:03:03 - INFO - model-gcn, dataset-davis, epoch-297, loss-0.0930, cindex-0.9252, test_loss-0.2242
2024-04-28 16:03:03 - INFO - Saving model...
2024-04-28 16:03:11 - INFO - model-gcn, dataset-davis, epoch-298, loss-0.0904, cindex-0.9255, test_loss-0.2269
2024-04-28 16:03:18 - INFO - model-gcn, dataset-davis, epoch-299, loss-0.0908, cindex-0.9283, test_loss-0.2421
2024-04-28 16:03:26 - INFO - model-gcn, dataset-davis, epoch-300, loss-0.0880, cindex-0.9251, test_loss-0.2495
2024-04-28 16:03:33 - INFO - model-gcn, dataset-davis, epoch-301, loss-0.0914, cindex-0.9252, test_loss-0.2357
2024-04-28 16:03:41 - INFO - model-gcn, dataset-davis, epoch-302, loss-0.0880, cindex-0.9278, test_loss-0.2316
2024-04-28 16:03:48 - INFO - model-gcn, dataset-davis, epoch-303, loss-0.0907, cindex-0.9282, test_loss-0.2302
2024-04-28 16:03:56 - INFO - model-gcn, dataset-davis, epoch-304, loss-0.0907, cindex-0.9246, test_loss-0.2280
2024-04-28 16:04:03 - INFO - model-gcn, dataset-davis, epoch-305, loss-0.0907, cindex-0.9273, test_loss-0.2699
2024-04-28 16:04:10 - INFO - model-gcn, dataset-davis, epoch-306, loss-0.0871, cindex-0.9261, test_loss-0.2375
2024-04-28 16:04:18 - INFO - model-gcn, dataset-davis, epoch-307, loss-0.0887, cindex-0.9257, test_loss-0.2334
2024-04-28 16:04:26 - INFO - model-gcn, dataset-davis, epoch-308, loss-0.0890, cindex-0.9268, test_loss-0.2363
2024-04-28 16:04:33 - INFO - model-gcn, dataset-davis, epoch-309, loss-0.0900, cindex-0.9247, test_loss-0.2318
2024-04-28 16:04:41 - INFO - model-gcn, dataset-davis, epoch-310, loss-0.0886, cindex-0.9251, test_loss-0.2460
2024-04-28 16:04:48 - INFO - model-gcn, dataset-davis, epoch-311, loss-0.0962, cindex-0.9269, test_loss-0.2496
2024-04-28 16:04:55 - INFO - model-gcn, dataset-davis, epoch-312, loss-0.0873, cindex-0.9258, test_loss-0.2381
2024-04-28 16:05:03 - INFO - model-gcn, dataset-davis, epoch-313, loss-0.0879, cindex-0.9256, test_loss-0.2301
2024-04-28 16:05:10 - INFO - model-gcn, dataset-davis, epoch-314, loss-0.0871, cindex-0.9249, test_loss-0.2299
2024-04-28 16:05:18 - INFO - model-gcn, dataset-davis, epoch-315, loss-0.0875, cindex-0.9249, test_loss-0.2417
2024-04-28 16:05:25 - INFO - model-gcn, dataset-davis, epoch-316, loss-0.0874, cindex-0.9286, test_loss-0.2379
2024-04-28 16:05:32 - INFO - model-gcn, dataset-davis, epoch-317, loss-0.0840, cindex-0.9271, test_loss-0.2347
2024-04-28 16:05:40 - INFO - model-gcn, dataset-davis, epoch-318, loss-0.0874, cindex-0.9276, test_loss-0.2381
2024-04-28 16:05:47 - INFO - model-gcn, dataset-davis, epoch-319, loss-0.0878, cindex-0.9272, test_loss-0.2357
2024-04-28 16:05:55 - INFO - model-gcn, dataset-davis, epoch-320, loss-0.0874, cindex-0.9282, test_loss-0.2285
2024-04-28 16:06:02 - INFO - model-gcn, dataset-davis, epoch-321, loss-0.0882, cindex-0.9270, test_loss-0.2240
2024-04-28 16:06:02 - INFO - Saving model...
2024-04-28 16:06:10 - INFO - model-gcn, dataset-davis, epoch-322, loss-0.0913, cindex-0.9276, test_loss-0.2292
2024-04-28 16:06:17 - INFO - model-gcn, dataset-davis, epoch-323, loss-0.0858, cindex-0.9268, test_loss-0.2252
2024-04-28 16:06:24 - INFO - model-gcn, dataset-davis, epoch-324, loss-0.0857, cindex-0.9284, test_loss-0.2260
2024-04-28 16:06:32 - INFO - model-gcn, dataset-davis, epoch-325, loss-0.0876, cindex-0.9263, test_loss-0.2525
2024-04-28 16:06:39 - INFO - model-gcn, dataset-davis, epoch-326, loss-0.0890, cindex-0.9270, test_loss-0.2597
2024-04-28 16:06:47 - INFO - model-gcn, dataset-davis, epoch-327, loss-0.0857, cindex-0.9278, test_loss-0.2360
2024-04-28 16:06:54 - INFO - model-gcn, dataset-davis, epoch-328, loss-0.0867, cindex-0.9294, test_loss-0.2274
2024-04-28 16:07:02 - INFO - model-gcn, dataset-davis, epoch-329, loss-0.0870, cindex-0.9286, test_loss-0.2320
2024-04-28 16:07:09 - INFO - model-gcn, dataset-davis, epoch-330, loss-0.0835, cindex-0.9268, test_loss-0.2441
2024-04-28 16:07:17 - INFO - model-gcn, dataset-davis, epoch-331, loss-0.0861, cindex-0.9270, test_loss-0.2293
2024-04-28 16:07:24 - INFO - model-gcn, dataset-davis, epoch-332, loss-0.0869, cindex-0.9267, test_loss-0.2486
2024-04-28 16:07:32 - INFO - model-gcn, dataset-davis, epoch-333, loss-0.0857, cindex-0.9283, test_loss-0.2426
2024-04-28 16:07:39 - INFO - model-gcn, dataset-davis, epoch-334, loss-0.0846, cindex-0.9282, test_loss-0.2296
2024-04-28 16:07:47 - INFO - model-gcn, dataset-davis, epoch-335, loss-0.0903, cindex-0.9270, test_loss-0.2247
2024-04-28 16:07:54 - INFO - model-gcn, dataset-davis, epoch-336, loss-0.0864, cindex-0.9288, test_loss-0.2377
2024-04-28 16:08:02 - INFO - model-gcn, dataset-davis, epoch-337, loss-0.0835, cindex-0.9268, test_loss-0.2305
2024-04-28 16:08:09 - INFO - model-gcn, dataset-davis, epoch-338, loss-0.0830, cindex-0.9268, test_loss-0.2298
2024-04-28 16:08:17 - INFO - model-gcn, dataset-davis, epoch-339, loss-0.0838, cindex-0.9314, test_loss-0.2357
2024-04-28 16:08:24 - INFO - model-gcn, dataset-davis, epoch-340, loss-0.0834, cindex-0.9293, test_loss-0.2277
2024-04-28 16:08:32 - INFO - model-gcn, dataset-davis, epoch-341, loss-0.0848, cindex-0.9308, test_loss-0.2390
2024-04-28 16:08:39 - INFO - model-gcn, dataset-davis, epoch-342, loss-0.0824, cindex-0.9291, test_loss-0.2479
2024-04-28 16:08:47 - INFO - model-gcn, dataset-davis, epoch-343, loss-0.0846, cindex-0.9306, test_loss-0.2288
2024-04-28 16:08:54 - INFO - model-gcn, dataset-davis, epoch-344, loss-0.0845, cindex-0.9296, test_loss-0.2258
2024-04-28 16:09:02 - INFO - model-gcn, dataset-davis, epoch-345, loss-0.0812, cindex-0.9295, test_loss-0.2307
2024-04-28 16:09:09 - INFO - model-gcn, dataset-davis, epoch-346, loss-0.0814, cindex-0.9284, test_loss-0.2380
2024-04-28 16:09:16 - INFO - model-gcn, dataset-davis, epoch-347, loss-0.0805, cindex-0.9290, test_loss-0.2219
2024-04-28 16:09:16 - INFO - Saving model...
2024-04-28 16:09:24 - INFO - model-gcn, dataset-davis, epoch-348, loss-0.0840, cindex-0.9307, test_loss-0.2378
2024-04-28 16:09:32 - INFO - model-gcn, dataset-davis, epoch-349, loss-0.0850, cindex-0.9267, test_loss-0.2549
2024-04-28 16:09:41 - INFO - model-gcn, dataset-davis, epoch-350, loss-0.0829, cindex-0.9291, test_loss-0.2358
2024-04-28 16:09:50 - INFO - model-gcn, dataset-davis, epoch-351, loss-0.0835, cindex-0.9307, test_loss-0.2278
2024-04-28 16:09:58 - INFO - model-gcn, dataset-davis, epoch-352, loss-0.0815, cindex-0.9316, test_loss-0.2233
2024-04-28 16:10:05 - INFO - model-gcn, dataset-davis, epoch-353, loss-0.0828, cindex-0.9283, test_loss-0.2262
2024-04-28 16:10:13 - INFO - model-gcn, dataset-davis, epoch-354, loss-0.0850, cindex-0.9274, test_loss-0.2414
2024-04-28 16:10:20 - INFO - model-gcn, dataset-davis, epoch-355, loss-0.0833, cindex-0.9287, test_loss-0.2503
2024-04-28 16:10:27 - INFO - model-gcn, dataset-davis, epoch-356, loss-0.0815, cindex-0.9306, test_loss-0.2276
2024-04-28 16:10:35 - INFO - model-gcn, dataset-davis, epoch-357, loss-0.0846, cindex-0.9301, test_loss-0.2367
2024-04-28 16:10:42 - INFO - model-gcn, dataset-davis, epoch-358, loss-0.0805, cindex-0.9312, test_loss-0.2536
2024-04-28 16:10:50 - INFO - model-gcn, dataset-davis, epoch-359, loss-0.0819, cindex-0.9309, test_loss-0.2395
2024-04-28 16:10:57 - INFO - model-gcn, dataset-davis, epoch-360, loss-0.0843, cindex-0.9296, test_loss-0.2207
2024-04-28 16:10:57 - INFO - Saving model...
2024-04-28 16:11:04 - INFO - model-gcn, dataset-davis, epoch-361, loss-0.0837, cindex-0.9296, test_loss-0.2330
2024-04-28 16:11:12 - INFO - model-gcn, dataset-davis, epoch-362, loss-0.0830, cindex-0.9286, test_loss-0.2260
2024-04-28 16:11:20 - INFO - model-gcn, dataset-davis, epoch-363, loss-0.0809, cindex-0.9294, test_loss-0.2258
2024-04-28 16:11:27 - INFO - model-gcn, dataset-davis, epoch-364, loss-0.0820, cindex-0.9299, test_loss-0.2236
2024-04-28 16:11:34 - INFO - model-gcn, dataset-davis, epoch-365, loss-0.0847, cindex-0.9300, test_loss-0.2343
2024-04-28 16:11:42 - INFO - model-gcn, dataset-davis, epoch-366, loss-0.0820, cindex-0.9296, test_loss-0.2229
2024-04-28 16:11:49 - INFO - model-gcn, dataset-davis, epoch-367, loss-0.0803, cindex-0.9322, test_loss-0.2356
2024-04-28 16:11:57 - INFO - model-gcn, dataset-davis, epoch-368, loss-0.0795, cindex-0.9314, test_loss-0.2202
2024-04-28 16:11:57 - INFO - Saving model...
2024-04-28 16:12:04 - INFO - model-gcn, dataset-davis, epoch-369, loss-0.0827, cindex-0.9326, test_loss-0.2202
2024-04-28 16:12:12 - INFO - model-gcn, dataset-davis, epoch-370, loss-0.0834, cindex-0.9286, test_loss-0.2407
2024-04-28 16:12:19 - INFO - model-gcn, dataset-davis, epoch-371, loss-0.0797, cindex-0.9325, test_loss-0.2282
2024-04-28 16:12:27 - INFO - model-gcn, dataset-davis, epoch-372, loss-0.0824, cindex-0.9294, test_loss-0.2402
2024-04-28 16:12:34 - INFO - model-gcn, dataset-davis, epoch-373, loss-0.0810, cindex-0.9318, test_loss-0.2251
2024-04-28 16:12:42 - INFO - model-gcn, dataset-davis, epoch-374, loss-0.0794, cindex-0.9318, test_loss-0.2379
2024-04-28 16:12:49 - INFO - model-gcn, dataset-davis, epoch-375, loss-0.0800, cindex-0.9323, test_loss-0.2276
2024-04-28 16:12:57 - INFO - model-gcn, dataset-davis, epoch-376, loss-0.0812, cindex-0.9302, test_loss-0.2271
2024-04-28 16:13:04 - INFO - model-gcn, dataset-davis, epoch-377, loss-0.0797, cindex-0.9320, test_loss-0.2295
2024-04-28 16:13:11 - INFO - model-gcn, dataset-davis, epoch-378, loss-0.0819, cindex-0.9302, test_loss-0.2284
2024-04-28 16:13:19 - INFO - model-gcn, dataset-davis, epoch-379, loss-0.0815, cindex-0.9303, test_loss-0.2248
2024-04-28 16:13:27 - INFO - model-gcn, dataset-davis, epoch-380, loss-0.0775, cindex-0.9280, test_loss-0.2243
2024-04-28 16:13:34 - INFO - model-gcn, dataset-davis, epoch-381, loss-0.0798, cindex-0.9308, test_loss-0.2420
2024-04-28 16:13:42 - INFO - model-gcn, dataset-davis, epoch-382, loss-0.0823, cindex-0.9328, test_loss-0.2300
2024-04-28 16:13:49 - INFO - model-gcn, dataset-davis, epoch-383, loss-0.0788, cindex-0.9305, test_loss-0.2235
2024-04-28 16:13:57 - INFO - model-gcn, dataset-davis, epoch-384, loss-0.0821, cindex-0.9323, test_loss-0.2644
2024-04-28 16:14:04 - INFO - model-gcn, dataset-davis, epoch-385, loss-0.0822, cindex-0.9308, test_loss-0.2229
2024-04-28 16:14:12 - INFO - model-gcn, dataset-davis, epoch-386, loss-0.0799, cindex-0.9315, test_loss-0.2294
2024-04-28 16:14:19 - INFO - model-gcn, dataset-davis, epoch-387, loss-0.0803, cindex-0.9308, test_loss-0.2358
2024-04-28 16:14:27 - INFO - model-gcn, dataset-davis, epoch-388, loss-0.0766, cindex-0.9342, test_loss-0.2285
2024-04-28 16:14:34 - INFO - model-gcn, dataset-davis, epoch-389, loss-0.0775, cindex-0.9320, test_loss-0.2215
2024-04-28 16:14:42 - INFO - model-gcn, dataset-davis, epoch-390, loss-0.0778, cindex-0.9315, test_loss-0.2254
2024-04-28 16:14:49 - INFO - model-gcn, dataset-davis, epoch-391, loss-0.0802, cindex-0.9327, test_loss-0.2242
2024-04-28 16:14:57 - INFO - model-gcn, dataset-davis, epoch-392, loss-0.0814, cindex-0.9298, test_loss-0.2199
2024-04-28 16:14:57 - INFO - Saving model...
2024-04-28 16:15:05 - INFO - model-gcn, dataset-davis, epoch-393, loss-0.0795, cindex-0.9326, test_loss-0.2395
2024-04-28 16:15:12 - INFO - model-gcn, dataset-davis, epoch-394, loss-0.0769, cindex-0.9348, test_loss-0.2259
2024-04-28 16:15:20 - INFO - model-gcn, dataset-davis, epoch-395, loss-0.0786, cindex-0.9319, test_loss-0.2493
2024-04-28 16:15:27 - INFO - model-gcn, dataset-davis, epoch-396, loss-0.0802, cindex-0.9316, test_loss-0.2376
2024-04-28 16:15:35 - INFO - model-gcn, dataset-davis, epoch-397, loss-0.0775, cindex-0.9318, test_loss-0.2342
2024-04-28 16:15:43 - INFO - model-gcn, dataset-davis, epoch-398, loss-0.0809, cindex-0.9318, test_loss-0.2301
2024-04-28 16:15:50 - INFO - model-gcn, dataset-davis, epoch-399, loss-0.0794, cindex-0.9323, test_loss-0.2276
2024-04-28 16:15:58 - INFO - model-gcn, dataset-davis, epoch-400, loss-0.0765, cindex-0.9335, test_loss-0.2347
2024-04-28 16:16:05 - INFO - model-gcn, dataset-davis, epoch-401, loss-0.0781, cindex-0.9312, test_loss-0.2254
2024-04-28 16:16:13 - INFO - model-gcn, dataset-davis, epoch-402, loss-0.0794, cindex-0.9326, test_loss-0.2273
2024-04-28 16:16:21 - INFO - model-gcn, dataset-davis, epoch-403, loss-0.0775, cindex-0.9316, test_loss-0.2278
2024-04-28 16:16:29 - INFO - model-gcn, dataset-davis, epoch-404, loss-0.0793, cindex-0.9337, test_loss-0.2211
2024-04-28 16:16:36 - INFO - model-gcn, dataset-davis, epoch-405, loss-0.0759, cindex-0.9315, test_loss-0.2450
2024-04-28 16:16:43 - INFO - model-gcn, dataset-davis, epoch-406, loss-0.0770, cindex-0.9325, test_loss-0.2481
2024-04-28 16:16:51 - INFO - model-gcn, dataset-davis, epoch-407, loss-0.0745, cindex-0.9340, test_loss-0.2199
2024-04-28 16:16:59 - INFO - model-gcn, dataset-davis, epoch-408, loss-0.0767, cindex-0.9323, test_loss-0.2580
2024-04-28 16:17:07 - INFO - model-gcn, dataset-davis, epoch-409, loss-0.0788, cindex-0.9338, test_loss-0.2314
2024-04-28 16:17:15 - INFO - model-gcn, dataset-davis, epoch-410, loss-0.0772, cindex-0.9317, test_loss-0.2189
2024-04-28 16:17:15 - INFO - Saving model...
2024-04-28 16:17:22 - INFO - model-gcn, dataset-davis, epoch-411, loss-0.0802, cindex-0.9324, test_loss-0.2288
2024-04-28 16:17:30 - INFO - model-gcn, dataset-davis, epoch-412, loss-0.0764, cindex-0.9319, test_loss-0.2219
2024-04-28 16:17:38 - INFO - model-gcn, dataset-davis, epoch-413, loss-0.0774, cindex-0.9341, test_loss-0.2210
2024-04-28 16:17:45 - INFO - model-gcn, dataset-davis, epoch-414, loss-0.0761, cindex-0.9331, test_loss-0.2310
2024-04-28 16:17:53 - INFO - model-gcn, dataset-davis, epoch-415, loss-0.0768, cindex-0.9320, test_loss-0.2249
2024-04-28 16:18:01 - INFO - model-gcn, dataset-davis, epoch-416, loss-0.0751, cindex-0.9340, test_loss-0.2196
2024-04-28 16:18:09 - INFO - model-gcn, dataset-davis, epoch-417, loss-0.0758, cindex-0.9337, test_loss-0.2200
2024-04-28 16:18:16 - INFO - model-gcn, dataset-davis, epoch-418, loss-0.0764, cindex-0.9357, test_loss-0.2184
2024-04-28 16:18:16 - INFO - Saving model...
2024-04-28 16:18:24 - INFO - model-gcn, dataset-davis, epoch-419, loss-0.0759, cindex-0.9343, test_loss-0.2165
2024-04-28 16:18:24 - INFO - Saving model...
2024-04-28 16:18:33 - INFO - model-gcn, dataset-davis, epoch-420, loss-0.0769, cindex-0.9343, test_loss-0.2204
2024-04-28 16:18:40 - INFO - model-gcn, dataset-davis, epoch-421, loss-0.0764, cindex-0.9337, test_loss-0.2326
2024-04-28 16:18:48 - INFO - model-gcn, dataset-davis, epoch-422, loss-0.0736, cindex-0.9364, test_loss-0.2328
2024-04-28 16:18:56 - INFO - model-gcn, dataset-davis, epoch-423, loss-0.0735, cindex-0.9351, test_loss-0.2315
2024-04-28 16:19:04 - INFO - model-gcn, dataset-davis, epoch-424, loss-0.0737, cindex-0.9356, test_loss-0.2288
2024-04-28 16:19:12 - INFO - model-gcn, dataset-davis, epoch-425, loss-0.0728, cindex-0.9341, test_loss-0.2264
2024-04-28 16:19:20 - INFO - model-gcn, dataset-davis, epoch-426, loss-0.0746, cindex-0.9351, test_loss-0.2363
2024-04-28 16:19:28 - INFO - model-gcn, dataset-davis, epoch-427, loss-0.0756, cindex-0.9342, test_loss-0.2206
2024-04-28 16:19:35 - INFO - model-gcn, dataset-davis, epoch-428, loss-0.0761, cindex-0.9332, test_loss-0.2213
2024-04-28 16:19:43 - INFO - model-gcn, dataset-davis, epoch-429, loss-0.0768, cindex-0.9333, test_loss-0.2375
2024-04-28 16:19:51 - INFO - model-gcn, dataset-davis, epoch-430, loss-0.0752, cindex-0.9333, test_loss-0.2233
2024-04-28 16:19:59 - INFO - model-gcn, dataset-davis, epoch-431, loss-0.0756, cindex-0.9357, test_loss-0.2312
2024-04-28 16:20:07 - INFO - model-gcn, dataset-davis, epoch-432, loss-0.0765, cindex-0.9337, test_loss-0.2202
2024-04-28 16:20:15 - INFO - model-gcn, dataset-davis, epoch-433, loss-0.0772, cindex-0.9342, test_loss-0.2331
2024-04-28 16:20:23 - INFO - model-gcn, dataset-davis, epoch-434, loss-0.0747, cindex-0.9359, test_loss-0.2391
2024-04-28 16:20:31 - INFO - model-gcn, dataset-davis, epoch-435, loss-0.0745, cindex-0.9329, test_loss-0.2259
2024-04-28 16:20:38 - INFO - model-gcn, dataset-davis, epoch-436, loss-0.0735, cindex-0.9349, test_loss-0.2246
2024-04-28 16:20:46 - INFO - model-gcn, dataset-davis, epoch-437, loss-0.0754, cindex-0.9334, test_loss-0.2201
2024-04-28 16:20:54 - INFO - model-gcn, dataset-davis, epoch-438, loss-0.0753, cindex-0.9336, test_loss-0.2239
2024-04-28 16:21:02 - INFO - model-gcn, dataset-davis, epoch-439, loss-0.0747, cindex-0.9339, test_loss-0.2205
2024-04-28 16:21:10 - INFO - model-gcn, dataset-davis, epoch-440, loss-0.0747, cindex-0.9334, test_loss-0.2246
2024-04-28 16:21:17 - INFO - model-gcn, dataset-davis, epoch-441, loss-0.0749, cindex-0.9343, test_loss-0.2151
2024-04-28 16:21:17 - INFO - Saving model...
2024-04-28 16:21:25 - INFO - model-gcn, dataset-davis, epoch-442, loss-0.0764, cindex-0.9340, test_loss-0.2192
2024-04-28 16:21:32 - INFO - model-gcn, dataset-davis, epoch-443, loss-0.0751, cindex-0.9350, test_loss-0.2195
2024-04-28 16:21:40 - INFO - model-gcn, dataset-davis, epoch-444, loss-0.0796, cindex-0.9331, test_loss-0.2354
2024-04-28 16:21:47 - INFO - model-gcn, dataset-davis, epoch-445, loss-0.0784, cindex-0.9330, test_loss-0.2531
2024-04-28 16:21:55 - INFO - model-gcn, dataset-davis, epoch-446, loss-0.0740, cindex-0.9359, test_loss-0.2250
2024-04-28 16:22:02 - INFO - model-gcn, dataset-davis, epoch-447, loss-0.0726, cindex-0.9348, test_loss-0.2270
2024-04-28 16:22:09 - INFO - model-gcn, dataset-davis, epoch-448, loss-0.0716, cindex-0.9379, test_loss-0.2199
2024-04-28 16:22:17 - INFO - model-gcn, dataset-davis, epoch-449, loss-0.0762, cindex-0.9319, test_loss-0.2340
2024-04-28 16:22:24 - INFO - model-gcn, dataset-davis, epoch-450, loss-0.0761, cindex-0.9327, test_loss-0.2345
2024-04-28 16:22:32 - INFO - model-gcn, dataset-davis, epoch-451, loss-0.0727, cindex-0.9381, test_loss-0.2165
2024-04-28 16:22:39 - INFO - model-gcn, dataset-davis, epoch-452, loss-0.0731, cindex-0.9344, test_loss-0.2402
2024-04-28 16:22:47 - INFO - model-gcn, dataset-davis, epoch-453, loss-0.0708, cindex-0.9368, test_loss-0.2240
2024-04-28 16:22:54 - INFO - model-gcn, dataset-davis, epoch-454, loss-0.0728, cindex-0.9338, test_loss-0.2422
2024-04-28 16:23:01 - INFO - model-gcn, dataset-davis, epoch-455, loss-0.0736, cindex-0.9352, test_loss-0.2373
2024-04-28 16:23:09 - INFO - model-gcn, dataset-davis, epoch-456, loss-0.0723, cindex-0.9350, test_loss-0.2302
2024-04-28 16:23:16 - INFO - model-gcn, dataset-davis, epoch-457, loss-0.0716, cindex-0.9362, test_loss-0.2259
2024-04-28 16:23:24 - INFO - model-gcn, dataset-davis, epoch-458, loss-0.0748, cindex-0.9338, test_loss-0.2171
2024-04-28 16:23:31 - INFO - model-gcn, dataset-davis, epoch-459, loss-0.0756, cindex-0.9343, test_loss-0.2245
2024-04-28 16:23:38 - INFO - model-gcn, dataset-davis, epoch-460, loss-0.0724, cindex-0.9351, test_loss-0.2221
2024-04-28 16:23:46 - INFO - model-gcn, dataset-davis, epoch-461, loss-0.0736, cindex-0.9349, test_loss-0.2135
2024-04-28 16:23:46 - INFO - Saving model...
2024-04-28 16:23:53 - INFO - model-gcn, dataset-davis, epoch-462, loss-0.0732, cindex-0.9377, test_loss-0.2139
2024-04-28 16:24:01 - INFO - model-gcn, dataset-davis, epoch-463, loss-0.0721, cindex-0.9339, test_loss-0.2229
2024-04-28 16:24:08 - INFO - model-gcn, dataset-davis, epoch-464, loss-0.0717, cindex-0.9353, test_loss-0.2231
2024-04-28 16:24:16 - INFO - model-gcn, dataset-davis, epoch-465, loss-0.0692, cindex-0.9366, test_loss-0.2178
2024-04-28 16:24:23 - INFO - model-gcn, dataset-davis, epoch-466, loss-0.0712, cindex-0.9357, test_loss-0.2217
2024-04-28 16:24:30 - INFO - model-gcn, dataset-davis, epoch-467, loss-0.0710, cindex-0.9352, test_loss-0.2247
2024-04-28 16:24:38 - INFO - model-gcn, dataset-davis, epoch-468, loss-0.0725, cindex-0.9368, test_loss-0.2191
2024-04-28 16:24:45 - INFO - model-gcn, dataset-davis, epoch-469, loss-0.0720, cindex-0.9378, test_loss-0.2336
2024-04-28 16:24:53 - INFO - model-gcn, dataset-davis, epoch-470, loss-0.0706, cindex-0.9366, test_loss-0.2199
2024-04-28 16:25:00 - INFO - model-gcn, dataset-davis, epoch-471, loss-0.0731, cindex-0.9353, test_loss-0.2225
2024-04-28 16:25:07 - INFO - model-gcn, dataset-davis, epoch-472, loss-0.0740, cindex-0.9333, test_loss-0.2189
2024-04-28 16:25:15 - INFO - model-gcn, dataset-davis, epoch-473, loss-0.0721, cindex-0.9352, test_loss-0.2222
2024-04-28 16:25:22 - INFO - model-gcn, dataset-davis, epoch-474, loss-0.0717, cindex-0.9380, test_loss-0.2192
2024-04-28 16:25:30 - INFO - model-gcn, dataset-davis, epoch-475, loss-0.0714, cindex-0.9354, test_loss-0.2234
2024-04-28 16:25:37 - INFO - model-gcn, dataset-davis, epoch-476, loss-0.0730, cindex-0.9339, test_loss-0.2325
2024-04-28 16:25:44 - INFO - model-gcn, dataset-davis, epoch-477, loss-0.0715, cindex-0.9349, test_loss-0.2217
2024-04-28 16:25:52 - INFO - model-gcn, dataset-davis, epoch-478, loss-0.0720, cindex-0.9364, test_loss-0.2320
2024-04-28 16:25:59 - INFO - model-gcn, dataset-davis, epoch-479, loss-0.0709, cindex-0.9384, test_loss-0.2300
2024-04-28 16:26:07 - INFO - model-gcn, dataset-davis, epoch-480, loss-0.0718, cindex-0.9364, test_loss-0.2156
2024-04-28 16:26:14 - INFO - model-gcn, dataset-davis, epoch-481, loss-0.0705, cindex-0.9350, test_loss-0.2153
2024-04-28 16:26:22 - INFO - model-gcn, dataset-davis, epoch-482, loss-0.0720, cindex-0.9368, test_loss-0.2231
2024-04-28 16:26:29 - INFO - model-gcn, dataset-davis, epoch-483, loss-0.0731, cindex-0.9369, test_loss-0.2217
2024-04-28 16:26:37 - INFO - model-gcn, dataset-davis, epoch-484, loss-0.0739, cindex-0.9363, test_loss-0.2293
2024-04-28 16:26:44 - INFO - model-gcn, dataset-davis, epoch-485, loss-0.0732, cindex-0.9350, test_loss-0.2308
2024-04-28 16:26:51 - INFO - model-gcn, dataset-davis, epoch-486, loss-0.0743, cindex-0.9364, test_loss-0.2166
2024-04-28 16:26:59 - INFO - model-gcn, dataset-davis, epoch-487, loss-0.0698, cindex-0.9378, test_loss-0.2284
2024-04-28 16:27:06 - INFO - model-gcn, dataset-davis, epoch-488, loss-0.0708, cindex-0.9360, test_loss-0.2457
2024-04-28 16:27:14 - INFO - model-gcn, dataset-davis, epoch-489, loss-0.0730, cindex-0.9365, test_loss-0.2367
2024-04-28 16:27:21 - INFO - model-gcn, dataset-davis, epoch-490, loss-0.0686, cindex-0.9361, test_loss-0.2331
2024-04-28 16:27:29 - INFO - model-gcn, dataset-davis, epoch-491, loss-0.0714, cindex-0.9368, test_loss-0.2177
2024-04-28 16:27:36 - INFO - model-gcn, dataset-davis, epoch-492, loss-0.0703, cindex-0.9368, test_loss-0.2391
2024-04-28 16:27:44 - INFO - model-gcn, dataset-davis, epoch-493, loss-0.0702, cindex-0.9367, test_loss-0.2328
2024-04-28 16:27:51 - INFO - model-gcn, dataset-davis, epoch-494, loss-0.0706, cindex-0.9366, test_loss-0.2382
2024-04-28 16:27:59 - INFO - model-gcn, dataset-davis, epoch-495, loss-0.0707, cindex-0.9363, test_loss-0.2227
2024-04-28 16:28:06 - INFO - model-gcn, dataset-davis, epoch-496, loss-0.0719, cindex-0.9375, test_loss-0.2245
2024-04-28 16:28:14 - INFO - model-gcn, dataset-davis, epoch-497, loss-0.0717, cindex-0.9381, test_loss-0.2499
2024-04-28 16:28:21 - INFO - model-gcn, dataset-davis, epoch-498, loss-0.0710, cindex-0.9371, test_loss-0.2270
2024-04-28 16:28:29 - INFO - model-gcn, dataset-davis, epoch-499, loss-0.0793, cindex-0.9355, test_loss-0.2259
2024-04-28 16:28:36 - INFO - model-gcn, dataset-davis, epoch-500, loss-0.0703, cindex-0.9374, test_loss-0.2289
