2024-04-30 02:37:26 - INFO - train.py
2024-04-30 02:37:31 - INFO - KIBA Dataset loaded successfully!
2024-04-30 02:37:31 - INFO - Train Length: 82360
2024-04-30 02:37:31 - INFO - Test Length: 23531
2024-04-30 02:37:32 - INFO - GraphDTA + GAT model loaded successfully!
2024-04-30 02:37:32 - INFO - Training for 500 epochs (777 steps) begins...
2024-04-30 02:38:30 - INFO - model-gat, dataset-kiba, epoch-1, loss-4.2677, cindex-0.5510, test_loss-0.5919
2024-04-30 02:38:30 - INFO - Saving model...
2024-04-30 02:39:29 - INFO - model-gat, dataset-kiba, epoch-2, loss-1.0117, cindex-0.5864, test_loss-0.6790
2024-04-30 02:40:26 - INFO - model-gat, dataset-kiba, epoch-3, loss-0.9661, cindex-0.5967, test_loss-0.5516
2024-04-30 02:40:26 - INFO - Saving model...
2024-04-30 02:41:25 - INFO - model-gat, dataset-kiba, epoch-4, loss-0.9358, cindex-0.6072, test_loss-0.5356
2024-04-30 02:41:25 - INFO - Saving model...
2024-04-30 02:42:22 - INFO - model-gat, dataset-kiba, epoch-5, loss-0.9049, cindex-0.6161, test_loss-0.5212
2024-04-30 02:42:22 - INFO - Saving model...
2024-04-30 02:43:21 - INFO - model-gat, dataset-kiba, epoch-6, loss-0.9181, cindex-0.6197, test_loss-0.5370
2024-04-30 02:44:18 - INFO - model-gat, dataset-kiba, epoch-7, loss-0.8932, cindex-0.6258, test_loss-0.4824
2024-04-30 02:44:18 - INFO - Saving model...
2024-04-30 02:45:17 - INFO - model-gat, dataset-kiba, epoch-8, loss-0.8881, cindex-0.6306, test_loss-0.4940
2024-04-30 02:46:14 - INFO - model-gat, dataset-kiba, epoch-9, loss-0.8608, cindex-0.6341, test_loss-0.5329
2024-04-30 02:47:13 - INFO - model-gat, dataset-kiba, epoch-10, loss-0.8835, cindex-0.6382, test_loss-0.6333
2024-04-30 02:48:11 - INFO - model-gat, dataset-kiba, epoch-11, loss-0.8638, cindex-0.6410, test_loss-0.5356
2024-04-30 02:49:08 - INFO - model-gat, dataset-kiba, epoch-12, loss-0.8196, cindex-0.6444, test_loss-0.5858
2024-04-30 02:50:07 - INFO - model-gat, dataset-kiba, epoch-13, loss-0.8476, cindex-0.6465, test_loss-0.4310
2024-04-30 02:50:07 - INFO - Saving model...
2024-04-30 02:51:04 - INFO - model-gat, dataset-kiba, epoch-14, loss-0.8092, cindex-0.6497, test_loss-0.4088
2024-04-30 02:51:04 - INFO - Saving model...
2024-04-30 02:52:03 - INFO - model-gat, dataset-kiba, epoch-15, loss-0.7777, cindex-0.6529, test_loss-0.4177
2024-04-30 02:53:00 - INFO - model-gat, dataset-kiba, epoch-16, loss-0.7855, cindex-0.6552, test_loss-0.4944
2024-04-30 02:53:59 - INFO - model-gat, dataset-kiba, epoch-17, loss-0.7678, cindex-0.6570, test_loss-0.3885
2024-04-30 02:53:59 - INFO - Saving model...
2024-04-30 02:54:56 - INFO - model-gat, dataset-kiba, epoch-18, loss-0.7696, cindex-0.6590, test_loss-0.4825
2024-04-30 02:55:53 - INFO - model-gat, dataset-kiba, epoch-19, loss-0.7478, cindex-0.6611, test_loss-0.3855
2024-04-30 02:55:53 - INFO - Saving model...
2024-04-30 02:56:51 - INFO - model-gat, dataset-kiba, epoch-20, loss-0.7651, cindex-0.6627, test_loss-0.4074
2024-04-30 02:57:48 - INFO - model-gat, dataset-kiba, epoch-21, loss-0.7239, cindex-0.6649, test_loss-0.3867
2024-04-30 02:58:46 - INFO - model-gat, dataset-kiba, epoch-22, loss-0.7243, cindex-0.6683, test_loss-0.3633
2024-04-30 02:58:46 - INFO - Saving model...
2024-04-30 02:59:43 - INFO - model-gat, dataset-kiba, epoch-23, loss-0.7310, cindex-0.6693, test_loss-0.4218
2024-04-30 03:00:41 - INFO - model-gat, dataset-kiba, epoch-24, loss-0.6985, cindex-0.6699, test_loss-0.3464
2024-04-30 03:00:41 - INFO - Saving model...
2024-04-30 03:01:38 - INFO - model-gat, dataset-kiba, epoch-25, loss-0.7070, cindex-0.6714, test_loss-0.3459
2024-04-30 03:01:38 - INFO - Saving model...
2024-04-30 03:02:35 - INFO - model-gat, dataset-kiba, epoch-26, loss-0.6989, cindex-0.6747, test_loss-0.3307
2024-04-30 03:02:35 - INFO - Saving model...
2024-04-30 03:03:33 - INFO - model-gat, dataset-kiba, epoch-27, loss-0.6860, cindex-0.6740, test_loss-0.3338
2024-04-30 03:04:30 - INFO - model-gat, dataset-kiba, epoch-28, loss-0.7064, cindex-0.6749, test_loss-0.3997
2024-04-30 03:05:28 - INFO - model-gat, dataset-kiba, epoch-29, loss-0.7044, cindex-0.6773, test_loss-0.3262
2024-04-30 03:05:28 - INFO - Saving model...
2024-04-30 03:06:25 - INFO - model-gat, dataset-kiba, epoch-30, loss-0.6807, cindex-0.6783, test_loss-0.3584
2024-04-30 03:07:23 - INFO - model-gat, dataset-kiba, epoch-31, loss-0.6679, cindex-0.6790, test_loss-0.5004
2024-04-30 03:08:20 - INFO - model-gat, dataset-kiba, epoch-32, loss-0.6622, cindex-0.6804, test_loss-0.3628
2024-04-30 03:09:17 - INFO - model-gat, dataset-kiba, epoch-33, loss-0.6589, cindex-0.6817, test_loss-0.3647
2024-04-30 03:10:15 - INFO - model-gat, dataset-kiba, epoch-34, loss-0.6627, cindex-0.6809, test_loss-0.3594
2024-04-30 03:11:12 - INFO - model-gat, dataset-kiba, epoch-35, loss-0.6561, cindex-0.6814, test_loss-0.3175
2024-04-30 03:11:12 - INFO - Saving model...
2024-04-30 03:12:10 - INFO - model-gat, dataset-kiba, epoch-36, loss-0.6614, cindex-0.6834, test_loss-0.3147
2024-04-30 03:12:10 - INFO - Saving model...
2024-04-30 03:13:07 - INFO - model-gat, dataset-kiba, epoch-37, loss-0.6462, cindex-0.6847, test_loss-0.3455
2024-04-30 03:14:05 - INFO - model-gat, dataset-kiba, epoch-38, loss-0.6454, cindex-0.6856, test_loss-0.3402
2024-04-30 03:15:02 - INFO - model-gat, dataset-kiba, epoch-39, loss-0.6330, cindex-0.6876, test_loss-0.4119
2024-04-30 03:16:00 - INFO - model-gat, dataset-kiba, epoch-40, loss-0.6311, cindex-0.6873, test_loss-0.3606
2024-04-30 03:16:57 - INFO - model-gat, dataset-kiba, epoch-41, loss-0.6399, cindex-0.6875, test_loss-0.3811
2024-04-30 03:17:54 - INFO - model-gat, dataset-kiba, epoch-42, loss-0.6276, cindex-0.6883, test_loss-0.3481
2024-04-30 03:18:52 - INFO - model-gat, dataset-kiba, epoch-43, loss-0.6241, cindex-0.6892, test_loss-0.3457
2024-04-30 03:19:49 - INFO - model-gat, dataset-kiba, epoch-44, loss-0.6222, cindex-0.6903, test_loss-0.3145
2024-04-30 03:19:49 - INFO - Saving model...
2024-04-30 03:20:46 - INFO - model-gat, dataset-kiba, epoch-45, loss-0.6140, cindex-0.6892, test_loss-0.3123
2024-04-30 03:20:46 - INFO - Saving model...
2024-04-30 03:21:44 - INFO - model-gat, dataset-kiba, epoch-46, loss-0.6107, cindex-0.6916, test_loss-0.3010
2024-04-30 03:21:44 - INFO - Saving model...
2024-04-30 03:22:41 - INFO - model-gat, dataset-kiba, epoch-47, loss-0.6070, cindex-0.6931, test_loss-0.2959
2024-04-30 03:22:41 - INFO - Saving model...
2024-04-30 03:23:39 - INFO - model-gat, dataset-kiba, epoch-48, loss-0.6058, cindex-0.6926, test_loss-0.2993
2024-04-30 03:24:37 - INFO - model-gat, dataset-kiba, epoch-49, loss-0.6101, cindex-0.6952, test_loss-0.3170
2024-04-30 03:25:34 - INFO - model-gat, dataset-kiba, epoch-50, loss-0.6011, cindex-0.6939, test_loss-0.3339
2024-04-30 03:26:31 - INFO - model-gat, dataset-kiba, epoch-51, loss-0.5983, cindex-0.6949, test_loss-0.3044
2024-04-30 03:27:29 - INFO - model-gat, dataset-kiba, epoch-52, loss-0.5831, cindex-0.6958, test_loss-0.3164
2024-04-30 03:28:26 - INFO - model-gat, dataset-kiba, epoch-53, loss-0.6007, cindex-0.6970, test_loss-0.2899
2024-04-30 03:28:26 - INFO - Saving model...
2024-04-30 03:29:23 - INFO - model-gat, dataset-kiba, epoch-54, loss-0.5832, cindex-0.6966, test_loss-0.2956
2024-04-30 03:30:21 - INFO - model-gat, dataset-kiba, epoch-55, loss-0.5861, cindex-0.6981, test_loss-0.2851
2024-04-30 03:30:21 - INFO - Saving model...
2024-04-30 03:31:19 - INFO - model-gat, dataset-kiba, epoch-56, loss-0.5753, cindex-0.6995, test_loss-0.2921
2024-04-30 03:32:16 - INFO - model-gat, dataset-kiba, epoch-57, loss-0.5787, cindex-0.6989, test_loss-0.4939
2024-04-30 03:33:14 - INFO - model-gat, dataset-kiba, epoch-58, loss-0.5823, cindex-0.6998, test_loss-0.3054
2024-04-30 03:34:11 - INFO - model-gat, dataset-kiba, epoch-59, loss-0.5644, cindex-0.7018, test_loss-0.3367
2024-04-30 03:35:09 - INFO - model-gat, dataset-kiba, epoch-60, loss-0.5722, cindex-0.6993, test_loss-0.2799
2024-04-30 03:35:09 - INFO - Saving model...
2024-04-30 03:36:06 - INFO - model-gat, dataset-kiba, epoch-61, loss-0.5606, cindex-0.7030, test_loss-0.3304
2024-04-30 03:37:04 - INFO - model-gat, dataset-kiba, epoch-62, loss-0.5616, cindex-0.7035, test_loss-0.3106
2024-04-30 03:38:01 - INFO - model-gat, dataset-kiba, epoch-63, loss-0.5551, cindex-0.7033, test_loss-0.2802
2024-04-30 03:38:58 - INFO - model-gat, dataset-kiba, epoch-64, loss-0.5592, cindex-0.7056, test_loss-0.2826
2024-04-30 03:39:56 - INFO - model-gat, dataset-kiba, epoch-65, loss-0.5422, cindex-0.7052, test_loss-0.2805
2024-04-30 03:40:53 - INFO - model-gat, dataset-kiba, epoch-66, loss-0.5562, cindex-0.7052, test_loss-0.2742
2024-04-30 03:40:53 - INFO - Saving model...
2024-04-30 03:41:51 - INFO - model-gat, dataset-kiba, epoch-67, loss-0.5446, cindex-0.7058, test_loss-0.2949
2024-04-30 03:42:48 - INFO - model-gat, dataset-kiba, epoch-68, loss-0.5419, cindex-0.7068, test_loss-0.2988
2024-04-30 03:43:45 - INFO - model-gat, dataset-kiba, epoch-69, loss-0.5359, cindex-0.7071, test_loss-0.2774
2024-04-30 03:44:43 - INFO - model-gat, dataset-kiba, epoch-70, loss-0.5354, cindex-0.7089, test_loss-0.2642
2024-04-30 03:44:43 - INFO - Saving model...
2024-04-30 03:45:41 - INFO - model-gat, dataset-kiba, epoch-71, loss-0.5305, cindex-0.7099, test_loss-0.2692
2024-04-30 03:46:38 - INFO - model-gat, dataset-kiba, epoch-72, loss-0.5253, cindex-0.7095, test_loss-0.2848
2024-04-30 03:47:36 - INFO - model-gat, dataset-kiba, epoch-73, loss-0.5243, cindex-0.7122, test_loss-0.2825
2024-04-30 03:48:33 - INFO - model-gat, dataset-kiba, epoch-74, loss-0.5237, cindex-0.7110, test_loss-0.2634
2024-04-30 03:48:33 - INFO - Saving model...
2024-04-30 03:49:30 - INFO - model-gat, dataset-kiba, epoch-75, loss-0.5063, cindex-0.7138, test_loss-0.2838
2024-04-30 03:50:28 - INFO - model-gat, dataset-kiba, epoch-76, loss-0.5112, cindex-0.7135, test_loss-0.4139
2024-04-30 03:51:25 - INFO - model-gat, dataset-kiba, epoch-77, loss-0.5251, cindex-0.7118, test_loss-0.2983
2024-04-30 03:52:23 - INFO - model-gat, dataset-kiba, epoch-78, loss-0.5067, cindex-0.7151, test_loss-0.2813
2024-04-30 03:53:20 - INFO - model-gat, dataset-kiba, epoch-79, loss-0.4995, cindex-0.7155, test_loss-0.3066
2024-04-30 03:54:18 - INFO - model-gat, dataset-kiba, epoch-80, loss-0.5063, cindex-0.7158, test_loss-0.2592
2024-04-30 03:54:18 - INFO - Saving model...
2024-04-30 03:55:15 - INFO - model-gat, dataset-kiba, epoch-81, loss-0.5061, cindex-0.7162, test_loss-0.2569
2024-04-30 03:55:15 - INFO - Saving model...
2024-04-30 03:56:13 - INFO - model-gat, dataset-kiba, epoch-82, loss-0.4952, cindex-0.7171, test_loss-0.2821
2024-04-30 03:57:10 - INFO - model-gat, dataset-kiba, epoch-83, loss-0.4949, cindex-0.7179, test_loss-0.2579
2024-04-30 03:58:08 - INFO - model-gat, dataset-kiba, epoch-84, loss-0.4941, cindex-0.7182, test_loss-0.2962
2024-04-30 03:59:05 - INFO - model-gat, dataset-kiba, epoch-85, loss-0.4936, cindex-0.7194, test_loss-0.3235
2024-04-30 04:00:02 - INFO - model-gat, dataset-kiba, epoch-86, loss-0.4815, cindex-0.7192, test_loss-0.2741
2024-04-30 04:01:00 - INFO - model-gat, dataset-kiba, epoch-87, loss-0.4892, cindex-0.7218, test_loss-0.2505
2024-04-30 04:01:00 - INFO - Saving model...
2024-04-30 04:01:57 - INFO - model-gat, dataset-kiba, epoch-88, loss-0.4749, cindex-0.7213, test_loss-0.2591
2024-04-30 04:02:55 - INFO - model-gat, dataset-kiba, epoch-89, loss-0.4748, cindex-0.7226, test_loss-0.2582
2024-04-30 04:03:52 - INFO - model-gat, dataset-kiba, epoch-90, loss-0.4786, cindex-0.7220, test_loss-0.2477
2024-04-30 04:03:52 - INFO - Saving model...
2024-04-30 04:04:50 - INFO - model-gat, dataset-kiba, epoch-91, loss-0.4705, cindex-0.7246, test_loss-0.2544
2024-04-30 04:05:47 - INFO - model-gat, dataset-kiba, epoch-92, loss-0.4666, cindex-0.7242, test_loss-0.2449
2024-04-30 04:05:47 - INFO - Saving model...
2024-04-30 04:06:45 - INFO - model-gat, dataset-kiba, epoch-93, loss-0.4649, cindex-0.7248, test_loss-0.2735
2024-04-30 04:07:42 - INFO - model-gat, dataset-kiba, epoch-94, loss-0.4565, cindex-0.7261, test_loss-0.2584
2024-04-30 04:08:40 - INFO - model-gat, dataset-kiba, epoch-95, loss-0.4642, cindex-0.7273, test_loss-0.2786
2024-04-30 04:09:37 - INFO - model-gat, dataset-kiba, epoch-96, loss-0.4553, cindex-0.7272, test_loss-0.2414
2024-04-30 04:09:37 - INFO - Saving model...
2024-04-30 04:10:34 - INFO - model-gat, dataset-kiba, epoch-97, loss-0.4559, cindex-0.7284, test_loss-0.2405
2024-04-30 04:10:34 - INFO - Saving model...
2024-04-30 04:11:32 - INFO - model-gat, dataset-kiba, epoch-98, loss-0.4482, cindex-0.7287, test_loss-0.2781
2024-04-30 04:12:29 - INFO - model-gat, dataset-kiba, epoch-99, loss-0.4546, cindex-0.7287, test_loss-0.2342
2024-04-30 04:12:29 - INFO - Saving model...
2024-04-30 04:13:27 - INFO - model-gat, dataset-kiba, epoch-100, loss-0.4398, cindex-0.7319, test_loss-0.2432
2024-04-30 04:14:24 - INFO - model-gat, dataset-kiba, epoch-101, loss-0.4375, cindex-0.7315, test_loss-0.2395
2024-04-30 04:15:22 - INFO - model-gat, dataset-kiba, epoch-102, loss-0.4328, cindex-0.7329, test_loss-0.2363
2024-04-30 04:16:19 - INFO - model-gat, dataset-kiba, epoch-103, loss-0.4387, cindex-0.7330, test_loss-0.2527
2024-04-30 04:17:17 - INFO - model-gat, dataset-kiba, epoch-104, loss-0.4278, cindex-0.7344, test_loss-0.2423
2024-04-30 04:18:14 - INFO - model-gat, dataset-kiba, epoch-105, loss-0.4290, cindex-0.7345, test_loss-0.2855
2024-04-30 04:19:11 - INFO - model-gat, dataset-kiba, epoch-106, loss-0.4324, cindex-0.7355, test_loss-0.2855
2024-04-30 04:20:09 - INFO - model-gat, dataset-kiba, epoch-107, loss-0.4225, cindex-0.7369, test_loss-0.2449
2024-04-30 04:21:07 - INFO - model-gat, dataset-kiba, epoch-108, loss-0.4221, cindex-0.7365, test_loss-0.2532
2024-04-30 04:22:04 - INFO - model-gat, dataset-kiba, epoch-109, loss-0.4168, cindex-0.7373, test_loss-0.2290
2024-04-30 04:22:04 - INFO - Saving model...
2024-04-30 04:23:02 - INFO - model-gat, dataset-kiba, epoch-110, loss-0.4128, cindex-0.7396, test_loss-0.2639
2024-04-30 04:24:00 - INFO - model-gat, dataset-kiba, epoch-111, loss-0.4104, cindex-0.7395, test_loss-0.2296
2024-04-30 04:24:57 - INFO - model-gat, dataset-kiba, epoch-112, loss-0.4031, cindex-0.7416, test_loss-0.2388
2024-04-30 04:25:55 - INFO - model-gat, dataset-kiba, epoch-113, loss-0.4064, cindex-0.7418, test_loss-0.2379
2024-04-30 04:26:52 - INFO - model-gat, dataset-kiba, epoch-114, loss-0.3998, cindex-0.7411, test_loss-0.2829
2024-04-30 04:27:49 - INFO - model-gat, dataset-kiba, epoch-115, loss-0.3927, cindex-0.7453, test_loss-0.2296
2024-04-30 04:28:46 - INFO - model-gat, dataset-kiba, epoch-116, loss-0.3938, cindex-0.7427, test_loss-0.2301
2024-04-30 04:29:43 - INFO - model-gat, dataset-kiba, epoch-117, loss-0.3908, cindex-0.7446, test_loss-0.2241
2024-04-30 04:29:43 - INFO - Saving model...
2024-04-30 04:30:40 - INFO - model-gat, dataset-kiba, epoch-118, loss-0.3871, cindex-0.7467, test_loss-0.2452
2024-04-30 04:31:37 - INFO - model-gat, dataset-kiba, epoch-119, loss-0.3857, cindex-0.7465, test_loss-0.2179
2024-04-30 04:31:37 - INFO - Saving model...
2024-04-30 04:32:35 - INFO - model-gat, dataset-kiba, epoch-120, loss-0.3792, cindex-0.7480, test_loss-0.2300
2024-04-30 04:33:32 - INFO - model-gat, dataset-kiba, epoch-121, loss-0.3795, cindex-0.7480, test_loss-0.2383
2024-04-30 04:34:29 - INFO - model-gat, dataset-kiba, epoch-122, loss-0.3737, cindex-0.7506, test_loss-0.2340
2024-04-30 04:35:26 - INFO - model-gat, dataset-kiba, epoch-123, loss-0.3679, cindex-0.7506, test_loss-0.2458
2024-04-30 04:36:24 - INFO - model-gat, dataset-kiba, epoch-124, loss-0.3637, cindex-0.7526, test_loss-0.2275
2024-04-30 04:37:22 - INFO - model-gat, dataset-kiba, epoch-125, loss-0.3697, cindex-0.7513, test_loss-0.2203
2024-04-30 04:38:19 - INFO - model-gat, dataset-kiba, epoch-126, loss-0.3613, cindex-0.7527, test_loss-0.2130
2024-04-30 04:38:19 - INFO - Saving model...
2024-04-30 04:39:16 - INFO - model-gat, dataset-kiba, epoch-127, loss-0.3664, cindex-0.7544, test_loss-0.2273
2024-04-30 04:40:13 - INFO - model-gat, dataset-kiba, epoch-128, loss-0.3606, cindex-0.7538, test_loss-0.2449
2024-04-30 04:41:10 - INFO - model-gat, dataset-kiba, epoch-129, loss-0.3554, cindex-0.7565, test_loss-0.2235
2024-04-30 04:42:07 - INFO - model-gat, dataset-kiba, epoch-130, loss-0.3523, cindex-0.7549, test_loss-0.2257
2024-04-30 04:43:05 - INFO - model-gat, dataset-kiba, epoch-131, loss-0.3519, cindex-0.7555, test_loss-0.2139
2024-04-30 04:44:02 - INFO - model-gat, dataset-kiba, epoch-132, loss-0.3507, cindex-0.7569, test_loss-0.2085
2024-04-30 04:44:02 - INFO - Saving model...
2024-04-30 04:44:59 - INFO - model-gat, dataset-kiba, epoch-133, loss-0.3426, cindex-0.7584, test_loss-0.2140
2024-04-30 04:45:56 - INFO - model-gat, dataset-kiba, epoch-134, loss-0.3399, cindex-0.7598, test_loss-0.2131
2024-04-30 04:46:53 - INFO - model-gat, dataset-kiba, epoch-135, loss-0.3326, cindex-0.7620, test_loss-0.2140
2024-04-30 04:47:51 - INFO - model-gat, dataset-kiba, epoch-136, loss-0.3331, cindex-0.7602, test_loss-0.2184
2024-04-30 04:48:48 - INFO - model-gat, dataset-kiba, epoch-137, loss-0.3292, cindex-0.7629, test_loss-0.2153
2024-04-30 04:49:45 - INFO - model-gat, dataset-kiba, epoch-138, loss-0.3268, cindex-0.7641, test_loss-0.2050
2024-04-30 04:49:45 - INFO - Saving model...
2024-04-30 04:50:42 - INFO - model-gat, dataset-kiba, epoch-139, loss-0.3231, cindex-0.7646, test_loss-0.2210
2024-04-30 04:51:39 - INFO - model-gat, dataset-kiba, epoch-140, loss-0.3193, cindex-0.7654, test_loss-0.2170
2024-04-30 04:52:36 - INFO - model-gat, dataset-kiba, epoch-141, loss-0.3181, cindex-0.7660, test_loss-0.2038
2024-04-30 04:52:36 - INFO - Saving model...
2024-04-30 04:53:34 - INFO - model-gat, dataset-kiba, epoch-142, loss-0.3162, cindex-0.7671, test_loss-0.2053
2024-04-30 04:54:31 - INFO - model-gat, dataset-kiba, epoch-143, loss-0.3146, cindex-0.7678, test_loss-0.2151
2024-04-30 04:55:28 - INFO - model-gat, dataset-kiba, epoch-144, loss-0.3102, cindex-0.7697, test_loss-0.2024
2024-04-30 04:55:28 - INFO - Saving model...
2024-04-30 04:56:25 - INFO - model-gat, dataset-kiba, epoch-145, loss-0.3115, cindex-0.7684, test_loss-0.2108
2024-04-30 04:57:22 - INFO - model-gat, dataset-kiba, epoch-146, loss-0.3036, cindex-0.7707, test_loss-0.2045
2024-04-30 04:58:20 - INFO - model-gat, dataset-kiba, epoch-147, loss-0.3009, cindex-0.7720, test_loss-0.2010
2024-04-30 04:58:20 - INFO - Saving model...
2024-04-30 04:59:17 - INFO - model-gat, dataset-kiba, epoch-148, loss-0.3016, cindex-0.7722, test_loss-0.1980
2024-04-30 04:59:17 - INFO - Saving model...
2024-04-30 05:00:14 - INFO - model-gat, dataset-kiba, epoch-149, loss-0.2982, cindex-0.7742, test_loss-0.2035
2024-04-30 05:01:11 - INFO - model-gat, dataset-kiba, epoch-150, loss-0.2921, cindex-0.7746, test_loss-0.1949
2024-04-30 05:01:11 - INFO - Saving model...
2024-04-30 05:02:09 - INFO - model-gat, dataset-kiba, epoch-151, loss-0.2902, cindex-0.7762, test_loss-0.2022
2024-04-30 05:03:06 - INFO - model-gat, dataset-kiba, epoch-152, loss-0.2881, cindex-0.7774, test_loss-0.1967
2024-04-30 05:04:03 - INFO - model-gat, dataset-kiba, epoch-153, loss-0.2906, cindex-0.7775, test_loss-0.1980
2024-04-30 05:05:01 - INFO - model-gat, dataset-kiba, epoch-154, loss-0.2845, cindex-0.7780, test_loss-0.1961
2024-04-30 05:05:58 - INFO - model-gat, dataset-kiba, epoch-155, loss-0.2820, cindex-0.7796, test_loss-0.1991
2024-04-30 05:06:55 - INFO - model-gat, dataset-kiba, epoch-156, loss-0.2777, cindex-0.7805, test_loss-0.2069
2024-04-30 05:07:52 - INFO - model-gat, dataset-kiba, epoch-157, loss-0.2758, cindex-0.7818, test_loss-0.1879
2024-04-30 05:07:52 - INFO - Saving model...
2024-04-30 05:08:50 - INFO - model-gat, dataset-kiba, epoch-158, loss-0.2746, cindex-0.7824, test_loss-0.1967
2024-04-30 05:09:47 - INFO - model-gat, dataset-kiba, epoch-159, loss-0.2733, cindex-0.7821, test_loss-0.1892
2024-04-30 05:10:44 - INFO - model-gat, dataset-kiba, epoch-160, loss-0.2668, cindex-0.7851, test_loss-0.1971
2024-04-30 05:11:42 - INFO - model-gat, dataset-kiba, epoch-161, loss-0.2700, cindex-0.7845, test_loss-0.1866
2024-04-30 05:11:42 - INFO - Saving model...
2024-04-30 05:12:39 - INFO - model-gat, dataset-kiba, epoch-162, loss-0.2640, cindex-0.7855, test_loss-0.1876
2024-04-30 05:13:36 - INFO - model-gat, dataset-kiba, epoch-163, loss-0.2636, cindex-0.7876, test_loss-0.1892
2024-04-30 05:14:33 - INFO - model-gat, dataset-kiba, epoch-164, loss-0.2597, cindex-0.7879, test_loss-0.1916
2024-04-30 05:15:31 - INFO - model-gat, dataset-kiba, epoch-165, loss-0.2598, cindex-0.7880, test_loss-0.1832
2024-04-30 05:15:31 - INFO - Saving model...
2024-04-30 05:16:28 - INFO - model-gat, dataset-kiba, epoch-166, loss-0.2577, cindex-0.7894, test_loss-0.1858
2024-04-30 05:17:26 - INFO - model-gat, dataset-kiba, epoch-167, loss-0.2518, cindex-0.7910, test_loss-0.1820
2024-04-30 05:17:26 - INFO - Saving model...
2024-04-30 05:18:24 - INFO - model-gat, dataset-kiba, epoch-168, loss-0.2516, cindex-0.7916, test_loss-0.1892
2024-04-30 05:19:21 - INFO - model-gat, dataset-kiba, epoch-169, loss-0.2506, cindex-0.7927, test_loss-0.1941
2024-04-30 05:20:18 - INFO - model-gat, dataset-kiba, epoch-170, loss-0.2465, cindex-0.7933, test_loss-0.1867
2024-04-30 05:21:16 - INFO - model-gat, dataset-kiba, epoch-171, loss-0.2433, cindex-0.7957, test_loss-0.1822
2024-04-30 05:22:13 - INFO - model-gat, dataset-kiba, epoch-172, loss-0.2443, cindex-0.7951, test_loss-0.1807
2024-04-30 05:22:13 - INFO - Saving model...
2024-04-30 05:23:10 - INFO - model-gat, dataset-kiba, epoch-173, loss-0.2381, cindex-0.7973, test_loss-0.1815
2024-04-30 05:24:08 - INFO - model-gat, dataset-kiba, epoch-174, loss-0.2386, cindex-0.7972, test_loss-0.1947
2024-04-30 05:25:05 - INFO - model-gat, dataset-kiba, epoch-175, loss-0.2375, cindex-0.7969, test_loss-0.1868
2024-04-30 05:26:03 - INFO - model-gat, dataset-kiba, epoch-176, loss-0.2331, cindex-0.7998, test_loss-0.1776
2024-04-30 05:26:03 - INFO - Saving model...
2024-04-30 05:27:00 - INFO - model-gat, dataset-kiba, epoch-177, loss-0.2336, cindex-0.7986, test_loss-0.1812
2024-04-30 05:27:58 - INFO - model-gat, dataset-kiba, epoch-178, loss-0.2320, cindex-0.8003, test_loss-0.1787
2024-04-30 05:28:55 - INFO - model-gat, dataset-kiba, epoch-179, loss-0.2299, cindex-0.8009, test_loss-0.1778
2024-04-30 05:29:53 - INFO - model-gat, dataset-kiba, epoch-180, loss-0.2260, cindex-0.8031, test_loss-0.1784
2024-04-30 05:30:51 - INFO - model-gat, dataset-kiba, epoch-181, loss-0.2253, cindex-0.8031, test_loss-0.1780
2024-04-30 05:31:48 - INFO - model-gat, dataset-kiba, epoch-182, loss-0.2212, cindex-0.8044, test_loss-0.1808
2024-04-30 05:32:45 - INFO - model-gat, dataset-kiba, epoch-183, loss-0.2218, cindex-0.8045, test_loss-0.1775
2024-04-30 05:32:45 - INFO - Saving model...
2024-04-30 05:33:43 - INFO - model-gat, dataset-kiba, epoch-184, loss-0.2188, cindex-0.8050, test_loss-0.1780
2024-04-30 05:34:41 - INFO - model-gat, dataset-kiba, epoch-185, loss-0.2185, cindex-0.8064, test_loss-0.1785
2024-04-30 05:35:38 - INFO - model-gat, dataset-kiba, epoch-186, loss-0.2176, cindex-0.8057, test_loss-0.1777
2024-04-30 05:36:35 - INFO - model-gat, dataset-kiba, epoch-187, loss-0.2131, cindex-0.8085, test_loss-0.1751
2024-04-30 05:36:35 - INFO - Saving model...
2024-04-30 05:37:33 - INFO - model-gat, dataset-kiba, epoch-188, loss-0.2136, cindex-0.8081, test_loss-0.1717
2024-04-30 05:37:33 - INFO - Saving model...
2024-04-30 05:38:31 - INFO - model-gat, dataset-kiba, epoch-189, loss-0.2124, cindex-0.8089, test_loss-0.1705
2024-04-30 05:38:31 - INFO - Saving model...
2024-04-30 05:39:29 - INFO - model-gat, dataset-kiba, epoch-190, loss-0.2103, cindex-0.8108, test_loss-0.1748
2024-04-30 05:40:26 - INFO - model-gat, dataset-kiba, epoch-191, loss-0.2087, cindex-0.8105, test_loss-0.1758
2024-04-30 05:41:24 - INFO - model-gat, dataset-kiba, epoch-192, loss-0.2059, cindex-0.8117, test_loss-0.1783
2024-04-30 05:42:21 - INFO - model-gat, dataset-kiba, epoch-193, loss-0.2069, cindex-0.8117, test_loss-0.1757
2024-04-30 05:43:19 - INFO - model-gat, dataset-kiba, epoch-194, loss-0.2037, cindex-0.8125, test_loss-0.1709
2024-04-30 05:44:16 - INFO - model-gat, dataset-kiba, epoch-195, loss-0.2030, cindex-0.8136, test_loss-0.1761
2024-04-30 05:45:14 - INFO - model-gat, dataset-kiba, epoch-196, loss-0.2012, cindex-0.8141, test_loss-0.1733
2024-04-30 05:46:12 - INFO - model-gat, dataset-kiba, epoch-197, loss-0.2026, cindex-0.8147, test_loss-0.1736
2024-04-30 05:47:09 - INFO - model-gat, dataset-kiba, epoch-198, loss-0.1986, cindex-0.8165, test_loss-0.1695
2024-04-30 05:47:09 - INFO - Saving model...
2024-04-30 05:48:07 - INFO - model-gat, dataset-kiba, epoch-199, loss-0.1964, cindex-0.8168, test_loss-0.1702
2024-04-30 05:49:05 - INFO - model-gat, dataset-kiba, epoch-200, loss-0.1961, cindex-0.8165, test_loss-0.1743
2024-04-30 05:50:03 - INFO - model-gat, dataset-kiba, epoch-201, loss-0.1952, cindex-0.8178, test_loss-0.1719
2024-04-30 05:51:00 - INFO - model-gat, dataset-kiba, epoch-202, loss-0.1917, cindex-0.8197, test_loss-0.1682
2024-04-30 05:51:00 - INFO - Saving model...
2024-04-30 05:51:58 - INFO - model-gat, dataset-kiba, epoch-203, loss-0.1916, cindex-0.8193, test_loss-0.1703
2024-04-30 05:52:55 - INFO - model-gat, dataset-kiba, epoch-204, loss-0.1894, cindex-0.8199, test_loss-0.1695
2024-04-30 05:53:53 - INFO - model-gat, dataset-kiba, epoch-205, loss-0.1884, cindex-0.8199, test_loss-0.1662
2024-04-30 05:53:53 - INFO - Saving model...
2024-04-30 05:54:50 - INFO - model-gat, dataset-kiba, epoch-206, loss-0.1882, cindex-0.8214, test_loss-0.1725
2024-04-30 05:55:48 - INFO - model-gat, dataset-kiba, epoch-207, loss-0.1864, cindex-0.8212, test_loss-0.1724
2024-04-30 05:56:46 - INFO - model-gat, dataset-kiba, epoch-208, loss-0.1841, cindex-0.8224, test_loss-0.1681
2024-04-30 05:57:43 - INFO - model-gat, dataset-kiba, epoch-209, loss-0.1831, cindex-0.8229, test_loss-0.1703
2024-04-30 05:58:41 - INFO - model-gat, dataset-kiba, epoch-210, loss-0.1815, cindex-0.8243, test_loss-0.1689
2024-04-30 05:59:38 - INFO - model-gat, dataset-kiba, epoch-211, loss-0.1794, cindex-0.8243, test_loss-0.1665
2024-04-30 06:00:35 - INFO - model-gat, dataset-kiba, epoch-212, loss-0.1787, cindex-0.8250, test_loss-0.1672
2024-04-30 06:01:32 - INFO - model-gat, dataset-kiba, epoch-213, loss-0.1779, cindex-0.8269, test_loss-0.1701
2024-04-30 06:02:29 - INFO - model-gat, dataset-kiba, epoch-214, loss-0.1783, cindex-0.8256, test_loss-0.1663
2024-04-30 06:03:26 - INFO - model-gat, dataset-kiba, epoch-215, loss-0.1752, cindex-0.8284, test_loss-0.1690
2024-04-30 06:04:24 - INFO - model-gat, dataset-kiba, epoch-216, loss-0.1733, cindex-0.8288, test_loss-0.1649
2024-04-30 06:04:24 - INFO - Saving model...
2024-04-30 06:05:21 - INFO - model-gat, dataset-kiba, epoch-217, loss-0.1763, cindex-0.8284, test_loss-0.1704
2024-04-30 06:06:18 - INFO - model-gat, dataset-kiba, epoch-218, loss-0.1708, cindex-0.8297, test_loss-0.1698
2024-04-30 06:07:15 - INFO - model-gat, dataset-kiba, epoch-219, loss-0.1714, cindex-0.8301, test_loss-0.1684
2024-04-30 06:08:12 - INFO - model-gat, dataset-kiba, epoch-220, loss-0.1699, cindex-0.8319, test_loss-0.1675
2024-04-30 06:09:09 - INFO - model-gat, dataset-kiba, epoch-221, loss-0.1677, cindex-0.8321, test_loss-0.1649
2024-04-30 06:10:07 - INFO - model-gat, dataset-kiba, epoch-222, loss-0.1665, cindex-0.8332, test_loss-0.1644
2024-04-30 06:10:07 - INFO - Saving model...
2024-04-30 06:11:04 - INFO - model-gat, dataset-kiba, epoch-223, loss-0.1653, cindex-0.8334, test_loss-0.1636
2024-04-30 06:11:04 - INFO - Saving model...
2024-04-30 06:12:01 - INFO - model-gat, dataset-kiba, epoch-224, loss-0.1651, cindex-0.8333, test_loss-0.1660
2024-04-30 06:12:58 - INFO - model-gat, dataset-kiba, epoch-225, loss-0.1643, cindex-0.8354, test_loss-0.1644
2024-04-30 06:13:55 - INFO - model-gat, dataset-kiba, epoch-226, loss-0.1647, cindex-0.8346, test_loss-0.1677
2024-04-30 06:14:53 - INFO - model-gat, dataset-kiba, epoch-227, loss-0.1624, cindex-0.8351, test_loss-0.1652
2024-04-30 06:15:50 - INFO - model-gat, dataset-kiba, epoch-228, loss-0.1610, cindex-0.8363, test_loss-0.1671
2024-04-30 06:16:47 - INFO - model-gat, dataset-kiba, epoch-229, loss-0.1576, cindex-0.8378, test_loss-0.1633
2024-04-30 06:16:47 - INFO - Saving model...
2024-04-30 06:17:44 - INFO - model-gat, dataset-kiba, epoch-230, loss-0.1586, cindex-0.8374, test_loss-0.1645
2024-04-30 06:18:41 - INFO - model-gat, dataset-kiba, epoch-231, loss-0.1593, cindex-0.8381, test_loss-0.1655
2024-04-30 06:19:39 - INFO - model-gat, dataset-kiba, epoch-232, loss-0.1567, cindex-0.8385, test_loss-0.1625
2024-04-30 06:19:39 - INFO - Saving model...
2024-04-30 06:20:36 - INFO - model-gat, dataset-kiba, epoch-233, loss-0.1560, cindex-0.8390, test_loss-0.1649
2024-04-30 06:21:33 - INFO - model-gat, dataset-kiba, epoch-234, loss-0.1555, cindex-0.8401, test_loss-0.1639
2024-04-30 06:22:30 - INFO - model-gat, dataset-kiba, epoch-235, loss-0.1529, cindex-0.8410, test_loss-0.1626
2024-04-30 06:23:27 - INFO - model-gat, dataset-kiba, epoch-236, loss-0.1533, cindex-0.8416, test_loss-0.1634
2024-04-30 06:24:25 - INFO - model-gat, dataset-kiba, epoch-237, loss-0.1531, cindex-0.8409, test_loss-0.1637
2024-04-30 06:25:22 - INFO - model-gat, dataset-kiba, epoch-238, loss-0.1507, cindex-0.8424, test_loss-0.1658
2024-04-30 06:26:19 - INFO - model-gat, dataset-kiba, epoch-239, loss-0.1504, cindex-0.8427, test_loss-0.1618
2024-04-30 06:26:19 - INFO - Saving model...
2024-04-30 06:27:16 - INFO - model-gat, dataset-kiba, epoch-240, loss-0.1484, cindex-0.8435, test_loss-0.1663
2024-04-30 06:28:13 - INFO - model-gat, dataset-kiba, epoch-241, loss-0.1492, cindex-0.8443, test_loss-0.1602
2024-04-30 06:28:13 - INFO - Saving model...
2024-04-30 06:29:10 - INFO - model-gat, dataset-kiba, epoch-242, loss-0.1465, cindex-0.8458, test_loss-0.1627
2024-04-30 06:30:09 - INFO - model-gat, dataset-kiba, epoch-243, loss-0.1466, cindex-0.8449, test_loss-0.1652
2024-04-30 06:31:06 - INFO - model-gat, dataset-kiba, epoch-244, loss-0.1480, cindex-0.8450, test_loss-0.1636
2024-04-30 06:32:03 - INFO - model-gat, dataset-kiba, epoch-245, loss-0.1442, cindex-0.8467, test_loss-0.1599
2024-04-30 06:32:03 - INFO - Saving model...
2024-04-30 06:33:00 - INFO - model-gat, dataset-kiba, epoch-246, loss-0.1443, cindex-0.8466, test_loss-0.1639
2024-04-30 06:33:57 - INFO - model-gat, dataset-kiba, epoch-247, loss-0.1427, cindex-0.8473, test_loss-0.1611
2024-04-30 06:34:55 - INFO - model-gat, dataset-kiba, epoch-248, loss-0.1433, cindex-0.8481, test_loss-0.1621
2024-04-30 06:35:52 - INFO - model-gat, dataset-kiba, epoch-249, loss-0.1418, cindex-0.8481, test_loss-0.1627
2024-04-30 06:36:49 - INFO - model-gat, dataset-kiba, epoch-250, loss-0.1410, cindex-0.8487, test_loss-0.1622
2024-04-30 06:37:46 - INFO - model-gat, dataset-kiba, epoch-251, loss-0.1401, cindex-0.8497, test_loss-0.1618
2024-04-30 06:38:43 - INFO - model-gat, dataset-kiba, epoch-252, loss-0.1386, cindex-0.8507, test_loss-0.1611
2024-04-30 06:39:40 - INFO - model-gat, dataset-kiba, epoch-253, loss-0.1396, cindex-0.8506, test_loss-0.1614
2024-04-30 06:40:38 - INFO - model-gat, dataset-kiba, epoch-254, loss-0.1373, cindex-0.8513, test_loss-0.1619
2024-04-30 06:41:35 - INFO - model-gat, dataset-kiba, epoch-255, loss-0.1362, cindex-0.8521, test_loss-0.1632
2024-04-30 06:42:32 - INFO - model-gat, dataset-kiba, epoch-256, loss-0.1355, cindex-0.8528, test_loss-0.1588
2024-04-30 06:42:32 - INFO - Saving model...
2024-04-30 06:43:29 - INFO - model-gat, dataset-kiba, epoch-257, loss-0.1349, cindex-0.8528, test_loss-0.1588
2024-04-30 06:44:26 - INFO - model-gat, dataset-kiba, epoch-258, loss-0.1340, cindex-0.8538, test_loss-0.1592
2024-04-30 06:45:24 - INFO - model-gat, dataset-kiba, epoch-259, loss-0.1345, cindex-0.8535, test_loss-0.1617
2024-04-30 06:46:21 - INFO - model-gat, dataset-kiba, epoch-260, loss-0.1322, cindex-0.8540, test_loss-0.1637
2024-04-30 06:47:18 - INFO - model-gat, dataset-kiba, epoch-261, loss-0.1329, cindex-0.8542, test_loss-0.1615
2024-04-30 06:48:15 - INFO - model-gat, dataset-kiba, epoch-262, loss-0.1317, cindex-0.8557, test_loss-0.1577
2024-04-30 06:48:15 - INFO - Saving model...
2024-04-30 06:49:12 - INFO - model-gat, dataset-kiba, epoch-263, loss-0.1289, cindex-0.8562, test_loss-0.1601
2024-04-30 06:50:09 - INFO - model-gat, dataset-kiba, epoch-264, loss-0.1313, cindex-0.8571, test_loss-0.1603
2024-04-30 06:51:07 - INFO - model-gat, dataset-kiba, epoch-265, loss-0.1283, cindex-0.8574, test_loss-0.1605
2024-04-30 06:52:04 - INFO - model-gat, dataset-kiba, epoch-266, loss-0.1295, cindex-0.8572, test_loss-0.1599
2024-04-30 06:53:01 - INFO - model-gat, dataset-kiba, epoch-267, loss-0.1272, cindex-0.8588, test_loss-0.1582
2024-04-30 06:53:58 - INFO - model-gat, dataset-kiba, epoch-268, loss-0.1267, cindex-0.8585, test_loss-0.1575
2024-04-30 06:53:58 - INFO - Saving model...
2024-04-30 06:54:55 - INFO - model-gat, dataset-kiba, epoch-269, loss-0.1260, cindex-0.8604, test_loss-0.1580
2024-04-30 06:55:53 - INFO - model-gat, dataset-kiba, epoch-270, loss-0.1254, cindex-0.8599, test_loss-0.1629
2024-04-30 06:56:50 - INFO - model-gat, dataset-kiba, epoch-271, loss-0.1249, cindex-0.8604, test_loss-0.1606
2024-04-30 06:57:47 - INFO - model-gat, dataset-kiba, epoch-272, loss-0.1245, cindex-0.8606, test_loss-0.1629
2024-04-30 06:58:44 - INFO - model-gat, dataset-kiba, epoch-273, loss-0.1240, cindex-0.8618, test_loss-0.1587
2024-04-30 06:59:41 - INFO - model-gat, dataset-kiba, epoch-274, loss-0.1230, cindex-0.8616, test_loss-0.1619
2024-04-30 07:00:39 - INFO - model-gat, dataset-kiba, epoch-275, loss-0.1233, cindex-0.8628, test_loss-0.1598
2024-04-30 07:01:36 - INFO - model-gat, dataset-kiba, epoch-276, loss-0.1227, cindex-0.8627, test_loss-0.1566
2024-04-30 07:01:36 - INFO - Saving model...
2024-04-30 07:02:33 - INFO - model-gat, dataset-kiba, epoch-277, loss-0.1213, cindex-0.8631, test_loss-0.1597
2024-04-30 07:03:30 - INFO - model-gat, dataset-kiba, epoch-278, loss-0.1192, cindex-0.8651, test_loss-0.1578
2024-04-30 07:04:27 - INFO - model-gat, dataset-kiba, epoch-279, loss-0.1202, cindex-0.8642, test_loss-0.1618
2024-04-30 07:05:24 - INFO - model-gat, dataset-kiba, epoch-280, loss-0.1186, cindex-0.8648, test_loss-0.1599
2024-04-30 07:06:22 - INFO - model-gat, dataset-kiba, epoch-281, loss-0.1185, cindex-0.8661, test_loss-0.1587
2024-04-30 07:07:19 - INFO - model-gat, dataset-kiba, epoch-282, loss-0.1179, cindex-0.8661, test_loss-0.1589
2024-04-30 07:08:16 - INFO - model-gat, dataset-kiba, epoch-283, loss-0.1151, cindex-0.8676, test_loss-0.1608
2024-04-30 07:09:13 - INFO - model-gat, dataset-kiba, epoch-284, loss-0.1166, cindex-0.8666, test_loss-0.1600
2024-04-30 07:10:10 - INFO - model-gat, dataset-kiba, epoch-285, loss-0.1162, cindex-0.8674, test_loss-0.1589
2024-04-30 07:11:08 - INFO - model-gat, dataset-kiba, epoch-286, loss-0.1149, cindex-0.8683, test_loss-0.1610
2024-04-30 07:12:06 - INFO - model-gat, dataset-kiba, epoch-287, loss-0.1130, cindex-0.8691, test_loss-0.1600
2024-04-30 07:13:03 - INFO - model-gat, dataset-kiba, epoch-288, loss-0.1153, cindex-0.8688, test_loss-0.1638
2024-04-30 07:14:00 - INFO - model-gat, dataset-kiba, epoch-289, loss-0.1147, cindex-0.8688, test_loss-0.1586
2024-04-30 07:14:57 - INFO - model-gat, dataset-kiba, epoch-290, loss-0.1140, cindex-0.8700, test_loss-0.1585
2024-04-30 07:15:54 - INFO - model-gat, dataset-kiba, epoch-291, loss-0.1122, cindex-0.8707, test_loss-0.1570
2024-04-30 07:16:52 - INFO - model-gat, dataset-kiba, epoch-292, loss-0.1126, cindex-0.8711, test_loss-0.1578
2024-04-30 07:17:49 - INFO - model-gat, dataset-kiba, epoch-293, loss-0.1115, cindex-0.8708, test_loss-0.1592
2024-04-30 07:18:46 - INFO - model-gat, dataset-kiba, epoch-294, loss-0.1106, cindex-0.8715, test_loss-0.1579
2024-04-30 07:19:43 - INFO - model-gat, dataset-kiba, epoch-295, loss-0.1101, cindex-0.8718, test_loss-0.1588
2024-04-30 07:20:40 - INFO - model-gat, dataset-kiba, epoch-296, loss-0.1093, cindex-0.8734, test_loss-0.1571
2024-04-30 07:21:38 - INFO - model-gat, dataset-kiba, epoch-297, loss-0.1085, cindex-0.8729, test_loss-0.1583
2024-04-30 07:22:35 - INFO - model-gat, dataset-kiba, epoch-298, loss-0.1087, cindex-0.8742, test_loss-0.1592
2024-04-30 07:23:32 - INFO - model-gat, dataset-kiba, epoch-299, loss-0.1079, cindex-0.8745, test_loss-0.1576
2024-04-30 07:24:29 - INFO - model-gat, dataset-kiba, epoch-300, loss-0.1093, cindex-0.8730, test_loss-0.1605
2024-04-30 07:25:26 - INFO - model-gat, dataset-kiba, epoch-301, loss-0.1080, cindex-0.8748, test_loss-0.1586
2024-04-30 07:26:23 - INFO - model-gat, dataset-kiba, epoch-302, loss-0.1079, cindex-0.8748, test_loss-0.1574
2024-04-30 07:27:21 - INFO - model-gat, dataset-kiba, epoch-303, loss-0.1060, cindex-0.8762, test_loss-0.1557
2024-04-30 07:27:21 - INFO - Saving model...
2024-04-30 07:28:18 - INFO - model-gat, dataset-kiba, epoch-304, loss-0.1060, cindex-0.8755, test_loss-0.1596
2024-04-30 07:29:15 - INFO - model-gat, dataset-kiba, epoch-305, loss-0.1057, cindex-0.8765, test_loss-0.1554
2024-04-30 07:29:15 - INFO - Saving model...
2024-04-30 07:30:12 - INFO - model-gat, dataset-kiba, epoch-306, loss-0.1060, cindex-0.8764, test_loss-0.1597
2024-04-30 07:31:09 - INFO - model-gat, dataset-kiba, epoch-307, loss-0.1052, cindex-0.8764, test_loss-0.1575
2024-04-30 07:32:07 - INFO - model-gat, dataset-kiba, epoch-308, loss-0.1038, cindex-0.8778, test_loss-0.1584
2024-04-30 07:33:04 - INFO - model-gat, dataset-kiba, epoch-309, loss-0.1042, cindex-0.8782, test_loss-0.1578
2024-04-30 07:34:01 - INFO - model-gat, dataset-kiba, epoch-310, loss-0.1043, cindex-0.8777, test_loss-0.1578
2024-04-30 07:34:58 - INFO - model-gat, dataset-kiba, epoch-311, loss-0.1028, cindex-0.8782, test_loss-0.1593
2024-04-30 07:35:55 - INFO - model-gat, dataset-kiba, epoch-312, loss-0.1010, cindex-0.8800, test_loss-0.1570
2024-04-30 07:36:53 - INFO - model-gat, dataset-kiba, epoch-313, loss-0.1032, cindex-0.8786, test_loss-0.1554
2024-04-30 07:36:53 - INFO - Saving model...
2024-04-30 07:37:50 - INFO - model-gat, dataset-kiba, epoch-314, loss-0.1028, cindex-0.8796, test_loss-0.1581
2024-04-30 07:38:47 - INFO - model-gat, dataset-kiba, epoch-315, loss-0.1003, cindex-0.8798, test_loss-0.1586
2024-04-30 07:39:44 - INFO - model-gat, dataset-kiba, epoch-316, loss-0.1021, cindex-0.8805, test_loss-0.1567
2024-04-30 07:40:42 - INFO - model-gat, dataset-kiba, epoch-317, loss-0.1000, cindex-0.8818, test_loss-0.1565
2024-04-30 07:41:39 - INFO - model-gat, dataset-kiba, epoch-318, loss-0.0995, cindex-0.8815, test_loss-0.1552
2024-04-30 07:41:39 - INFO - Saving model...
2024-04-30 07:42:36 - INFO - model-gat, dataset-kiba, epoch-319, loss-0.1017, cindex-0.8820, test_loss-0.1586
2024-04-30 07:43:33 - INFO - model-gat, dataset-kiba, epoch-320, loss-0.0989, cindex-0.8819, test_loss-0.1570
2024-04-30 07:44:30 - INFO - model-gat, dataset-kiba, epoch-321, loss-0.0968, cindex-0.8826, test_loss-0.1546
2024-04-30 07:44:30 - INFO - Saving model...
2024-04-30 07:45:27 - INFO - model-gat, dataset-kiba, epoch-322, loss-0.0991, cindex-0.8832, test_loss-0.1569
2024-04-30 07:46:25 - INFO - model-gat, dataset-kiba, epoch-323, loss-0.0970, cindex-0.8838, test_loss-0.1546
2024-04-30 07:46:25 - INFO - Saving model...
2024-04-30 07:47:22 - INFO - model-gat, dataset-kiba, epoch-324, loss-0.0962, cindex-0.8843, test_loss-0.1534
2024-04-30 07:47:22 - INFO - Saving model...
2024-04-30 07:48:19 - INFO - model-gat, dataset-kiba, epoch-325, loss-0.0968, cindex-0.8841, test_loss-0.1552
2024-04-30 07:49:17 - INFO - model-gat, dataset-kiba, epoch-326, loss-0.0975, cindex-0.8843, test_loss-0.1564
2024-04-30 07:50:14 - INFO - model-gat, dataset-kiba, epoch-327, loss-0.0966, cindex-0.8852, test_loss-0.1539
2024-04-30 07:51:11 - INFO - model-gat, dataset-kiba, epoch-328, loss-0.0960, cindex-0.8852, test_loss-0.1538
2024-04-30 07:52:08 - INFO - model-gat, dataset-kiba, epoch-329, loss-0.0956, cindex-0.8855, test_loss-0.1561
2024-04-30 07:53:05 - INFO - model-gat, dataset-kiba, epoch-330, loss-0.0952, cindex-0.8858, test_loss-0.1565
2024-04-30 07:54:02 - INFO - model-gat, dataset-kiba, epoch-331, loss-0.0948, cindex-0.8859, test_loss-0.1543
2024-04-30 07:55:00 - INFO - model-gat, dataset-kiba, epoch-332, loss-0.0943, cindex-0.8867, test_loss-0.1551
2024-04-30 07:55:57 - INFO - model-gat, dataset-kiba, epoch-333, loss-0.0940, cindex-0.8867, test_loss-0.1575
2024-04-30 07:56:54 - INFO - model-gat, dataset-kiba, epoch-334, loss-0.0936, cindex-0.8873, test_loss-0.1554
2024-04-30 07:57:52 - INFO - model-gat, dataset-kiba, epoch-335, loss-0.0939, cindex-0.8873, test_loss-0.1573
2024-04-30 07:58:49 - INFO - model-gat, dataset-kiba, epoch-336, loss-0.0930, cindex-0.8880, test_loss-0.1554
2024-04-30 07:59:46 - INFO - model-gat, dataset-kiba, epoch-337, loss-0.0926, cindex-0.8882, test_loss-0.1549
2024-04-30 08:00:43 - INFO - model-gat, dataset-kiba, epoch-338, loss-0.0927, cindex-0.8889, test_loss-0.1557
2024-04-30 08:01:40 - INFO - model-gat, dataset-kiba, epoch-339, loss-0.0918, cindex-0.8889, test_loss-0.1574
2024-04-30 08:02:38 - INFO - model-gat, dataset-kiba, epoch-340, loss-0.0913, cindex-0.8897, test_loss-0.1549
2024-04-30 08:03:35 - INFO - model-gat, dataset-kiba, epoch-341, loss-0.0902, cindex-0.8901, test_loss-0.1539
2024-04-30 08:04:32 - INFO - model-gat, dataset-kiba, epoch-342, loss-0.0925, cindex-0.8892, test_loss-0.1540
2024-04-30 08:05:29 - INFO - model-gat, dataset-kiba, epoch-343, loss-0.0892, cindex-0.8904, test_loss-0.1542
2024-04-30 08:06:27 - INFO - model-gat, dataset-kiba, epoch-344, loss-0.0903, cindex-0.8910, test_loss-0.1576
2024-04-30 08:07:24 - INFO - model-gat, dataset-kiba, epoch-345, loss-0.0896, cindex-0.8908, test_loss-0.1553
2024-04-30 08:08:21 - INFO - model-gat, dataset-kiba, epoch-346, loss-0.0904, cindex-0.8906, test_loss-0.1557
2024-04-30 08:09:18 - INFO - model-gat, dataset-kiba, epoch-347, loss-0.0902, cindex-0.8910, test_loss-0.1551
2024-04-30 08:10:16 - INFO - model-gat, dataset-kiba, epoch-348, loss-0.0891, cindex-0.8920, test_loss-0.1551
2024-04-30 08:11:13 - INFO - model-gat, dataset-kiba, epoch-349, loss-0.0887, cindex-0.8918, test_loss-0.1529
2024-04-30 08:11:13 - INFO - Saving model...
2024-04-30 08:12:10 - INFO - model-gat, dataset-kiba, epoch-350, loss-0.0885, cindex-0.8922, test_loss-0.1571
2024-04-30 08:13:07 - INFO - model-gat, dataset-kiba, epoch-351, loss-0.0887, cindex-0.8920, test_loss-0.1535
2024-04-30 08:14:04 - INFO - model-gat, dataset-kiba, epoch-352, loss-0.0879, cindex-0.8937, test_loss-0.1526
2024-04-30 08:14:04 - INFO - Saving model...
2024-04-30 08:15:02 - INFO - model-gat, dataset-kiba, epoch-353, loss-0.0891, cindex-0.8920, test_loss-0.1558
2024-04-30 08:15:59 - INFO - model-gat, dataset-kiba, epoch-354, loss-0.0875, cindex-0.8934, test_loss-0.1547
2024-04-30 08:16:57 - INFO - model-gat, dataset-kiba, epoch-355, loss-0.0873, cindex-0.8942, test_loss-0.1555
2024-04-30 08:17:54 - INFO - model-gat, dataset-kiba, epoch-356, loss-0.0879, cindex-0.8938, test_loss-0.1552
2024-04-30 08:18:51 - INFO - model-gat, dataset-kiba, epoch-357, loss-0.0866, cindex-0.8937, test_loss-0.1537
2024-04-30 08:19:49 - INFO - model-gat, dataset-kiba, epoch-358, loss-0.0873, cindex-0.8946, test_loss-0.1540
2024-04-30 08:20:46 - INFO - model-gat, dataset-kiba, epoch-359, loss-0.0872, cindex-0.8943, test_loss-0.1523
2024-04-30 08:20:46 - INFO - Saving model...
2024-04-30 08:21:43 - INFO - model-gat, dataset-kiba, epoch-360, loss-0.0849, cindex-0.8956, test_loss-0.1518
2024-04-30 08:21:43 - INFO - Saving model...
2024-04-30 08:22:41 - INFO - model-gat, dataset-kiba, epoch-361, loss-0.0845, cindex-0.8959, test_loss-0.1556
2024-04-30 08:23:38 - INFO - model-gat, dataset-kiba, epoch-362, loss-0.0862, cindex-0.8954, test_loss-0.1515
2024-04-30 08:23:38 - INFO - Saving model...
2024-04-30 08:24:35 - INFO - model-gat, dataset-kiba, epoch-363, loss-0.0843, cindex-0.8954, test_loss-0.1525
2024-04-30 08:25:33 - INFO - model-gat, dataset-kiba, epoch-364, loss-0.0858, cindex-0.8958, test_loss-0.1529
2024-04-30 08:26:30 - INFO - model-gat, dataset-kiba, epoch-365, loss-0.0843, cindex-0.8967, test_loss-0.1557
2024-04-30 08:27:28 - INFO - model-gat, dataset-kiba, epoch-366, loss-0.0846, cindex-0.8971, test_loss-0.1520
2024-04-30 08:28:25 - INFO - model-gat, dataset-kiba, epoch-367, loss-0.0840, cindex-0.8978, test_loss-0.1533
2024-04-30 08:29:22 - INFO - model-gat, dataset-kiba, epoch-368, loss-0.0839, cindex-0.8975, test_loss-0.1562
2024-04-30 08:30:20 - INFO - model-gat, dataset-kiba, epoch-369, loss-0.0839, cindex-0.8972, test_loss-0.1537
2024-04-30 08:31:18 - INFO - model-gat, dataset-kiba, epoch-370, loss-0.0824, cindex-0.8990, test_loss-0.1525
2024-04-30 08:32:15 - INFO - model-gat, dataset-kiba, epoch-371, loss-0.0841, cindex-0.8976, test_loss-0.1589
2024-04-30 08:33:13 - INFO - model-gat, dataset-kiba, epoch-372, loss-0.0830, cindex-0.8978, test_loss-0.1538
2024-04-30 08:34:10 - INFO - model-gat, dataset-kiba, epoch-373, loss-0.0833, cindex-0.8983, test_loss-0.1550
2024-04-30 08:35:07 - INFO - model-gat, dataset-kiba, epoch-374, loss-0.0822, cindex-0.8984, test_loss-0.1543
2024-04-30 08:36:05 - INFO - model-gat, dataset-kiba, epoch-375, loss-0.0821, cindex-0.8994, test_loss-0.1532
2024-04-30 08:37:02 - INFO - model-gat, dataset-kiba, epoch-376, loss-0.0817, cindex-0.8995, test_loss-0.1518
2024-04-30 08:38:00 - INFO - model-gat, dataset-kiba, epoch-377, loss-0.0813, cindex-0.8995, test_loss-0.1536
2024-04-30 08:38:57 - INFO - model-gat, dataset-kiba, epoch-378, loss-0.0808, cindex-0.8997, test_loss-0.1520
2024-04-30 08:39:55 - INFO - model-gat, dataset-kiba, epoch-379, loss-0.0801, cindex-0.9004, test_loss-0.1539
2024-04-30 08:40:53 - INFO - model-gat, dataset-kiba, epoch-380, loss-0.0802, cindex-0.9004, test_loss-0.1520
2024-04-30 08:41:50 - INFO - model-gat, dataset-kiba, epoch-381, loss-0.0800, cindex-0.9006, test_loss-0.1527
2024-04-30 08:42:48 - INFO - model-gat, dataset-kiba, epoch-382, loss-0.0805, cindex-0.9006, test_loss-0.1515
2024-04-30 08:43:45 - INFO - model-gat, dataset-kiba, epoch-383, loss-0.0796, cindex-0.9015, test_loss-0.1526
2024-04-30 08:44:43 - INFO - model-gat, dataset-kiba, epoch-384, loss-0.0806, cindex-0.9004, test_loss-0.1529
2024-04-30 08:45:41 - INFO - model-gat, dataset-kiba, epoch-385, loss-0.0802, cindex-0.9013, test_loss-0.1549
2024-04-30 08:46:38 - INFO - model-gat, dataset-kiba, epoch-386, loss-0.0792, cindex-0.9015, test_loss-0.1531
2024-04-30 08:47:36 - INFO - model-gat, dataset-kiba, epoch-387, loss-0.0806, cindex-0.9016, test_loss-0.1535
2024-04-30 08:48:34 - INFO - model-gat, dataset-kiba, epoch-388, loss-0.0782, cindex-0.9025, test_loss-0.1561
2024-04-30 08:49:32 - INFO - model-gat, dataset-kiba, epoch-389, loss-0.0781, cindex-0.9022, test_loss-0.1526
2024-04-30 08:50:29 - INFO - model-gat, dataset-kiba, epoch-390, loss-0.0787, cindex-0.9027, test_loss-0.1538
2024-04-30 08:51:27 - INFO - model-gat, dataset-kiba, epoch-391, loss-0.0797, cindex-0.9018, test_loss-0.1569
2024-04-30 08:52:24 - INFO - model-gat, dataset-kiba, epoch-392, loss-0.0784, cindex-0.9028, test_loss-0.1525
2024-04-30 08:53:22 - INFO - model-gat, dataset-kiba, epoch-393, loss-0.0781, cindex-0.9037, test_loss-0.1548
2024-04-30 08:54:19 - INFO - model-gat, dataset-kiba, epoch-394, loss-0.0776, cindex-0.9034, test_loss-0.1528
2024-04-30 08:55:17 - INFO - model-gat, dataset-kiba, epoch-395, loss-0.0764, cindex-0.9046, test_loss-0.1542
2024-04-30 08:56:14 - INFO - model-gat, dataset-kiba, epoch-396, loss-0.0782, cindex-0.9031, test_loss-0.1513
2024-04-30 08:56:14 - INFO - Saving model...
2024-04-30 08:57:12 - INFO - model-gat, dataset-kiba, epoch-397, loss-0.0774, cindex-0.9040, test_loss-0.1509
2024-04-30 08:57:12 - INFO - Saving model...
2024-04-30 08:58:10 - INFO - model-gat, dataset-kiba, epoch-398, loss-0.0780, cindex-0.9039, test_loss-0.1516
2024-04-30 08:59:07 - INFO - model-gat, dataset-kiba, epoch-399, loss-0.0760, cindex-0.9045, test_loss-0.1531
2024-04-30 09:00:05 - INFO - model-gat, dataset-kiba, epoch-400, loss-0.0782, cindex-0.9036, test_loss-0.1519
2024-04-30 09:01:03 - INFO - model-gat, dataset-kiba, epoch-401, loss-0.0764, cindex-0.9045, test_loss-0.1518
2024-04-30 09:02:00 - INFO - model-gat, dataset-kiba, epoch-402, loss-0.0757, cindex-0.9052, test_loss-0.1540
2024-04-30 09:02:57 - INFO - model-gat, dataset-kiba, epoch-403, loss-0.0774, cindex-0.9044, test_loss-0.1508
2024-04-30 09:02:57 - INFO - Saving model...
2024-04-30 09:03:54 - INFO - model-gat, dataset-kiba, epoch-404, loss-0.0762, cindex-0.9049, test_loss-0.1512
2024-04-30 09:04:52 - INFO - model-gat, dataset-kiba, epoch-405, loss-0.0784, cindex-0.9046, test_loss-0.1541
2024-04-30 09:05:49 - INFO - model-gat, dataset-kiba, epoch-406, loss-0.0759, cindex-0.9062, test_loss-0.1496
2024-04-30 09:05:49 - INFO - Saving model...
2024-04-30 09:06:46 - INFO - model-gat, dataset-kiba, epoch-407, loss-0.0751, cindex-0.9056, test_loss-0.1542
2024-04-30 09:07:44 - INFO - model-gat, dataset-kiba, epoch-408, loss-0.0745, cindex-0.9059, test_loss-0.1519
2024-04-30 09:08:41 - INFO - model-gat, dataset-kiba, epoch-409, loss-0.0753, cindex-0.9060, test_loss-0.1544
2024-04-30 09:09:38 - INFO - model-gat, dataset-kiba, epoch-410, loss-0.0755, cindex-0.9058, test_loss-0.1537
2024-04-30 09:10:35 - INFO - model-gat, dataset-kiba, epoch-411, loss-0.0741, cindex-0.9065, test_loss-0.1537
2024-04-30 09:11:33 - INFO - model-gat, dataset-kiba, epoch-412, loss-0.0752, cindex-0.9064, test_loss-0.1524
2024-04-30 09:12:30 - INFO - model-gat, dataset-kiba, epoch-413, loss-0.0756, cindex-0.9065, test_loss-0.1528
2024-04-30 09:13:27 - INFO - model-gat, dataset-kiba, epoch-414, loss-0.0749, cindex-0.9070, test_loss-0.1541
2024-04-30 09:14:25 - INFO - model-gat, dataset-kiba, epoch-415, loss-0.0726, cindex-0.9077, test_loss-0.1527
2024-04-30 09:15:22 - INFO - model-gat, dataset-kiba, epoch-416, loss-0.0747, cindex-0.9070, test_loss-0.1543
2024-04-30 09:16:19 - INFO - model-gat, dataset-kiba, epoch-417, loss-0.0742, cindex-0.9074, test_loss-0.1512
2024-04-30 09:17:17 - INFO - model-gat, dataset-kiba, epoch-418, loss-0.0748, cindex-0.9080, test_loss-0.1542
2024-04-30 09:18:14 - INFO - model-gat, dataset-kiba, epoch-419, loss-0.0744, cindex-0.9077, test_loss-0.1532
2024-04-30 09:19:11 - INFO - model-gat, dataset-kiba, epoch-420, loss-0.0752, cindex-0.9076, test_loss-0.1557
2024-04-30 09:20:08 - INFO - model-gat, dataset-kiba, epoch-421, loss-0.0735, cindex-0.9080, test_loss-0.1517
2024-04-30 09:21:06 - INFO - model-gat, dataset-kiba, epoch-422, loss-0.0735, cindex-0.9089, test_loss-0.1538
2024-04-30 09:22:03 - INFO - model-gat, dataset-kiba, epoch-423, loss-0.0728, cindex-0.9081, test_loss-0.1502
2024-04-30 09:23:00 - INFO - model-gat, dataset-kiba, epoch-424, loss-0.0734, cindex-0.9094, test_loss-0.1504
