2024-04-28 16:28:41 - INFO - train.py
2024-04-28 16:28:42 - INFO - DAVIS Dataset loaded successfully!
2024-04-28 16:28:42 - INFO - Train Length: 18041
2024-04-28 16:28:42 - INFO - Test Length: 5154
2024-04-28 16:28:42 - INFO - GraphDTA + GIN model loaded successfully!
2024-04-28 16:28:42 - INFO - Training for 500 epochs (695 steps) begins...
2024-04-28 16:28:50 - INFO - model-gin, dataset-davis, epoch-1, loss-4.0910, cindex-0.5768, test_loss-1.2050
2024-04-28 16:28:50 - INFO - Saving model...
2024-04-28 16:28:57 - INFO - model-gin, dataset-davis, epoch-2, loss-0.8575, cindex-0.6508, test_loss-0.8216
2024-04-28 16:28:57 - INFO - Saving model...
2024-04-28 16:29:05 - INFO - model-gin, dataset-davis, epoch-3, loss-0.7140, cindex-0.6843, test_loss-0.7438
2024-04-28 16:29:05 - INFO - Saving model...
2024-04-28 16:29:12 - INFO - model-gin, dataset-davis, epoch-4, loss-0.6457, cindex-0.7120, test_loss-0.5104
2024-04-28 16:29:12 - INFO - Saving model...
2024-04-28 16:29:19 - INFO - model-gin, dataset-davis, epoch-5, loss-0.6264, cindex-0.7202, test_loss-0.7377
2024-04-28 16:29:26 - INFO - model-gin, dataset-davis, epoch-6, loss-0.6115, cindex-0.7275, test_loss-0.6538
2024-04-28 16:29:34 - INFO - model-gin, dataset-davis, epoch-7, loss-0.5952, cindex-0.7365, test_loss-0.6028
2024-04-28 16:29:41 - INFO - model-gin, dataset-davis, epoch-8, loss-0.5979, cindex-0.7307, test_loss-0.6170
2024-04-28 16:29:48 - INFO - model-gin, dataset-davis, epoch-9, loss-0.5891, cindex-0.7349, test_loss-0.4733
2024-04-28 16:29:48 - INFO - Saving model...
2024-04-28 16:29:55 - INFO - model-gin, dataset-davis, epoch-10, loss-0.5782, cindex-0.7413, test_loss-0.6121
2024-04-28 16:30:03 - INFO - model-gin, dataset-davis, epoch-11, loss-0.5740, cindex-0.7378, test_loss-0.5075
2024-04-28 16:30:10 - INFO - model-gin, dataset-davis, epoch-12, loss-0.5740, cindex-0.7419, test_loss-0.4980
2024-04-28 16:30:18 - INFO - model-gin, dataset-davis, epoch-13, loss-0.5726, cindex-0.7392, test_loss-0.6393
2024-04-28 16:30:25 - INFO - model-gin, dataset-davis, epoch-14, loss-0.5636, cindex-0.7454, test_loss-0.4988
2024-04-28 16:30:32 - INFO - model-gin, dataset-davis, epoch-15, loss-0.5650, cindex-0.7417, test_loss-0.5014
2024-04-28 16:30:41 - INFO - model-gin, dataset-davis, epoch-16, loss-0.5744, cindex-0.7454, test_loss-0.5763
2024-04-28 16:30:49 - INFO - model-gin, dataset-davis, epoch-17, loss-0.5657, cindex-0.7439, test_loss-0.4632
2024-04-28 16:30:49 - INFO - Saving model...
2024-04-28 16:30:56 - INFO - model-gin, dataset-davis, epoch-18, loss-0.5628, cindex-0.7452, test_loss-0.4826
2024-04-28 16:31:04 - INFO - model-gin, dataset-davis, epoch-19, loss-0.5490, cindex-0.7490, test_loss-0.5179
2024-04-28 16:31:11 - INFO - model-gin, dataset-davis, epoch-20, loss-0.5527, cindex-0.7478, test_loss-0.5095
2024-04-28 16:31:18 - INFO - model-gin, dataset-davis, epoch-21, loss-0.5565, cindex-0.7522, test_loss-0.5893
2024-04-28 16:31:25 - INFO - model-gin, dataset-davis, epoch-22, loss-0.5464, cindex-0.7487, test_loss-0.4889
2024-04-28 16:31:31 - INFO - model-gin, dataset-davis, epoch-23, loss-0.5416, cindex-0.7501, test_loss-0.4539
2024-04-28 16:31:31 - INFO - Saving model...
2024-04-28 16:31:38 - INFO - model-gin, dataset-davis, epoch-24, loss-0.5325, cindex-0.7569, test_loss-0.6121
2024-04-28 16:31:45 - INFO - model-gin, dataset-davis, epoch-25, loss-0.5532, cindex-0.7518, test_loss-0.4691
2024-04-28 16:31:52 - INFO - model-gin, dataset-davis, epoch-26, loss-0.5472, cindex-0.7534, test_loss-0.5067
2024-04-28 16:31:59 - INFO - model-gin, dataset-davis, epoch-27, loss-0.5250, cindex-0.7597, test_loss-0.5193
2024-04-28 16:32:06 - INFO - model-gin, dataset-davis, epoch-28, loss-0.5167, cindex-0.7568, test_loss-0.4423
2024-04-28 16:32:06 - INFO - Saving model...
2024-04-28 16:32:13 - INFO - model-gin, dataset-davis, epoch-29, loss-0.5117, cindex-0.7623, test_loss-0.4290
2024-04-28 16:32:13 - INFO - Saving model...
2024-04-28 16:32:19 - INFO - model-gin, dataset-davis, epoch-30, loss-0.5058, cindex-0.7602, test_loss-0.4122
2024-04-28 16:32:19 - INFO - Saving model...
2024-04-28 16:32:26 - INFO - model-gin, dataset-davis, epoch-31, loss-0.5038, cindex-0.7620, test_loss-0.4591
2024-04-28 16:32:33 - INFO - model-gin, dataset-davis, epoch-32, loss-0.4915, cindex-0.7667, test_loss-0.4333
2024-04-28 16:32:40 - INFO - model-gin, dataset-davis, epoch-33, loss-0.4890, cindex-0.7678, test_loss-0.4382
2024-04-28 16:32:47 - INFO - model-gin, dataset-davis, epoch-34, loss-0.4837, cindex-0.7664, test_loss-0.3871
2024-04-28 16:32:47 - INFO - Saving model...
2024-04-28 16:32:54 - INFO - model-gin, dataset-davis, epoch-35, loss-0.4849, cindex-0.7658, test_loss-0.4180
2024-04-28 16:33:01 - INFO - model-gin, dataset-davis, epoch-36, loss-0.4807, cindex-0.7717, test_loss-0.3731
2024-04-28 16:33:01 - INFO - Saving model...
2024-04-28 16:33:08 - INFO - model-gin, dataset-davis, epoch-37, loss-0.4860, cindex-0.7730, test_loss-0.4040
2024-04-28 16:33:15 - INFO - model-gin, dataset-davis, epoch-38, loss-0.4659, cindex-0.7744, test_loss-0.4106
2024-04-28 16:33:22 - INFO - model-gin, dataset-davis, epoch-39, loss-0.4679, cindex-0.7765, test_loss-0.4281
2024-04-28 16:33:29 - INFO - model-gin, dataset-davis, epoch-40, loss-0.4547, cindex-0.7834, test_loss-0.4712
2024-04-28 16:33:36 - INFO - model-gin, dataset-davis, epoch-41, loss-0.4519, cindex-0.7846, test_loss-0.4236
2024-04-28 16:33:43 - INFO - model-gin, dataset-davis, epoch-42, loss-0.4498, cindex-0.7839, test_loss-0.4951
2024-04-28 16:33:49 - INFO - model-gin, dataset-davis, epoch-43, loss-0.4371, cindex-0.7903, test_loss-0.4200
2024-04-28 16:33:56 - INFO - model-gin, dataset-davis, epoch-44, loss-0.4398, cindex-0.7884, test_loss-0.3554
2024-04-28 16:33:56 - INFO - Saving model...
2024-04-28 16:34:03 - INFO - model-gin, dataset-davis, epoch-45, loss-0.4250, cindex-0.7941, test_loss-0.3335
2024-04-28 16:34:03 - INFO - Saving model...
2024-04-28 16:34:10 - INFO - model-gin, dataset-davis, epoch-46, loss-0.4253, cindex-0.7974, test_loss-0.3623
2024-04-28 16:34:17 - INFO - model-gin, dataset-davis, epoch-47, loss-0.4273, cindex-0.7945, test_loss-0.4184
2024-04-28 16:34:24 - INFO - model-gin, dataset-davis, epoch-48, loss-0.4118, cindex-0.7969, test_loss-0.3837
2024-04-28 16:34:31 - INFO - model-gin, dataset-davis, epoch-49, loss-0.4175, cindex-0.7995, test_loss-0.3645
2024-04-28 16:34:37 - INFO - model-gin, dataset-davis, epoch-50, loss-0.4099, cindex-0.7981, test_loss-0.3417
2024-04-28 16:34:44 - INFO - model-gin, dataset-davis, epoch-51, loss-0.4104, cindex-0.8043, test_loss-0.3716
2024-04-28 16:34:51 - INFO - model-gin, dataset-davis, epoch-52, loss-0.4105, cindex-0.8002, test_loss-0.3743
2024-04-28 16:34:58 - INFO - model-gin, dataset-davis, epoch-53, loss-0.4080, cindex-0.8044, test_loss-0.3803
2024-04-28 16:35:05 - INFO - model-gin, dataset-davis, epoch-54, loss-0.3993, cindex-0.8019, test_loss-0.3340
2024-04-28 16:35:12 - INFO - model-gin, dataset-davis, epoch-55, loss-0.4024, cindex-0.8065, test_loss-0.3155
2024-04-28 16:35:12 - INFO - Saving model...
2024-04-28 16:35:18 - INFO - model-gin, dataset-davis, epoch-56, loss-0.3975, cindex-0.8058, test_loss-0.3363
2024-04-28 16:35:26 - INFO - model-gin, dataset-davis, epoch-57, loss-0.4022, cindex-0.8088, test_loss-0.3423
2024-04-28 16:35:32 - INFO - model-gin, dataset-davis, epoch-58, loss-0.3895, cindex-0.8079, test_loss-0.3244
2024-04-28 16:35:39 - INFO - model-gin, dataset-davis, epoch-59, loss-0.3940, cindex-0.8067, test_loss-0.3425
2024-04-28 16:35:46 - INFO - model-gin, dataset-davis, epoch-60, loss-0.3964, cindex-0.8099, test_loss-0.3216
2024-04-28 16:35:53 - INFO - model-gin, dataset-davis, epoch-61, loss-0.3848, cindex-0.8080, test_loss-0.3276
2024-04-28 16:36:00 - INFO - model-gin, dataset-davis, epoch-62, loss-0.3827, cindex-0.8103, test_loss-0.3285
2024-04-28 16:36:07 - INFO - model-gin, dataset-davis, epoch-63, loss-0.3866, cindex-0.8098, test_loss-0.3655
2024-04-28 16:36:13 - INFO - model-gin, dataset-davis, epoch-64, loss-0.3791, cindex-0.8186, test_loss-0.3372
2024-04-28 16:36:21 - INFO - model-gin, dataset-davis, epoch-65, loss-0.3768, cindex-0.8096, test_loss-0.3269
2024-04-28 16:36:29 - INFO - model-gin, dataset-davis, epoch-66, loss-0.3798, cindex-0.8115, test_loss-0.3911
2024-04-28 16:36:37 - INFO - model-gin, dataset-davis, epoch-67, loss-0.3687, cindex-0.8166, test_loss-0.3612
2024-04-28 16:36:44 - INFO - model-gin, dataset-davis, epoch-68, loss-0.3691, cindex-0.8111, test_loss-0.3588
2024-04-28 16:36:51 - INFO - model-gin, dataset-davis, epoch-69, loss-0.3641, cindex-0.8143, test_loss-0.3429
2024-04-28 16:36:57 - INFO - model-gin, dataset-davis, epoch-70, loss-0.3701, cindex-0.8146, test_loss-0.3542
2024-04-28 16:37:04 - INFO - model-gin, dataset-davis, epoch-71, loss-0.3574, cindex-0.8167, test_loss-0.3227
2024-04-28 16:37:11 - INFO - model-gin, dataset-davis, epoch-72, loss-0.3636, cindex-0.8152, test_loss-0.3968
2024-04-28 16:37:18 - INFO - model-gin, dataset-davis, epoch-73, loss-0.3587, cindex-0.8191, test_loss-0.3609
2024-04-28 16:37:25 - INFO - model-gin, dataset-davis, epoch-74, loss-0.3606, cindex-0.8176, test_loss-0.3696
2024-04-28 16:37:32 - INFO - model-gin, dataset-davis, epoch-75, loss-0.3595, cindex-0.8194, test_loss-0.3475
2024-04-28 16:37:38 - INFO - model-gin, dataset-davis, epoch-76, loss-0.3661, cindex-0.8174, test_loss-0.3423
2024-04-28 16:37:45 - INFO - model-gin, dataset-davis, epoch-77, loss-0.3542, cindex-0.8188, test_loss-0.3304
2024-04-28 16:37:52 - INFO - model-gin, dataset-davis, epoch-78, loss-0.3520, cindex-0.8205, test_loss-0.3101
2024-04-28 16:37:52 - INFO - Saving model...
2024-04-28 16:37:59 - INFO - model-gin, dataset-davis, epoch-79, loss-0.3533, cindex-0.8188, test_loss-0.2951
2024-04-28 16:37:59 - INFO - Saving model...
2024-04-28 16:38:06 - INFO - model-gin, dataset-davis, epoch-80, loss-0.3538, cindex-0.8210, test_loss-0.3445
2024-04-28 16:38:13 - INFO - model-gin, dataset-davis, epoch-81, loss-0.3507, cindex-0.8214, test_loss-0.3049
2024-04-28 16:38:19 - INFO - model-gin, dataset-davis, epoch-82, loss-0.3466, cindex-0.8213, test_loss-0.3323
2024-04-28 16:38:27 - INFO - model-gin, dataset-davis, epoch-83, loss-0.3619, cindex-0.8208, test_loss-0.3049
2024-04-28 16:38:33 - INFO - model-gin, dataset-davis, epoch-84, loss-0.3397, cindex-0.8276, test_loss-0.3065
2024-04-28 16:38:40 - INFO - model-gin, dataset-davis, epoch-85, loss-0.3413, cindex-0.8213, test_loss-0.2962
2024-04-28 16:38:47 - INFO - model-gin, dataset-davis, epoch-86, loss-0.3387, cindex-0.8284, test_loss-0.3304
2024-04-28 16:38:54 - INFO - model-gin, dataset-davis, epoch-87, loss-0.3362, cindex-0.8243, test_loss-0.3030
2024-04-28 16:39:01 - INFO - model-gin, dataset-davis, epoch-88, loss-0.3309, cindex-0.8311, test_loss-0.3484
2024-04-28 16:39:08 - INFO - model-gin, dataset-davis, epoch-89, loss-0.3329, cindex-0.8291, test_loss-0.2989
2024-04-28 16:39:15 - INFO - model-gin, dataset-davis, epoch-90, loss-0.3296, cindex-0.8294, test_loss-0.3342
2024-04-28 16:39:22 - INFO - model-gin, dataset-davis, epoch-91, loss-0.3252, cindex-0.8318, test_loss-0.3346
2024-04-28 16:39:29 - INFO - model-gin, dataset-davis, epoch-92, loss-0.3316, cindex-0.8325, test_loss-0.3059
2024-04-28 16:39:36 - INFO - model-gin, dataset-davis, epoch-93, loss-0.3198, cindex-0.8333, test_loss-0.3189
2024-04-28 16:39:43 - INFO - model-gin, dataset-davis, epoch-94, loss-0.3214, cindex-0.8294, test_loss-0.3382
2024-04-28 16:39:50 - INFO - model-gin, dataset-davis, epoch-95, loss-0.3163, cindex-0.8323, test_loss-0.2901
2024-04-28 16:39:50 - INFO - Saving model...
2024-04-28 16:39:57 - INFO - model-gin, dataset-davis, epoch-96, loss-0.3078, cindex-0.8333, test_loss-0.2903
2024-04-28 16:40:04 - INFO - model-gin, dataset-davis, epoch-97, loss-0.3105, cindex-0.8381, test_loss-0.2794
2024-04-28 16:40:04 - INFO - Saving model...
2024-04-28 16:40:11 - INFO - model-gin, dataset-davis, epoch-98, loss-0.3141, cindex-0.8356, test_loss-0.3221
2024-04-28 16:40:18 - INFO - model-gin, dataset-davis, epoch-99, loss-0.3113, cindex-0.8368, test_loss-0.3104
2024-04-28 16:40:24 - INFO - model-gin, dataset-davis, epoch-100, loss-0.3049, cindex-0.8403, test_loss-0.2925
2024-04-28 16:40:31 - INFO - model-gin, dataset-davis, epoch-101, loss-0.3036, cindex-0.8359, test_loss-0.3281
2024-04-28 16:40:38 - INFO - model-gin, dataset-davis, epoch-102, loss-0.2947, cindex-0.8417, test_loss-0.2882
2024-04-28 16:40:45 - INFO - model-gin, dataset-davis, epoch-103, loss-0.3002, cindex-0.8404, test_loss-0.3000
2024-04-28 16:40:52 - INFO - model-gin, dataset-davis, epoch-104, loss-0.2904, cindex-0.8432, test_loss-0.3489
2024-04-28 16:40:59 - INFO - model-gin, dataset-davis, epoch-105, loss-0.2910, cindex-0.8430, test_loss-0.2977
2024-04-28 16:41:06 - INFO - model-gin, dataset-davis, epoch-106, loss-0.2900, cindex-0.8418, test_loss-0.2844
2024-04-28 16:41:13 - INFO - model-gin, dataset-davis, epoch-107, loss-0.2864, cindex-0.8431, test_loss-0.4047
2024-04-28 16:41:20 - INFO - model-gin, dataset-davis, epoch-108, loss-0.2944, cindex-0.8414, test_loss-0.2803
2024-04-28 16:41:27 - INFO - model-gin, dataset-davis, epoch-109, loss-0.2850, cindex-0.8446, test_loss-0.2833
2024-04-28 16:41:34 - INFO - model-gin, dataset-davis, epoch-110, loss-0.2846, cindex-0.8475, test_loss-0.2752
2024-04-28 16:41:34 - INFO - Saving model...
2024-04-28 16:41:41 - INFO - model-gin, dataset-davis, epoch-111, loss-0.2820, cindex-0.8386, test_loss-0.3033
2024-04-28 16:41:48 - INFO - model-gin, dataset-davis, epoch-112, loss-0.2800, cindex-0.8492, test_loss-0.2777
2024-04-28 16:41:54 - INFO - model-gin, dataset-davis, epoch-113, loss-0.2773, cindex-0.8460, test_loss-0.3038
2024-04-28 16:42:02 - INFO - model-gin, dataset-davis, epoch-114, loss-0.2794, cindex-0.8459, test_loss-0.3251
2024-04-28 16:42:08 - INFO - model-gin, dataset-davis, epoch-115, loss-0.2740, cindex-0.8428, test_loss-0.3593
2024-04-28 16:42:15 - INFO - model-gin, dataset-davis, epoch-116, loss-0.2759, cindex-0.8463, test_loss-0.3195
2024-04-28 16:42:22 - INFO - model-gin, dataset-davis, epoch-117, loss-0.2748, cindex-0.8487, test_loss-0.3199
2024-04-28 16:42:29 - INFO - model-gin, dataset-davis, epoch-118, loss-0.2664, cindex-0.8486, test_loss-0.2732
2024-04-28 16:42:29 - INFO - Saving model...
2024-04-28 16:42:36 - INFO - model-gin, dataset-davis, epoch-119, loss-0.2709, cindex-0.8462, test_loss-0.2803
2024-04-28 16:42:43 - INFO - model-gin, dataset-davis, epoch-120, loss-0.2635, cindex-0.8524, test_loss-0.2823
2024-04-28 16:42:50 - INFO - model-gin, dataset-davis, epoch-121, loss-0.2710, cindex-0.8508, test_loss-0.3089
2024-04-28 16:42:57 - INFO - model-gin, dataset-davis, epoch-122, loss-0.2602, cindex-0.8516, test_loss-0.2889
2024-04-28 16:43:05 - INFO - model-gin, dataset-davis, epoch-123, loss-0.2678, cindex-0.8511, test_loss-0.2996
2024-04-28 16:43:13 - INFO - model-gin, dataset-davis, epoch-124, loss-0.2575, cindex-0.8541, test_loss-0.2952
2024-04-28 16:43:21 - INFO - model-gin, dataset-davis, epoch-125, loss-0.2633, cindex-0.8521, test_loss-0.3130
2024-04-28 16:43:28 - INFO - model-gin, dataset-davis, epoch-126, loss-0.2578, cindex-0.8496, test_loss-0.2811
2024-04-28 16:43:35 - INFO - model-gin, dataset-davis, epoch-127, loss-0.2539, cindex-0.8538, test_loss-0.3252
2024-04-28 16:43:41 - INFO - model-gin, dataset-davis, epoch-128, loss-0.2604, cindex-0.8496, test_loss-0.2699
2024-04-28 16:43:41 - INFO - Saving model...
2024-04-28 16:43:48 - INFO - model-gin, dataset-davis, epoch-129, loss-0.2523, cindex-0.8580, test_loss-0.2979
2024-04-28 16:43:55 - INFO - model-gin, dataset-davis, epoch-130, loss-0.2558, cindex-0.8546, test_loss-0.2874
2024-04-28 16:44:02 - INFO - model-gin, dataset-davis, epoch-131, loss-0.2549, cindex-0.8534, test_loss-0.2708
2024-04-28 16:44:09 - INFO - model-gin, dataset-davis, epoch-132, loss-0.2520, cindex-0.8577, test_loss-0.3039
2024-04-28 16:44:16 - INFO - model-gin, dataset-davis, epoch-133, loss-0.2473, cindex-0.8542, test_loss-0.2857
2024-04-28 16:44:23 - INFO - model-gin, dataset-davis, epoch-134, loss-0.2445, cindex-0.8580, test_loss-0.2758
2024-04-28 16:44:30 - INFO - model-gin, dataset-davis, epoch-135, loss-0.2453, cindex-0.8590, test_loss-0.2820
2024-04-28 16:44:37 - INFO - model-gin, dataset-davis, epoch-136, loss-0.2452, cindex-0.8584, test_loss-0.2957
2024-04-28 16:44:44 - INFO - model-gin, dataset-davis, epoch-137, loss-0.2391, cindex-0.8600, test_loss-0.2758
2024-04-28 16:44:51 - INFO - model-gin, dataset-davis, epoch-138, loss-0.2406, cindex-0.8625, test_loss-0.3064
2024-04-28 16:44:58 - INFO - model-gin, dataset-davis, epoch-139, loss-0.2414, cindex-0.8615, test_loss-0.2928
2024-04-28 16:45:05 - INFO - model-gin, dataset-davis, epoch-140, loss-0.2425, cindex-0.8597, test_loss-0.3093
2024-04-28 16:45:12 - INFO - model-gin, dataset-davis, epoch-141, loss-0.2371, cindex-0.8629, test_loss-0.2715
2024-04-28 16:45:19 - INFO - model-gin, dataset-davis, epoch-142, loss-0.2345, cindex-0.8581, test_loss-0.2862
2024-04-28 16:45:26 - INFO - model-gin, dataset-davis, epoch-143, loss-0.2314, cindex-0.8556, test_loss-0.2715
2024-04-28 16:45:32 - INFO - model-gin, dataset-davis, epoch-144, loss-0.2389, cindex-0.8602, test_loss-0.2671
2024-04-28 16:45:32 - INFO - Saving model...
2024-04-28 16:45:40 - INFO - model-gin, dataset-davis, epoch-145, loss-0.2360, cindex-0.8592, test_loss-0.2930
2024-04-28 16:45:47 - INFO - model-gin, dataset-davis, epoch-146, loss-0.2329, cindex-0.8627, test_loss-0.2768
2024-04-28 16:45:54 - INFO - model-gin, dataset-davis, epoch-147, loss-0.2329, cindex-0.8609, test_loss-0.2846
2024-04-28 16:46:01 - INFO - model-gin, dataset-davis, epoch-148, loss-0.2240, cindex-0.8649, test_loss-0.3474
2024-04-28 16:46:08 - INFO - model-gin, dataset-davis, epoch-149, loss-0.2285, cindex-0.8666, test_loss-0.2884
2024-04-28 16:46:15 - INFO - model-gin, dataset-davis, epoch-150, loss-0.2280, cindex-0.8659, test_loss-0.2689
2024-04-28 16:46:21 - INFO - model-gin, dataset-davis, epoch-151, loss-0.2271, cindex-0.8649, test_loss-0.2999
2024-04-28 16:46:29 - INFO - model-gin, dataset-davis, epoch-152, loss-0.2264, cindex-0.8649, test_loss-0.3461
2024-04-28 16:46:35 - INFO - model-gin, dataset-davis, epoch-153, loss-0.2206, cindex-0.8646, test_loss-0.2918
2024-04-28 16:46:42 - INFO - model-gin, dataset-davis, epoch-154, loss-0.2263, cindex-0.8657, test_loss-0.2669
2024-04-28 16:46:42 - INFO - Saving model...
2024-04-28 16:46:49 - INFO - model-gin, dataset-davis, epoch-155, loss-0.2208, cindex-0.8632, test_loss-0.3417
2024-04-28 16:46:56 - INFO - model-gin, dataset-davis, epoch-156, loss-0.2232, cindex-0.8681, test_loss-0.2970
2024-04-28 16:47:03 - INFO - model-gin, dataset-davis, epoch-157, loss-0.2248, cindex-0.8653, test_loss-0.2786
2024-04-28 16:47:10 - INFO - model-gin, dataset-davis, epoch-158, loss-0.2171, cindex-0.8681, test_loss-0.2678
2024-04-28 16:47:17 - INFO - model-gin, dataset-davis, epoch-159, loss-0.2250, cindex-0.8656, test_loss-0.2833
2024-04-28 16:47:24 - INFO - model-gin, dataset-davis, epoch-160, loss-0.2200, cindex-0.8658, test_loss-0.2777
2024-04-28 16:47:31 - INFO - model-gin, dataset-davis, epoch-161, loss-0.2148, cindex-0.8671, test_loss-0.3223
2024-04-28 16:47:38 - INFO - model-gin, dataset-davis, epoch-162, loss-0.2150, cindex-0.8669, test_loss-0.2836
2024-04-28 16:47:45 - INFO - model-gin, dataset-davis, epoch-163, loss-0.2142, cindex-0.8699, test_loss-0.2890
2024-04-28 16:47:52 - INFO - model-gin, dataset-davis, epoch-164, loss-0.2113, cindex-0.8676, test_loss-0.3304
2024-04-28 16:48:00 - INFO - model-gin, dataset-davis, epoch-165, loss-0.2208, cindex-0.8647, test_loss-0.2859
2024-04-28 16:48:07 - INFO - model-gin, dataset-davis, epoch-166, loss-0.2128, cindex-0.8696, test_loss-0.2651
2024-04-28 16:48:07 - INFO - Saving model...
2024-04-28 16:48:14 - INFO - model-gin, dataset-davis, epoch-167, loss-0.2127, cindex-0.8687, test_loss-0.3054
2024-04-28 16:48:21 - INFO - model-gin, dataset-davis, epoch-168, loss-0.2107, cindex-0.8709, test_loss-0.2639
2024-04-28 16:48:21 - INFO - Saving model...
2024-04-28 16:48:28 - INFO - model-gin, dataset-davis, epoch-169, loss-0.2068, cindex-0.8730, test_loss-0.2839
2024-04-28 16:48:35 - INFO - model-gin, dataset-davis, epoch-170, loss-0.2118, cindex-0.8692, test_loss-0.2991
2024-04-28 16:48:42 - INFO - model-gin, dataset-davis, epoch-171, loss-0.2059, cindex-0.8712, test_loss-0.2787
2024-04-28 16:48:49 - INFO - model-gin, dataset-davis, epoch-172, loss-0.2184, cindex-0.8715, test_loss-0.2950
2024-04-28 16:48:56 - INFO - model-gin, dataset-davis, epoch-173, loss-0.2056, cindex-0.8727, test_loss-0.2931
2024-04-28 16:49:03 - INFO - model-gin, dataset-davis, epoch-174, loss-0.2006, cindex-0.8760, test_loss-0.2676
2024-04-28 16:49:11 - INFO - model-gin, dataset-davis, epoch-175, loss-0.2038, cindex-0.8699, test_loss-0.2696
2024-04-28 16:49:18 - INFO - model-gin, dataset-davis, epoch-176, loss-0.2025, cindex-0.8724, test_loss-0.2738
2024-04-28 16:49:25 - INFO - model-gin, dataset-davis, epoch-177, loss-0.2017, cindex-0.8735, test_loss-0.2681
2024-04-28 16:49:32 - INFO - model-gin, dataset-davis, epoch-178, loss-0.2044, cindex-0.8692, test_loss-0.3526
2024-04-28 16:49:39 - INFO - model-gin, dataset-davis, epoch-179, loss-0.2090, cindex-0.8721, test_loss-0.2708
2024-04-28 16:49:46 - INFO - model-gin, dataset-davis, epoch-180, loss-0.2003, cindex-0.8736, test_loss-0.3399
2024-04-28 16:49:53 - INFO - model-gin, dataset-davis, epoch-181, loss-0.1991, cindex-0.8717, test_loss-0.2725
2024-04-28 16:50:00 - INFO - model-gin, dataset-davis, epoch-182, loss-0.2010, cindex-0.8722, test_loss-0.2695
2024-04-28 16:50:07 - INFO - model-gin, dataset-davis, epoch-183, loss-0.1990, cindex-0.8725, test_loss-0.2817
2024-04-28 16:50:15 - INFO - model-gin, dataset-davis, epoch-184, loss-0.2038, cindex-0.8759, test_loss-0.2841
2024-04-28 16:50:22 - INFO - model-gin, dataset-davis, epoch-185, loss-0.1977, cindex-0.8739, test_loss-0.2656
2024-04-28 16:50:29 - INFO - model-gin, dataset-davis, epoch-186, loss-0.1931, cindex-0.8757, test_loss-0.2700
2024-04-28 16:50:36 - INFO - model-gin, dataset-davis, epoch-187, loss-0.1952, cindex-0.8748, test_loss-0.2567
2024-04-28 16:50:36 - INFO - Saving model...
2024-04-28 16:50:44 - INFO - model-gin, dataset-davis, epoch-188, loss-0.1953, cindex-0.8723, test_loss-0.2883
2024-04-28 16:50:51 - INFO - model-gin, dataset-davis, epoch-189, loss-0.1988, cindex-0.8742, test_loss-0.2960
2024-04-28 16:51:00 - INFO - model-gin, dataset-davis, epoch-190, loss-0.1962, cindex-0.8749, test_loss-0.2543
2024-04-28 16:51:00 - INFO - Saving model...
2024-04-28 16:51:07 - INFO - model-gin, dataset-davis, epoch-191, loss-0.1897, cindex-0.8754, test_loss-0.2618
2024-04-28 16:51:14 - INFO - model-gin, dataset-davis, epoch-192, loss-0.1913, cindex-0.8760, test_loss-0.2617
2024-04-28 16:51:21 - INFO - model-gin, dataset-davis, epoch-193, loss-0.1870, cindex-0.8772, test_loss-0.2729
2024-04-28 16:51:28 - INFO - model-gin, dataset-davis, epoch-194, loss-0.1903, cindex-0.8761, test_loss-0.2618
2024-04-28 16:51:35 - INFO - model-gin, dataset-davis, epoch-195, loss-0.1876, cindex-0.8761, test_loss-0.2705
2024-04-28 16:51:43 - INFO - model-gin, dataset-davis, epoch-196, loss-0.1834, cindex-0.8802, test_loss-0.2779
2024-04-28 16:51:50 - INFO - model-gin, dataset-davis, epoch-197, loss-0.1913, cindex-0.8792, test_loss-0.3008
2024-04-28 16:51:57 - INFO - model-gin, dataset-davis, epoch-198, loss-0.1863, cindex-0.8783, test_loss-0.2895
2024-04-28 16:52:05 - INFO - model-gin, dataset-davis, epoch-199, loss-0.1875, cindex-0.8781, test_loss-0.3060
2024-04-28 16:52:12 - INFO - model-gin, dataset-davis, epoch-200, loss-0.1909, cindex-0.8810, test_loss-0.2727
2024-04-28 16:52:19 - INFO - model-gin, dataset-davis, epoch-201, loss-0.1895, cindex-0.8783, test_loss-0.2779
2024-04-28 16:52:27 - INFO - model-gin, dataset-davis, epoch-202, loss-0.1821, cindex-0.8785, test_loss-0.2736
2024-04-28 16:52:34 - INFO - model-gin, dataset-davis, epoch-203, loss-0.1852, cindex-0.8814, test_loss-0.2523
2024-04-28 16:52:34 - INFO - Saving model...
2024-04-28 16:52:41 - INFO - model-gin, dataset-davis, epoch-204, loss-0.1802, cindex-0.8791, test_loss-0.2573
2024-04-28 16:52:49 - INFO - model-gin, dataset-davis, epoch-205, loss-0.1774, cindex-0.8837, test_loss-0.2786
2024-04-28 16:52:56 - INFO - model-gin, dataset-davis, epoch-206, loss-0.1824, cindex-0.8781, test_loss-0.2701
2024-04-28 16:53:03 - INFO - model-gin, dataset-davis, epoch-207, loss-0.1823, cindex-0.8803, test_loss-0.2694
2024-04-28 16:53:10 - INFO - model-gin, dataset-davis, epoch-208, loss-0.1799, cindex-0.8801, test_loss-0.2789
2024-04-28 16:53:18 - INFO - model-gin, dataset-davis, epoch-209, loss-0.1789, cindex-0.8810, test_loss-0.2697
2024-04-28 16:53:25 - INFO - model-gin, dataset-davis, epoch-210, loss-0.1837, cindex-0.8789, test_loss-0.2546
2024-04-28 16:53:32 - INFO - model-gin, dataset-davis, epoch-211, loss-0.1833, cindex-0.8816, test_loss-0.2655
2024-04-28 16:53:39 - INFO - model-gin, dataset-davis, epoch-212, loss-0.1833, cindex-0.8792, test_loss-0.2645
2024-04-28 16:53:46 - INFO - model-gin, dataset-davis, epoch-213, loss-0.1777, cindex-0.8813, test_loss-0.2807
2024-04-28 16:53:53 - INFO - model-gin, dataset-davis, epoch-214, loss-0.1736, cindex-0.8825, test_loss-0.2781
2024-04-28 16:54:00 - INFO - model-gin, dataset-davis, epoch-215, loss-0.1771, cindex-0.8818, test_loss-0.2657
2024-04-28 16:54:06 - INFO - model-gin, dataset-davis, epoch-216, loss-0.1759, cindex-0.8814, test_loss-0.2676
2024-04-28 16:54:14 - INFO - model-gin, dataset-davis, epoch-217, loss-0.1776, cindex-0.8803, test_loss-0.2580
2024-04-28 16:54:20 - INFO - model-gin, dataset-davis, epoch-218, loss-0.1719, cindex-0.8804, test_loss-0.2709
2024-04-28 16:54:27 - INFO - model-gin, dataset-davis, epoch-219, loss-0.1735, cindex-0.8841, test_loss-0.2660
2024-04-28 16:54:34 - INFO - model-gin, dataset-davis, epoch-220, loss-0.1760, cindex-0.8830, test_loss-0.2539
2024-04-28 16:54:41 - INFO - model-gin, dataset-davis, epoch-221, loss-0.1752, cindex-0.8835, test_loss-0.2754
2024-04-28 16:54:48 - INFO - model-gin, dataset-davis, epoch-222, loss-0.1712, cindex-0.8824, test_loss-0.2758
2024-04-28 16:54:55 - INFO - model-gin, dataset-davis, epoch-223, loss-0.1743, cindex-0.8861, test_loss-0.3020
2024-04-28 16:55:02 - INFO - model-gin, dataset-davis, epoch-224, loss-0.1740, cindex-0.8815, test_loss-0.2665
2024-04-28 16:55:09 - INFO - model-gin, dataset-davis, epoch-225, loss-0.1721, cindex-0.8868, test_loss-0.2515
2024-04-28 16:55:09 - INFO - Saving model...
2024-04-28 16:55:16 - INFO - model-gin, dataset-davis, epoch-226, loss-0.1710, cindex-0.8829, test_loss-0.2723
2024-04-28 16:55:23 - INFO - model-gin, dataset-davis, epoch-227, loss-0.1713, cindex-0.8856, test_loss-0.2790
2024-04-28 16:55:30 - INFO - model-gin, dataset-davis, epoch-228, loss-0.1775, cindex-0.8817, test_loss-0.2850
2024-04-28 16:55:37 - INFO - model-gin, dataset-davis, epoch-229, loss-0.1673, cindex-0.8854, test_loss-0.2698
2024-04-28 16:55:43 - INFO - model-gin, dataset-davis, epoch-230, loss-0.1633, cindex-0.8868, test_loss-0.2815
2024-04-28 16:55:50 - INFO - model-gin, dataset-davis, epoch-231, loss-0.1669, cindex-0.8855, test_loss-0.2569
2024-04-28 16:55:57 - INFO - model-gin, dataset-davis, epoch-232, loss-0.1663, cindex-0.8873, test_loss-0.2599
2024-04-28 16:56:04 - INFO - model-gin, dataset-davis, epoch-233, loss-0.1693, cindex-0.8882, test_loss-0.2717
2024-04-28 16:56:11 - INFO - model-gin, dataset-davis, epoch-234, loss-0.1659, cindex-0.8841, test_loss-0.2590
2024-04-28 16:56:18 - INFO - model-gin, dataset-davis, epoch-235, loss-0.1643, cindex-0.8880, test_loss-0.2681
2024-04-28 16:56:25 - INFO - model-gin, dataset-davis, epoch-236, loss-0.1666, cindex-0.8860, test_loss-0.2633
2024-04-28 16:56:32 - INFO - model-gin, dataset-davis, epoch-237, loss-0.1621, cindex-0.8908, test_loss-0.2999
2024-04-28 16:56:39 - INFO - model-gin, dataset-davis, epoch-238, loss-0.1670, cindex-0.8852, test_loss-0.2617
2024-04-28 16:56:46 - INFO - model-gin, dataset-davis, epoch-239, loss-0.1647, cindex-0.8871, test_loss-0.2628
2024-04-28 16:56:53 - INFO - model-gin, dataset-davis, epoch-240, loss-0.1679, cindex-0.8852, test_loss-0.2849
2024-04-28 16:56:59 - INFO - model-gin, dataset-davis, epoch-241, loss-0.1648, cindex-0.8893, test_loss-0.2765
2024-04-28 16:57:07 - INFO - model-gin, dataset-davis, epoch-242, loss-0.1617, cindex-0.8861, test_loss-0.2687
2024-04-28 16:57:13 - INFO - model-gin, dataset-davis, epoch-243, loss-0.1639, cindex-0.8862, test_loss-0.2781
2024-04-28 16:57:20 - INFO - model-gin, dataset-davis, epoch-244, loss-0.1626, cindex-0.8895, test_loss-0.3006
2024-04-28 16:57:27 - INFO - model-gin, dataset-davis, epoch-245, loss-0.1588, cindex-0.8869, test_loss-0.2834
2024-04-28 16:57:34 - INFO - model-gin, dataset-davis, epoch-246, loss-0.1594, cindex-0.8889, test_loss-0.2852
2024-04-28 16:57:41 - INFO - model-gin, dataset-davis, epoch-247, loss-0.1584, cindex-0.8888, test_loss-0.2492
2024-04-28 16:57:41 - INFO - Saving model...
2024-04-28 16:57:48 - INFO - model-gin, dataset-davis, epoch-248, loss-0.1608, cindex-0.8900, test_loss-0.2685
2024-04-28 16:57:55 - INFO - model-gin, dataset-davis, epoch-249, loss-0.1625, cindex-0.8888, test_loss-0.2702
2024-04-28 16:58:02 - INFO - model-gin, dataset-davis, epoch-250, loss-0.1608, cindex-0.8888, test_loss-0.2582
2024-04-28 16:58:09 - INFO - model-gin, dataset-davis, epoch-251, loss-0.1595, cindex-0.8892, test_loss-0.2417
2024-04-28 16:58:09 - INFO - Saving model...
2024-04-28 16:58:16 - INFO - model-gin, dataset-davis, epoch-252, loss-0.1578, cindex-0.8863, test_loss-0.2737
2024-04-28 16:58:23 - INFO - model-gin, dataset-davis, epoch-253, loss-0.1597, cindex-0.8883, test_loss-0.2738
2024-04-28 16:58:30 - INFO - model-gin, dataset-davis, epoch-254, loss-0.1649, cindex-0.8889, test_loss-0.2615
2024-04-28 16:58:37 - INFO - model-gin, dataset-davis, epoch-255, loss-0.1604, cindex-0.8914, test_loss-0.2743
2024-04-28 16:58:43 - INFO - model-gin, dataset-davis, epoch-256, loss-0.1532, cindex-0.8894, test_loss-0.2464
2024-04-28 16:58:50 - INFO - model-gin, dataset-davis, epoch-257, loss-0.1608, cindex-0.8913, test_loss-0.2701
2024-04-28 16:58:57 - INFO - model-gin, dataset-davis, epoch-258, loss-0.1602, cindex-0.8896, test_loss-0.2682
2024-04-28 16:59:04 - INFO - model-gin, dataset-davis, epoch-259, loss-0.1560, cindex-0.8897, test_loss-0.2829
2024-04-28 16:59:11 - INFO - model-gin, dataset-davis, epoch-260, loss-0.1583, cindex-0.8925, test_loss-0.2873
2024-04-28 16:59:18 - INFO - model-gin, dataset-davis, epoch-261, loss-0.1563, cindex-0.8911, test_loss-0.2692
2024-04-28 16:59:25 - INFO - model-gin, dataset-davis, epoch-262, loss-0.1566, cindex-0.8905, test_loss-0.2444
2024-04-28 16:59:32 - INFO - model-gin, dataset-davis, epoch-263, loss-0.1542, cindex-0.8890, test_loss-0.2648
2024-04-28 16:59:39 - INFO - model-gin, dataset-davis, epoch-264, loss-0.1560, cindex-0.8937, test_loss-0.2588
2024-04-28 16:59:46 - INFO - model-gin, dataset-davis, epoch-265, loss-0.1563, cindex-0.8893, test_loss-0.2768
2024-04-28 16:59:53 - INFO - model-gin, dataset-davis, epoch-266, loss-0.1534, cindex-0.8915, test_loss-0.2668
2024-04-28 16:59:59 - INFO - model-gin, dataset-davis, epoch-267, loss-0.1491, cindex-0.8917, test_loss-0.2767
2024-04-28 17:00:06 - INFO - model-gin, dataset-davis, epoch-268, loss-0.1479, cindex-0.8953, test_loss-0.2411
2024-04-28 17:00:06 - INFO - Saving model...
2024-04-28 17:00:13 - INFO - model-gin, dataset-davis, epoch-269, loss-0.1500, cindex-0.8915, test_loss-0.2606
2024-04-28 17:00:20 - INFO - model-gin, dataset-davis, epoch-270, loss-0.1532, cindex-0.8907, test_loss-0.2753
2024-04-28 17:00:27 - INFO - model-gin, dataset-davis, epoch-271, loss-0.1542, cindex-0.8919, test_loss-0.2771
2024-04-28 17:00:34 - INFO - model-gin, dataset-davis, epoch-272, loss-0.1552, cindex-0.8924, test_loss-0.2483
2024-04-28 17:00:41 - INFO - model-gin, dataset-davis, epoch-273, loss-0.1512, cindex-0.8944, test_loss-0.2569
2024-04-28 17:00:48 - INFO - model-gin, dataset-davis, epoch-274, loss-0.1493, cindex-0.8949, test_loss-0.2675
2024-04-28 17:00:55 - INFO - model-gin, dataset-davis, epoch-275, loss-0.1524, cindex-0.8964, test_loss-0.2757
2024-04-28 17:01:02 - INFO - model-gin, dataset-davis, epoch-276, loss-0.1501, cindex-0.8944, test_loss-0.2494
2024-04-28 17:01:09 - INFO - model-gin, dataset-davis, epoch-277, loss-0.1505, cindex-0.8906, test_loss-0.2528
2024-04-28 17:01:16 - INFO - model-gin, dataset-davis, epoch-278, loss-0.1491, cindex-0.8923, test_loss-0.2768
2024-04-28 17:01:23 - INFO - model-gin, dataset-davis, epoch-279, loss-0.1513, cindex-0.8962, test_loss-0.2573
2024-04-28 17:01:31 - INFO - model-gin, dataset-davis, epoch-280, loss-0.1500, cindex-0.8955, test_loss-0.2704
2024-04-28 17:01:39 - INFO - model-gin, dataset-davis, epoch-281, loss-0.1448, cindex-0.8950, test_loss-0.2450
2024-04-28 17:01:46 - INFO - model-gin, dataset-davis, epoch-282, loss-0.1454, cindex-0.8946, test_loss-0.2531
2024-04-28 17:01:52 - INFO - model-gin, dataset-davis, epoch-283, loss-0.1464, cindex-0.8946, test_loss-0.2422
2024-04-28 17:01:59 - INFO - model-gin, dataset-davis, epoch-284, loss-0.1462, cindex-0.8959, test_loss-0.2477
2024-04-28 17:02:06 - INFO - model-gin, dataset-davis, epoch-285, loss-0.1414, cindex-0.8951, test_loss-0.2575
2024-04-28 17:02:13 - INFO - model-gin, dataset-davis, epoch-286, loss-0.1443, cindex-0.8983, test_loss-0.2608
2024-04-28 17:02:20 - INFO - model-gin, dataset-davis, epoch-287, loss-0.1452, cindex-0.8950, test_loss-0.2455
2024-04-28 17:02:27 - INFO - model-gin, dataset-davis, epoch-288, loss-0.1492, cindex-0.8957, test_loss-0.2675
2024-04-28 17:02:34 - INFO - model-gin, dataset-davis, epoch-289, loss-0.1435, cindex-0.8967, test_loss-0.2579
2024-04-28 17:02:40 - INFO - model-gin, dataset-davis, epoch-290, loss-0.1463, cindex-0.8960, test_loss-0.2804
2024-04-28 17:02:48 - INFO - model-gin, dataset-davis, epoch-291, loss-0.1486, cindex-0.8954, test_loss-0.2906
2024-04-28 17:02:54 - INFO - model-gin, dataset-davis, epoch-292, loss-0.1466, cindex-0.8974, test_loss-0.2813
2024-04-28 17:03:01 - INFO - model-gin, dataset-davis, epoch-293, loss-0.1478, cindex-0.8934, test_loss-0.2846
2024-04-28 17:03:08 - INFO - model-gin, dataset-davis, epoch-294, loss-0.1470, cindex-0.8960, test_loss-0.2461
2024-04-28 17:03:15 - INFO - model-gin, dataset-davis, epoch-295, loss-0.1438, cindex-0.8984, test_loss-0.2441
2024-04-28 17:03:22 - INFO - model-gin, dataset-davis, epoch-296, loss-0.1468, cindex-0.8956, test_loss-0.2535
2024-04-28 17:03:29 - INFO - model-gin, dataset-davis, epoch-297, loss-0.1458, cindex-0.8970, test_loss-0.2461
2024-04-28 17:03:36 - INFO - model-gin, dataset-davis, epoch-298, loss-0.1432, cindex-0.8969, test_loss-0.2574
2024-04-28 17:03:43 - INFO - model-gin, dataset-davis, epoch-299, loss-0.1452, cindex-0.8958, test_loss-0.2639
2024-04-28 17:03:49 - INFO - model-gin, dataset-davis, epoch-300, loss-0.1397, cindex-0.8992, test_loss-0.2599
2024-04-28 17:03:56 - INFO - model-gin, dataset-davis, epoch-301, loss-0.1403, cindex-0.8975, test_loss-0.2518
2024-04-28 17:04:03 - INFO - model-gin, dataset-davis, epoch-302, loss-0.1402, cindex-0.8987, test_loss-0.2436
2024-04-28 17:04:10 - INFO - model-gin, dataset-davis, epoch-303, loss-0.1376, cindex-0.8989, test_loss-0.2520
2024-04-28 17:04:17 - INFO - model-gin, dataset-davis, epoch-304, loss-0.1417, cindex-0.8975, test_loss-0.2449
2024-04-28 17:04:24 - INFO - model-gin, dataset-davis, epoch-305, loss-0.1454, cindex-0.8972, test_loss-0.2886
2024-04-28 17:04:31 - INFO - model-gin, dataset-davis, epoch-306, loss-0.1425, cindex-0.8951, test_loss-0.2430
2024-04-28 17:04:38 - INFO - model-gin, dataset-davis, epoch-307, loss-0.1413, cindex-0.8969, test_loss-0.2816
2024-04-28 17:04:45 - INFO - model-gin, dataset-davis, epoch-308, loss-0.1422, cindex-0.8990, test_loss-0.2527
2024-04-28 17:04:52 - INFO - model-gin, dataset-davis, epoch-309, loss-0.1384, cindex-0.8988, test_loss-0.2553
2024-04-28 17:04:59 - INFO - model-gin, dataset-davis, epoch-310, loss-0.1394, cindex-0.8977, test_loss-0.2635
2024-04-28 17:05:06 - INFO - model-gin, dataset-davis, epoch-311, loss-0.1391, cindex-0.9003, test_loss-0.2619
2024-04-28 17:05:13 - INFO - model-gin, dataset-davis, epoch-312, loss-0.1373, cindex-0.8990, test_loss-0.2399
2024-04-28 17:05:13 - INFO - Saving model...
2024-04-28 17:05:19 - INFO - model-gin, dataset-davis, epoch-313, loss-0.1397, cindex-0.8973, test_loss-0.2425
2024-04-28 17:05:26 - INFO - model-gin, dataset-davis, epoch-314, loss-0.1404, cindex-0.8999, test_loss-0.2571
2024-04-28 17:05:33 - INFO - model-gin, dataset-davis, epoch-315, loss-0.1430, cindex-0.8978, test_loss-0.2693
2024-04-28 17:05:40 - INFO - model-gin, dataset-davis, epoch-316, loss-0.1428, cindex-0.8962, test_loss-0.2383
2024-04-28 17:05:40 - INFO - Saving model...
2024-04-28 17:05:47 - INFO - model-gin, dataset-davis, epoch-317, loss-0.1391, cindex-0.9017, test_loss-0.2593
2024-04-28 17:05:54 - INFO - model-gin, dataset-davis, epoch-318, loss-0.1393, cindex-0.8972, test_loss-0.2612
2024-04-28 17:06:01 - INFO - model-gin, dataset-davis, epoch-319, loss-0.1335, cindex-0.9013, test_loss-0.2698
2024-04-28 17:06:08 - INFO - model-gin, dataset-davis, epoch-320, loss-0.1410, cindex-0.8987, test_loss-0.2524
2024-04-28 17:06:15 - INFO - model-gin, dataset-davis, epoch-321, loss-0.1364, cindex-0.8995, test_loss-0.2459
2024-04-28 17:06:22 - INFO - model-gin, dataset-davis, epoch-322, loss-0.1351, cindex-0.9001, test_loss-0.2428
2024-04-28 17:06:29 - INFO - model-gin, dataset-davis, epoch-323, loss-0.1361, cindex-0.9018, test_loss-0.2462
2024-04-28 17:06:35 - INFO - model-gin, dataset-davis, epoch-324, loss-0.1342, cindex-0.9014, test_loss-0.2426
2024-04-28 17:06:43 - INFO - model-gin, dataset-davis, epoch-325, loss-0.1366, cindex-0.8999, test_loss-0.2603
2024-04-28 17:06:50 - INFO - model-gin, dataset-davis, epoch-326, loss-0.1337, cindex-0.8996, test_loss-0.2392
2024-04-28 17:06:57 - INFO - model-gin, dataset-davis, epoch-327, loss-0.1364, cindex-0.9008, test_loss-0.2417
2024-04-28 17:07:04 - INFO - model-gin, dataset-davis, epoch-328, loss-0.1356, cindex-0.9027, test_loss-0.2482
2024-04-28 17:07:10 - INFO - model-gin, dataset-davis, epoch-329, loss-0.1340, cindex-0.8992, test_loss-0.2685
2024-04-28 17:07:17 - INFO - model-gin, dataset-davis, epoch-330, loss-0.1338, cindex-0.9026, test_loss-0.2668
2024-04-28 17:07:24 - INFO - model-gin, dataset-davis, epoch-331, loss-0.1341, cindex-0.9038, test_loss-0.2440
2024-04-28 17:07:32 - INFO - model-gin, dataset-davis, epoch-332, loss-0.1311, cindex-0.9026, test_loss-0.2656
2024-04-28 17:07:39 - INFO - model-gin, dataset-davis, epoch-333, loss-0.1352, cindex-0.9024, test_loss-0.2715
2024-04-28 17:07:47 - INFO - model-gin, dataset-davis, epoch-334, loss-0.1373, cindex-0.8990, test_loss-0.2378
2024-04-28 17:07:47 - INFO - Saving model...
2024-04-28 17:07:55 - INFO - model-gin, dataset-davis, epoch-335, loss-0.1328, cindex-0.9016, test_loss-0.2771
2024-04-28 17:08:02 - INFO - model-gin, dataset-davis, epoch-336, loss-0.1330, cindex-0.9041, test_loss-0.2572
2024-04-28 17:08:09 - INFO - model-gin, dataset-davis, epoch-337, loss-0.1305, cindex-0.9048, test_loss-0.2502
2024-04-28 17:08:15 - INFO - model-gin, dataset-davis, epoch-338, loss-0.1382, cindex-0.9004, test_loss-0.2645
2024-04-28 17:08:22 - INFO - model-gin, dataset-davis, epoch-339, loss-0.1318, cindex-0.9051, test_loss-0.2511
2024-04-28 17:08:29 - INFO - model-gin, dataset-davis, epoch-340, loss-0.1338, cindex-0.9023, test_loss-0.2604
2024-04-28 17:08:36 - INFO - model-gin, dataset-davis, epoch-341, loss-0.1321, cindex-0.9007, test_loss-0.2515
2024-04-28 17:08:43 - INFO - model-gin, dataset-davis, epoch-342, loss-0.1310, cindex-0.9002, test_loss-0.2492
2024-04-28 17:08:50 - INFO - model-gin, dataset-davis, epoch-343, loss-0.1344, cindex-0.9036, test_loss-0.2493
2024-04-28 17:08:57 - INFO - model-gin, dataset-davis, epoch-344, loss-0.1329, cindex-0.9019, test_loss-0.2584
2024-04-28 17:09:04 - INFO - model-gin, dataset-davis, epoch-345, loss-0.1333, cindex-0.8992, test_loss-0.2480
2024-04-28 17:09:11 - INFO - model-gin, dataset-davis, epoch-346, loss-0.1342, cindex-0.9043, test_loss-0.2403
2024-04-28 17:09:18 - INFO - model-gin, dataset-davis, epoch-347, loss-0.1320, cindex-0.9006, test_loss-0.2500
2024-04-28 17:09:25 - INFO - model-gin, dataset-davis, epoch-348, loss-0.1315, cindex-0.9019, test_loss-0.2399
2024-04-28 17:09:32 - INFO - model-gin, dataset-davis, epoch-349, loss-0.1280, cindex-0.9014, test_loss-0.2383
2024-04-28 17:09:39 - INFO - model-gin, dataset-davis, epoch-350, loss-0.1345, cindex-0.9028, test_loss-0.2547
2024-04-28 17:09:46 - INFO - model-gin, dataset-davis, epoch-351, loss-0.1321, cindex-0.9030, test_loss-0.2494
2024-04-28 17:09:54 - INFO - model-gin, dataset-davis, epoch-352, loss-0.1343, cindex-0.9044, test_loss-0.2514
2024-04-28 17:10:02 - INFO - model-gin, dataset-davis, epoch-353, loss-0.1301, cindex-0.9019, test_loss-0.2577
2024-04-28 17:10:09 - INFO - model-gin, dataset-davis, epoch-354, loss-0.1284, cindex-0.9083, test_loss-0.2478
2024-04-28 17:10:16 - INFO - model-gin, dataset-davis, epoch-355, loss-0.1298, cindex-0.9018, test_loss-0.2537
2024-04-28 17:10:23 - INFO - model-gin, dataset-davis, epoch-356, loss-0.1278, cindex-0.9057, test_loss-0.2419
2024-04-28 17:10:30 - INFO - model-gin, dataset-davis, epoch-357, loss-0.1312, cindex-0.9034, test_loss-0.2713
2024-04-28 17:10:37 - INFO - model-gin, dataset-davis, epoch-358, loss-0.1312, cindex-0.9051, test_loss-0.2775
2024-04-28 17:10:44 - INFO - model-gin, dataset-davis, epoch-359, loss-0.1315, cindex-0.9022, test_loss-0.2556
2024-04-28 17:10:51 - INFO - model-gin, dataset-davis, epoch-360, loss-0.1258, cindex-0.9059, test_loss-0.2484
2024-04-28 17:10:58 - INFO - model-gin, dataset-davis, epoch-361, loss-0.1274, cindex-0.9101, test_loss-0.2504
2024-04-28 17:11:05 - INFO - model-gin, dataset-davis, epoch-362, loss-0.1368, cindex-0.9019, test_loss-0.2392
2024-04-28 17:11:12 - INFO - model-gin, dataset-davis, epoch-363, loss-0.1275, cindex-0.9046, test_loss-0.2456
2024-04-28 17:11:19 - INFO - model-gin, dataset-davis, epoch-364, loss-0.1265, cindex-0.9049, test_loss-0.2588
2024-04-28 17:11:26 - INFO - model-gin, dataset-davis, epoch-365, loss-0.1298, cindex-0.9056, test_loss-0.2283
2024-04-28 17:11:26 - INFO - Saving model...
2024-04-28 17:11:33 - INFO - model-gin, dataset-davis, epoch-366, loss-0.1276, cindex-0.9074, test_loss-0.2341
2024-04-28 17:11:40 - INFO - model-gin, dataset-davis, epoch-367, loss-0.1251, cindex-0.9074, test_loss-0.2373
2024-04-28 17:11:47 - INFO - model-gin, dataset-davis, epoch-368, loss-0.1267, cindex-0.9075, test_loss-0.2385
2024-04-28 17:11:54 - INFO - model-gin, dataset-davis, epoch-369, loss-0.1267, cindex-0.9044, test_loss-0.2391
2024-04-28 17:12:01 - INFO - model-gin, dataset-davis, epoch-370, loss-0.1278, cindex-0.9050, test_loss-0.2403
2024-04-28 17:12:08 - INFO - model-gin, dataset-davis, epoch-371, loss-0.1267, cindex-0.9093, test_loss-0.2358
2024-04-28 17:12:15 - INFO - model-gin, dataset-davis, epoch-372, loss-0.1253, cindex-0.9053, test_loss-0.2611
2024-04-28 17:12:23 - INFO - model-gin, dataset-davis, epoch-373, loss-0.1273, cindex-0.9073, test_loss-0.2336
2024-04-28 17:12:30 - INFO - model-gin, dataset-davis, epoch-374, loss-0.1282, cindex-0.9082, test_loss-0.2424
2024-04-28 17:12:37 - INFO - model-gin, dataset-davis, epoch-375, loss-0.1235, cindex-0.9069, test_loss-0.2569
2024-04-28 17:12:44 - INFO - model-gin, dataset-davis, epoch-376, loss-0.1231, cindex-0.9096, test_loss-0.2474
2024-04-28 17:12:51 - INFO - model-gin, dataset-davis, epoch-377, loss-0.1283, cindex-0.9080, test_loss-0.2451
2024-04-28 17:12:58 - INFO - model-gin, dataset-davis, epoch-378, loss-0.1250, cindex-0.9059, test_loss-0.2479
2024-04-28 17:13:05 - INFO - model-gin, dataset-davis, epoch-379, loss-0.1253, cindex-0.9076, test_loss-0.2362
2024-04-28 17:13:13 - INFO - model-gin, dataset-davis, epoch-380, loss-0.1256, cindex-0.9054, test_loss-0.2486
2024-04-28 17:13:20 - INFO - model-gin, dataset-davis, epoch-381, loss-0.1258, cindex-0.9082, test_loss-0.2350
2024-04-28 17:13:27 - INFO - model-gin, dataset-davis, epoch-382, loss-0.1237, cindex-0.9068, test_loss-0.2625
2024-04-28 17:13:34 - INFO - model-gin, dataset-davis, epoch-383, loss-0.1268, cindex-0.9047, test_loss-0.2417
2024-04-28 17:13:41 - INFO - model-gin, dataset-davis, epoch-384, loss-0.1266, cindex-0.9081, test_loss-0.2464
2024-04-28 17:13:48 - INFO - model-gin, dataset-davis, epoch-385, loss-0.1247, cindex-0.9069, test_loss-0.2422
2024-04-28 17:13:55 - INFO - model-gin, dataset-davis, epoch-386, loss-0.1276, cindex-0.9055, test_loss-0.2357
2024-04-28 17:14:02 - INFO - model-gin, dataset-davis, epoch-387, loss-0.1248, cindex-0.9088, test_loss-0.2379
2024-04-28 17:14:10 - INFO - model-gin, dataset-davis, epoch-388, loss-0.1230, cindex-0.9097, test_loss-0.2381
2024-04-28 17:14:17 - INFO - model-gin, dataset-davis, epoch-389, loss-0.1228, cindex-0.9075, test_loss-0.2472
2024-04-28 17:14:24 - INFO - model-gin, dataset-davis, epoch-390, loss-0.1214, cindex-0.9068, test_loss-0.2550
2024-04-28 17:14:32 - INFO - model-gin, dataset-davis, epoch-391, loss-0.1238, cindex-0.9126, test_loss-0.2323
2024-04-28 17:14:39 - INFO - model-gin, dataset-davis, epoch-392, loss-0.1269, cindex-0.9039, test_loss-0.2355
2024-04-28 17:14:46 - INFO - model-gin, dataset-davis, epoch-393, loss-0.1231, cindex-0.9097, test_loss-0.2527
2024-04-28 17:14:53 - INFO - model-gin, dataset-davis, epoch-394, loss-0.1226, cindex-0.9072, test_loss-0.2552
2024-04-28 17:15:01 - INFO - model-gin, dataset-davis, epoch-395, loss-0.1207, cindex-0.9070, test_loss-0.2442
2024-04-28 17:15:07 - INFO - model-gin, dataset-davis, epoch-396, loss-0.1274, cindex-0.9074, test_loss-0.2440
2024-04-28 17:15:15 - INFO - model-gin, dataset-davis, epoch-397, loss-0.1244, cindex-0.9059, test_loss-0.2414
2024-04-28 17:15:22 - INFO - model-gin, dataset-davis, epoch-398, loss-0.1231, cindex-0.9102, test_loss-0.2280
2024-04-28 17:15:22 - INFO - Saving model...
2024-04-28 17:15:30 - INFO - model-gin, dataset-davis, epoch-399, loss-0.1211, cindex-0.9114, test_loss-0.2412
2024-04-28 17:15:37 - INFO - model-gin, dataset-davis, epoch-400, loss-0.1192, cindex-0.9131, test_loss-0.2596
2024-04-28 17:15:44 - INFO - model-gin, dataset-davis, epoch-401, loss-0.1238, cindex-0.9089, test_loss-0.2552
2024-04-28 17:15:52 - INFO - model-gin, dataset-davis, epoch-402, loss-0.1221, cindex-0.9076, test_loss-0.2398
2024-04-28 17:15:59 - INFO - model-gin, dataset-davis, epoch-403, loss-0.1221, cindex-0.9051, test_loss-0.2489
2024-04-28 17:16:06 - INFO - model-gin, dataset-davis, epoch-404, loss-0.1207, cindex-0.9085, test_loss-0.2676
2024-04-28 17:16:14 - INFO - model-gin, dataset-davis, epoch-405, loss-0.1236, cindex-0.9083, test_loss-0.2426
2024-04-28 17:16:21 - INFO - model-gin, dataset-davis, epoch-406, loss-0.1221, cindex-0.9118, test_loss-0.2390
2024-04-28 17:16:28 - INFO - model-gin, dataset-davis, epoch-407, loss-0.1211, cindex-0.9080, test_loss-0.2375
2024-04-28 17:16:36 - INFO - model-gin, dataset-davis, epoch-408, loss-0.1216, cindex-0.9087, test_loss-0.2379
2024-04-28 17:16:43 - INFO - model-gin, dataset-davis, epoch-409, loss-0.1195, cindex-0.9086, test_loss-0.2390
2024-04-28 17:16:50 - INFO - model-gin, dataset-davis, epoch-410, loss-0.1227, cindex-0.9058, test_loss-0.2295
2024-04-28 17:16:57 - INFO - model-gin, dataset-davis, epoch-411, loss-0.1202, cindex-0.9103, test_loss-0.2349
2024-04-28 17:17:05 - INFO - model-gin, dataset-davis, epoch-412, loss-0.1174, cindex-0.9100, test_loss-0.2393
2024-04-28 17:17:12 - INFO - model-gin, dataset-davis, epoch-413, loss-0.1217, cindex-0.9097, test_loss-0.2460
2024-04-28 17:17:19 - INFO - model-gin, dataset-davis, epoch-414, loss-0.1198, cindex-0.9103, test_loss-0.2509
2024-04-28 17:17:27 - INFO - model-gin, dataset-davis, epoch-415, loss-0.1241, cindex-0.9099, test_loss-0.2343
2024-04-28 17:17:34 - INFO - model-gin, dataset-davis, epoch-416, loss-0.1195, cindex-0.9121, test_loss-0.2287
2024-04-28 17:17:42 - INFO - model-gin, dataset-davis, epoch-417, loss-0.1192, cindex-0.9114, test_loss-0.2526
2024-04-28 17:17:49 - INFO - model-gin, dataset-davis, epoch-418, loss-0.1183, cindex-0.9088, test_loss-0.2411
2024-04-28 17:17:56 - INFO - model-gin, dataset-davis, epoch-419, loss-0.1197, cindex-0.9075, test_loss-0.2536
2024-04-28 17:18:04 - INFO - model-gin, dataset-davis, epoch-420, loss-0.1189, cindex-0.9155, test_loss-0.2485
2024-04-28 17:18:11 - INFO - model-gin, dataset-davis, epoch-421, loss-0.1162, cindex-0.9080, test_loss-0.2268
2024-04-28 17:18:11 - INFO - Saving model...
2024-04-28 17:18:19 - INFO - model-gin, dataset-davis, epoch-422, loss-0.1183, cindex-0.9113, test_loss-0.2537
2024-04-28 17:18:26 - INFO - model-gin, dataset-davis, epoch-423, loss-0.1195, cindex-0.9111, test_loss-0.2515
2024-04-28 17:18:33 - INFO - model-gin, dataset-davis, epoch-424, loss-0.1152, cindex-0.9102, test_loss-0.2405
2024-04-28 17:18:41 - INFO - model-gin, dataset-davis, epoch-425, loss-0.1182, cindex-0.9118, test_loss-0.2297
2024-04-28 17:18:48 - INFO - model-gin, dataset-davis, epoch-426, loss-0.1179, cindex-0.9097, test_loss-0.2366
2024-04-28 17:18:55 - INFO - model-gin, dataset-davis, epoch-427, loss-0.1182, cindex-0.9103, test_loss-0.2663
2024-04-28 17:19:02 - INFO - model-gin, dataset-davis, epoch-428, loss-0.1176, cindex-0.9127, test_loss-0.2399
2024-04-28 17:19:09 - INFO - model-gin, dataset-davis, epoch-429, loss-0.1183, cindex-0.9128, test_loss-0.2393
2024-04-28 17:19:16 - INFO - model-gin, dataset-davis, epoch-430, loss-0.1198, cindex-0.9109, test_loss-0.2343
2024-04-28 17:19:23 - INFO - model-gin, dataset-davis, epoch-431, loss-0.1183, cindex-0.9115, test_loss-0.2351
2024-04-28 17:19:29 - INFO - model-gin, dataset-davis, epoch-432, loss-0.1153, cindex-0.9128, test_loss-0.2371
2024-04-28 17:19:37 - INFO - model-gin, dataset-davis, epoch-433, loss-0.1187, cindex-0.9113, test_loss-0.2405
2024-04-28 17:19:43 - INFO - model-gin, dataset-davis, epoch-434, loss-0.1153, cindex-0.9118, test_loss-0.2362
2024-04-28 17:19:50 - INFO - model-gin, dataset-davis, epoch-435, loss-0.1199, cindex-0.9126, test_loss-0.2540
2024-04-28 17:19:57 - INFO - model-gin, dataset-davis, epoch-436, loss-0.1193, cindex-0.9131, test_loss-0.2594
2024-04-28 17:20:04 - INFO - model-gin, dataset-davis, epoch-437, loss-0.1164, cindex-0.9113, test_loss-0.2315
2024-04-28 17:20:11 - INFO - model-gin, dataset-davis, epoch-438, loss-0.1158, cindex-0.9137, test_loss-0.2414
2024-04-28 17:20:18 - INFO - model-gin, dataset-davis, epoch-439, loss-0.1177, cindex-0.9117, test_loss-0.2446
2024-04-28 17:20:25 - INFO - model-gin, dataset-davis, epoch-440, loss-0.1162, cindex-0.9121, test_loss-0.2462
2024-04-28 17:20:32 - INFO - model-gin, dataset-davis, epoch-441, loss-0.1159, cindex-0.9122, test_loss-0.2411
2024-04-28 17:20:38 - INFO - model-gin, dataset-davis, epoch-442, loss-0.1162, cindex-0.9129, test_loss-0.2380
2024-04-28 17:20:45 - INFO - model-gin, dataset-davis, epoch-443, loss-0.1171, cindex-0.9149, test_loss-0.2373
2024-04-28 17:20:52 - INFO - model-gin, dataset-davis, epoch-444, loss-0.1151, cindex-0.9104, test_loss-0.2374
2024-04-28 17:20:59 - INFO - model-gin, dataset-davis, epoch-445, loss-0.1129, cindex-0.9155, test_loss-0.2509
2024-04-28 17:21:06 - INFO - model-gin, dataset-davis, epoch-446, loss-0.1134, cindex-0.9105, test_loss-0.2460
2024-04-28 17:21:13 - INFO - model-gin, dataset-davis, epoch-447, loss-0.1159, cindex-0.9139, test_loss-0.2317
2024-04-28 17:21:20 - INFO - model-gin, dataset-davis, epoch-448, loss-0.1199, cindex-0.9100, test_loss-0.2303
2024-04-28 17:21:27 - INFO - model-gin, dataset-davis, epoch-449, loss-0.1143, cindex-0.9141, test_loss-0.2377
2024-04-28 17:21:34 - INFO - model-gin, dataset-davis, epoch-450, loss-0.1173, cindex-0.9138, test_loss-0.2571
2024-04-28 17:21:41 - INFO - model-gin, dataset-davis, epoch-451, loss-0.1152, cindex-0.9132, test_loss-0.2488
2024-04-28 17:21:47 - INFO - model-gin, dataset-davis, epoch-452, loss-0.1139, cindex-0.9135, test_loss-0.2609
2024-04-28 17:21:54 - INFO - model-gin, dataset-davis, epoch-453, loss-0.1112, cindex-0.9136, test_loss-0.2506
2024-04-28 17:22:01 - INFO - model-gin, dataset-davis, epoch-454, loss-0.1117, cindex-0.9131, test_loss-0.2550
2024-04-28 17:22:08 - INFO - model-gin, dataset-davis, epoch-455, loss-0.1137, cindex-0.9127, test_loss-0.2490
2024-04-28 17:22:15 - INFO - model-gin, dataset-davis, epoch-456, loss-0.1130, cindex-0.9143, test_loss-0.2386
2024-04-28 17:22:22 - INFO - model-gin, dataset-davis, epoch-457, loss-0.1135, cindex-0.9142, test_loss-0.2537
2024-04-28 17:22:29 - INFO - model-gin, dataset-davis, epoch-458, loss-0.1145, cindex-0.9140, test_loss-0.2565
2024-04-28 17:22:36 - INFO - model-gin, dataset-davis, epoch-459, loss-0.1123, cindex-0.9150, test_loss-0.2319
2024-04-28 17:22:43 - INFO - model-gin, dataset-davis, epoch-460, loss-0.1115, cindex-0.9140, test_loss-0.2343
2024-04-28 17:22:50 - INFO - model-gin, dataset-davis, epoch-461, loss-0.1152, cindex-0.9123, test_loss-0.2279
2024-04-28 17:22:56 - INFO - model-gin, dataset-davis, epoch-462, loss-0.1124, cindex-0.9127, test_loss-0.2272
2024-04-28 17:23:04 - INFO - model-gin, dataset-davis, epoch-463, loss-0.1140, cindex-0.9146, test_loss-0.2308
2024-04-28 17:23:10 - INFO - model-gin, dataset-davis, epoch-464, loss-0.1162, cindex-0.9118, test_loss-0.2315
2024-04-28 17:23:17 - INFO - model-gin, dataset-davis, epoch-465, loss-0.1110, cindex-0.9167, test_loss-0.2300
2024-04-28 17:23:24 - INFO - model-gin, dataset-davis, epoch-466, loss-0.1145, cindex-0.9123, test_loss-0.2356
2024-04-28 17:23:31 - INFO - model-gin, dataset-davis, epoch-467, loss-0.1133, cindex-0.9170, test_loss-0.2316
2024-04-28 17:23:38 - INFO - model-gin, dataset-davis, epoch-468, loss-0.1108, cindex-0.9146, test_loss-0.2341
2024-04-28 17:23:45 - INFO - model-gin, dataset-davis, epoch-469, loss-0.1117, cindex-0.9138, test_loss-0.2321
2024-04-28 17:23:52 - INFO - model-gin, dataset-davis, epoch-470, loss-0.1119, cindex-0.9153, test_loss-0.2290
2024-04-28 17:23:59 - INFO - model-gin, dataset-davis, epoch-471, loss-0.1068, cindex-0.9181, test_loss-0.2283
2024-04-28 17:24:06 - INFO - model-gin, dataset-davis, epoch-472, loss-0.1132, cindex-0.9134, test_loss-0.2304
2024-04-28 17:24:13 - INFO - model-gin, dataset-davis, epoch-473, loss-0.1091, cindex-0.9158, test_loss-0.2351
2024-04-28 17:24:20 - INFO - model-gin, dataset-davis, epoch-474, loss-0.1152, cindex-0.9116, test_loss-0.2307
2024-04-28 17:24:27 - INFO - model-gin, dataset-davis, epoch-475, loss-0.1116, cindex-0.9161, test_loss-0.2413
2024-04-28 17:24:34 - INFO - model-gin, dataset-davis, epoch-476, loss-0.1112, cindex-0.9150, test_loss-0.2249
2024-04-28 17:24:34 - INFO - Saving model...
2024-04-28 17:24:41 - INFO - model-gin, dataset-davis, epoch-477, loss-0.1157, cindex-0.9157, test_loss-0.2441
2024-04-28 17:24:47 - INFO - model-gin, dataset-davis, epoch-478, loss-0.1139, cindex-0.9146, test_loss-0.2317
2024-04-28 17:24:54 - INFO - model-gin, dataset-davis, epoch-479, loss-0.1117, cindex-0.9174, test_loss-0.2349
2024-04-28 17:25:01 - INFO - model-gin, dataset-davis, epoch-480, loss-0.1093, cindex-0.9160, test_loss-0.2356
2024-04-28 17:25:08 - INFO - model-gin, dataset-davis, epoch-481, loss-0.1097, cindex-0.9170, test_loss-0.2433
2024-04-28 17:25:15 - INFO - model-gin, dataset-davis, epoch-482, loss-0.1091, cindex-0.9161, test_loss-0.2262
2024-04-28 17:25:22 - INFO - model-gin, dataset-davis, epoch-483, loss-0.1102, cindex-0.9137, test_loss-0.2368
2024-04-28 17:25:29 - INFO - model-gin, dataset-davis, epoch-484, loss-0.1112, cindex-0.9173, test_loss-0.2394
2024-04-28 17:25:36 - INFO - model-gin, dataset-davis, epoch-485, loss-0.1102, cindex-0.9132, test_loss-0.2293
2024-04-28 17:25:43 - INFO - model-gin, dataset-davis, epoch-486, loss-0.1122, cindex-0.9168, test_loss-0.2542
2024-04-28 17:25:50 - INFO - model-gin, dataset-davis, epoch-487, loss-0.1082, cindex-0.9152, test_loss-0.2311
2024-04-28 17:25:57 - INFO - model-gin, dataset-davis, epoch-488, loss-0.1085, cindex-0.9180, test_loss-0.2504
2024-04-28 17:26:04 - INFO - model-gin, dataset-davis, epoch-489, loss-0.1090, cindex-0.9171, test_loss-0.2820
2024-04-28 17:26:10 - INFO - model-gin, dataset-davis, epoch-490, loss-0.1101, cindex-0.9165, test_loss-0.2361
2024-04-28 17:26:17 - INFO - model-gin, dataset-davis, epoch-491, loss-0.1083, cindex-0.9154, test_loss-0.2458
2024-04-28 17:26:24 - INFO - model-gin, dataset-davis, epoch-492, loss-0.1062, cindex-0.9176, test_loss-0.2440
2024-04-28 17:26:31 - INFO - model-gin, dataset-davis, epoch-493, loss-0.1088, cindex-0.9165, test_loss-0.2249
2024-04-28 17:26:38 - INFO - model-gin, dataset-davis, epoch-494, loss-0.1082, cindex-0.9145, test_loss-0.2326
2024-04-28 17:26:45 - INFO - model-gin, dataset-davis, epoch-495, loss-0.1059, cindex-0.9159, test_loss-0.2279
2024-04-28 17:26:52 - INFO - model-gin, dataset-davis, epoch-496, loss-0.1091, cindex-0.9135, test_loss-0.2308
2024-04-28 17:26:59 - INFO - model-gin, dataset-davis, epoch-497, loss-0.1063, cindex-0.9175, test_loss-0.2244
2024-04-28 17:26:59 - INFO - Saving model...
2024-04-28 17:27:06 - INFO - model-gin, dataset-davis, epoch-498, loss-0.1096, cindex-0.9158, test_loss-0.2388
2024-04-28 17:27:13 - INFO - model-gin, dataset-davis, epoch-499, loss-0.1075, cindex-0.9156, test_loss-0.2307
2024-04-28 17:27:20 - INFO - model-gin, dataset-davis, epoch-500, loss-0.1121, cindex-0.9168, test_loss-0.2315
