2024-05-08 11:02:13 - INFO - train.py
2024-05-08 11:02:20 - INFO - KIBA Dataset loaded successfully!
2024-05-08 11:02:20 - INFO - Train Length: 82360
2024-05-08 11:02:20 - INFO - Test Length: 23531
2024-05-08 11:02:21 - INFO - GraphDTA + GCN model loaded successfully!
2024-05-08 11:02:21 - INFO - Training for 500 epochs (777 steps) begins...
2024-05-08 11:02:49 - INFO - model-gcn, dataset-kiba, epoch-1, loss-2.5712, cindex-0.5900, test_loss-0.7234
2024-05-08 11:02:49 - INFO - Saving model...
2024-05-08 11:03:18 - INFO - model-gcn, dataset-kiba, epoch-2, loss-0.8646, cindex-0.6327, test_loss-0.5937
2024-05-08 11:03:18 - INFO - Saving model...
2024-05-08 11:03:48 - INFO - model-gcn, dataset-kiba, epoch-3, loss-0.7781, cindex-0.6505, test_loss-0.6688
2024-05-08 11:04:19 - INFO - model-gcn, dataset-kiba, epoch-4, loss-0.7835, cindex-0.6593, test_loss-0.4684
2024-05-08 11:04:19 - INFO - Saving model...
2024-05-08 11:04:49 - INFO - model-gcn, dataset-kiba, epoch-5, loss-0.7804, cindex-0.6667, test_loss-0.5130
2024-05-08 11:05:21 - INFO - model-gcn, dataset-kiba, epoch-6, loss-0.6903, cindex-0.6734, test_loss-0.4208
2024-05-08 11:05:21 - INFO - Saving model...
2024-05-08 11:05:52 - INFO - model-gcn, dataset-kiba, epoch-7, loss-0.6784, cindex-0.6780, test_loss-0.4098
2024-05-08 11:05:52 - INFO - Saving model...
2024-05-08 11:06:24 - INFO - model-gcn, dataset-kiba, epoch-8, loss-0.6363, cindex-0.6850, test_loss-0.3954
2024-05-08 11:06:24 - INFO - Saving model...
2024-05-08 11:06:58 - INFO - model-gcn, dataset-kiba, epoch-9, loss-0.6290, cindex-0.6898, test_loss-0.3680
2024-05-08 11:06:58 - INFO - Saving model...
2024-05-08 11:07:31 - INFO - model-gcn, dataset-kiba, epoch-10, loss-0.6063, cindex-0.6928, test_loss-0.3513
2024-05-08 11:07:31 - INFO - Saving model...
2024-05-08 11:08:04 - INFO - model-gcn, dataset-kiba, epoch-11, loss-0.5905, cindex-0.6955, test_loss-0.4298
2024-05-08 11:08:36 - INFO - model-gcn, dataset-kiba, epoch-12, loss-0.6235, cindex-0.6961, test_loss-0.3374
2024-05-08 11:08:36 - INFO - Saving model...
2024-05-08 11:09:09 - INFO - model-gcn, dataset-kiba, epoch-13, loss-0.5682, cindex-0.7014, test_loss-0.4195
2024-05-08 11:09:42 - INFO - model-gcn, dataset-kiba, epoch-14, loss-0.5721, cindex-0.7016, test_loss-0.3353
2024-05-08 11:09:42 - INFO - Saving model...
2024-05-08 11:10:14 - INFO - model-gcn, dataset-kiba, epoch-15, loss-0.5582, cindex-0.7029, test_loss-0.3713
2024-05-08 11:10:47 - INFO - model-gcn, dataset-kiba, epoch-16, loss-0.5857, cindex-0.7038, test_loss-0.3255
2024-05-08 11:10:47 - INFO - Saving model...
2024-05-08 11:11:20 - INFO - model-gcn, dataset-kiba, epoch-17, loss-0.5426, cindex-0.7079, test_loss-0.3145
2024-05-08 11:11:20 - INFO - Saving model...
2024-05-08 11:11:52 - INFO - model-gcn, dataset-kiba, epoch-18, loss-0.5489, cindex-0.7069, test_loss-0.3087
2024-05-08 11:11:52 - INFO - Saving model...
2024-05-08 11:12:25 - INFO - model-gcn, dataset-kiba, epoch-19, loss-0.5325, cindex-0.7092, test_loss-0.3182
2024-05-08 11:12:58 - INFO - model-gcn, dataset-kiba, epoch-20, loss-0.5358, cindex-0.7098, test_loss-0.3293
2024-05-08 11:13:32 - INFO - model-gcn, dataset-kiba, epoch-21, loss-0.5377, cindex-0.7105, test_loss-0.3514
2024-05-08 11:14:05 - INFO - model-gcn, dataset-kiba, epoch-22, loss-0.5339, cindex-0.7113, test_loss-0.3036
2024-05-08 11:14:05 - INFO - Saving model...
2024-05-08 11:14:39 - INFO - model-gcn, dataset-kiba, epoch-23, loss-0.5296, cindex-0.7129, test_loss-0.3665
2024-05-08 11:15:12 - INFO - model-gcn, dataset-kiba, epoch-24, loss-0.5500, cindex-0.7125, test_loss-0.3260
2024-05-08 11:15:44 - INFO - model-gcn, dataset-kiba, epoch-25, loss-0.4948, cindex-0.7154, test_loss-0.3304
2024-05-08 11:16:18 - INFO - model-gcn, dataset-kiba, epoch-26, loss-0.5257, cindex-0.7150, test_loss-0.2952
2024-05-08 11:16:18 - INFO - Saving model...
2024-05-08 11:16:50 - INFO - model-gcn, dataset-kiba, epoch-27, loss-0.5175, cindex-0.7156, test_loss-0.3156
2024-05-08 11:17:23 - INFO - model-gcn, dataset-kiba, epoch-28, loss-0.5077, cindex-0.7161, test_loss-0.3568
2024-05-08 11:17:56 - INFO - model-gcn, dataset-kiba, epoch-29, loss-0.5017, cindex-0.7185, test_loss-0.2850
2024-05-08 11:17:56 - INFO - Saving model...
2024-05-08 11:18:29 - INFO - model-gcn, dataset-kiba, epoch-30, loss-0.5180, cindex-0.7181, test_loss-0.3558
2024-05-08 11:19:02 - INFO - model-gcn, dataset-kiba, epoch-31, loss-0.4897, cindex-0.7186, test_loss-0.4217
2024-05-08 11:19:35 - INFO - model-gcn, dataset-kiba, epoch-32, loss-0.4970, cindex-0.7190, test_loss-0.2877
2024-05-08 11:20:08 - INFO - model-gcn, dataset-kiba, epoch-33, loss-0.4870, cindex-0.7208, test_loss-0.2971
2024-05-08 11:20:41 - INFO - model-gcn, dataset-kiba, epoch-34, loss-0.4900, cindex-0.7222, test_loss-0.3660
2024-05-08 11:21:16 - INFO - model-gcn, dataset-kiba, epoch-35, loss-0.4953, cindex-0.7217, test_loss-0.2842
2024-05-08 11:21:16 - INFO - Saving model...
2024-05-08 11:21:48 - INFO - model-gcn, dataset-kiba, epoch-36, loss-0.4892, cindex-0.7225, test_loss-0.2851
2024-05-08 11:22:21 - INFO - model-gcn, dataset-kiba, epoch-37, loss-0.4766, cindex-0.7236, test_loss-0.3279
2024-05-08 11:22:54 - INFO - model-gcn, dataset-kiba, epoch-38, loss-0.4708, cindex-0.7242, test_loss-0.3067
2024-05-08 11:23:26 - INFO - model-gcn, dataset-kiba, epoch-39, loss-0.4774, cindex-0.7253, test_loss-0.3150
2024-05-08 11:23:59 - INFO - model-gcn, dataset-kiba, epoch-40, loss-0.4785, cindex-0.7259, test_loss-0.3147
2024-05-08 11:24:31 - INFO - model-gcn, dataset-kiba, epoch-41, loss-0.4623, cindex-0.7270, test_loss-0.4359
2024-05-08 11:25:04 - INFO - model-gcn, dataset-kiba, epoch-42, loss-0.4871, cindex-0.7263, test_loss-0.4340
2024-05-08 11:25:36 - INFO - model-gcn, dataset-kiba, epoch-43, loss-0.4556, cindex-0.7287, test_loss-0.3454
2024-05-08 11:26:09 - INFO - model-gcn, dataset-kiba, epoch-44, loss-0.4660, cindex-0.7277, test_loss-0.2702
2024-05-08 11:26:09 - INFO - Saving model...
2024-05-08 11:26:41 - INFO - model-gcn, dataset-kiba, epoch-45, loss-0.4537, cindex-0.7286, test_loss-0.3719
2024-05-08 11:27:13 - INFO - model-gcn, dataset-kiba, epoch-46, loss-0.4538, cindex-0.7305, test_loss-0.2692
2024-05-08 11:27:13 - INFO - Saving model...
2024-05-08 11:27:45 - INFO - model-gcn, dataset-kiba, epoch-47, loss-0.4605, cindex-0.7302, test_loss-0.2772
2024-05-08 11:28:17 - INFO - model-gcn, dataset-kiba, epoch-48, loss-0.4426, cindex-0.7330, test_loss-0.2949
2024-05-08 11:28:50 - INFO - model-gcn, dataset-kiba, epoch-49, loss-0.4421, cindex-0.7315, test_loss-0.3143
2024-05-08 11:29:21 - INFO - model-gcn, dataset-kiba, epoch-50, loss-0.4429, cindex-0.7325, test_loss-0.2629
2024-05-08 11:29:21 - INFO - Saving model...
2024-05-08 11:29:54 - INFO - model-gcn, dataset-kiba, epoch-51, loss-0.4440, cindex-0.7329, test_loss-0.2928
2024-05-08 11:30:27 - INFO - model-gcn, dataset-kiba, epoch-52, loss-0.4407, cindex-0.7339, test_loss-0.2669
2024-05-08 11:31:00 - INFO - model-gcn, dataset-kiba, epoch-53, loss-0.4364, cindex-0.7349, test_loss-0.2522
2024-05-08 11:31:00 - INFO - Saving model...
2024-05-08 11:31:32 - INFO - model-gcn, dataset-kiba, epoch-54, loss-0.4345, cindex-0.7358, test_loss-0.2553
2024-05-08 11:32:04 - INFO - model-gcn, dataset-kiba, epoch-55, loss-0.4212, cindex-0.7372, test_loss-0.2678
2024-05-08 11:32:36 - INFO - model-gcn, dataset-kiba, epoch-56, loss-0.4382, cindex-0.7366, test_loss-0.2567
2024-05-08 11:33:08 - INFO - model-gcn, dataset-kiba, epoch-57, loss-0.4228, cindex-0.7371, test_loss-0.3087
2024-05-08 11:33:40 - INFO - model-gcn, dataset-kiba, epoch-58, loss-0.4374, cindex-0.7381, test_loss-0.2910
2024-05-08 11:34:12 - INFO - model-gcn, dataset-kiba, epoch-59, loss-0.4227, cindex-0.7383, test_loss-0.3510
2024-05-08 11:34:44 - INFO - model-gcn, dataset-kiba, epoch-60, loss-0.4275, cindex-0.7382, test_loss-0.3432
2024-05-08 11:35:16 - INFO - model-gcn, dataset-kiba, epoch-61, loss-0.4228, cindex-0.7391, test_loss-0.2934
2024-05-08 11:35:48 - INFO - model-gcn, dataset-kiba, epoch-62, loss-0.4201, cindex-0.7401, test_loss-0.2937
2024-05-08 11:36:20 - INFO - model-gcn, dataset-kiba, epoch-63, loss-0.4089, cindex-0.7423, test_loss-0.2548
2024-05-08 11:36:53 - INFO - model-gcn, dataset-kiba, epoch-64, loss-0.4102, cindex-0.7424, test_loss-0.2639
2024-05-08 11:37:26 - INFO - model-gcn, dataset-kiba, epoch-65, loss-0.4113, cindex-0.7419, test_loss-0.2520
2024-05-08 11:37:26 - INFO - Saving model...
2024-05-08 11:37:58 - INFO - model-gcn, dataset-kiba, epoch-66, loss-0.4166, cindex-0.7427, test_loss-0.2529
2024-05-08 11:38:32 - INFO - model-gcn, dataset-kiba, epoch-67, loss-0.4032, cindex-0.7428, test_loss-0.2859
2024-05-08 11:39:05 - INFO - model-gcn, dataset-kiba, epoch-68, loss-0.4110, cindex-0.7423, test_loss-0.2925
2024-05-08 11:39:36 - INFO - model-gcn, dataset-kiba, epoch-69, loss-0.3984, cindex-0.7447, test_loss-0.2953
2024-05-08 11:40:08 - INFO - model-gcn, dataset-kiba, epoch-70, loss-0.3980, cindex-0.7462, test_loss-0.2493
2024-05-08 11:40:08 - INFO - Saving model...
2024-05-08 11:40:40 - INFO - model-gcn, dataset-kiba, epoch-71, loss-0.4023, cindex-0.7445, test_loss-0.2525
2024-05-08 11:41:13 - INFO - model-gcn, dataset-kiba, epoch-72, loss-0.4010, cindex-0.7456, test_loss-0.2528
2024-05-08 11:41:45 - INFO - model-gcn, dataset-kiba, epoch-73, loss-0.3956, cindex-0.7474, test_loss-0.2538
2024-05-08 11:42:17 - INFO - model-gcn, dataset-kiba, epoch-74, loss-0.3940, cindex-0.7467, test_loss-0.2431
2024-05-08 11:42:17 - INFO - Saving model...
2024-05-08 11:42:51 - INFO - model-gcn, dataset-kiba, epoch-75, loss-0.3934, cindex-0.7482, test_loss-0.2422
2024-05-08 11:42:51 - INFO - Saving model...
2024-05-08 11:43:23 - INFO - model-gcn, dataset-kiba, epoch-76, loss-0.3890, cindex-0.7476, test_loss-0.2436
2024-05-08 11:43:55 - INFO - model-gcn, dataset-kiba, epoch-77, loss-0.3857, cindex-0.7499, test_loss-0.2446
2024-05-08 11:44:28 - INFO - model-gcn, dataset-kiba, epoch-78, loss-0.3782, cindex-0.7492, test_loss-0.2415
2024-05-08 11:44:28 - INFO - Saving model...
2024-05-08 11:45:00 - INFO - model-gcn, dataset-kiba, epoch-79, loss-0.3887, cindex-0.7492, test_loss-0.2440
2024-05-08 11:45:32 - INFO - model-gcn, dataset-kiba, epoch-80, loss-0.3809, cindex-0.7511, test_loss-0.2576
2024-05-08 11:46:04 - INFO - model-gcn, dataset-kiba, epoch-81, loss-0.3777, cindex-0.7521, test_loss-0.2420
2024-05-08 11:46:36 - INFO - model-gcn, dataset-kiba, epoch-82, loss-0.3806, cindex-0.7529, test_loss-0.2796
2024-05-08 11:47:08 - INFO - model-gcn, dataset-kiba, epoch-83, loss-0.3842, cindex-0.7519, test_loss-0.2503
2024-05-08 11:47:40 - INFO - model-gcn, dataset-kiba, epoch-84, loss-0.3673, cindex-0.7539, test_loss-0.2429
2024-05-08 11:48:12 - INFO - model-gcn, dataset-kiba, epoch-85, loss-0.3695, cindex-0.7539, test_loss-0.2407
2024-05-08 11:48:12 - INFO - Saving model...
2024-05-08 11:48:45 - INFO - model-gcn, dataset-kiba, epoch-86, loss-0.3691, cindex-0.7538, test_loss-0.2357
2024-05-08 11:48:45 - INFO - Saving model...
2024-05-08 11:49:17 - INFO - model-gcn, dataset-kiba, epoch-87, loss-0.3636, cindex-0.7548, test_loss-0.2386
2024-05-08 11:49:50 - INFO - model-gcn, dataset-kiba, epoch-88, loss-0.3693, cindex-0.7552, test_loss-0.2472
2024-05-08 11:50:23 - INFO - model-gcn, dataset-kiba, epoch-89, loss-0.3656, cindex-0.7579, test_loss-0.2282
2024-05-08 11:50:23 - INFO - Saving model...
2024-05-08 11:50:55 - INFO - model-gcn, dataset-kiba, epoch-90, loss-0.3615, cindex-0.7573, test_loss-0.2634
2024-05-08 11:51:28 - INFO - model-gcn, dataset-kiba, epoch-91, loss-0.3606, cindex-0.7585, test_loss-0.2526
2024-05-08 11:52:00 - INFO - model-gcn, dataset-kiba, epoch-92, loss-0.3533, cindex-0.7605, test_loss-0.2332
2024-05-08 11:52:33 - INFO - model-gcn, dataset-kiba, epoch-93, loss-0.3459, cindex-0.7608, test_loss-0.2331
2024-05-08 11:53:05 - INFO - model-gcn, dataset-kiba, epoch-94, loss-0.3470, cindex-0.7618, test_loss-0.2549
2024-05-08 11:53:37 - INFO - model-gcn, dataset-kiba, epoch-95, loss-0.3433, cindex-0.7624, test_loss-0.2302
2024-05-08 11:54:09 - INFO - model-gcn, dataset-kiba, epoch-96, loss-0.3393, cindex-0.7627, test_loss-0.2357
2024-05-08 11:54:42 - INFO - model-gcn, dataset-kiba, epoch-97, loss-0.3394, cindex-0.7635, test_loss-0.2303
2024-05-08 11:55:14 - INFO - model-gcn, dataset-kiba, epoch-98, loss-0.3391, cindex-0.7650, test_loss-0.2318
2024-05-08 11:55:47 - INFO - model-gcn, dataset-kiba, epoch-99, loss-0.3337, cindex-0.7659, test_loss-0.2362
2024-05-08 11:56:19 - INFO - model-gcn, dataset-kiba, epoch-100, loss-0.3312, cindex-0.7660, test_loss-0.2503
2024-05-08 11:56:51 - INFO - model-gcn, dataset-kiba, epoch-101, loss-0.3313, cindex-0.7666, test_loss-0.2228
2024-05-08 11:56:51 - INFO - Saving model...
2024-05-08 11:57:23 - INFO - model-gcn, dataset-kiba, epoch-102, loss-0.3264, cindex-0.7679, test_loss-0.3170
2024-05-08 11:57:54 - INFO - model-gcn, dataset-kiba, epoch-103, loss-0.3243, cindex-0.7681, test_loss-0.2244
2024-05-08 11:58:26 - INFO - model-gcn, dataset-kiba, epoch-104, loss-0.3157, cindex-0.7718, test_loss-0.2202
2024-05-08 11:58:26 - INFO - Saving model...
2024-05-08 11:58:58 - INFO - model-gcn, dataset-kiba, epoch-105, loss-0.3203, cindex-0.7718, test_loss-0.2310
2024-05-08 11:59:30 - INFO - model-gcn, dataset-kiba, epoch-106, loss-0.3146, cindex-0.7717, test_loss-0.2315
2024-05-08 12:00:02 - INFO - model-gcn, dataset-kiba, epoch-107, loss-0.3111, cindex-0.7733, test_loss-0.2385
2024-05-08 12:00:34 - INFO - model-gcn, dataset-kiba, epoch-108, loss-0.3116, cindex-0.7722, test_loss-0.2141
2024-05-08 12:00:34 - INFO - Saving model...
2024-05-08 12:01:06 - INFO - model-gcn, dataset-kiba, epoch-109, loss-0.3117, cindex-0.7733, test_loss-0.2176
2024-05-08 12:01:38 - INFO - model-gcn, dataset-kiba, epoch-110, loss-0.3037, cindex-0.7754, test_loss-0.2190
2024-05-08 12:02:12 - INFO - model-gcn, dataset-kiba, epoch-111, loss-0.3052, cindex-0.7758, test_loss-0.2204
2024-05-08 13:01:24 - INFO - model-gcn, dataset-kiba, epoch-112, loss-0.3066, cindex-0.7754, test_loss-0.2197
2024-05-08 13:01:51 - INFO - model-gcn, dataset-kiba, epoch-113, loss-0.2988, cindex-0.7779, test_loss-0.2203
2024-05-08 13:02:19 - INFO - model-gcn, dataset-kiba, epoch-114, loss-0.2988, cindex-0.7766, test_loss-0.2197
2024-05-08 13:02:47 - INFO - model-gcn, dataset-kiba, epoch-115, loss-0.2950, cindex-0.7799, test_loss-0.2116
2024-05-08 13:02:47 - INFO - Saving model...
2024-05-08 13:03:16 - INFO - model-gcn, dataset-kiba, epoch-116, loss-0.2922, cindex-0.7804, test_loss-0.2082
2024-05-08 13:03:16 - INFO - Saving model...
2024-05-08 13:03:46 - INFO - model-gcn, dataset-kiba, epoch-117, loss-0.2921, cindex-0.7813, test_loss-0.2212
2024-05-08 13:04:17 - INFO - model-gcn, dataset-kiba, epoch-118, loss-0.2887, cindex-0.7803, test_loss-0.2173
2024-05-08 13:04:47 - INFO - model-gcn, dataset-kiba, epoch-119, loss-0.2870, cindex-0.7810, test_loss-0.2356
2024-05-08 13:05:18 - INFO - model-gcn, dataset-kiba, epoch-120, loss-0.2807, cindex-0.7842, test_loss-0.2245
2024-05-08 13:05:49 - INFO - model-gcn, dataset-kiba, epoch-121, loss-0.2828, cindex-0.7831, test_loss-0.2134
2024-05-08 13:06:20 - INFO - model-gcn, dataset-kiba, epoch-122, loss-0.2769, cindex-0.7845, test_loss-0.2018
2024-05-08 13:06:20 - INFO - Saving model...
2024-05-08 13:06:52 - INFO - model-gcn, dataset-kiba, epoch-123, loss-0.2753, cindex-0.7858, test_loss-0.2195
2024-05-08 13:07:22 - INFO - model-gcn, dataset-kiba, epoch-124, loss-0.2711, cindex-0.7868, test_loss-0.2065
2024-05-08 13:07:51 - INFO - model-gcn, dataset-kiba, epoch-125, loss-0.2701, cindex-0.7871, test_loss-0.2090
2024-05-08 13:08:21 - INFO - model-gcn, dataset-kiba, epoch-126, loss-0.2683, cindex-0.7887, test_loss-0.2268
2024-05-08 13:08:51 - INFO - model-gcn, dataset-kiba, epoch-127, loss-0.2679, cindex-0.7893, test_loss-0.2082
2024-05-08 13:09:20 - INFO - model-gcn, dataset-kiba, epoch-128, loss-0.2667, cindex-0.7899, test_loss-0.2030
2024-05-08 13:09:50 - INFO - model-gcn, dataset-kiba, epoch-129, loss-0.2603, cindex-0.7906, test_loss-0.2216
2024-05-08 13:10:19 - INFO - model-gcn, dataset-kiba, epoch-130, loss-0.2614, cindex-0.7913, test_loss-0.2015
2024-05-08 13:10:19 - INFO - Saving model...
2024-05-08 13:10:49 - INFO - model-gcn, dataset-kiba, epoch-131, loss-0.2573, cindex-0.7931, test_loss-0.2054
2024-05-08 13:11:18 - INFO - model-gcn, dataset-kiba, epoch-132, loss-0.2540, cindex-0.7932, test_loss-0.1975
2024-05-08 13:11:18 - INFO - Saving model...
2024-05-08 13:11:49 - INFO - model-gcn, dataset-kiba, epoch-133, loss-0.2522, cindex-0.7940, test_loss-0.2007
2024-05-08 13:12:19 - INFO - model-gcn, dataset-kiba, epoch-134, loss-0.2509, cindex-0.7963, test_loss-0.1955
2024-05-08 13:12:19 - INFO - Saving model...
2024-05-08 13:12:48 - INFO - model-gcn, dataset-kiba, epoch-135, loss-0.2473, cindex-0.7970, test_loss-0.2113
2024-05-08 13:13:17 - INFO - model-gcn, dataset-kiba, epoch-136, loss-0.2525, cindex-0.7953, test_loss-0.2074
2024-05-08 13:13:47 - INFO - model-gcn, dataset-kiba, epoch-137, loss-0.2426, cindex-0.7983, test_loss-0.1959
2024-05-08 13:14:17 - INFO - model-gcn, dataset-kiba, epoch-138, loss-0.2426, cindex-0.7986, test_loss-0.1960
2024-05-08 13:14:46 - INFO - model-gcn, dataset-kiba, epoch-139, loss-0.2426, cindex-0.7983, test_loss-0.1902
2024-05-08 13:14:46 - INFO - Saving model...
2024-05-08 13:15:16 - INFO - model-gcn, dataset-kiba, epoch-140, loss-0.2387, cindex-0.8000, test_loss-0.1928
2024-05-08 13:15:46 - INFO - model-gcn, dataset-kiba, epoch-141, loss-0.2426, cindex-0.7992, test_loss-0.1911
2024-05-08 13:16:15 - INFO - model-gcn, dataset-kiba, epoch-142, loss-0.2346, cindex-0.8009, test_loss-0.1983
2024-05-08 13:16:46 - INFO - model-gcn, dataset-kiba, epoch-143, loss-0.2363, cindex-0.8011, test_loss-0.1895
2024-05-08 13:16:46 - INFO - Saving model...
2024-05-08 13:17:15 - INFO - model-gcn, dataset-kiba, epoch-144, loss-0.2328, cindex-0.8024, test_loss-0.1943
2024-05-08 13:17:45 - INFO - model-gcn, dataset-kiba, epoch-145, loss-0.2314, cindex-0.8030, test_loss-0.1893
2024-05-08 13:17:45 - INFO - Saving model...
2024-05-08 13:18:14 - INFO - model-gcn, dataset-kiba, epoch-146, loss-0.2308, cindex-0.8033, test_loss-0.1887
2024-05-08 13:18:14 - INFO - Saving model...
2024-05-08 13:18:44 - INFO - model-gcn, dataset-kiba, epoch-147, loss-0.2280, cindex-0.8034, test_loss-0.1865
2024-05-08 13:18:44 - INFO - Saving model...
2024-05-08 13:19:13 - INFO - model-gcn, dataset-kiba, epoch-148, loss-0.2254, cindex-0.8059, test_loss-0.1874
2024-05-08 13:19:42 - INFO - model-gcn, dataset-kiba, epoch-149, loss-0.2253, cindex-0.8055, test_loss-0.1853
2024-05-08 13:19:42 - INFO - Saving model...
2024-05-08 13:20:12 - INFO - model-gcn, dataset-kiba, epoch-150, loss-0.2226, cindex-0.8055, test_loss-0.1878
2024-05-08 13:20:42 - INFO - model-gcn, dataset-kiba, epoch-151, loss-0.2213, cindex-0.8073, test_loss-0.1855
2024-05-08 13:21:12 - INFO - model-gcn, dataset-kiba, epoch-152, loss-0.2197, cindex-0.8089, test_loss-0.1864
2024-05-08 13:21:42 - INFO - model-gcn, dataset-kiba, epoch-153, loss-0.2156, cindex-0.8093, test_loss-0.1830
2024-05-08 13:21:42 - INFO - Saving model...
2024-05-08 13:22:11 - INFO - model-gcn, dataset-kiba, epoch-154, loss-0.2178, cindex-0.8087, test_loss-0.1881
2024-05-08 13:22:41 - INFO - model-gcn, dataset-kiba, epoch-155, loss-0.2153, cindex-0.8102, test_loss-0.1800
2024-05-08 13:22:41 - INFO - Saving model...
2024-05-08 13:23:10 - INFO - model-gcn, dataset-kiba, epoch-156, loss-0.2133, cindex-0.8102, test_loss-0.1787
2024-05-08 13:23:10 - INFO - Saving model...
2024-05-08 13:23:40 - INFO - model-gcn, dataset-kiba, epoch-157, loss-0.2138, cindex-0.8116, test_loss-0.1867
2024-05-08 13:24:10 - INFO - model-gcn, dataset-kiba, epoch-158, loss-0.2105, cindex-0.8113, test_loss-0.1818
2024-05-08 13:24:39 - INFO - model-gcn, dataset-kiba, epoch-159, loss-0.2126, cindex-0.8117, test_loss-0.1881
2024-05-08 13:25:08 - INFO - model-gcn, dataset-kiba, epoch-160, loss-0.2097, cindex-0.8128, test_loss-0.1826
2024-05-08 13:25:38 - INFO - model-gcn, dataset-kiba, epoch-161, loss-0.2067, cindex-0.8134, test_loss-0.1790
2024-05-08 13:26:07 - INFO - model-gcn, dataset-kiba, epoch-162, loss-0.2059, cindex-0.8130, test_loss-0.1824
2024-05-08 13:26:37 - INFO - model-gcn, dataset-kiba, epoch-163, loss-0.2069, cindex-0.8136, test_loss-0.1791
2024-05-08 13:27:06 - INFO - model-gcn, dataset-kiba, epoch-164, loss-0.2044, cindex-0.8151, test_loss-0.1837
2024-05-08 13:27:36 - INFO - model-gcn, dataset-kiba, epoch-165, loss-0.2050, cindex-0.8141, test_loss-0.1835
2024-05-08 13:28:05 - INFO - model-gcn, dataset-kiba, epoch-166, loss-0.2024, cindex-0.8160, test_loss-0.1811
2024-05-08 13:28:34 - INFO - model-gcn, dataset-kiba, epoch-167, loss-0.2001, cindex-0.8168, test_loss-0.1757
2024-05-08 13:28:34 - INFO - Saving model...
2024-05-08 13:29:04 - INFO - model-gcn, dataset-kiba, epoch-168, loss-0.1988, cindex-0.8171, test_loss-0.1824
2024-05-08 13:29:33 - INFO - model-gcn, dataset-kiba, epoch-169, loss-0.1973, cindex-0.8178, test_loss-0.1788
2024-05-08 13:30:03 - INFO - model-gcn, dataset-kiba, epoch-170, loss-0.1986, cindex-0.8175, test_loss-0.1860
2024-05-08 13:30:32 - INFO - model-gcn, dataset-kiba, epoch-171, loss-0.1963, cindex-0.8189, test_loss-0.1808
2024-05-08 13:31:02 - INFO - model-gcn, dataset-kiba, epoch-172, loss-0.1964, cindex-0.8192, test_loss-0.1786
2024-05-08 13:31:31 - INFO - model-gcn, dataset-kiba, epoch-173, loss-0.1938, cindex-0.8198, test_loss-0.1832
2024-05-08 13:32:01 - INFO - model-gcn, dataset-kiba, epoch-174, loss-0.1957, cindex-0.8197, test_loss-0.1735
2024-05-08 13:32:01 - INFO - Saving model...
2024-05-08 13:32:31 - INFO - model-gcn, dataset-kiba, epoch-175, loss-0.1922, cindex-0.8207, test_loss-0.1757
2024-05-08 13:33:01 - INFO - model-gcn, dataset-kiba, epoch-176, loss-0.1900, cindex-0.8209, test_loss-0.1755
2024-05-08 13:33:30 - INFO - model-gcn, dataset-kiba, epoch-177, loss-0.1893, cindex-0.8223, test_loss-0.1752
2024-05-08 13:34:00 - INFO - model-gcn, dataset-kiba, epoch-178, loss-0.1885, cindex-0.8220, test_loss-0.1768
2024-05-08 13:34:29 - INFO - model-gcn, dataset-kiba, epoch-179, loss-0.1880, cindex-0.8232, test_loss-0.1736
2024-05-08 13:34:58 - INFO - model-gcn, dataset-kiba, epoch-180, loss-0.1862, cindex-0.8238, test_loss-0.1774
2024-05-08 13:35:28 - INFO - model-gcn, dataset-kiba, epoch-181, loss-0.1864, cindex-0.8229, test_loss-0.1833
2024-05-08 13:35:58 - INFO - model-gcn, dataset-kiba, epoch-182, loss-0.1827, cindex-0.8246, test_loss-0.1786
2024-05-08 13:36:28 - INFO - model-gcn, dataset-kiba, epoch-183, loss-0.1848, cindex-0.8246, test_loss-0.1702
2024-05-08 13:36:28 - INFO - Saving model...
2024-05-08 13:36:58 - INFO - model-gcn, dataset-kiba, epoch-184, loss-0.1826, cindex-0.8251, test_loss-0.1706
2024-05-08 13:37:28 - INFO - model-gcn, dataset-kiba, epoch-185, loss-0.1802, cindex-0.8260, test_loss-0.1769
2024-05-08 13:37:57 - INFO - model-gcn, dataset-kiba, epoch-186, loss-0.1808, cindex-0.8265, test_loss-0.1712
2024-05-08 13:38:26 - INFO - model-gcn, dataset-kiba, epoch-187, loss-0.1776, cindex-0.8273, test_loss-0.1719
2024-05-08 13:38:56 - INFO - model-gcn, dataset-kiba, epoch-188, loss-0.1799, cindex-0.8262, test_loss-0.1714
2024-05-08 13:39:25 - INFO - model-gcn, dataset-kiba, epoch-189, loss-0.1783, cindex-0.8275, test_loss-0.1752
2024-05-08 13:39:55 - INFO - model-gcn, dataset-kiba, epoch-190, loss-0.1750, cindex-0.8275, test_loss-0.1744
2024-05-08 13:40:24 - INFO - model-gcn, dataset-kiba, epoch-191, loss-0.1754, cindex-0.8287, test_loss-0.1742
2024-05-08 13:40:54 - INFO - model-gcn, dataset-kiba, epoch-192, loss-0.1771, cindex-0.8284, test_loss-0.1727
2024-05-08 13:41:23 - INFO - model-gcn, dataset-kiba, epoch-193, loss-0.1718, cindex-0.8295, test_loss-0.1657
2024-05-08 13:41:23 - INFO - Saving model...
2024-05-08 13:41:53 - INFO - model-gcn, dataset-kiba, epoch-194, loss-0.1741, cindex-0.8305, test_loss-0.1732
2024-05-08 13:42:22 - INFO - model-gcn, dataset-kiba, epoch-195, loss-0.1698, cindex-0.8302, test_loss-0.1788
2024-05-08 13:42:52 - INFO - model-gcn, dataset-kiba, epoch-196, loss-0.1700, cindex-0.8309, test_loss-0.1673
2024-05-08 13:43:21 - INFO - model-gcn, dataset-kiba, epoch-197, loss-0.1710, cindex-0.8312, test_loss-0.1732
2024-05-08 13:43:51 - INFO - model-gcn, dataset-kiba, epoch-198, loss-0.1689, cindex-0.8324, test_loss-0.1758
2024-05-08 13:44:21 - INFO - model-gcn, dataset-kiba, epoch-199, loss-0.1702, cindex-0.8309, test_loss-0.1683
2024-05-08 13:44:50 - INFO - model-gcn, dataset-kiba, epoch-200, loss-0.1678, cindex-0.8326, test_loss-0.1691
2024-05-08 13:45:20 - INFO - model-gcn, dataset-kiba, epoch-201, loss-0.1656, cindex-0.8335, test_loss-0.1683
2024-05-08 13:45:49 - INFO - model-gcn, dataset-kiba, epoch-202, loss-0.1667, cindex-0.8330, test_loss-0.1691
2024-05-08 13:46:19 - INFO - model-gcn, dataset-kiba, epoch-203, loss-0.1651, cindex-0.8337, test_loss-0.1679
2024-05-08 13:46:49 - INFO - model-gcn, dataset-kiba, epoch-204, loss-0.1657, cindex-0.8336, test_loss-0.1679
2024-05-08 13:47:19 - INFO - model-gcn, dataset-kiba, epoch-205, loss-0.1638, cindex-0.8350, test_loss-0.1691
2024-05-08 13:47:48 - INFO - model-gcn, dataset-kiba, epoch-206, loss-0.1641, cindex-0.8342, test_loss-0.1669
2024-05-08 13:48:18 - INFO - model-gcn, dataset-kiba, epoch-207, loss-0.1612, cindex-0.8355, test_loss-0.1686
2024-05-08 13:48:47 - INFO - model-gcn, dataset-kiba, epoch-208, loss-0.1616, cindex-0.8358, test_loss-0.1694
2024-05-08 13:49:17 - INFO - model-gcn, dataset-kiba, epoch-209, loss-0.1600, cindex-0.8365, test_loss-0.1631
2024-05-08 13:49:17 - INFO - Saving model...
2024-05-08 13:49:47 - INFO - model-gcn, dataset-kiba, epoch-210, loss-0.1581, cindex-0.8371, test_loss-0.1690
2024-05-08 13:50:16 - INFO - model-gcn, dataset-kiba, epoch-211, loss-0.1600, cindex-0.8361, test_loss-0.1644
2024-05-08 13:50:46 - INFO - model-gcn, dataset-kiba, epoch-212, loss-0.1586, cindex-0.8376, test_loss-0.1673
2024-05-08 13:51:15 - INFO - model-gcn, dataset-kiba, epoch-213, loss-0.1552, cindex-0.8386, test_loss-0.1673
2024-05-08 13:51:45 - INFO - model-gcn, dataset-kiba, epoch-214, loss-0.1577, cindex-0.8379, test_loss-0.1644
2024-05-08 13:52:15 - INFO - model-gcn, dataset-kiba, epoch-215, loss-0.1566, cindex-0.8378, test_loss-0.1671
2024-05-08 13:52:45 - INFO - model-gcn, dataset-kiba, epoch-216, loss-0.1543, cindex-0.8395, test_loss-0.1664
2024-05-08 13:53:14 - INFO - model-gcn, dataset-kiba, epoch-217, loss-0.1545, cindex-0.8400, test_loss-0.1633
2024-05-08 13:53:44 - INFO - model-gcn, dataset-kiba, epoch-218, loss-0.1538, cindex-0.8387, test_loss-0.1645
2024-05-08 13:54:15 - INFO - model-gcn, dataset-kiba, epoch-219, loss-0.1547, cindex-0.8404, test_loss-0.1586
2024-05-08 13:54:15 - INFO - Saving model...
2024-05-08 13:54:44 - INFO - model-gcn, dataset-kiba, epoch-220, loss-0.1526, cindex-0.8410, test_loss-0.1655
2024-05-08 13:55:14 - INFO - model-gcn, dataset-kiba, epoch-221, loss-0.1524, cindex-0.8410, test_loss-0.1694
2024-05-08 13:55:43 - INFO - model-gcn, dataset-kiba, epoch-222, loss-0.1522, cindex-0.8412, test_loss-0.1676
2024-05-08 13:56:13 - INFO - model-gcn, dataset-kiba, epoch-223, loss-0.1533, cindex-0.8411, test_loss-0.1681
2024-05-08 13:56:42 - INFO - model-gcn, dataset-kiba, epoch-224, loss-0.1538, cindex-0.8405, test_loss-0.1763
2024-05-08 13:57:13 - INFO - model-gcn, dataset-kiba, epoch-225, loss-0.1488, cindex-0.8424, test_loss-0.1677
2024-05-08 13:57:42 - INFO - model-gcn, dataset-kiba, epoch-226, loss-0.1487, cindex-0.8430, test_loss-0.1638
2024-05-08 13:58:12 - INFO - model-gcn, dataset-kiba, epoch-227, loss-0.1467, cindex-0.8430, test_loss-0.1660
2024-05-08 13:58:42 - INFO - model-gcn, dataset-kiba, epoch-228, loss-0.1478, cindex-0.8441, test_loss-0.1686
2024-05-08 13:59:11 - INFO - model-gcn, dataset-kiba, epoch-229, loss-0.1462, cindex-0.8448, test_loss-0.1692
2024-05-08 13:59:42 - INFO - model-gcn, dataset-kiba, epoch-230, loss-0.1467, cindex-0.8433, test_loss-0.1685
2024-05-08 14:00:12 - INFO - model-gcn, dataset-kiba, epoch-231, loss-0.1449, cindex-0.8448, test_loss-0.1654
2024-05-08 14:00:41 - INFO - model-gcn, dataset-kiba, epoch-232, loss-0.1435, cindex-0.8453, test_loss-0.1630
2024-05-08 14:01:11 - INFO - model-gcn, dataset-kiba, epoch-233, loss-0.1450, cindex-0.8450, test_loss-0.1680
2024-05-08 14:01:41 - INFO - model-gcn, dataset-kiba, epoch-234, loss-0.1430, cindex-0.8452, test_loss-0.1651
2024-05-08 14:02:10 - INFO - model-gcn, dataset-kiba, epoch-235, loss-0.1431, cindex-0.8457, test_loss-0.1675
2024-05-08 14:02:40 - INFO - model-gcn, dataset-kiba, epoch-236, loss-0.1423, cindex-0.8462, test_loss-0.1678
2024-05-08 14:03:10 - INFO - model-gcn, dataset-kiba, epoch-237, loss-0.1435, cindex-0.8466, test_loss-0.1646
2024-05-08 14:03:39 - INFO - model-gcn, dataset-kiba, epoch-238, loss-0.1419, cindex-0.8460, test_loss-0.1642
2024-05-08 14:04:09 - INFO - model-gcn, dataset-kiba, epoch-239, loss-0.1413, cindex-0.8480, test_loss-0.1668
2024-05-08 14:04:38 - INFO - model-gcn, dataset-kiba, epoch-240, loss-0.1397, cindex-0.8488, test_loss-0.1658
2024-05-08 14:05:08 - INFO - model-gcn, dataset-kiba, epoch-241, loss-0.1415, cindex-0.8477, test_loss-0.1622
2024-05-08 14:05:38 - INFO - model-gcn, dataset-kiba, epoch-242, loss-0.1403, cindex-0.8488, test_loss-0.1655
2024-05-08 14:06:08 - INFO - model-gcn, dataset-kiba, epoch-243, loss-0.1390, cindex-0.8487, test_loss-0.1695
2024-05-08 14:06:37 - INFO - model-gcn, dataset-kiba, epoch-244, loss-0.1389, cindex-0.8495, test_loss-0.1606
2024-05-08 14:07:07 - INFO - model-gcn, dataset-kiba, epoch-245, loss-0.1378, cindex-0.8494, test_loss-0.1663
2024-05-08 14:07:36 - INFO - model-gcn, dataset-kiba, epoch-246, loss-0.1372, cindex-0.8498, test_loss-0.1635
2024-05-08 14:08:06 - INFO - model-gcn, dataset-kiba, epoch-247, loss-0.1355, cindex-0.8505, test_loss-0.1625
2024-05-08 14:08:36 - INFO - model-gcn, dataset-kiba, epoch-248, loss-0.1374, cindex-0.8504, test_loss-0.1647
2024-05-08 14:09:05 - INFO - model-gcn, dataset-kiba, epoch-249, loss-0.1333, cindex-0.8515, test_loss-0.1640
2024-05-08 14:09:35 - INFO - model-gcn, dataset-kiba, epoch-250, loss-0.1344, cindex-0.8512, test_loss-0.1614
2024-05-08 14:10:05 - INFO - model-gcn, dataset-kiba, epoch-251, loss-0.1357, cindex-0.8512, test_loss-0.1652
2024-05-08 14:10:35 - INFO - model-gcn, dataset-kiba, epoch-252, loss-0.1334, cindex-0.8527, test_loss-0.1624
2024-05-08 14:11:04 - INFO - model-gcn, dataset-kiba, epoch-253, loss-0.1326, cindex-0.8518, test_loss-0.1641
2024-05-08 14:11:34 - INFO - model-gcn, dataset-kiba, epoch-254, loss-0.1324, cindex-0.8528, test_loss-0.1632
2024-05-08 14:12:04 - INFO - model-gcn, dataset-kiba, epoch-255, loss-0.1316, cindex-0.8529, test_loss-0.1614
2024-05-08 14:12:34 - INFO - model-gcn, dataset-kiba, epoch-256, loss-0.1319, cindex-0.8536, test_loss-0.1609
2024-05-08 14:13:04 - INFO - model-gcn, dataset-kiba, epoch-257, loss-0.1306, cindex-0.8531, test_loss-0.1651
2024-05-08 14:13:33 - INFO - model-gcn, dataset-kiba, epoch-258, loss-0.1300, cindex-0.8541, test_loss-0.1659
2024-05-08 14:14:03 - INFO - model-gcn, dataset-kiba, epoch-259, loss-0.1302, cindex-0.8547, test_loss-0.1677
2024-05-08 14:14:33 - INFO - model-gcn, dataset-kiba, epoch-260, loss-0.1299, cindex-0.8542, test_loss-0.1605
2024-05-08 14:15:03 - INFO - model-gcn, dataset-kiba, epoch-261, loss-0.1288, cindex-0.8555, test_loss-0.1635
2024-05-08 14:15:32 - INFO - model-gcn, dataset-kiba, epoch-262, loss-0.1285, cindex-0.8559, test_loss-0.1600
2024-05-08 14:16:02 - INFO - model-gcn, dataset-kiba, epoch-263, loss-0.1306, cindex-0.8552, test_loss-0.1686
2024-05-08 14:16:32 - INFO - model-gcn, dataset-kiba, epoch-264, loss-0.1279, cindex-0.8560, test_loss-0.1631
2024-05-08 14:17:01 - INFO - model-gcn, dataset-kiba, epoch-265, loss-0.1263, cindex-0.8563, test_loss-0.1616
2024-05-08 14:17:31 - INFO - model-gcn, dataset-kiba, epoch-266, loss-0.1271, cindex-0.8563, test_loss-0.1601
2024-05-08 14:18:01 - INFO - model-gcn, dataset-kiba, epoch-267, loss-0.1260, cindex-0.8570, test_loss-0.1631
2024-05-08 14:18:31 - INFO - model-gcn, dataset-kiba, epoch-268, loss-0.1259, cindex-0.8572, test_loss-0.1652
2024-05-08 14:19:01 - INFO - model-gcn, dataset-kiba, epoch-269, loss-0.1261, cindex-0.8572, test_loss-0.1640
2024-05-08 14:19:31 - INFO - model-gcn, dataset-kiba, epoch-270, loss-0.1246, cindex-0.8579, test_loss-0.1661
2024-05-08 14:20:00 - INFO - model-gcn, dataset-kiba, epoch-271, loss-0.1245, cindex-0.8584, test_loss-0.1631
2024-05-08 14:20:30 - INFO - model-gcn, dataset-kiba, epoch-272, loss-0.1227, cindex-0.8587, test_loss-0.1635
2024-05-08 14:21:00 - INFO - model-gcn, dataset-kiba, epoch-273, loss-0.1242, cindex-0.8585, test_loss-0.1597
2024-05-08 14:21:30 - INFO - model-gcn, dataset-kiba, epoch-274, loss-0.1225, cindex-0.8597, test_loss-0.1598
2024-05-08 14:22:00 - INFO - model-gcn, dataset-kiba, epoch-275, loss-0.1215, cindex-0.8590, test_loss-0.1588
2024-05-08 14:22:30 - INFO - model-gcn, dataset-kiba, epoch-276, loss-0.1208, cindex-0.8600, test_loss-0.1575
2024-05-08 14:22:30 - INFO - Saving model...
2024-05-08 14:23:00 - INFO - model-gcn, dataset-kiba, epoch-277, loss-0.1212, cindex-0.8595, test_loss-0.1641
2024-05-08 14:23:30 - INFO - model-gcn, dataset-kiba, epoch-278, loss-0.1214, cindex-0.8604, test_loss-0.1595
2024-05-08 14:24:00 - INFO - model-gcn, dataset-kiba, epoch-279, loss-0.1201, cindex-0.8597, test_loss-0.1624
2024-05-08 14:24:30 - INFO - model-gcn, dataset-kiba, epoch-280, loss-0.1205, cindex-0.8616, test_loss-0.1605
2024-05-08 14:25:00 - INFO - model-gcn, dataset-kiba, epoch-281, loss-0.1213, cindex-0.8606, test_loss-0.1603
2024-05-08 14:25:29 - INFO - model-gcn, dataset-kiba, epoch-282, loss-0.1214, cindex-0.8607, test_loss-0.1632
2024-05-08 14:26:00 - INFO - model-gcn, dataset-kiba, epoch-283, loss-0.1182, cindex-0.8621, test_loss-0.1614
2024-05-08 14:26:29 - INFO - model-gcn, dataset-kiba, epoch-284, loss-0.1188, cindex-0.8619, test_loss-0.1596
2024-05-08 14:27:01 - INFO - model-gcn, dataset-kiba, epoch-285, loss-0.1183, cindex-0.8624, test_loss-0.1647
2024-05-08 14:27:31 - INFO - model-gcn, dataset-kiba, epoch-286, loss-0.1175, cindex-0.8629, test_loss-0.1591
2024-05-08 14:28:00 - INFO - model-gcn, dataset-kiba, epoch-287, loss-0.1169, cindex-0.8632, test_loss-0.1591
2024-05-08 14:28:31 - INFO - model-gcn, dataset-kiba, epoch-288, loss-0.1161, cindex-0.8636, test_loss-0.1621
2024-05-08 14:29:00 - INFO - model-gcn, dataset-kiba, epoch-289, loss-0.1173, cindex-0.8626, test_loss-0.1600
2024-05-08 14:29:31 - INFO - model-gcn, dataset-kiba, epoch-290, loss-0.1184, cindex-0.8631, test_loss-0.1589
2024-05-08 14:30:00 - INFO - model-gcn, dataset-kiba, epoch-291, loss-0.1172, cindex-0.8631, test_loss-0.1616
2024-05-08 14:30:32 - INFO - model-gcn, dataset-kiba, epoch-292, loss-0.1151, cindex-0.8646, test_loss-0.1600
2024-05-08 14:31:02 - INFO - model-gcn, dataset-kiba, epoch-293, loss-0.1152, cindex-0.8647, test_loss-0.1576
2024-05-08 14:31:32 - INFO - model-gcn, dataset-kiba, epoch-294, loss-0.1137, cindex-0.8656, test_loss-0.1579
2024-05-08 14:32:03 - INFO - model-gcn, dataset-kiba, epoch-295, loss-0.1140, cindex-0.8646, test_loss-0.1589
2024-05-08 14:32:33 - INFO - model-gcn, dataset-kiba, epoch-296, loss-0.1139, cindex-0.8653, test_loss-0.1612
2024-05-08 14:33:04 - INFO - model-gcn, dataset-kiba, epoch-297, loss-0.1133, cindex-0.8658, test_loss-0.1603
2024-05-08 14:33:34 - INFO - model-gcn, dataset-kiba, epoch-298, loss-0.1134, cindex-0.8664, test_loss-0.1627
2024-05-08 14:34:04 - INFO - model-gcn, dataset-kiba, epoch-299, loss-0.1130, cindex-0.8654, test_loss-0.1611
2024-05-08 14:34:34 - INFO - model-gcn, dataset-kiba, epoch-300, loss-0.1126, cindex-0.8663, test_loss-0.1587
2024-05-08 14:35:04 - INFO - model-gcn, dataset-kiba, epoch-301, loss-0.1107, cindex-0.8679, test_loss-0.1616
2024-05-08 14:35:35 - INFO - model-gcn, dataset-kiba, epoch-302, loss-0.1131, cindex-0.8665, test_loss-0.1577
2024-05-08 14:36:05 - INFO - model-gcn, dataset-kiba, epoch-303, loss-0.1106, cindex-0.8672, test_loss-0.1594
2024-05-08 14:36:36 - INFO - model-gcn, dataset-kiba, epoch-304, loss-0.1108, cindex-0.8671, test_loss-0.1588
2024-05-08 14:37:06 - INFO - model-gcn, dataset-kiba, epoch-305, loss-0.1102, cindex-0.8676, test_loss-0.1608
2024-05-08 14:37:36 - INFO - model-gcn, dataset-kiba, epoch-306, loss-0.1112, cindex-0.8675, test_loss-0.1601
2024-05-08 14:38:06 - INFO - model-gcn, dataset-kiba, epoch-307, loss-0.1089, cindex-0.8685, test_loss-0.1562
2024-05-08 14:38:06 - INFO - Saving model...
2024-05-08 14:38:36 - INFO - model-gcn, dataset-kiba, epoch-308, loss-0.1098, cindex-0.8693, test_loss-0.1599
2024-05-08 14:39:06 - INFO - model-gcn, dataset-kiba, epoch-309, loss-0.1095, cindex-0.8688, test_loss-0.1622
2024-05-08 14:39:37 - INFO - model-gcn, dataset-kiba, epoch-310, loss-0.1089, cindex-0.8693, test_loss-0.1643
2024-05-08 14:40:07 - INFO - model-gcn, dataset-kiba, epoch-311, loss-0.1079, cindex-0.8693, test_loss-0.1591
2024-05-08 14:40:37 - INFO - model-gcn, dataset-kiba, epoch-312, loss-0.1087, cindex-0.8699, test_loss-0.1593
2024-05-08 14:41:07 - INFO - model-gcn, dataset-kiba, epoch-313, loss-0.1078, cindex-0.8702, test_loss-0.1577
2024-05-08 14:41:37 - INFO - model-gcn, dataset-kiba, epoch-314, loss-0.1088, cindex-0.8693, test_loss-0.1564
2024-05-08 14:42:08 - INFO - model-gcn, dataset-kiba, epoch-315, loss-0.1069, cindex-0.8709, test_loss-0.1592
2024-05-08 14:42:38 - INFO - model-gcn, dataset-kiba, epoch-316, loss-0.1049, cindex-0.8715, test_loss-0.1601
2024-05-08 14:43:08 - INFO - model-gcn, dataset-kiba, epoch-317, loss-0.1060, cindex-0.8709, test_loss-0.1592
2024-05-08 14:43:37 - INFO - model-gcn, dataset-kiba, epoch-318, loss-0.1059, cindex-0.8710, test_loss-0.1558
2024-05-08 14:43:37 - INFO - Saving model...
2024-05-08 14:44:07 - INFO - model-gcn, dataset-kiba, epoch-319, loss-0.1054, cindex-0.8721, test_loss-0.1604
2024-05-08 14:44:36 - INFO - model-gcn, dataset-kiba, epoch-320, loss-0.1056, cindex-0.8724, test_loss-0.1571
2024-05-08 14:45:06 - INFO - model-gcn, dataset-kiba, epoch-321, loss-0.1036, cindex-0.8727, test_loss-0.1599
2024-05-08 14:45:36 - INFO - model-gcn, dataset-kiba, epoch-322, loss-0.1058, cindex-0.8724, test_loss-0.1613
2024-05-08 14:46:06 - INFO - model-gcn, dataset-kiba, epoch-323, loss-0.1037, cindex-0.8729, test_loss-0.1581
2024-05-08 14:46:35 - INFO - model-gcn, dataset-kiba, epoch-324, loss-0.1049, cindex-0.8733, test_loss-0.1585
2024-05-08 14:47:05 - INFO - model-gcn, dataset-kiba, epoch-325, loss-0.1024, cindex-0.8740, test_loss-0.1593
2024-05-08 14:47:34 - INFO - model-gcn, dataset-kiba, epoch-326, loss-0.1032, cindex-0.8734, test_loss-0.1574
2024-05-08 14:48:03 - INFO - model-gcn, dataset-kiba, epoch-327, loss-0.1031, cindex-0.8739, test_loss-0.1594
2024-05-08 14:48:33 - INFO - model-gcn, dataset-kiba, epoch-328, loss-0.1029, cindex-0.8746, test_loss-0.1591
2024-05-08 14:49:03 - INFO - model-gcn, dataset-kiba, epoch-329, loss-0.1016, cindex-0.8740, test_loss-0.1665
2024-05-08 14:49:32 - INFO - model-gcn, dataset-kiba, epoch-330, loss-0.1031, cindex-0.8747, test_loss-0.1570
2024-05-08 14:50:02 - INFO - model-gcn, dataset-kiba, epoch-331, loss-0.1018, cindex-0.8745, test_loss-0.1587
2024-05-08 14:50:31 - INFO - model-gcn, dataset-kiba, epoch-332, loss-0.1004, cindex-0.8750, test_loss-0.1572
2024-05-08 14:51:01 - INFO - model-gcn, dataset-kiba, epoch-333, loss-0.1009, cindex-0.8752, test_loss-0.1567
2024-05-08 14:51:30 - INFO - model-gcn, dataset-kiba, epoch-334, loss-0.1003, cindex-0.8755, test_loss-0.1600
2024-05-08 14:52:00 - INFO - model-gcn, dataset-kiba, epoch-335, loss-0.1004, cindex-0.8757, test_loss-0.1561
2024-05-08 14:52:29 - INFO - model-gcn, dataset-kiba, epoch-336, loss-0.1002, cindex-0.8758, test_loss-0.1535
2024-05-08 14:52:29 - INFO - Saving model...
2024-05-08 14:53:00 - INFO - model-gcn, dataset-kiba, epoch-337, loss-0.0997, cindex-0.8763, test_loss-0.1586
2024-05-08 14:53:29 - INFO - model-gcn, dataset-kiba, epoch-338, loss-0.1001, cindex-0.8763, test_loss-0.1572
2024-05-08 14:53:58 - INFO - model-gcn, dataset-kiba, epoch-339, loss-0.1002, cindex-0.8767, test_loss-0.1559
2024-05-08 14:54:28 - INFO - model-gcn, dataset-kiba, epoch-340, loss-0.0988, cindex-0.8767, test_loss-0.1547
2024-05-08 14:54:57 - INFO - model-gcn, dataset-kiba, epoch-341, loss-0.0982, cindex-0.8780, test_loss-0.1577
2024-05-08 14:55:26 - INFO - model-gcn, dataset-kiba, epoch-342, loss-0.0985, cindex-0.8768, test_loss-0.1577
2024-05-08 14:55:56 - INFO - model-gcn, dataset-kiba, epoch-343, loss-0.0979, cindex-0.8778, test_loss-0.1571
2024-05-08 14:56:25 - INFO - model-gcn, dataset-kiba, epoch-344, loss-0.0993, cindex-0.8780, test_loss-0.1569
2024-05-08 14:56:55 - INFO - model-gcn, dataset-kiba, epoch-345, loss-0.0971, cindex-0.8782, test_loss-0.1588
2024-05-08 14:57:24 - INFO - model-gcn, dataset-kiba, epoch-346, loss-0.0965, cindex-0.8789, test_loss-0.1567
2024-05-08 14:57:54 - INFO - model-gcn, dataset-kiba, epoch-347, loss-0.0972, cindex-0.8791, test_loss-0.1604
2024-05-08 14:58:24 - INFO - model-gcn, dataset-kiba, epoch-348, loss-0.0955, cindex-0.8792, test_loss-0.1606
2024-05-08 14:58:53 - INFO - model-gcn, dataset-kiba, epoch-349, loss-0.0965, cindex-0.8794, test_loss-0.1566
2024-05-08 14:59:22 - INFO - model-gcn, dataset-kiba, epoch-350, loss-0.0961, cindex-0.8800, test_loss-0.1573
2024-05-08 14:59:52 - INFO - model-gcn, dataset-kiba, epoch-351, loss-0.0959, cindex-0.8799, test_loss-0.1580
2024-05-08 15:00:21 - INFO - model-gcn, dataset-kiba, epoch-352, loss-0.0956, cindex-0.8802, test_loss-0.1563
2024-05-08 15:00:50 - INFO - model-gcn, dataset-kiba, epoch-353, loss-0.0944, cindex-0.8810, test_loss-0.1561
2024-05-08 15:01:20 - INFO - model-gcn, dataset-kiba, epoch-354, loss-0.0941, cindex-0.8813, test_loss-0.1587
2024-05-08 15:01:49 - INFO - model-gcn, dataset-kiba, epoch-355, loss-0.0948, cindex-0.8804, test_loss-0.1609
2024-05-08 15:02:19 - INFO - model-gcn, dataset-kiba, epoch-356, loss-0.0943, cindex-0.8814, test_loss-0.1576
2024-05-08 15:02:48 - INFO - model-gcn, dataset-kiba, epoch-357, loss-0.0939, cindex-0.8815, test_loss-0.1574
2024-05-08 15:03:17 - INFO - model-gcn, dataset-kiba, epoch-358, loss-0.0939, cindex-0.8818, test_loss-0.1563
2024-05-08 15:03:46 - INFO - model-gcn, dataset-kiba, epoch-359, loss-0.0928, cindex-0.8815, test_loss-0.1574
2024-05-08 15:04:16 - INFO - model-gcn, dataset-kiba, epoch-360, loss-0.0950, cindex-0.8811, test_loss-0.1559
2024-05-08 15:04:46 - INFO - model-gcn, dataset-kiba, epoch-361, loss-0.0925, cindex-0.8823, test_loss-0.1583
2024-05-08 15:05:16 - INFO - model-gcn, dataset-kiba, epoch-362, loss-0.0933, cindex-0.8815, test_loss-0.1567
2024-05-08 15:05:45 - INFO - model-gcn, dataset-kiba, epoch-363, loss-0.0923, cindex-0.8824, test_loss-0.1538
2024-05-08 15:06:15 - INFO - model-gcn, dataset-kiba, epoch-364, loss-0.0910, cindex-0.8834, test_loss-0.1562
2024-05-08 15:06:44 - INFO - model-gcn, dataset-kiba, epoch-365, loss-0.0926, cindex-0.8827, test_loss-0.1567
2024-05-08 15:07:14 - INFO - model-gcn, dataset-kiba, epoch-366, loss-0.0915, cindex-0.8835, test_loss-0.1558
2024-05-08 15:07:43 - INFO - model-gcn, dataset-kiba, epoch-367, loss-0.0917, cindex-0.8835, test_loss-0.1588
2024-05-08 15:08:13 - INFO - model-gcn, dataset-kiba, epoch-368, loss-0.0913, cindex-0.8837, test_loss-0.1583
2024-05-08 15:08:42 - INFO - model-gcn, dataset-kiba, epoch-369, loss-0.0900, cindex-0.8837, test_loss-0.1577
2024-05-08 15:09:11 - INFO - model-gcn, dataset-kiba, epoch-370, loss-0.0910, cindex-0.8843, test_loss-0.1562
2024-05-08 15:09:41 - INFO - model-gcn, dataset-kiba, epoch-371, loss-0.0913, cindex-0.8839, test_loss-0.1591
2024-05-08 15:10:10 - INFO - model-gcn, dataset-kiba, epoch-372, loss-0.0910, cindex-0.8835, test_loss-0.1564
2024-05-08 15:10:39 - INFO - model-gcn, dataset-kiba, epoch-373, loss-0.0897, cindex-0.8842, test_loss-0.1572
2024-05-08 15:11:09 - INFO - model-gcn, dataset-kiba, epoch-374, loss-0.0891, cindex-0.8852, test_loss-0.1572
2024-05-08 15:11:39 - INFO - model-gcn, dataset-kiba, epoch-375, loss-0.0900, cindex-0.8855, test_loss-0.1539
2024-05-08 15:12:08 - INFO - model-gcn, dataset-kiba, epoch-376, loss-0.0898, cindex-0.8849, test_loss-0.1532
2024-05-08 15:12:08 - INFO - Saving model...
2024-05-08 15:12:39 - INFO - model-gcn, dataset-kiba, epoch-377, loss-0.0884, cindex-0.8857, test_loss-0.1606
2024-05-08 15:13:08 - INFO - model-gcn, dataset-kiba, epoch-378, loss-0.0887, cindex-0.8855, test_loss-0.1557
2024-05-08 15:13:37 - INFO - model-gcn, dataset-kiba, epoch-379, loss-0.0885, cindex-0.8860, test_loss-0.1567
2024-05-08 15:14:07 - INFO - model-gcn, dataset-kiba, epoch-380, loss-0.0882, cindex-0.8861, test_loss-0.1579
2024-05-08 15:14:36 - INFO - model-gcn, dataset-kiba, epoch-381, loss-0.0885, cindex-0.8860, test_loss-0.1544
2024-05-08 15:15:06 - INFO - model-gcn, dataset-kiba, epoch-382, loss-0.0873, cindex-0.8869, test_loss-0.1543
2024-05-08 15:15:35 - INFO - model-gcn, dataset-kiba, epoch-383, loss-0.0880, cindex-0.8868, test_loss-0.1569
2024-05-08 15:16:05 - INFO - model-gcn, dataset-kiba, epoch-384, loss-0.0877, cindex-0.8869, test_loss-0.1537
2024-05-08 15:16:34 - INFO - model-gcn, dataset-kiba, epoch-385, loss-0.0872, cindex-0.8871, test_loss-0.1543
2024-05-08 15:17:04 - INFO - model-gcn, dataset-kiba, epoch-386, loss-0.0875, cindex-0.8869, test_loss-0.1552
2024-05-08 15:17:33 - INFO - model-gcn, dataset-kiba, epoch-387, loss-0.0883, cindex-0.8872, test_loss-0.1542
2024-05-08 15:18:03 - INFO - model-gcn, dataset-kiba, epoch-388, loss-0.0857, cindex-0.8883, test_loss-0.1566
2024-05-08 15:18:32 - INFO - model-gcn, dataset-kiba, epoch-389, loss-0.0876, cindex-0.8877, test_loss-0.1555
2024-05-08 15:19:01 - INFO - model-gcn, dataset-kiba, epoch-390, loss-0.0857, cindex-0.8880, test_loss-0.1526
2024-05-08 15:19:01 - INFO - Saving model...
2024-05-08 15:19:31 - INFO - model-gcn, dataset-kiba, epoch-391, loss-0.0855, cindex-0.8891, test_loss-0.1544
2024-05-08 15:20:00 - INFO - model-gcn, dataset-kiba, epoch-392, loss-0.0858, cindex-0.8892, test_loss-0.1554
2024-05-08 15:20:30 - INFO - model-gcn, dataset-kiba, epoch-393, loss-0.0854, cindex-0.8890, test_loss-0.1552
2024-05-08 15:20:59 - INFO - model-gcn, dataset-kiba, epoch-394, loss-0.0855, cindex-0.8894, test_loss-0.1548
2024-05-08 15:21:28 - INFO - model-gcn, dataset-kiba, epoch-395, loss-0.0859, cindex-0.8893, test_loss-0.1544
2024-05-08 15:21:57 - INFO - model-gcn, dataset-kiba, epoch-396, loss-0.0850, cindex-0.8893, test_loss-0.1549
2024-05-08 15:22:27 - INFO - model-gcn, dataset-kiba, epoch-397, loss-0.0836, cindex-0.8904, test_loss-0.1562
2024-05-08 15:22:56 - INFO - model-gcn, dataset-kiba, epoch-398, loss-0.0844, cindex-0.8894, test_loss-0.1556
2024-05-08 15:23:25 - INFO - model-gcn, dataset-kiba, epoch-399, loss-0.0837, cindex-0.8907, test_loss-0.1543
2024-05-08 15:23:55 - INFO - model-gcn, dataset-kiba, epoch-400, loss-0.0837, cindex-0.8899, test_loss-0.1568
2024-05-08 15:24:24 - INFO - model-gcn, dataset-kiba, epoch-401, loss-0.0832, cindex-0.8909, test_loss-0.1616
2024-05-08 15:24:54 - INFO - model-gcn, dataset-kiba, epoch-402, loss-0.0830, cindex-0.8911, test_loss-0.1561
2024-05-08 15:25:23 - INFO - model-gcn, dataset-kiba, epoch-403, loss-0.0840, cindex-0.8903, test_loss-0.1571
2024-05-08 15:25:52 - INFO - model-gcn, dataset-kiba, epoch-404, loss-0.0832, cindex-0.8915, test_loss-0.1556
2024-05-08 15:26:21 - INFO - model-gcn, dataset-kiba, epoch-405, loss-0.0823, cindex-0.8915, test_loss-0.1589
2024-05-08 15:26:51 - INFO - model-gcn, dataset-kiba, epoch-406, loss-0.0826, cindex-0.8913, test_loss-0.1572
2024-05-08 15:27:20 - INFO - model-gcn, dataset-kiba, epoch-407, loss-0.0835, cindex-0.8909, test_loss-0.1553
2024-05-08 15:27:49 - INFO - model-gcn, dataset-kiba, epoch-408, loss-0.0826, cindex-0.8921, test_loss-0.1541
2024-05-08 15:28:19 - INFO - model-gcn, dataset-kiba, epoch-409, loss-0.0825, cindex-0.8916, test_loss-0.1550
2024-05-08 15:28:48 - INFO - model-gcn, dataset-kiba, epoch-410, loss-0.0822, cindex-0.8918, test_loss-0.1539
2024-05-08 15:29:18 - INFO - model-gcn, dataset-kiba, epoch-411, loss-0.0815, cindex-0.8923, test_loss-0.1550
2024-05-08 15:29:47 - INFO - model-gcn, dataset-kiba, epoch-412, loss-0.0810, cindex-0.8925, test_loss-0.1540
2024-05-08 15:30:16 - INFO - model-gcn, dataset-kiba, epoch-413, loss-0.0803, cindex-0.8928, test_loss-0.1598
2024-05-08 15:30:45 - INFO - model-gcn, dataset-kiba, epoch-414, loss-0.0807, cindex-0.8932, test_loss-0.1561
2024-05-08 15:31:15 - INFO - model-gcn, dataset-kiba, epoch-415, loss-0.0799, cindex-0.8940, test_loss-0.1598
2024-05-08 15:31:44 - INFO - model-gcn, dataset-kiba, epoch-416, loss-0.0806, cindex-0.8937, test_loss-0.1541
2024-05-08 15:32:14 - INFO - model-gcn, dataset-kiba, epoch-417, loss-0.0794, cindex-0.8942, test_loss-0.1550
2024-05-08 15:32:43 - INFO - model-gcn, dataset-kiba, epoch-418, loss-0.0802, cindex-0.8940, test_loss-0.1540
2024-05-08 15:33:12 - INFO - model-gcn, dataset-kiba, epoch-419, loss-0.0789, cindex-0.8944, test_loss-0.1527
2024-05-08 15:33:42 - INFO - model-gcn, dataset-kiba, epoch-420, loss-0.0804, cindex-0.8939, test_loss-0.1545
2024-05-08 15:34:11 - INFO - model-gcn, dataset-kiba, epoch-421, loss-0.0791, cindex-0.8949, test_loss-0.1562
2024-05-08 15:34:40 - INFO - model-gcn, dataset-kiba, epoch-422, loss-0.0793, cindex-0.8946, test_loss-0.1546
2024-05-08 15:35:09 - INFO - model-gcn, dataset-kiba, epoch-423, loss-0.0796, cindex-0.8945, test_loss-0.1564
2024-05-08 15:35:39 - INFO - model-gcn, dataset-kiba, epoch-424, loss-0.0789, cindex-0.8942, test_loss-0.1554
2024-05-08 15:36:08 - INFO - model-gcn, dataset-kiba, epoch-425, loss-0.0792, cindex-0.8950, test_loss-0.1517
2024-05-08 15:36:08 - INFO - Saving model...
2024-05-08 15:36:37 - INFO - model-gcn, dataset-kiba, epoch-426, loss-0.0787, cindex-0.8952, test_loss-0.1555
2024-05-08 15:37:07 - INFO - model-gcn, dataset-kiba, epoch-427, loss-0.0790, cindex-0.8953, test_loss-0.1539
2024-05-08 15:37:36 - INFO - model-gcn, dataset-kiba, epoch-428, loss-0.0788, cindex-0.8949, test_loss-0.1561
2024-05-08 15:38:06 - INFO - model-gcn, dataset-kiba, epoch-429, loss-0.0781, cindex-0.8959, test_loss-0.1531
2024-05-08 15:38:35 - INFO - model-gcn, dataset-kiba, epoch-430, loss-0.0780, cindex-0.8964, test_loss-0.1565
2024-05-08 15:39:04 - INFO - model-gcn, dataset-kiba, epoch-431, loss-0.0778, cindex-0.8960, test_loss-0.1538
2024-05-08 15:39:34 - INFO - model-gcn, dataset-kiba, epoch-432, loss-0.0774, cindex-0.8955, test_loss-0.1582
2024-05-08 15:40:03 - INFO - model-gcn, dataset-kiba, epoch-433, loss-0.0774, cindex-0.8964, test_loss-0.1572
2024-05-08 15:40:33 - INFO - model-gcn, dataset-kiba, epoch-434, loss-0.0771, cindex-0.8966, test_loss-0.1548
2024-05-08 15:41:02 - INFO - model-gcn, dataset-kiba, epoch-435, loss-0.0765, cindex-0.8973, test_loss-0.1552
2024-05-08 15:41:32 - INFO - model-gcn, dataset-kiba, epoch-436, loss-0.0774, cindex-0.8975, test_loss-0.1558
2024-05-08 15:42:01 - INFO - model-gcn, dataset-kiba, epoch-437, loss-0.0775, cindex-0.8967, test_loss-0.1564
2024-05-08 15:42:31 - INFO - model-gcn, dataset-kiba, epoch-438, loss-0.0758, cindex-0.8975, test_loss-0.1546
2024-05-08 15:43:01 - INFO - model-gcn, dataset-kiba, epoch-439, loss-0.0753, cindex-0.8980, test_loss-0.1532
2024-05-08 15:43:30 - INFO - model-gcn, dataset-kiba, epoch-440, loss-0.0747, cindex-0.8986, test_loss-0.1530
2024-05-08 15:44:00 - INFO - model-gcn, dataset-kiba, epoch-441, loss-0.0760, cindex-0.8982, test_loss-0.1540
2024-05-08 15:44:29 - INFO - model-gcn, dataset-kiba, epoch-442, loss-0.0764, cindex-0.8979, test_loss-0.1581
2024-05-08 15:44:59 - INFO - model-gcn, dataset-kiba, epoch-443, loss-0.0754, cindex-0.8977, test_loss-0.1575
2024-05-08 15:45:29 - INFO - model-gcn, dataset-kiba, epoch-444, loss-0.0755, cindex-0.8986, test_loss-0.1528
2024-05-08 15:45:58 - INFO - model-gcn, dataset-kiba, epoch-445, loss-0.0759, cindex-0.8981, test_loss-0.1537
2024-05-08 15:46:28 - INFO - model-gcn, dataset-kiba, epoch-446, loss-0.0742, cindex-0.8991, test_loss-0.1553
2024-05-08 15:46:58 - INFO - model-gcn, dataset-kiba, epoch-447, loss-0.0760, cindex-0.8989, test_loss-0.1545
2024-05-08 15:47:28 - INFO - model-gcn, dataset-kiba, epoch-448, loss-0.0751, cindex-0.8992, test_loss-0.1535
2024-05-08 15:47:58 - INFO - model-gcn, dataset-kiba, epoch-449, loss-0.0744, cindex-0.8988, test_loss-0.1553
2024-05-08 15:48:27 - INFO - model-gcn, dataset-kiba, epoch-450, loss-0.0738, cindex-0.8999, test_loss-0.1564
2024-05-08 15:48:56 - INFO - model-gcn, dataset-kiba, epoch-451, loss-0.0738, cindex-0.8992, test_loss-0.1539
2024-05-08 15:49:26 - INFO - model-gcn, dataset-kiba, epoch-452, loss-0.0753, cindex-0.8995, test_loss-0.1533
2024-05-08 15:49:55 - INFO - model-gcn, dataset-kiba, epoch-453, loss-0.0741, cindex-0.9002, test_loss-0.1552
2024-05-08 15:50:24 - INFO - model-gcn, dataset-kiba, epoch-454, loss-0.0724, cindex-0.9007, test_loss-0.1534
2024-05-08 15:50:54 - INFO - model-gcn, dataset-kiba, epoch-455, loss-0.0729, cindex-0.9003, test_loss-0.1542
2024-05-08 15:51:23 - INFO - model-gcn, dataset-kiba, epoch-456, loss-0.0733, cindex-0.9004, test_loss-0.1534
2024-05-08 15:51:53 - INFO - model-gcn, dataset-kiba, epoch-457, loss-0.0734, cindex-0.9010, test_loss-0.1536
2024-05-08 15:52:23 - INFO - model-gcn, dataset-kiba, epoch-458, loss-0.0746, cindex-0.9006, test_loss-0.1529
2024-05-08 15:52:52 - INFO - model-gcn, dataset-kiba, epoch-459, loss-0.0734, cindex-0.9007, test_loss-0.1535
2024-05-08 15:53:21 - INFO - model-gcn, dataset-kiba, epoch-460, loss-0.0729, cindex-0.9012, test_loss-0.1545
2024-05-08 15:53:51 - INFO - model-gcn, dataset-kiba, epoch-461, loss-0.0729, cindex-0.9010, test_loss-0.1587
2024-05-08 15:54:20 - INFO - model-gcn, dataset-kiba, epoch-462, loss-0.0718, cindex-0.9012, test_loss-0.1538
2024-05-08 15:54:50 - INFO - model-gcn, dataset-kiba, epoch-463, loss-0.0733, cindex-0.9013, test_loss-0.1519
2024-05-08 15:55:20 - INFO - model-gcn, dataset-kiba, epoch-464, loss-0.0735, cindex-0.9013, test_loss-0.1545
2024-05-08 15:55:49 - INFO - model-gcn, dataset-kiba, epoch-465, loss-0.0730, cindex-0.9011, test_loss-0.1545
2024-05-08 15:56:19 - INFO - model-gcn, dataset-kiba, epoch-466, loss-0.0717, cindex-0.9026, test_loss-0.1507
2024-05-08 15:56:19 - INFO - Saving model...
2024-05-08 15:56:49 - INFO - model-gcn, dataset-kiba, epoch-467, loss-0.0731, cindex-0.9019, test_loss-0.1536
2024-05-08 15:57:18 - INFO - model-gcn, dataset-kiba, epoch-468, loss-0.0713, cindex-0.9027, test_loss-0.1540
2024-05-08 15:57:48 - INFO - model-gcn, dataset-kiba, epoch-469, loss-0.0709, cindex-0.9030, test_loss-0.1599
2024-05-08 15:58:17 - INFO - model-gcn, dataset-kiba, epoch-470, loss-0.0728, cindex-0.9023, test_loss-0.1543
2024-05-08 15:58:47 - INFO - model-gcn, dataset-kiba, epoch-471, loss-0.0720, cindex-0.9025, test_loss-0.1534
2024-05-08 15:59:16 - INFO - model-gcn, dataset-kiba, epoch-472, loss-0.0712, cindex-0.9029, test_loss-0.1554
2024-05-08 15:59:46 - INFO - model-gcn, dataset-kiba, epoch-473, loss-0.0709, cindex-0.9030, test_loss-0.1570
2024-05-08 16:00:15 - INFO - model-gcn, dataset-kiba, epoch-474, loss-0.0712, cindex-0.9034, test_loss-0.1558
2024-05-08 16:00:45 - INFO - model-gcn, dataset-kiba, epoch-475, loss-0.0703, cindex-0.9041, test_loss-0.1551
2024-05-08 16:01:14 - INFO - model-gcn, dataset-kiba, epoch-476, loss-0.0702, cindex-0.9036, test_loss-0.1547
2024-05-08 16:01:44 - INFO - model-gcn, dataset-kiba, epoch-477, loss-0.0708, cindex-0.9041, test_loss-0.1546
2024-05-08 16:02:13 - INFO - model-gcn, dataset-kiba, epoch-478, loss-0.0707, cindex-0.9036, test_loss-0.1551
2024-05-08 16:02:43 - INFO - model-gcn, dataset-kiba, epoch-479, loss-0.0695, cindex-0.9043, test_loss-0.1545
2024-05-08 16:03:12 - INFO - model-gcn, dataset-kiba, epoch-480, loss-0.0703, cindex-0.9043, test_loss-0.1542
2024-05-08 16:03:42 - INFO - model-gcn, dataset-kiba, epoch-481, loss-0.0717, cindex-0.9031, test_loss-0.1560
2024-05-08 16:04:11 - INFO - model-gcn, dataset-kiba, epoch-482, loss-0.0701, cindex-0.9044, test_loss-0.1547
2024-05-08 16:04:41 - INFO - model-gcn, dataset-kiba, epoch-483, loss-0.0697, cindex-0.9046, test_loss-0.1537
2024-05-08 16:05:10 - INFO - model-gcn, dataset-kiba, epoch-484, loss-0.0695, cindex-0.9053, test_loss-0.1546
2024-05-08 16:05:40 - INFO - model-gcn, dataset-kiba, epoch-485, loss-0.0686, cindex-0.9052, test_loss-0.1529
2024-05-08 16:06:09 - INFO - model-gcn, dataset-kiba, epoch-486, loss-0.0693, cindex-0.9049, test_loss-0.1548
2024-05-08 16:06:39 - INFO - model-gcn, dataset-kiba, epoch-487, loss-0.0684, cindex-0.9052, test_loss-0.1556
2024-05-08 16:07:08 - INFO - model-gcn, dataset-kiba, epoch-488, loss-0.0688, cindex-0.9054, test_loss-0.1552
2024-05-08 16:07:37 - INFO - model-gcn, dataset-kiba, epoch-489, loss-0.0688, cindex-0.9055, test_loss-0.1550
2024-05-08 16:08:07 - INFO - model-gcn, dataset-kiba, epoch-490, loss-0.0685, cindex-0.9057, test_loss-0.1536
2024-05-08 16:08:36 - INFO - model-gcn, dataset-kiba, epoch-491, loss-0.0682, cindex-0.9062, test_loss-0.1556
2024-05-08 16:09:05 - INFO - model-gcn, dataset-kiba, epoch-492, loss-0.0684, cindex-0.9054, test_loss-0.1551
2024-05-08 16:09:35 - INFO - model-gcn, dataset-kiba, epoch-493, loss-0.0677, cindex-0.9061, test_loss-0.1544
2024-05-08 16:10:05 - INFO - model-gcn, dataset-kiba, epoch-494, loss-0.0684, cindex-0.9061, test_loss-0.1582
2024-05-08 16:10:34 - INFO - model-gcn, dataset-kiba, epoch-495, loss-0.0685, cindex-0.9061, test_loss-0.1569
2024-05-08 16:11:04 - INFO - model-gcn, dataset-kiba, epoch-496, loss-0.0689, cindex-0.9057, test_loss-0.1546
2024-05-08 16:11:33 - INFO - model-gcn, dataset-kiba, epoch-497, loss-0.0679, cindex-0.9066, test_loss-0.1550
2024-05-08 16:12:03 - INFO - model-gcn, dataset-kiba, epoch-498, loss-0.0679, cindex-0.9067, test_loss-0.1538
2024-05-08 16:12:33 - INFO - model-gcn, dataset-kiba, epoch-499, loss-0.0679, cindex-0.9066, test_loss-0.1549
2024-05-08 16:13:02 - INFO - model-gcn, dataset-kiba, epoch-500, loss-0.0685, cindex-0.9068, test_loss-0.1541
